===2018-10-27 16:46:01.851 INFO  com.clothing.web.ClothingWebApplication Line:50  - Starting ClothingWebApplication on DESKTOP-SJ98RT1 with PID 57448 (D:\ccz\clothing\clothing-web\target\classes started by z in D:\ccz\clothing\clothing-web-page)
===2018-10-27 16:46:01.853 INFO  com.clothing.web.ClothingWebApplication Line:684 - The following profiles are active: dev
===2018-10-27 16:46:01.977 INFO  org.springframework.boot.web.servlet.context.AnnotationConfigServletWebServerApplicationContext Line:590 - Refreshing org.springframework.boot.web.servlet.context.AnnotationConfigServletWebServerApplicationContext@351d00c0: startup date [Sat Oct 27 16:46:01 CST 2018]; root of context hierarchy
===2018-10-27 16:46:04.626 INFO  org.springframework.boot.web.embedded.tomcat.TomcatWebServer Line:91  - Tomcat initialized with port(s): 8013 (http)
===2018-10-27 16:46:04.802 INFO  org.springframework.web.context.ContextLoader Line:285 - Root WebApplicationContext: initialization completed in 2825 ms
===2018-10-27 16:46:04.879 INFO  org.springframework.boot.web.servlet.ServletRegistrationBean Line:187 - Servlet dispatcherServlet mapped to [/]
===2018-10-27 16:46:04.883 INFO  org.springframework.boot.web.servlet.FilterRegistrationBean Line:245 - Mapping filter: 'characterEncodingFilter' to: [/*]
===2018-10-27 16:46:04.883 INFO  org.springframework.boot.web.servlet.FilterRegistrationBean Line:245 - Mapping filter: 'hiddenHttpMethodFilter' to: [/*]
===2018-10-27 16:46:04.883 INFO  org.springframework.boot.web.servlet.FilterRegistrationBean Line:245 - Mapping filter: 'httpPutFormContentFilter' to: [/*]
===2018-10-27 16:46:04.883 INFO  org.springframework.boot.web.servlet.FilterRegistrationBean Line:245 - Mapping filter: 'requestContextFilter' to: [/*]
===2018-10-27 16:46:04.884 INFO  org.springframework.boot.web.servlet.FilterRegistrationBean Line:245 - Mapping filter: 'resourceUrlEncodingFilter' to: [/*]
===2018-10-27 16:46:05.718 INFO  org.springframework.web.servlet.handler.SimpleUrlHandlerMapping Line:373 - Mapped URL path [/**/favicon.ico] onto handler of type [class org.springframework.web.servlet.resource.ResourceHttpRequestHandler]
===2018-10-27 16:46:06.001 INFO  org.springframework.web.servlet.mvc.method.annotation.RequestMappingHandlerAdapter Line:588 - Looking for @ControllerAdvice: org.springframework.boot.web.servlet.context.AnnotationConfigServletWebServerApplicationContext@351d00c0: startup date [Sat Oct 27 16:46:01 CST 2018]; root of context hierarchy
===2018-10-27 16:46:06.048 INFO  org.springframework.web.servlet.mvc.method.annotation.RequestMappingHandlerMapping Line:549 - Mapped "{[/banner/getBanners],methods=[POST]}" onto public org.springframework.http.ResponseEntity com.clothing.web.controller.BannerController.getBanners(java.lang.String)
===2018-10-27 16:46:06.051 INFO  org.springframework.web.servlet.mvc.method.annotation.RequestMappingHandlerMapping Line:549 - Mapped "{[/cartProduct/getCartProductByMid],methods=[GET]}" onto public org.springframework.http.ResponseEntity com.clothing.web.controller.CartProductController.getCartProductByMid(java.lang.Integer,java.lang.Integer,java.lang.Integer)
===2018-10-27 16:46:06.051 INFO  org.springframework.web.servlet.mvc.method.annotation.RequestMappingHandlerMapping Line:549 - Mapped "{[/cartProduct/delCartProductById],methods=[POST]}" onto public org.springframework.http.ResponseEntity com.clothing.web.controller.CartProductController.delCartProductById(java.lang.Integer)
===2018-10-27 16:46:06.051 INFO  org.springframework.web.servlet.mvc.method.annotation.RequestMappingHandlerMapping Line:549 - Mapped "{[/cartProduct/modifyCartProductById],methods=[POST]}" onto public org.springframework.http.ResponseEntity com.clothing.web.controller.CartProductController.modifyCartProductById(java.lang.Integer,java.lang.Integer)
===2018-10-27 16:46:06.052 INFO  org.springframework.web.servlet.mvc.method.annotation.RequestMappingHandlerMapping Line:549 - Mapped "{[/cartProduct/addCartProduct],methods=[POST]}" onto public org.springframework.http.ResponseEntity com.clothing.web.controller.CartProductController.addCartProduct(com.clothing.web.model.CartProduct)
===2018-10-27 16:46:06.052 INFO  org.springframework.web.servlet.mvc.method.annotation.RequestMappingHandlerMapping Line:549 - Mapped "{[/product/getProductPage],methods=[POST]}" onto public org.springframework.http.ResponseEntity com.clothing.web.controller.ProductController.getProductPage(java.lang.Integer,java.lang.Integer)
===2018-10-27 16:46:06.053 INFO  org.springframework.web.servlet.mvc.method.annotation.RequestMappingHandlerMapping Line:549 - Mapped "{[/productImg/getProductPage],methods=[GET]}" onto public org.springframework.http.ResponseEntity com.clothing.web.controller.ProductImgController.getProductPage(java.lang.Integer)
===2018-10-27 16:46:06.054 INFO  org.springframework.web.servlet.mvc.method.annotation.RequestMappingHandlerMapping Line:549 - Mapped "{[/productStandard/getProductStandardById],methods=[GET]}" onto public org.springframework.http.ResponseEntity com.clothing.web.controller.ProductStandardController.getProductStandardById(java.lang.Integer)
===2018-10-27 16:46:06.059 INFO  org.springframework.web.servlet.mvc.method.annotation.RequestMappingHandlerMapping Line:549 - Mapped "{[/error]}" onto public org.springframework.http.ResponseEntity<java.util.Map<java.lang.String, java.lang.Object>> org.springframework.boot.autoconfigure.web.servlet.error.BasicErrorController.error(javax.servlet.http.HttpServletRequest)
===2018-10-27 16:46:06.060 INFO  org.springframework.web.servlet.mvc.method.annotation.RequestMappingHandlerMapping Line:549 - Mapped "{[/error],produces=[text/html]}" onto public org.springframework.web.servlet.ModelAndView org.springframework.boot.autoconfigure.web.servlet.error.BasicErrorController.errorHtml(javax.servlet.http.HttpServletRequest,javax.servlet.http.HttpServletResponse)
===2018-10-27 16:46:06.101 INFO  org.springframework.web.servlet.handler.SimpleUrlHandlerMapping Line:373 - Mapped URL path [/webjars/**] onto handler of type [class org.springframework.web.servlet.resource.ResourceHttpRequestHandler]
===2018-10-27 16:46:06.101 INFO  org.springframework.web.servlet.handler.SimpleUrlHandlerMapping Line:373 - Mapped URL path [/**] onto handler of type [class org.springframework.web.servlet.resource.ResourceHttpRequestHandler]
===2018-10-27 16:46:06.489 INFO  org.springframework.jmx.export.annotation.AnnotationMBeanExporter Line:433 - Registering beans for JMX exposure on startup
===2018-10-27 16:46:06.490 INFO  org.springframework.jmx.export.annotation.AnnotationMBeanExporter Line:895 - Bean with name 'dataSource' has been autodetected for JMX exposure
===2018-10-27 16:46:06.495 INFO  org.springframework.jmx.export.annotation.AnnotationMBeanExporter Line:668 - Located MBean 'dataSource': registering with JMX server as MBean [com.zaxxer.hikari:name=dataSource,type=HikariDataSource]
===2018-10-27 16:46:06.548 INFO  org.springframework.boot.web.embedded.tomcat.TomcatWebServer Line:206 - Tomcat started on port(s): 8013 (http) with context path ''
===2018-10-27 16:46:06.551 INFO  com.clothing.web.ClothingWebApplication Line:59  - Started ClothingWebApplication in 5.302 seconds (JVM running for 6.715)
===2018-10-27 16:46:12.532 INFO  org.springframework.web.servlet.DispatcherServlet Line:494 - FrameworkServlet 'dispatcherServlet': initialization started
===2018-10-27 16:46:12.562 INFO  org.springframework.web.servlet.DispatcherServlet Line:509 - FrameworkServlet 'dispatcherServlet': initialization completed in 30 ms
===2018-10-27 16:46:12.605 INFO  com.clothing.web.controller.ProductController Line:36  - 【标题】 参数groupKey=GROUP_HOME
===2018-10-27 16:46:12.606 INFO  com.clothing.web.controller.ProductController Line:41  - 【商品】 分页参数pageSize=10,pageNum=1
===2018-10-27 16:46:12.606 INFO  com.clothing.web.controller.CartProductController Line:47  - 【购物车】  参数memberId=1,pageNum=1,pageSize=10
===2018-10-27 16:46:13.550 INFO  com.clothing.web.controller.ProductController Line:44  - 【商品】 返回接口pageInfo=PageInfo{pageNum=1, pageSize=10, size=4, startRow=1, endRow=4, total=4, pages=1, list=Page{count=true, pageNum=1, pageSize=10, startRow=0, endRow=10, total=4, pages=1, reasonable=true, pageSizeZero=false}, prePage=0, nextPage=0, isFirstPage=true, isLastPage=true, hasPreviousPage=false, hasNextPage=false, navigatePages=8, navigateFirstPage=1, navigateLastPage=1, navigatepageNums=[1]}
===2018-10-27 17:08:00.922 INFO  com.clothing.web.controller.ProductController Line:38  - 【商品详细图片】 参数productId=3
===2018-10-27 17:08:01.026 INFO  com.clothing.web.controller.ProductController Line:40  - 【商品详细图片】 返回接口list=[]
===2018-10-27 17:08:01.113 INFO  com.clothing.web.controller.ProductController Line:39  - 【获取商品规格】 参数psId=3
===2018-10-27 17:08:11.542 INFO  com.clothing.web.controller.ProductController Line:38  - 【商品详细图片】 参数productId=3
===2018-10-27 17:08:11.542 INFO  com.clothing.web.controller.ProductController Line:39  - 【获取商品规格】 参数psId=3
===2018-10-27 17:08:11.634 INFO  com.clothing.web.controller.ProductController Line:40  - 【商品详细图片】 返回接口list=[]
===2018-10-27 17:08:13.560 INFO  com.clothing.web.controller.CartProductController Line:69  - 【购物车】 添加购物车，参数cartProduct={"buyNum":1,"productStandardId":3,"createTime":1540631293471,"isDelete":0,"remark":"备注","updateTime":1540631293471,"memberId":1}
===2018-10-27 17:08:16.529 INFO  com.clothing.web.controller.ProductController Line:36  - 【标题】 参数groupKey=GROUP_HOME
===2018-10-27 17:08:16.533 INFO  com.clothing.web.controller.ProductController Line:41  - 【商品】 分页参数pageSize=10,pageNum=1
===2018-10-27 17:08:16.666 INFO  com.clothing.web.controller.CartProductController Line:47  - 【购物车】  参数memberId=1,pageNum=1,pageSize=10
===2018-10-27 17:08:16.709 INFO  com.clothing.web.controller.ProductController Line:44  - 【商品】 返回接口pageInfo=PageInfo{pageNum=1, pageSize=10, size=4, startRow=1, endRow=4, total=4, pages=1, list=Page{count=true, pageNum=1, pageSize=10, startRow=0, endRow=10, total=4, pages=1, reasonable=true, pageSizeZero=false}, prePage=0, nextPage=0, isFirstPage=true, isLastPage=true, hasPreviousPage=false, hasNextPage=false, navigatePages=8, navigateFirstPage=1, navigateLastPage=1, navigatepageNums=[1]}
===2018-10-27 17:08:17.296 INFO  com.clothing.web.controller.ProductController Line:36  - 【标题】 参数groupKey=GROUP_HOME
===2018-10-27 17:08:17.296 INFO  com.clothing.web.controller.ProductController Line:41  - 【商品】 分页参数pageSize=10,pageNum=1
===2018-10-27 17:08:17.302 INFO  com.clothing.web.controller.CartProductController Line:47  - 【购物车】  参数memberId=1,pageNum=1,pageSize=10
===2018-10-27 17:08:17.458 INFO  com.clothing.web.controller.ProductController Line:44  - 【商品】 返回接口pageInfo=PageInfo{pageNum=1, pageSize=10, size=4, startRow=1, endRow=4, total=4, pages=1, list=Page{count=true, pageNum=1, pageSize=10, startRow=0, endRow=10, total=4, pages=1, reasonable=true, pageSizeZero=false}, prePage=0, nextPage=0, isFirstPage=true, isLastPage=true, hasPreviousPage=false, hasNextPage=false, navigatePages=8, navigateFirstPage=1, navigateLastPage=1, navigatepageNums=[1]}
===2018-10-27 17:08:18.955 INFO  com.clothing.web.controller.ProductController Line:38  - 【商品详细图片】 参数productId=1
===2018-10-27 17:08:19.055 INFO  com.clothing.web.controller.ProductController Line:40  - 【商品详细图片】 返回接口list=[{update_time=2018-10-01 04:12:59.0, create_time=2018-10-01 04:12:57.0, img_url=//gaitaobao4.alicdn.com/tfscom/i4/2587521546/TB2vLGTdfImBKNjSZFlXXc43FXa_!!2587521546.jpg_300x300q90.jpg_.webp, product_id=1, id=1, sort=1, type=1}, {update_time=2018-10-01 04:13:46.0, create_time=2018-10-01 04:13:42.0, img_url=//img.alicdn.com/bao/uploaded/i2/382392422/O1CN011TlJiz7zTuHVih6_!!382392422.jpg_300x300q90.jpg_.webp, product_id=1, id=2, sort=2, type=1}, {update_time=2018-10-01 04:14:08.0, create_time=2018-10-01 04:14:06.0, img_url=//img.alicdn.com/bao/uploaded/i1/444095468/TB2TedaXjfguuRjSspkXXXchpXa_!!444095468.jpg_300x300q90.jpg_.webp, product_id=1, id=3, sort=3, type=1}]
===2018-10-27 17:08:19.171 INFO  com.clothing.web.controller.ProductController Line:39  - 【获取商品规格】 参数psId=1
