===2018-10-06 12:08:52.405 INFO  com.clothing.web.ClothingWebApplication Line:50  - Starting ClothingWebApplication on DESKTOP-SJ98RT1 with PID 34884 (D:\ccz\clothing\clothing-web\target\classes started by z in D:\ccz\clothing\clothing-web-page)
===2018-10-06 12:08:52.407 INFO  com.clothing.web.ClothingWebApplication Line:684 - The following profiles are active: dev
===2018-10-06 12:08:52.470 INFO  org.springframework.boot.web.servlet.context.AnnotationConfigServletWebServerApplicationContext Line:590 - Refreshing org.springframework.boot.web.servlet.context.AnnotationConfigServletWebServerApplicationContext@6138e79a: startup date [Sat Oct 06 12:08:52 CST 2018]; root of context hierarchy
===2018-10-06 12:08:54.227 INFO  org.springframework.boot.web.embedded.tomcat.TomcatWebServer Line:91  - Tomcat initialized with port(s): 8013 (http)
===2018-10-06 12:08:54.415 INFO  org.springframework.web.context.ContextLoader Line:285 - Root WebApplicationContext: initialization completed in 1945 ms
===2018-10-06 12:08:54.510 INFO  org.springframework.boot.web.servlet.ServletRegistrationBean Line:187 - Servlet dispatcherServlet mapped to [/]
===2018-10-06 12:08:54.515 INFO  org.springframework.boot.web.servlet.FilterRegistrationBean Line:245 - Mapping filter: 'characterEncodingFilter' to: [/*]
===2018-10-06 12:08:54.515 INFO  org.springframework.boot.web.servlet.FilterRegistrationBean Line:245 - Mapping filter: 'hiddenHttpMethodFilter' to: [/*]
===2018-10-06 12:08:54.515 INFO  org.springframework.boot.web.servlet.FilterRegistrationBean Line:245 - Mapping filter: 'httpPutFormContentFilter' to: [/*]
===2018-10-06 12:08:54.515 INFO  org.springframework.boot.web.servlet.FilterRegistrationBean Line:245 - Mapping filter: 'requestContextFilter' to: [/*]
===2018-10-06 12:08:54.516 INFO  org.springframework.boot.web.servlet.FilterRegistrationBean Line:245 - Mapping filter: 'resourceUrlEncodingFilter' to: [/*]
===2018-10-06 12:08:55.408 INFO  org.springframework.web.servlet.handler.SimpleUrlHandlerMapping Line:373 - Mapped URL path [/**/favicon.ico] onto handler of type [class org.springframework.web.servlet.resource.ResourceHttpRequestHandler]
===2018-10-06 12:08:55.731 INFO  org.springframework.web.servlet.mvc.method.annotation.RequestMappingHandlerAdapter Line:588 - Looking for @ControllerAdvice: org.springframework.boot.web.servlet.context.AnnotationConfigServletWebServerApplicationContext@6138e79a: startup date [Sat Oct 06 12:08:52 CST 2018]; root of context hierarchy
===2018-10-06 12:08:55.793 INFO  org.springframework.web.servlet.mvc.method.annotation.RequestMappingHandlerMapping Line:549 - Mapped "{[/banner/getBanners],methods=[POST]}" onto public org.springframework.http.ResponseEntity com.clothing.web.controller.BannerController.getBanners(java.lang.String)
===2018-10-06 12:08:55.795 INFO  org.springframework.web.servlet.mvc.method.annotation.RequestMappingHandlerMapping Line:549 - Mapped "{[/cartProduct/getCartProductByMid],methods=[GET]}" onto public org.springframework.http.ResponseEntity com.clothing.web.controller.CartProductController.getCartProductByMid(java.lang.Integer,java.lang.Integer,java.lang.Integer)
===2018-10-06 12:08:55.796 INFO  org.springframework.web.servlet.mvc.method.annotation.RequestMappingHandlerMapping Line:549 - Mapped "{[/cartProduct/modifyCartProductById],methods=[POST]}" onto public org.springframework.http.ResponseEntity com.clothing.web.controller.CartProductController.modifyCartProductById(java.lang.Integer,java.lang.Integer)
===2018-10-06 12:08:55.796 INFO  org.springframework.web.servlet.mvc.method.annotation.RequestMappingHandlerMapping Line:549 - Mapped "{[/cartProduct/delCartProductById],methods=[POST]}" onto public org.springframework.http.ResponseEntity com.clothing.web.controller.CartProductController.delCartProductById(java.lang.Integer)
===2018-10-06 12:08:55.796 INFO  org.springframework.web.servlet.mvc.method.annotation.RequestMappingHandlerMapping Line:549 - Mapped "{[/cartProduct/addCartProduct],methods=[POST]}" onto public org.springframework.http.ResponseEntity com.clothing.web.controller.CartProductController.addCartProduct(com.clothing.web.model.CartProduct)
===2018-10-06 12:08:55.797 INFO  org.springframework.web.servlet.mvc.method.annotation.RequestMappingHandlerMapping Line:549 - Mapped "{[/product/getProductPage],methods=[POST]}" onto public org.springframework.http.ResponseEntity com.clothing.web.controller.ProductController.getProductPage(java.lang.Integer,java.lang.Integer)
===2018-10-06 12:08:55.797 INFO  org.springframework.web.servlet.mvc.method.annotation.RequestMappingHandlerMapping Line:549 - Mapped "{[/productImg/getProductPage],methods=[GET]}" onto public org.springframework.http.ResponseEntity com.clothing.web.controller.ProductImgController.getProductPage(java.lang.Integer)
===2018-10-06 12:08:55.798 INFO  org.springframework.web.servlet.mvc.method.annotation.RequestMappingHandlerMapping Line:549 - Mapped "{[/productStandard/getProductStandardById],methods=[GET]}" onto public org.springframework.http.ResponseEntity com.clothing.web.controller.ProductStandardController.getProductStandardById(java.lang.Integer)
===2018-10-06 12:08:55.802 INFO  org.springframework.web.servlet.mvc.method.annotation.RequestMappingHandlerMapping Line:549 - Mapped "{[/error]}" onto public org.springframework.http.ResponseEntity<java.util.Map<java.lang.String, java.lang.Object>> org.springframework.boot.autoconfigure.web.servlet.error.BasicErrorController.error(javax.servlet.http.HttpServletRequest)
===2018-10-06 12:08:55.803 INFO  org.springframework.web.servlet.mvc.method.annotation.RequestMappingHandlerMapping Line:549 - Mapped "{[/error],produces=[text/html]}" onto public org.springframework.web.servlet.ModelAndView org.springframework.boot.autoconfigure.web.servlet.error.BasicErrorController.errorHtml(javax.servlet.http.HttpServletRequest,javax.servlet.http.HttpServletResponse)
===2018-10-06 12:08:55.844 INFO  org.springframework.web.servlet.handler.SimpleUrlHandlerMapping Line:373 - Mapped URL path [/webjars/**] onto handler of type [class org.springframework.web.servlet.resource.ResourceHttpRequestHandler]
===2018-10-06 12:08:55.845 INFO  org.springframework.web.servlet.handler.SimpleUrlHandlerMapping Line:373 - Mapped URL path [/**] onto handler of type [class org.springframework.web.servlet.resource.ResourceHttpRequestHandler]
===2018-10-06 12:08:56.264 INFO  org.springframework.jmx.export.annotation.AnnotationMBeanExporter Line:433 - Registering beans for JMX exposure on startup
===2018-10-06 12:08:56.266 INFO  org.springframework.jmx.export.annotation.AnnotationMBeanExporter Line:895 - Bean with name 'dataSource' has been autodetected for JMX exposure
===2018-10-06 12:08:56.271 INFO  org.springframework.jmx.export.annotation.AnnotationMBeanExporter Line:668 - Located MBean 'dataSource': registering with JMX server as MBean [com.zaxxer.hikari:name=dataSource,type=HikariDataSource]
===2018-10-06 12:08:56.332 INFO  org.springframework.boot.web.embedded.tomcat.TomcatWebServer Line:206 - Tomcat started on port(s): 8013 (http) with context path ''
===2018-10-06 12:08:56.337 INFO  com.clothing.web.ClothingWebApplication Line:59  - Started ClothingWebApplication in 4.706 seconds (JVM running for 6.877)
===2018-10-06 12:09:02.415 INFO  org.springframework.web.servlet.DispatcherServlet Line:494 - FrameworkServlet 'dispatcherServlet': initialization started
===2018-10-06 12:09:02.437 INFO  org.springframework.web.servlet.DispatcherServlet Line:509 - FrameworkServlet 'dispatcherServlet': initialization completed in 22 ms
===2018-10-06 12:09:02.480 INFO  com.clothing.web.controller.ProductController Line:36  - 【标题】 参数groupKey=GROUP_HOME
===2018-10-06 12:09:02.481 INFO  com.clothing.web.controller.CartProductController Line:47  - 【购物车】  参数memberId=1,pageNum=1,pageSize=10
===2018-10-06 12:09:02.482 INFO  com.clothing.web.controller.ProductController Line:41  - 【商品】 分页参数pageSize=10,pageNum=1
===2018-10-06 12:09:02.737 INFO  org.springframework.beans.factory.xml.XmlBeanDefinitionReader Line:317 - Loading XML bean definitions from class path resource [org/springframework/jdbc/support/sql-error-codes.xml]
===2018-10-06 12:09:02.762 INFO  com.clothing.web.controller.ProductController Line:44  - 【商品】 返回接口pageInfo=PageInfo{pageNum=1, pageSize=10, size=4, startRow=1, endRow=4, total=4, pages=1, list=Page{count=true, pageNum=1, pageSize=10, startRow=0, endRow=10, total=4, pages=1, reasonable=true, pageSizeZero=false}, prePage=0, nextPage=0, isFirstPage=true, isLastPage=true, hasPreviousPage=false, hasNextPage=false, navigatePages=8, navigateFirstPage=1, navigateLastPage=1, navigatepageNums=[1]}
===2018-10-06 12:13:22.745 INFO  com.clothing.web.controller.CartProductController Line:47  - 【购物车】  参数memberId=1,pageNum=1,pageSize=10
===2018-10-06 12:13:22.747 INFO  com.clothing.web.controller.ProductController Line:41  - 【商品】 分页参数pageSize=10,pageNum=1
===2018-10-06 12:13:22.747 INFO  com.clothing.web.controller.ProductController Line:36  - 【标题】 参数groupKey=GROUP_HOME
===2018-10-06 12:13:22.781 INFO  com.clothing.web.controller.ProductController Line:44  - 【商品】 返回接口pageInfo=PageInfo{pageNum=1, pageSize=10, size=4, startRow=1, endRow=4, total=4, pages=1, list=Page{count=true, pageNum=1, pageSize=10, startRow=0, endRow=10, total=4, pages=1, reasonable=true, pageSizeZero=false}, prePage=0, nextPage=0, isFirstPage=true, isLastPage=true, hasPreviousPage=false, hasNextPage=false, navigatePages=8, navigateFirstPage=1, navigateLastPage=1, navigatepageNums=[1]}
===2018-10-06 12:38:40.471 INFO  com.clothing.web.controller.CartProductController Line:47  - 【购物车】  参数memberId=1,pageNum=1,pageSize=10
===2018-10-06 12:38:40.471 INFO  com.clothing.web.controller.ProductController Line:41  - 【商品】 分页参数pageSize=10,pageNum=1
===2018-10-06 12:38:40.472 INFO  com.clothing.web.controller.ProductController Line:36  - 【标题】 参数groupKey=GROUP_HOME
===2018-10-06 12:38:40.485 INFO  com.clothing.web.controller.ProductController Line:44  - 【商品】 返回接口pageInfo=PageInfo{pageNum=1, pageSize=10, size=4, startRow=1, endRow=4, total=4, pages=1, list=Page{count=true, pageNum=1, pageSize=10, startRow=0, endRow=10, total=4, pages=1, reasonable=true, pageSizeZero=false}, prePage=0, nextPage=0, isFirstPage=true, isLastPage=true, hasPreviousPage=false, hasNextPage=false, navigatePages=8, navigateFirstPage=1, navigateLastPage=1, navigatepageNums=[1]}
===2018-10-06 12:42:32.250 INFO  com.clothing.web.controller.ProductController Line:41  - 【商品】 分页参数pageSize=10,pageNum=1
===2018-10-06 12:42:32.250 INFO  com.clothing.web.controller.ProductController Line:36  - 【标题】 参数groupKey=GROUP_HOME
===2018-10-06 12:42:32.250 INFO  com.clothing.web.controller.CartProductController Line:47  - 【购物车】  参数memberId=1,pageNum=1,pageSize=10
===2018-10-06 12:42:32.285 INFO  com.clothing.web.controller.ProductController Line:44  - 【商品】 返回接口pageInfo=PageInfo{pageNum=1, pageSize=10, size=4, startRow=1, endRow=4, total=4, pages=1, list=Page{count=true, pageNum=1, pageSize=10, startRow=0, endRow=10, total=4, pages=1, reasonable=true, pageSizeZero=false}, prePage=0, nextPage=0, isFirstPage=true, isLastPage=true, hasPreviousPage=false, hasNextPage=false, navigatePages=8, navigateFirstPage=1, navigateLastPage=1, navigatepageNums=[1]}
===2018-10-06 12:49:03.867 INFO  com.clothing.web.controller.CartProductController Line:47  - 【购物车】  参数memberId=1,pageNum=1,pageSize=10
===2018-10-06 12:49:03.867 INFO  com.clothing.web.controller.ProductController Line:41  - 【商品】 分页参数pageSize=10,pageNum=1
===2018-10-06 12:49:03.867 INFO  com.clothing.web.controller.ProductController Line:36  - 【标题】 参数groupKey=GROUP_HOME
===2018-10-06 12:49:03.898 INFO  com.clothing.web.controller.ProductController Line:44  - 【商品】 返回接口pageInfo=PageInfo{pageNum=1, pageSize=10, size=4, startRow=1, endRow=4, total=4, pages=1, list=Page{count=true, pageNum=1, pageSize=10, startRow=0, endRow=10, total=4, pages=1, reasonable=true, pageSizeZero=false}, prePage=0, nextPage=0, isFirstPage=true, isLastPage=true, hasPreviousPage=false, hasNextPage=false, navigatePages=8, navigateFirstPage=1, navigateLastPage=1, navigatepageNums=[1]}
