===2018-10-31 09:39:39.959 INFO  com.clothing.manage.controller.ProductController Line:37  - 【商品】 分页查询商品校核，参数productExtension=ProductExtension(productName=, productId=null, typeId=0, pageNum=1, pageSize=10, startTime=, endTime=, orderBy=null)
===2018-10-31 09:39:39.959 INFO  com.clothing.manage.controller.ProductController Line:37  - 【商品】 分页查询商品校核，参数productExtension=ProductExtension(productName=, productId=null, typeId=0, pageNum=1, pageSize=10, startTime=, endTime=, orderBy=null)
===2018-10-31 09:40:14.824 INFO  com.clothing.manage.controller.ProductController Line:37  - 【商品】 分页查询商品校核，参数productExtension=ProductExtension(productName=null, productId=null, typeId=null, pageNum=1, pageSize=10, startTime=null, endTime=null, orderBy=null)
===2018-10-31 09:40:17.611 INFO  com.clothing.manage.controller.ProductController Line:37  - 【商品】 分页查询商品校核，参数productExtension=ProductExtension(productName=, productId=null, typeId=0, pageNum=1, pageSize=10, startTime=, endTime=, orderBy=null)
===2018-10-31 09:40:17.611 INFO  com.clothing.manage.controller.ProductController Line:37  - 【商品】 分页查询商品校核，参数productExtension=ProductExtension(productName=, productId=null, typeId=0, pageNum=1, pageSize=10, startTime=, endTime=, orderBy=null)
===2018-10-31 09:40:20.484 INFO  com.clothing.manage.controller.ProductController Line:37  - 【商品】 分页查询商品校核，参数productExtension=ProductExtension(productName=, productId=null, typeId=0, pageNum=1, pageSize=20, startTime=, endTime=, orderBy=null)
===2018-10-31 09:40:21.784 INFO  com.clothing.manage.controller.ProductController Line:37  - 【商品】 分页查询商品校核，参数productExtension=ProductExtension(productName=, productId=null, typeId=0, pageNum=1, pageSize=2, startTime=, endTime=, orderBy=null)
===2018-10-31 09:40:24.447 INFO  com.clothing.manage.controller.ProductController Line:37  - 【商品】 分页查询商品校核，参数productExtension=ProductExtension(productName=, productId=null, typeId=0, pageNum=2, pageSize=2, startTime=, endTime=, orderBy=null)
===2018-10-31 09:40:25.274 INFO  com.clothing.manage.controller.ProductController Line:37  - 【商品】 分页查询商品校核，参数productExtension=ProductExtension(productName=, productId=null, typeId=0, pageNum=1, pageSize=2, startTime=, endTime=, orderBy=null)
===2018-10-31 09:40:30.630 INFO  com.clothing.manage.controller.ProductController Line:37  - 【商品】 分页查询商品校核，参数productExtension=ProductExtension(productName=, productId=2, typeId=0, pageNum=1, pageSize=2, startTime=, endTime=, orderBy=null)
===2018-10-31 09:40:31.660 INFO  com.clothing.manage.controller.ProductController Line:37  - 【商品】 分页查询商品校核，参数productExtension=ProductExtension(productName=, productId=2, typeId=0, pageNum=1, pageSize=2, startTime=, endTime=, orderBy=null)
===2018-10-31 09:40:34.808 INFO  com.clothing.manage.controller.ProductController Line:37  - 【商品】 分页查询商品校核，参数productExtension=ProductExtension(productName=, productId=2, typeId=0, pageNum=1, pageSize=2, startTime=, endTime=, orderBy=null)
===2018-10-31 09:40:35.061 INFO  com.clothing.manage.controller.ProductController Line:37  - 【商品】 分页查询商品校核，参数productExtension=ProductExtension(productName=, productId=2, typeId=0, pageNum=1, pageSize=2, startTime=, endTime=, orderBy=null)
===2018-10-31 09:40:37.503 INFO  com.clothing.manage.controller.ProductController Line:37  - 【商品】 分页查询商品校核，参数productExtension=ProductExtension(productName=, productId=null, typeId=0, pageNum=1, pageSize=2, startTime=, endTime=, orderBy=null)
===2018-10-31 09:40:46.728 INFO  com.clothing.manage.controller.ProductController Line:37  - 【商品】 分页查询商品校核，参数productExtension=ProductExtension(productName=, productId=null, typeId=0, pageNum=1, pageSize=2, startTime=, endTime=, orderBy=null)
===2018-10-31 09:40:51.254 INFO  com.clothing.manage.controller.ProductController Line:37  - 【商品】 分页查询商品校核，参数productExtension=ProductExtension(productName=, productId=null, typeId=0, pageNum=1, pageSize=2, startTime=, endTime=, orderBy=null)
===2018-10-31 09:40:51.258 INFO  com.clothing.manage.controller.ProductController Line:37  - 【商品】 分页查询商品校核，参数productExtension=ProductExtension(productName=, productId=null, typeId=0, pageNum=1, pageSize=2, startTime=, endTime=, orderBy=null)
===2018-10-31 09:40:58.644 INFO  com.clothing.manage.controller.ProductController Line:37  - 【商品】 分页查询商品校核，参数productExtension=ProductExtension(productName=秋新款, productId=null, typeId=0, pageNum=1, pageSize=2, startTime=, endTime=, orderBy=null)
===2018-10-31 09:41:05.345 INFO  com.clothing.manage.controller.ProductController Line:37  - 【商品】 分页查询商品校核，参数productExtension=ProductExtension(productName=, productId=null, typeId=0, pageNum=1, pageSize=2, startTime=, endTime=, orderBy=null)
===2018-10-31 09:41:13.640 INFO  com.clothing.manage.controller.ProductController Line:37  - 【商品】 分页查询商品校核，参数productExtension=ProductExtension(productName=null, productId=null, typeId=null, pageNum=1, pageSize=2, startTime=null, endTime=null, orderBy=null)
===2018-10-31 09:41:19.596 INFO  com.clothing.manage.controller.ProductController Line:37  - 【商品】 分页查询商品校核，参数productExtension=ProductExtension(productName=, productId=null, typeId=0, pageNum=1, pageSize=2, startTime=, endTime=, orderBy=null)
===2018-10-31 09:41:19.596 INFO  com.clothing.manage.controller.ProductController Line:37  - 【商品】 分页查询商品校核，参数productExtension=ProductExtension(productName=, productId=null, typeId=0, pageNum=1, pageSize=2, startTime=, endTime=, orderBy=null)
===2018-10-31 09:41:21.468 INFO  com.clothing.manage.controller.ProductController Line:37  - 【商品】 分页查询商品校核，参数productExtension=ProductExtension(productName=, productId=null, typeId=0, pageNum=1, pageSize=20, startTime=, endTime=, orderBy=null)
===2018-10-31 09:41:23.593 INFO  com.clothing.manage.controller.ProductController Line:37  - 【商品】 分页查询商品校核，参数productExtension=ProductExtension(productName=, productId=null, typeId=0, pageNum=1, pageSize=10, startTime=, endTime=, orderBy=null)
===2018-10-31 09:41:27.228 INFO  com.clothing.manage.controller.ProductController Line:37  - 【商品】 分页查询商品校核，参数productExtension=ProductExtension(productName=018春季时尚, productId=null, typeId=0, pageNum=1, pageSize=10, startTime=, endTime=, orderBy=null)
===2018-10-31 09:41:27.537 INFO  com.clothing.manage.controller.ProductController Line:37  - 【商品】 分页查询商品校核，参数productExtension=ProductExtension(productName=018春季时尚, productId=null, typeId=0, pageNum=1, pageSize=10, startTime=, endTime=, orderBy=null)
===2018-10-31 09:41:30.129 INFO  com.clothing.manage.controller.ProductController Line:37  - 【商品】 分页查询商品校核，参数productExtension=ProductExtension(productName=, productId=null, typeId=0, pageNum=1, pageSize=10, startTime=, endTime=, orderBy=null)
===2018-10-31 09:41:57.521 INFO  com.clothing.manage.controller.ProductController Line:37  - 【商品】 分页查询商品校核，参数productExtension=ProductExtension(productName=, productId=null, typeId=0, pageNum=1, pageSize=10, startTime=, endTime=, orderBy=null)
===2018-10-31 09:41:57.521 INFO  com.clothing.manage.controller.ProductController Line:37  - 【商品】 分页查询商品校核，参数productExtension=ProductExtension(productName=, productId=null, typeId=0, pageNum=1, pageSize=10, startTime=, endTime=, orderBy=null)
===2018-10-31 10:15:21.662 INFO  com.clothing.manage.ClothingManageApplication Line:50  - Starting ClothingManageApplication on DESKTOP-SJ98RT1 with PID 62664 (D:\ccz\clothing\clothing-manage\target\classes started by z in D:\ccz\clothing\clothing-web-page)
===2018-10-31 10:15:21.664 INFO  com.clothing.manage.ClothingManageApplication Line:658 - The following profiles are active: dev
===2018-10-31 10:15:21.840 INFO  org.springframework.boot.web.servlet.context.AnnotationConfigServletWebServerApplicationContext Line:588 - Refreshing org.springframework.boot.web.servlet.context.AnnotationConfigServletWebServerApplicationContext@cd1d761: startup date [Wed Oct 31 10:15:21 CST 2018]; root of context hierarchy
===2018-10-31 10:15:23.778 INFO  org.springframework.context.support.PostProcessorRegistrationDelegate$BeanPostProcessorChecker Line:326 - Bean 'org.springframework.transaction.annotation.ProxyTransactionManagementConfiguration' of type [org.springframework.transaction.annotation.ProxyTransactionManagementConfiguration$$EnhancerBySpringCGLIB$$a245d8f2] is not eligible for getting processed by all BeanPostProcessors (for example: not eligible for auto-proxying)
===2018-10-31 10:15:24.426 INFO  org.springframework.boot.web.embedded.tomcat.TomcatWebServer Line:91  - Tomcat initialized with port(s): 8023 (http)
===2018-10-31 10:15:24.585 INFO  org.springframework.web.context.ContextLoader Line:285 - Root WebApplicationContext: initialization completed in 2745 ms
===2018-10-31 10:15:24.697 INFO  org.springframework.boot.web.servlet.ServletRegistrationBean Line:187 - Servlet dispatcherServlet mapped to [/]
===2018-10-31 10:15:24.701 INFO  org.springframework.boot.web.servlet.FilterRegistrationBean Line:245 - Mapping filter: 'characterEncodingFilter' to: [/*]
===2018-10-31 10:15:24.701 INFO  org.springframework.boot.web.servlet.FilterRegistrationBean Line:245 - Mapping filter: 'hiddenHttpMethodFilter' to: [/*]
===2018-10-31 10:15:24.701 INFO  org.springframework.boot.web.servlet.FilterRegistrationBean Line:245 - Mapping filter: 'httpPutFormContentFilter' to: [/*]
===2018-10-31 10:15:24.701 INFO  org.springframework.boot.web.servlet.FilterRegistrationBean Line:245 - Mapping filter: 'requestContextFilter' to: [/*]
===2018-10-31 10:15:24.701 INFO  org.springframework.boot.web.servlet.FilterRegistrationBean Line:245 - Mapping filter: 'resourceUrlEncodingFilter' to: [/*]
===2018-10-31 10:15:25.925 INFO  org.springframework.web.servlet.mvc.method.annotation.RequestMappingHandlerMapping Line:549 - Mapped "{[/menu/getMenuListByUserId],methods=[GET]}" onto public org.springframework.http.ResponseEntity<java.util.List> com.clothing.manage.controller.MenuController.getMenuListByUserId()
===2018-10-31 10:15:25.928 INFO  org.springframework.web.servlet.mvc.method.annotation.RequestMappingHandlerMapping Line:549 - Mapped "{[/product/getProductsByPage],methods=[POST]}" onto public com.github.pagehelper.PageInfo<java.util.Map> com.clothing.manage.controller.ProductController.getProductsByPage(com.clothing.manage.model.extension.ProductExtension)
===2018-10-31 10:15:25.929 INFO  org.springframework.web.servlet.mvc.method.annotation.RequestMappingHandlerMapping Line:549 - Mapped "{[/type/getTypes],methods=[GET]}" onto public java.util.List<java.util.Map> com.clothing.manage.controller.TypeController.getTypes()
===2018-10-31 10:15:25.931 INFO  org.springframework.web.servlet.mvc.method.annotation.RequestMappingHandlerMapping Line:549 - Mapped "{[/v2/api-docs],methods=[GET],produces=[application/json || application/hal+json]}" onto public org.springframework.http.ResponseEntity<springfox.documentation.spring.web.json.Json> springfox.documentation.swagger2.web.Swagger2Controller.getDocumentation(java.lang.String,javax.servlet.http.HttpServletRequest)
===2018-10-31 10:15:25.933 INFO  org.springframework.web.servlet.mvc.method.annotation.RequestMappingHandlerMapping Line:549 - Mapped "{[/swagger-resources/configuration/security]}" onto org.springframework.http.ResponseEntity<springfox.documentation.swagger.web.SecurityConfiguration> springfox.documentation.swagger.web.ApiResourceController.securityConfiguration()
===2018-10-31 10:15:25.934 INFO  org.springframework.web.servlet.mvc.method.annotation.RequestMappingHandlerMapping Line:549 - Mapped "{[/swagger-resources]}" onto org.springframework.http.ResponseEntity<java.util.List<springfox.documentation.swagger.web.SwaggerResource>> springfox.documentation.swagger.web.ApiResourceController.swaggerResources()
===2018-10-31 10:15:25.935 INFO  org.springframework.web.servlet.mvc.method.annotation.RequestMappingHandlerMapping Line:549 - Mapped "{[/swagger-resources/configuration/ui]}" onto org.springframework.http.ResponseEntity<springfox.documentation.swagger.web.UiConfiguration> springfox.documentation.swagger.web.ApiResourceController.uiConfiguration()
===2018-10-31 10:15:25.941 INFO  org.springframework.web.servlet.mvc.method.annotation.RequestMappingHandlerMapping Line:549 - Mapped "{[/error]}" onto public org.springframework.http.ResponseEntity<java.util.Map<java.lang.String, java.lang.Object>> org.springframework.boot.autoconfigure.web.servlet.error.BasicErrorController.error(javax.servlet.http.HttpServletRequest)
===2018-10-31 10:15:25.941 INFO  org.springframework.web.servlet.mvc.method.annotation.RequestMappingHandlerMapping Line:549 - Mapped "{[/error],produces=[text/html]}" onto public org.springframework.web.servlet.ModelAndView org.springframework.boot.autoconfigure.web.servlet.error.BasicErrorController.errorHtml(javax.servlet.http.HttpServletRequest,javax.servlet.http.HttpServletResponse)
===2018-10-31 10:15:26.158 INFO  org.springframework.web.servlet.handler.SimpleUrlHandlerMapping Line:373 - Mapped URL path [/**/favicon.ico] onto handler of type [class org.springframework.web.servlet.resource.ResourceHttpRequestHandler]
===2018-10-31 10:15:26.364 INFO  org.springframework.web.servlet.mvc.method.annotation.RequestMappingHandlerAdapter Line:588 - Looking for @ControllerAdvice: org.springframework.boot.web.servlet.context.AnnotationConfigServletWebServerApplicationContext@cd1d761: startup date [Wed Oct 31 10:15:21 CST 2018]; root of context hierarchy
===2018-10-31 10:15:26.425 INFO  org.springframework.web.servlet.handler.SimpleUrlHandlerMapping Line:373 - Mapped URL path [/webjars/**] onto handler of type [class org.springframework.web.servlet.resource.ResourceHttpRequestHandler]
===2018-10-31 10:15:26.425 INFO  org.springframework.web.servlet.handler.SimpleUrlHandlerMapping Line:373 - Mapped URL path [/**] onto handler of type [class org.springframework.web.servlet.resource.ResourceHttpRequestHandler]
===2018-10-31 10:15:26.848 INFO  org.springframework.jmx.export.annotation.AnnotationMBeanExporter Line:433 - Registering beans for JMX exposure on startup
===2018-10-31 10:15:26.849 INFO  org.springframework.jmx.export.annotation.AnnotationMBeanExporter Line:895 - Bean with name 'dataSource' has been autodetected for JMX exposure
===2018-10-31 10:15:26.858 INFO  org.springframework.jmx.export.annotation.AnnotationMBeanExporter Line:668 - Located MBean 'dataSource': registering with JMX server as MBean [com.zaxxer.hikari:name=dataSource,type=HikariDataSource]
===2018-10-31 10:15:26.863 INFO  org.springframework.context.support.DefaultLifecycleProcessor Line:356 - Starting beans in phase 2147483647
===2018-10-31 10:15:27.167 INFO  org.springframework.boot.web.embedded.tomcat.TomcatWebServer Line:206 - Tomcat started on port(s): 8023 (http) with context path ''
===2018-10-31 10:15:27.171 INFO  com.clothing.manage.ClothingManageApplication Line:59  - Started ClothingManageApplication in 6.808 seconds (JVM running for 8.231)
===2018-10-31 10:21:48.466 INFO  org.springframework.web.servlet.DispatcherServlet Line:494 - FrameworkServlet 'dispatcherServlet': initialization started
===2018-10-31 10:21:48.493 INFO  org.springframework.web.servlet.DispatcherServlet Line:509 - FrameworkServlet 'dispatcherServlet': initialization completed in 27 ms
===2018-10-31 10:21:48.595 INFO  com.clothing.manage.controller.ProductController Line:37  - 【商品】 分页查询商品校核，参数productExtension=ProductExtension(productName=, productId=null, productCode=null, isPutAway=null, typeId=0, pageNum=1, pageSize=10, startTime=, endTime=, orderBy=null)
===2018-10-31 10:24:32.403 INFO  com.clothing.manage.controller.ProductController Line:37  - 【商品】 分页查询商品校核，参数productExtension=ProductExtension(productName=, productId=null, productCode=null, isPutAway=null, typeId=0, pageNum=1, pageSize=10, startTime=, endTime=, orderBy=null)
===2018-10-31 10:25:15.606 INFO  com.clothing.manage.controller.ProductController Line:37  - 【商品】 分页查询商品校核，参数productExtension=ProductExtension(productName=, productId=null, productCode=null, isPutAway=null, typeId=0, pageNum=1, pageSize=10, startTime=, endTime=, orderBy=null)
===2018-10-31 10:25:41.452 INFO  com.clothing.manage.controller.ProductController Line:37  - 【商品】 分页查询商品校核，参数productExtension=ProductExtension(productName=, productId=null, productCode=null, isPutAway=null, typeId=0, pageNum=1, pageSize=10, startTime=, endTime=, orderBy=null)
===2018-10-31 10:26:04.569 INFO  com.clothing.manage.controller.ProductController Line:37  - 【商品】 分页查询商品校核，参数productExtension=ProductExtension(productName=, productId=null, productCode=null, isPutAway=null, typeId=0, pageNum=1, pageSize=10, startTime=, endTime=, orderBy=null)
===2018-10-31 10:26:55.261 INFO  com.clothing.manage.controller.ProductController Line:37  - 【商品】 分页查询商品校核，参数productExtension=ProductExtension(productName=, productId=null, productCode=null, isPutAway=null, typeId=0, pageNum=1, pageSize=10, startTime=, endTime=, orderBy=null)
===2018-10-31 10:27:00.134 INFO  com.clothing.manage.controller.ProductController Line:37  - 【商品】 分页查询商品校核，参数productExtension=ProductExtension(productName=, productId=null, productCode=null, isPutAway=null, typeId=0, pageNum=1, pageSize=10, startTime=, endTime=, orderBy=null)
===2018-10-31 10:27:20.531 INFO  com.clothing.manage.controller.ProductController Line:37  - 【商品】 分页查询商品校核，参数productExtension=ProductExtension(productName=, productId=null, productCode=null, isPutAway=null, typeId=0, pageNum=1, pageSize=10, startTime=, endTime=, orderBy=null)
===2018-10-31 10:28:07.531 INFO  com.clothing.manage.controller.ProductController Line:37  - 【商品】 分页查询商品校核，参数productExtension=ProductExtension(productName=, productId=null, productCode=null, isPutAway=null, typeId=0, pageNum=1, pageSize=10, startTime=, endTime=, orderBy=null)
===2018-10-31 10:29:14.437 INFO  com.clothing.manage.controller.ProductController Line:37  - 【商品】 分页查询商品校核，参数productExtension=ProductExtension(productName=, productId=null, productCode=null, isPutAway=null, typeId=1, pageNum=1, pageSize=10, startTime=, endTime=, orderBy=null)
===2018-10-31 10:29:42.380 INFO  com.clothing.manage.controller.ProductController Line:37  - 【商品】 分页查询商品校核，参数productExtension=ProductExtension(productName=, productId=null, productCode=null, isPutAway=null, typeId=2, pageNum=1, pageSize=10, startTime=, endTime=, orderBy=null)
===2018-10-31 10:32:45.617 INFO  com.clothing.manage.controller.ProductController Line:37  - 【商品】 分页查询商品校核，参数productExtension=ProductExtension(productName=, productId=null, productCode=null, isPutAway=null, typeId=0, pageNum=1, pageSize=10, startTime=, endTime=, orderBy=null)
===2018-10-31 10:32:58.112 INFO  com.clothing.manage.controller.ProductController Line:37  - 【商品】 分页查询商品校核，参数productExtension=ProductExtension(productName=, productId=null, productCode=null, isPutAway=null, typeId=0, pageNum=1, pageSize=10, startTime=, endTime=, orderBy=null)
===2018-10-31 12:40:58.418 INFO  com.clothing.manage.controller.ProductController Line:37  - 【商品】 分页查询商品校核，参数productExtension=ProductExtension(productName=, productId=null, productCode=null, isPutAway=null, typeId=0, pageNum=1, pageSize=10, startTime=, endTime=, orderBy=null)
===2018-10-31 12:45:16.490 INFO  com.clothing.manage.controller.ProductController Line:37  - 【商品】 分页查询商品校核，参数productExtension=ProductExtension(productName=, productId=null, productCode=null, isPutAway=null, typeId=0, pageNum=1, pageSize=10, startTime=, endTime=, orderBy=null)
===2018-10-31 12:46:08.239 INFO  com.clothing.manage.controller.ProductController Line:37  - 【商品】 分页查询商品校核，参数productExtension=ProductExtension(productName=, productId=null, productCode=null, isPutAway=null, typeId=0, pageNum=1, pageSize=10, startTime=, endTime=, orderBy=null)
===2018-10-31 12:46:31.015 INFO  com.clothing.manage.controller.ProductController Line:37  - 【商品】 分页查询商品校核，参数productExtension=ProductExtension(productName=null, productId=null, productCode=null, isPutAway=null, typeId=null, pageNum=1, pageSize=10, startTime=null, endTime=null, orderBy=null)
===2018-10-31 12:47:12.067 INFO  com.clothing.manage.controller.ProductController Line:37  - 【商品】 分页查询商品校核，参数productExtension=ProductExtension(productName=, productId=null, productCode=null, isPutAway=null, typeId=0, pageNum=1, pageSize=10, startTime=, endTime=, orderBy=null)
===2018-10-31 12:47:12.361 INFO  com.clothing.manage.controller.ProductController Line:37  - 【商品】 分页查询商品校核，参数productExtension=ProductExtension(productName=, productId=null, productCode=null, isPutAway=null, typeId=0, pageNum=1, pageSize=10, startTime=, endTime=, orderBy=null)
===2018-10-31 12:47:21.327 INFO  com.clothing.manage.controller.ProductController Line:37  - 【商品】 分页查询商品校核，参数productExtension=ProductExtension(productName=, productId=null, productCode=null, isPutAway=null, typeId=0, pageNum=1, pageSize=10, startTime=, endTime=, orderBy=null)
===2018-10-31 12:47:21.631 INFO  com.clothing.manage.controller.ProductController Line:37  - 【商品】 分页查询商品校核，参数productExtension=ProductExtension(productName=, productId=null, productCode=null, isPutAway=null, typeId=0, pageNum=1, pageSize=10, startTime=, endTime=, orderBy=null)
===2018-10-31 12:47:31.020 INFO  com.clothing.manage.controller.ProductController Line:37  - 【商品】 分页查询商品校核，参数productExtension=ProductExtension(productName=null, productId=null, productCode=null, isPutAway=null, typeId=null, pageNum=1, pageSize=10, startTime=null, endTime=null, orderBy=null)
===2018-10-31 12:47:49.304 INFO  com.clothing.manage.controller.ProductController Line:37  - 【商品】 分页查询商品校核，参数productExtension=ProductExtension(productName=null, productId=null, productCode=null, isPutAway=null, typeId=null, pageNum=1, pageSize=10, startTime=null, endTime=null, orderBy=null)
===2018-10-31 12:48:19.345 INFO  com.clothing.manage.controller.ProductController Line:37  - 【商品】 分页查询商品校核，参数productExtension=ProductExtension(productName=, productId=null, productCode=null, isPutAway=null, typeId=0, pageNum=1, pageSize=10, startTime=, endTime=, orderBy=null)
===2018-10-31 12:48:19.647 INFO  com.clothing.manage.controller.ProductController Line:37  - 【商品】 分页查询商品校核，参数productExtension=ProductExtension(productName=, productId=null, productCode=null, isPutAway=null, typeId=0, pageNum=1, pageSize=10, startTime=, endTime=, orderBy=null)
===2018-10-31 12:48:36.211 INFO  com.clothing.manage.controller.ProductController Line:37  - 【商品】 分页查询商品校核，参数productExtension=ProductExtension(productName=, productId=null, productCode=null, isPutAway=null, typeId=0, pageNum=1, pageSize=10, startTime=, endTime=, orderBy=null)
===2018-10-31 12:48:36.520 INFO  com.clothing.manage.controller.ProductController Line:37  - 【商品】 分页查询商品校核，参数productExtension=ProductExtension(productName=, productId=null, productCode=null, isPutAway=null, typeId=0, pageNum=1, pageSize=10, startTime=, endTime=, orderBy=null)
===2018-10-31 12:49:03.173 INFO  com.clothing.manage.controller.ProductController Line:37  - 【商品】 分页查询商品校核，参数productExtension=ProductExtension(productName=, productId=null, productCode=null, isPutAway=null, typeId=0, pageNum=1, pageSize=10, startTime=, endTime=, orderBy=null)
===2018-10-31 12:49:03.470 INFO  com.clothing.manage.controller.ProductController Line:37  - 【商品】 分页查询商品校核，参数productExtension=ProductExtension(productName=, productId=null, productCode=null, isPutAway=null, typeId=0, pageNum=1, pageSize=10, startTime=, endTime=, orderBy=null)
===2018-10-31 12:49:16.262 INFO  com.clothing.manage.controller.ProductController Line:37  - 【商品】 分页查询商品校核，参数productExtension=ProductExtension(productName=, productId=null, productCode=null, isPutAway=null, typeId=0, pageNum=1, pageSize=10, startTime=, endTime=, orderBy=null)
===2018-10-31 12:49:16.564 INFO  com.clothing.manage.controller.ProductController Line:37  - 【商品】 分页查询商品校核，参数productExtension=ProductExtension(productName=, productId=null, productCode=null, isPutAway=null, typeId=0, pageNum=1, pageSize=10, startTime=, endTime=, orderBy=null)
===2018-10-31 12:49:45.961 INFO  com.clothing.manage.controller.ProductController Line:37  - 【商品】 分页查询商品校核，参数productExtension=ProductExtension(productName=, productId=null, productCode=null, isPutAway=null, typeId=0, pageNum=1, pageSize=10, startTime=, endTime=, orderBy=null)
===2018-10-31 12:49:46.243 INFO  com.clothing.manage.controller.ProductController Line:37  - 【商品】 分页查询商品校核，参数productExtension=ProductExtension(productName=, productId=null, productCode=null, isPutAway=null, typeId=0, pageNum=1, pageSize=10, startTime=, endTime=, orderBy=null)
===2018-10-31 12:49:58.708 INFO  com.clothing.manage.controller.ProductController Line:37  - 【商品】 分页查询商品校核，参数productExtension=ProductExtension(productName=, productId=null, productCode=null, isPutAway=null, typeId=0, pageNum=1, pageSize=10, startTime=, endTime=, orderBy=null)
===2018-10-31 12:49:59.007 INFO  com.clothing.manage.controller.ProductController Line:37  - 【商品】 分页查询商品校核，参数productExtension=ProductExtension(productName=, productId=null, productCode=null, isPutAway=null, typeId=0, pageNum=1, pageSize=10, startTime=, endTime=, orderBy=null)
===2018-10-31 12:50:24.351 INFO  com.clothing.manage.controller.ProductController Line:37  - 【商品】 分页查询商品校核，参数productExtension=ProductExtension(productName=, productId=null, productCode=null, isPutAway=null, typeId=0, pageNum=1, pageSize=10, startTime=, endTime=, orderBy=null)
===2018-10-31 12:50:24.352 INFO  com.clothing.manage.controller.ProductController Line:37  - 【商品】 分页查询商品校核，参数productExtension=ProductExtension(productName=, productId=null, productCode=null, isPutAway=null, typeId=0, pageNum=1, pageSize=10, startTime=, endTime=, orderBy=null)
===2018-10-31 12:52:31.790 INFO  com.clothing.manage.controller.ProductController Line:37  - 【商品】 分页查询商品校核，参数productExtension=ProductExtension(productName=, productId=null, productCode=null, isPutAway=null, typeId=0, pageNum=1, pageSize=10, startTime=, endTime=, orderBy=null)
===2018-10-31 12:52:31.958 INFO  com.clothing.manage.controller.ProductController Line:37  - 【商品】 分页查询商品校核，参数productExtension=ProductExtension(productName=, productId=null, productCode=null, isPutAway=null, typeId=0, pageNum=1, pageSize=10, startTime=, endTime=, orderBy=null)
===2018-10-31 12:54:19.032 INFO  com.clothing.manage.controller.ProductController Line:37  - 【商品】 分页查询商品校核，参数productExtension=ProductExtension(productName=, productId=null, productCode=null, isPutAway=null, typeId=null, pageNum=1, pageSize=10, startTime=, endTime=, orderBy=null)
===2018-10-31 12:54:20.522 INFO  com.clothing.manage.controller.ProductController Line:37  - 【商品】 分页查询商品校核，参数productExtension=ProductExtension(productName=, productId=null, productCode=null, isPutAway=null, typeId=null, pageNum=1, pageSize=10, startTime=, endTime=, orderBy=null)
===2018-10-31 12:54:20.827 INFO  com.clothing.manage.controller.ProductController Line:37  - 【商品】 分页查询商品校核，参数productExtension=ProductExtension(productName=, productId=null, productCode=null, isPutAway=null, typeId=null, pageNum=1, pageSize=10, startTime=, endTime=, orderBy=null)
===2018-10-31 12:54:23.908 INFO  com.clothing.manage.controller.ProductController Line:37  - 【商品】 分页查询商品校核，参数productExtension=ProductExtension(productName=, productId=1, productCode=null, isPutAway=null, typeId=null, pageNum=1, pageSize=10, startTime=, endTime=, orderBy=null)
===2018-10-31 12:54:25.975 INFO  com.clothing.manage.controller.ProductController Line:37  - 【商品】 分页查询商品校核，参数productExtension=ProductExtension(productName=, productId=null, productCode=null, isPutAway=null, typeId=null, pageNum=1, pageSize=10, startTime=, endTime=, orderBy=null)
===2018-10-31 12:57:24.928 INFO  com.clothing.manage.ClothingManageApplication Line:50  - Starting ClothingManageApplication on DESKTOP-SJ98RT1 with PID 1376 (D:\ccz\clothing\clothing-manage\target\classes started by z in D:\ccz\clothing\clothing-web-page)
===2018-10-31 12:57:24.936 INFO  com.clothing.manage.ClothingManageApplication Line:658 - The following profiles are active: dev
===2018-10-31 12:57:25.021 INFO  org.springframework.boot.web.servlet.context.AnnotationConfigServletWebServerApplicationContext Line:588 - Refreshing org.springframework.boot.web.servlet.context.AnnotationConfigServletWebServerApplicationContext@663411de: startup date [Wed Oct 31 12:57:25 CST 2018]; root of context hierarchy
===2018-10-31 12:57:26.705 INFO  org.springframework.context.support.PostProcessorRegistrationDelegate$BeanPostProcessorChecker Line:326 - Bean 'org.springframework.transaction.annotation.ProxyTransactionManagementConfiguration' of type [org.springframework.transaction.annotation.ProxyTransactionManagementConfiguration$$EnhancerBySpringCGLIB$$9c827fe0] is not eligible for getting processed by all BeanPostProcessors (for example: not eligible for auto-proxying)
===2018-10-31 12:57:27.398 INFO  org.springframework.boot.web.embedded.tomcat.TomcatWebServer Line:91  - Tomcat initialized with port(s): 8023 (http)
===2018-10-31 12:57:27.586 INFO  org.springframework.web.context.ContextLoader Line:285 - Root WebApplicationContext: initialization completed in 2565 ms
===2018-10-31 12:57:27.673 INFO  org.springframework.boot.web.servlet.ServletRegistrationBean Line:187 - Servlet dispatcherServlet mapped to [/]
===2018-10-31 12:57:27.676 INFO  org.springframework.boot.web.servlet.FilterRegistrationBean Line:245 - Mapping filter: 'characterEncodingFilter' to: [/*]
===2018-10-31 12:57:27.677 INFO  org.springframework.boot.web.servlet.FilterRegistrationBean Line:245 - Mapping filter: 'hiddenHttpMethodFilter' to: [/*]
===2018-10-31 12:57:27.677 INFO  org.springframework.boot.web.servlet.FilterRegistrationBean Line:245 - Mapping filter: 'httpPutFormContentFilter' to: [/*]
===2018-10-31 12:57:27.677 INFO  org.springframework.boot.web.servlet.FilterRegistrationBean Line:245 - Mapping filter: 'requestContextFilter' to: [/*]
===2018-10-31 12:57:27.677 INFO  org.springframework.boot.web.servlet.FilterRegistrationBean Line:245 - Mapping filter: 'resourceUrlEncodingFilter' to: [/*]
===2018-10-31 12:57:30.553 INFO  org.springframework.web.servlet.mvc.method.annotation.RequestMappingHandlerMapping Line:549 - Mapped "{[/menu/getMenuListByUserId],methods=[GET]}" onto public org.springframework.http.ResponseEntity<java.util.List> com.clothing.manage.controller.MenuController.getMenuListByUserId()
===2018-10-31 12:57:30.556 INFO  org.springframework.web.servlet.mvc.method.annotation.RequestMappingHandlerMapping Line:549 - Mapped "{[/product/getProductsByPage],methods=[POST]}" onto public com.github.pagehelper.PageInfo<java.util.Map> com.clothing.manage.controller.ProductController.getProductsByPage(com.clothing.manage.model.extension.ProductExtension)
===2018-10-31 12:57:30.557 INFO  org.springframework.web.servlet.mvc.method.annotation.RequestMappingHandlerMapping Line:549 - Mapped "{[/type/getTypes],methods=[GET]}" onto public java.util.List<java.util.Map> com.clothing.manage.controller.TypeController.getTypes()
===2018-10-31 12:57:30.559 INFO  org.springframework.web.servlet.mvc.method.annotation.RequestMappingHandlerMapping Line:549 - Mapped "{[/v2/api-docs],methods=[GET],produces=[application/json || application/hal+json]}" onto public org.springframework.http.ResponseEntity<springfox.documentation.spring.web.json.Json> springfox.documentation.swagger2.web.Swagger2Controller.getDocumentation(java.lang.String,javax.servlet.http.HttpServletRequest)
===2018-10-31 12:57:30.562 INFO  org.springframework.web.servlet.mvc.method.annotation.RequestMappingHandlerMapping Line:549 - Mapped "{[/swagger-resources/configuration/security]}" onto org.springframework.http.ResponseEntity<springfox.documentation.swagger.web.SecurityConfiguration> springfox.documentation.swagger.web.ApiResourceController.securityConfiguration()
===2018-10-31 12:57:30.563 INFO  org.springframework.web.servlet.mvc.method.annotation.RequestMappingHandlerMapping Line:549 - Mapped "{[/swagger-resources]}" onto org.springframework.http.ResponseEntity<java.util.List<springfox.documentation.swagger.web.SwaggerResource>> springfox.documentation.swagger.web.ApiResourceController.swaggerResources()
===2018-10-31 12:57:30.563 INFO  org.springframework.web.servlet.mvc.method.annotation.RequestMappingHandlerMapping Line:549 - Mapped "{[/swagger-resources/configuration/ui]}" onto org.springframework.http.ResponseEntity<springfox.documentation.swagger.web.UiConfiguration> springfox.documentation.swagger.web.ApiResourceController.uiConfiguration()
===2018-10-31 12:57:30.569 INFO  org.springframework.web.servlet.mvc.method.annotation.RequestMappingHandlerMapping Line:549 - Mapped "{[/error]}" onto public org.springframework.http.ResponseEntity<java.util.Map<java.lang.String, java.lang.Object>> org.springframework.boot.autoconfigure.web.servlet.error.BasicErrorController.error(javax.servlet.http.HttpServletRequest)
===2018-10-31 12:57:30.569 INFO  org.springframework.web.servlet.mvc.method.annotation.RequestMappingHandlerMapping Line:549 - Mapped "{[/error],produces=[text/html]}" onto public org.springframework.web.servlet.ModelAndView org.springframework.boot.autoconfigure.web.servlet.error.BasicErrorController.errorHtml(javax.servlet.http.HttpServletRequest,javax.servlet.http.HttpServletResponse)
===2018-10-31 12:57:30.806 INFO  org.springframework.web.servlet.handler.SimpleUrlHandlerMapping Line:373 - Mapped URL path [/**/favicon.ico] onto handler of type [class org.springframework.web.servlet.resource.ResourceHttpRequestHandler]
===2018-10-31 12:57:31.026 INFO  org.springframework.web.servlet.mvc.method.annotation.RequestMappingHandlerAdapter Line:588 - Looking for @ControllerAdvice: org.springframework.boot.web.servlet.context.AnnotationConfigServletWebServerApplicationContext@663411de: startup date [Wed Oct 31 12:57:25 CST 2018]; root of context hierarchy
===2018-10-31 12:57:31.098 INFO  org.springframework.web.servlet.handler.SimpleUrlHandlerMapping Line:373 - Mapped URL path [/webjars/**] onto handler of type [class org.springframework.web.servlet.resource.ResourceHttpRequestHandler]
===2018-10-31 12:57:31.098 INFO  org.springframework.web.servlet.handler.SimpleUrlHandlerMapping Line:373 - Mapped URL path [/**] onto handler of type [class org.springframework.web.servlet.resource.ResourceHttpRequestHandler]
===2018-10-31 12:57:31.795 INFO  org.springframework.jmx.export.annotation.AnnotationMBeanExporter Line:433 - Registering beans for JMX exposure on startup
===2018-10-31 12:57:31.797 INFO  org.springframework.jmx.export.annotation.AnnotationMBeanExporter Line:895 - Bean with name 'dataSource' has been autodetected for JMX exposure
===2018-10-31 12:57:31.804 INFO  org.springframework.jmx.export.annotation.AnnotationMBeanExporter Line:668 - Located MBean 'dataSource': registering with JMX server as MBean [com.zaxxer.hikari:name=dataSource,type=HikariDataSource]
===2018-10-31 12:57:31.808 INFO  org.springframework.context.support.DefaultLifecycleProcessor Line:356 - Starting beans in phase 2147483647
===2018-10-31 12:57:32.137 INFO  org.springframework.boot.web.embedded.tomcat.TomcatWebServer Line:206 - Tomcat started on port(s): 8023 (http) with context path ''
===2018-10-31 12:57:32.142 INFO  com.clothing.manage.ClothingManageApplication Line:59  - Started ClothingManageApplication in 7.797 seconds (JVM running for 9.246)
===2018-10-31 12:57:39.718 INFO  com.clothing.manage.ClothingManageApplication Line:50  - Starting ClothingManageApplication on DESKTOP-SJ98RT1 with PID 86584 (D:\ccz\clothing\clothing-manage\target\classes started by z in D:\ccz\clothing\clothing-web-page)
===2018-10-31 12:57:39.720 INFO  com.clothing.manage.ClothingManageApplication Line:658 - The following profiles are active: dev
===2018-10-31 12:57:39.829 INFO  org.springframework.boot.web.servlet.context.AnnotationConfigServletWebServerApplicationContext Line:588 - Refreshing org.springframework.boot.web.servlet.context.AnnotationConfigServletWebServerApplicationContext@436bc36: startup date [Wed Oct 31 12:57:39 CST 2018]; root of context hierarchy
===2018-10-31 12:57:41.079 INFO  org.springframework.context.support.PostProcessorRegistrationDelegate$BeanPostProcessorChecker Line:326 - Bean 'org.springframework.transaction.annotation.ProxyTransactionManagementConfiguration' of type [org.springframework.transaction.annotation.ProxyTransactionManagementConfiguration$$EnhancerBySpringCGLIB$$aa49b5da] is not eligible for getting processed by all BeanPostProcessors (for example: not eligible for auto-proxying)
===2018-10-31 12:57:41.498 INFO  org.springframework.boot.web.embedded.tomcat.TomcatWebServer Line:91  - Tomcat initialized with port(s): 8023 (http)
===2018-10-31 12:57:41.694 INFO  org.springframework.web.context.ContextLoader Line:285 - Root WebApplicationContext: initialization completed in 1865 ms
===2018-10-31 12:57:41.785 INFO  org.springframework.boot.web.servlet.ServletRegistrationBean Line:187 - Servlet dispatcherServlet mapped to [/]
===2018-10-31 12:57:41.789 INFO  org.springframework.boot.web.servlet.FilterRegistrationBean Line:245 - Mapping filter: 'characterEncodingFilter' to: [/*]
===2018-10-31 12:57:41.789 INFO  org.springframework.boot.web.servlet.FilterRegistrationBean Line:245 - Mapping filter: 'hiddenHttpMethodFilter' to: [/*]
===2018-10-31 12:57:41.789 INFO  org.springframework.boot.web.servlet.FilterRegistrationBean Line:245 - Mapping filter: 'httpPutFormContentFilter' to: [/*]
===2018-10-31 12:57:41.789 INFO  org.springframework.boot.web.servlet.FilterRegistrationBean Line:245 - Mapping filter: 'requestContextFilter' to: [/*]
===2018-10-31 12:57:41.789 INFO  org.springframework.boot.web.servlet.FilterRegistrationBean Line:245 - Mapping filter: 'resourceUrlEncodingFilter' to: [/*]
===2018-10-31 12:57:42.835 INFO  org.springframework.web.servlet.mvc.method.annotation.RequestMappingHandlerMapping Line:549 - Mapped "{[/menu/getMenuListByUserId],methods=[GET]}" onto public org.springframework.http.ResponseEntity<java.util.List> com.clothing.manage.controller.MenuController.getMenuListByUserId()
===2018-10-31 12:57:42.838 INFO  org.springframework.web.servlet.mvc.method.annotation.RequestMappingHandlerMapping Line:549 - Mapped "{[/product/getProductsByPage],methods=[POST]}" onto public com.github.pagehelper.PageInfo<java.util.Map> com.clothing.manage.controller.ProductController.getProductsByPage(com.clothing.manage.model.extension.ProductExtension)
===2018-10-31 12:57:42.839 INFO  org.springframework.web.servlet.mvc.method.annotation.RequestMappingHandlerMapping Line:549 - Mapped "{[/type/getTypes],methods=[GET]}" onto public java.util.List<java.util.Map> com.clothing.manage.controller.TypeController.getTypes()
===2018-10-31 12:57:42.840 INFO  org.springframework.web.servlet.mvc.method.annotation.RequestMappingHandlerMapping Line:549 - Mapped "{[/v2/api-docs],methods=[GET],produces=[application/json || application/hal+json]}" onto public org.springframework.http.ResponseEntity<springfox.documentation.spring.web.json.Json> springfox.documentation.swagger2.web.Swagger2Controller.getDocumentation(java.lang.String,javax.servlet.http.HttpServletRequest)
===2018-10-31 12:57:42.843 INFO  org.springframework.web.servlet.mvc.method.annotation.RequestMappingHandlerMapping Line:549 - Mapped "{[/swagger-resources/configuration/security]}" onto org.springframework.http.ResponseEntity<springfox.documentation.swagger.web.SecurityConfiguration> springfox.documentation.swagger.web.ApiResourceController.securityConfiguration()
===2018-10-31 12:57:42.844 INFO  org.springframework.web.servlet.mvc.method.annotation.RequestMappingHandlerMapping Line:549 - Mapped "{[/swagger-resources]}" onto org.springframework.http.ResponseEntity<java.util.List<springfox.documentation.swagger.web.SwaggerResource>> springfox.documentation.swagger.web.ApiResourceController.swaggerResources()
===2018-10-31 12:57:42.845 INFO  org.springframework.web.servlet.mvc.method.annotation.RequestMappingHandlerMapping Line:549 - Mapped "{[/swagger-resources/configuration/ui]}" onto org.springframework.http.ResponseEntity<springfox.documentation.swagger.web.UiConfiguration> springfox.documentation.swagger.web.ApiResourceController.uiConfiguration()
===2018-10-31 12:57:42.851 INFO  org.springframework.web.servlet.mvc.method.annotation.RequestMappingHandlerMapping Line:549 - Mapped "{[/error]}" onto public org.springframework.http.ResponseEntity<java.util.Map<java.lang.String, java.lang.Object>> org.springframework.boot.autoconfigure.web.servlet.error.BasicErrorController.error(javax.servlet.http.HttpServletRequest)
===2018-10-31 12:57:42.851 INFO  org.springframework.web.servlet.mvc.method.annotation.RequestMappingHandlerMapping Line:549 - Mapped "{[/error],produces=[text/html]}" onto public org.springframework.web.servlet.ModelAndView org.springframework.boot.autoconfigure.web.servlet.error.BasicErrorController.errorHtml(javax.servlet.http.HttpServletRequest,javax.servlet.http.HttpServletResponse)
===2018-10-31 12:57:43.077 INFO  org.springframework.web.servlet.handler.SimpleUrlHandlerMapping Line:373 - Mapped URL path [/**/favicon.ico] onto handler of type [class org.springframework.web.servlet.resource.ResourceHttpRequestHandler]
===2018-10-31 12:57:43.252 INFO  org.springframework.web.servlet.mvc.method.annotation.RequestMappingHandlerAdapter Line:588 - Looking for @ControllerAdvice: org.springframework.boot.web.servlet.context.AnnotationConfigServletWebServerApplicationContext@436bc36: startup date [Wed Oct 31 12:57:39 CST 2018]; root of context hierarchy
===2018-10-31 12:57:43.311 INFO  org.springframework.web.servlet.handler.SimpleUrlHandlerMapping Line:373 - Mapped URL path [/webjars/**] onto handler of type [class org.springframework.web.servlet.resource.ResourceHttpRequestHandler]
===2018-10-31 12:57:43.311 INFO  org.springframework.web.servlet.handler.SimpleUrlHandlerMapping Line:373 - Mapped URL path [/**] onto handler of type [class org.springframework.web.servlet.resource.ResourceHttpRequestHandler]
===2018-10-31 12:57:43.758 INFO  org.springframework.jmx.export.annotation.AnnotationMBeanExporter Line:433 - Registering beans for JMX exposure on startup
===2018-10-31 12:57:43.760 INFO  org.springframework.jmx.export.annotation.AnnotationMBeanExporter Line:895 - Bean with name 'dataSource' has been autodetected for JMX exposure
===2018-10-31 12:57:43.766 INFO  org.springframework.jmx.export.annotation.AnnotationMBeanExporter Line:668 - Located MBean 'dataSource': registering with JMX server as MBean [com.zaxxer.hikari:name=dataSource,type=HikariDataSource]
===2018-10-31 12:57:43.770 INFO  org.springframework.context.support.DefaultLifecycleProcessor Line:356 - Starting beans in phase 2147483647
===2018-10-31 12:57:44.239 INFO  org.springframework.boot.web.embedded.tomcat.TomcatWebServer Line:206 - Tomcat started on port(s): 8023 (http) with context path ''
===2018-10-31 12:57:44.243 INFO  com.clothing.manage.ClothingManageApplication Line:59  - Started ClothingManageApplication in 5.057 seconds (JVM running for 6.365)
===2018-10-31 12:57:57.215 INFO  org.springframework.web.servlet.DispatcherServlet Line:494 - FrameworkServlet 'dispatcherServlet': initialization started
===2018-10-31 12:57:57.237 INFO  org.springframework.web.servlet.DispatcherServlet Line:509 - FrameworkServlet 'dispatcherServlet': initialization completed in 22 ms
===2018-10-31 12:57:57.286 INFO  com.clothing.manage.controller.ProductController Line:37  - 【商品】 分页查询商品校核，参数productExtension=ProductExtension(productName=null, productId=null, productCode=null, isPutAway=null, typeId=null, pageNum=1, pageSize=10, startTime=null, endTime=null, orderBy=null)
===2018-10-31 12:58:09.520 INFO  com.clothing.manage.controller.ProductController Line:37  - 【商品】 分页查询商品校核，参数productExtension=ProductExtension(productName=, productId=null, productCode=null, isPutAway=null, typeId=1, pageNum=1, pageSize=10, startTime=, endTime=, orderBy=null)
===2018-10-31 12:58:09.524 INFO  com.clothing.manage.controller.ProductController Line:37  - 【商品】 分页查询商品校核，参数productExtension=ProductExtension(productName=, productId=null, productCode=null, isPutAway=null, typeId=1, pageNum=1, pageSize=10, startTime=, endTime=, orderBy=null)
===2018-10-31 12:58:12.642 INFO  com.clothing.manage.controller.ProductController Line:37  - 【商品】 分页查询商品校核，参数productExtension=ProductExtension(productName=, productId=null, productCode=null, isPutAway=null, typeId=2, pageNum=1, pageSize=10, startTime=, endTime=, orderBy=null)
===2018-10-31 12:58:12.947 INFO  com.clothing.manage.controller.ProductController Line:37  - 【商品】 分页查询商品校核，参数productExtension=ProductExtension(productName=, productId=null, productCode=null, isPutAway=null, typeId=2, pageNum=1, pageSize=10, startTime=, endTime=, orderBy=null)
===2018-10-31 12:58:15.560 INFO  com.clothing.manage.controller.ProductController Line:37  - 【商品】 分页查询商品校核，参数productExtension=ProductExtension(productName=, productId=null, productCode=null, isPutAway=null, typeId=1, pageNum=1, pageSize=10, startTime=, endTime=, orderBy=null)
===2018-10-31 12:58:15.560 INFO  com.clothing.manage.controller.ProductController Line:37  - 【商品】 分页查询商品校核，参数productExtension=ProductExtension(productName=, productId=null, productCode=null, isPutAway=null, typeId=1, pageNum=1, pageSize=10, startTime=, endTime=, orderBy=null)
===2018-10-31 12:58:17.467 INFO  com.clothing.manage.controller.ProductController Line:37  - 【商品】 分页查询商品校核，参数productExtension=ProductExtension(productName=, productId=null, productCode=null, isPutAway=null, typeId=null, pageNum=1, pageSize=10, startTime=, endTime=, orderBy=null)
===2018-10-31 12:58:17.767 INFO  com.clothing.manage.controller.ProductController Line:37  - 【商品】 分页查询商品校核，参数productExtension=ProductExtension(productName=, productId=null, productCode=null, isPutAway=null, typeId=null, pageNum=1, pageSize=10, startTime=, endTime=, orderBy=null)
===2018-10-31 19:14:27.900 INFO  com.clothing.manage.controller.ProductController Line:37  - 【商品】 分页查询商品校核，参数productExtension=ProductExtension(productName=, productId=null, productCode=null, isPutAway=null, typeId=null, pageNum=1, pageSize=10, startTime=, endTime=, orderBy=null)
===2018-10-31 19:14:28.191 INFO  com.clothing.manage.controller.ProductController Line:37  - 【商品】 分页查询商品校核，参数productExtension=ProductExtension(productName=, productId=null, productCode=null, isPutAway=null, typeId=null, pageNum=1, pageSize=10, startTime=, endTime=, orderBy=null)
===2018-10-31 19:15:56.045 INFO  com.clothing.manage.controller.ProductController Line:37  - 【商品】 分页查询商品校核，参数productExtension=ProductExtension(productName=null, productId=null, productCode=null, isPutAway=null, typeId=null, pageNum=1, pageSize=10, startTime=null, endTime=null, orderBy=null)
===2018-10-31 19:16:05.104 INFO  com.clothing.manage.controller.ProductController Line:37  - 【商品】 分页查询商品校核，参数productExtension=ProductExtension(productName=null, productId=null, productCode=null, isPutAway=null, typeId=null, pageNum=1, pageSize=10, startTime=null, endTime=null, orderBy=null)
===2018-10-31 19:16:12.830 INFO  com.clothing.manage.controller.ProductController Line:37  - 【商品】 分页查询商品校核，参数productExtension=ProductExtension(productName=null, productId=null, productCode=null, isPutAway=null, typeId=null, pageNum=1, pageSize=10, startTime=null, endTime=null, orderBy=null)
===2018-10-31 19:18:45.902 INFO  com.clothing.manage.controller.ProductController Line:37  - 【商品】 分页查询商品校核，参数productExtension=ProductExtension(productName=null, productId=null, productCode=null, isPutAway=null, typeId=null, pageNum=1, pageSize=10, startTime=null, endTime=null, orderBy=null)
===2018-10-31 19:22:29.608 INFO  com.clothing.manage.controller.ProductController Line:37  - 【商品】 分页查询商品校核，参数productExtension=ProductExtension(productName=null, productId=null, productCode=null, isPutAway=null, typeId=null, pageNum=1, pageSize=10, startTime=null, endTime=null, orderBy=null)
===2018-10-31 19:23:50.190 INFO  com.clothing.manage.controller.ProductController Line:37  - 【商品】 分页查询商品校核，参数productExtension=ProductExtension(productName=null, productId=null, productCode=null, isPutAway=null, typeId=null, pageNum=1, pageSize=10, startTime=null, endTime=null, orderBy=null)
===2018-10-31 19:25:41.944 INFO  com.clothing.manage.controller.ProductController Line:37  - 【商品】 分页查询商品校核，参数productExtension=ProductExtension(productName=null, productId=null, productCode=null, isPutAway=null, typeId=null, pageNum=1, pageSize=10, startTime=null, endTime=null, orderBy=null)
===2018-10-31 19:31:16.927 INFO  com.clothing.manage.controller.ProductController Line:37  - 【商品】 分页查询商品校核，参数productExtension=ProductExtension(productName=, productId=null, productCode=null, isPutAway=null, typeId=null, pageNum=1, pageSize=10, startTime=, endTime=, orderBy=null)
===2018-10-31 19:31:16.927 INFO  com.clothing.manage.controller.ProductController Line:37  - 【商品】 分页查询商品校核，参数productExtension=ProductExtension(productName=, productId=null, productCode=null, isPutAway=null, typeId=null, pageNum=1, pageSize=10, startTime=, endTime=, orderBy=null)
===2018-10-31 19:31:23.721 INFO  com.clothing.manage.controller.ProductController Line:37  - 【商品】 分页查询商品校核，参数productExtension=ProductExtension(productName=, productId=null, productCode=null, isPutAway=null, typeId=null, pageNum=1, pageSize=10, startTime=, endTime=, orderBy=null)
===2018-10-31 19:31:23.721 INFO  com.clothing.manage.controller.ProductController Line:37  - 【商品】 分页查询商品校核，参数productExtension=ProductExtension(productName=, productId=null, productCode=null, isPutAway=null, typeId=null, pageNum=1, pageSize=10, startTime=, endTime=, orderBy=null)
===2018-10-31 19:31:25.836 INFO  com.clothing.manage.controller.ProductController Line:37  - 【商品】 分页查询商品校核，参数productExtension=ProductExtension(productName=, productId=null, productCode=null, isPutAway=null, typeId=null, pageNum=1, pageSize=10, startTime=, endTime=, orderBy=null)
===2018-10-31 19:31:26.148 INFO  com.clothing.manage.controller.ProductController Line:37  - 【商品】 分页查询商品校核，参数productExtension=ProductExtension(productName=, productId=null, productCode=null, isPutAway=null, typeId=null, pageNum=1, pageSize=10, startTime=, endTime=, orderBy=null)
===2018-10-31 19:33:13.356 INFO  com.clothing.manage.controller.ProductController Line:37  - 【商品】 分页查询商品校核，参数productExtension=ProductExtension(productName=, productId=null, productCode=null, isPutAway=null, typeId=null, pageNum=1, pageSize=10, startTime=, endTime=, orderBy=null)
===2018-10-31 19:33:13.652 INFO  com.clothing.manage.controller.ProductController Line:37  - 【商品】 分页查询商品校核，参数productExtension=ProductExtension(productName=, productId=null, productCode=null, isPutAway=null, typeId=null, pageNum=1, pageSize=10, startTime=, endTime=, orderBy=null)
===2018-10-31 19:35:22.824 INFO  com.clothing.manage.controller.ProductController Line:37  - 【商品】 分页查询商品校核，参数productExtension=ProductExtension(productName=, productId=null, productCode=null, isPutAway=null, typeId=null, pageNum=1, pageSize=10, startTime=, endTime=, orderBy=null)
===2018-10-31 19:35:23.127 INFO  com.clothing.manage.controller.ProductController Line:37  - 【商品】 分页查询商品校核，参数productExtension=ProductExtension(productName=, productId=null, productCode=null, isPutAway=null, typeId=null, pageNum=1, pageSize=10, startTime=, endTime=, orderBy=null)
===2018-10-31 19:36:05.519 INFO  com.clothing.manage.controller.ProductController Line:37  - 【商品】 分页查询商品校核，参数productExtension=ProductExtension(productName=, productId=null, productCode=null, isPutAway=null, typeId=null, pageNum=1, pageSize=10, startTime=, endTime=, orderBy=null)
===2018-10-31 19:36:05.829 INFO  com.clothing.manage.controller.ProductController Line:37  - 【商品】 分页查询商品校核，参数productExtension=ProductExtension(productName=, productId=null, productCode=null, isPutAway=null, typeId=null, pageNum=1, pageSize=10, startTime=, endTime=, orderBy=null)
===2018-10-31 19:37:16.881 INFO  com.clothing.manage.controller.ProductController Line:37  - 【商品】 分页查询商品校核，参数productExtension=ProductExtension(productName=, productId=null, productCode=null, isPutAway=null, typeId=null, pageNum=1, pageSize=10, startTime=, endTime=, orderBy=null)
===2018-10-31 19:37:16.881 INFO  com.clothing.manage.controller.ProductController Line:37  - 【商品】 分页查询商品校核，参数productExtension=ProductExtension(productName=, productId=null, productCode=null, isPutAway=null, typeId=null, pageNum=1, pageSize=10, startTime=, endTime=, orderBy=null)
===2018-10-31 19:37:23.412 INFO  com.clothing.manage.controller.ProductController Line:37  - 【商品】 分页查询商品校核，参数productExtension=ProductExtension(productName=, productId=null, productCode=null, isPutAway=null, typeId=null, pageNum=1, pageSize=10, startTime=, endTime=, orderBy=null)
===2018-10-31 19:37:23.676 INFO  com.clothing.manage.controller.ProductController Line:37  - 【商品】 分页查询商品校核，参数productExtension=ProductExtension(productName=, productId=null, productCode=null, isPutAway=null, typeId=null, pageNum=1, pageSize=10, startTime=, endTime=, orderBy=null)
===2018-10-31 19:37:42.420 INFO  com.clothing.manage.controller.ProductController Line:37  - 【商品】 分页查询商品校核，参数productExtension=ProductExtension(productName=, productId=null, productCode=null, isPutAway=null, typeId=null, pageNum=1, pageSize=10, startTime=, endTime=, orderBy=null)
===2018-10-31 19:37:42.722 INFO  com.clothing.manage.controller.ProductController Line:37  - 【商品】 分页查询商品校核，参数productExtension=ProductExtension(productName=, productId=null, productCode=null, isPutAway=null, typeId=null, pageNum=1, pageSize=10, startTime=, endTime=, orderBy=null)
===2018-10-31 19:40:21.456 INFO  com.clothing.manage.controller.ProductController Line:37  - 【商品】 分页查询商品校核，参数productExtension=ProductExtension(productName=, productId=null, productCode=null, isPutAway=null, typeId=null, pageNum=1, pageSize=10, startTime=, endTime=, orderBy=null)
===2018-10-31 19:40:21.634 INFO  com.clothing.manage.controller.ProductController Line:37  - 【商品】 分页查询商品校核，参数productExtension=ProductExtension(productName=, productId=null, productCode=null, isPutAway=null, typeId=null, pageNum=1, pageSize=10, startTime=, endTime=, orderBy=null)
===2018-10-31 19:41:06.775 INFO  com.clothing.manage.controller.ProductController Line:37  - 【商品】 分页查询商品校核，参数productExtension=ProductExtension(productName=, productId=null, productCode=null, isPutAway=null, typeId=null, pageNum=1, pageSize=10, startTime=, endTime=, orderBy=null)
===2018-10-31 19:41:07.072 INFO  com.clothing.manage.controller.ProductController Line:37  - 【商品】 分页查询商品校核，参数productExtension=ProductExtension(productName=, productId=null, productCode=null, isPutAway=null, typeId=null, pageNum=1, pageSize=10, startTime=, endTime=, orderBy=null)
===2018-10-31 19:42:48.740 INFO  com.clothing.manage.controller.ProductController Line:37  - 【商品】 分页查询商品校核，参数productExtension=ProductExtension(productName=, productId=null, productCode=null, isPutAway=null, typeId=null, pageNum=1, pageSize=10, startTime=, endTime=, orderBy=null)
===2018-10-31 19:42:49.043 INFO  com.clothing.manage.controller.ProductController Line:37  - 【商品】 分页查询商品校核，参数productExtension=ProductExtension(productName=, productId=null, productCode=null, isPutAway=null, typeId=null, pageNum=1, pageSize=10, startTime=, endTime=, orderBy=null)
===2018-10-31 19:43:18.645 INFO  com.clothing.manage.controller.ProductController Line:37  - 【商品】 分页查询商品校核，参数productExtension=ProductExtension(productName=, productId=null, productCode=null, isPutAway=null, typeId=null, pageNum=1, pageSize=10, startTime=, endTime=, orderBy=null)
===2018-10-31 19:44:11.700 INFO  com.clothing.manage.controller.ProductController Line:37  - 【商品】 分页查询商品校核，参数productExtension=ProductExtension(productName=, productId=null, productCode=null, isPutAway=null, typeId=null, pageNum=1, pageSize=10, startTime=, endTime=, orderBy=null)
===2018-10-31 19:44:11.700 INFO  com.clothing.manage.controller.ProductController Line:37  - 【商品】 分页查询商品校核，参数productExtension=ProductExtension(productName=, productId=null, productCode=null, isPutAway=null, typeId=null, pageNum=1, pageSize=10, startTime=, endTime=, orderBy=null)
===2018-10-31 19:45:18.416 INFO  com.clothing.manage.controller.ProductController Line:37  - 【商品】 分页查询商品校核，参数productExtension=ProductExtension(productName=, productId=null, productCode=null, isPutAway=null, typeId=null, pageNum=1, pageSize=10, startTime=, endTime=, orderBy=null)
===2018-10-31 19:45:18.417 INFO  com.clothing.manage.controller.ProductController Line:37  - 【商品】 分页查询商品校核，参数productExtension=ProductExtension(productName=, productId=null, productCode=null, isPutAway=null, typeId=null, pageNum=1, pageSize=10, startTime=, endTime=, orderBy=null)
===2018-10-31 19:46:14.612 INFO  com.clothing.manage.controller.ProductController Line:37  - 【商品】 分页查询商品校核，参数productExtension=ProductExtension(productName=, productId=null, productCode=null, isPutAway=null, typeId=null, pageNum=1, pageSize=10, startTime=, endTime=, orderBy=null)
===2018-10-31 19:46:14.887 INFO  com.clothing.manage.controller.ProductController Line:37  - 【商品】 分页查询商品校核，参数productExtension=ProductExtension(productName=, productId=null, productCode=null, isPutAway=null, typeId=null, pageNum=1, pageSize=10, startTime=, endTime=, orderBy=null)
===2018-10-31 19:47:24.231 INFO  com.clothing.manage.controller.ProductController Line:37  - 【商品】 分页查询商品校核，参数productExtension=ProductExtension(productName=, productId=null, productCode=null, isPutAway=null, typeId=null, pageNum=1, pageSize=10, startTime=, endTime=, orderBy=null)
===2018-10-31 19:47:24.231 INFO  com.clothing.manage.controller.ProductController Line:37  - 【商品】 分页查询商品校核，参数productExtension=ProductExtension(productName=, productId=null, productCode=null, isPutAway=null, typeId=null, pageNum=1, pageSize=10, startTime=, endTime=, orderBy=null)
===2018-10-31 19:47:55.807 INFO  com.clothing.manage.controller.ProductController Line:37  - 【商品】 分页查询商品校核，参数productExtension=ProductExtension(productName=, productId=null, productCode=null, isPutAway=null, typeId=null, pageNum=1, pageSize=10, startTime=, endTime=, orderBy=null)
===2018-10-31 19:47:56.109 INFO  com.clothing.manage.controller.ProductController Line:37  - 【商品】 分页查询商品校核，参数productExtension=ProductExtension(productName=, productId=null, productCode=null, isPutAway=null, typeId=null, pageNum=1, pageSize=10, startTime=, endTime=, orderBy=null)
===2018-10-31 19:48:31.080 INFO  com.clothing.manage.controller.ProductController Line:37  - 【商品】 分页查询商品校核，参数productExtension=ProductExtension(productName=, productId=null, productCode=null, isPutAway=null, typeId=null, pageNum=1, pageSize=10, startTime=, endTime=, orderBy=null)
===2018-10-31 19:48:31.080 INFO  com.clothing.manage.controller.ProductController Line:37  - 【商品】 分页查询商品校核，参数productExtension=ProductExtension(productName=, productId=null, productCode=null, isPutAway=null, typeId=null, pageNum=1, pageSize=10, startTime=, endTime=, orderBy=null)
===2018-10-31 20:51:51.223 INFO  com.clothing.manage.controller.ProductController Line:37  - 【商品】 分页查询商品校核，参数productExtension=ProductExtension(productName=, productId=null, productCode=null, isPutAway=null, typeId=null, pageNum=1, pageSize=10, startTime=, endTime=, orderBy=null)
===2018-10-31 20:51:51.515 INFO  com.clothing.manage.controller.ProductController Line:37  - 【商品】 分页查询商品校核，参数productExtension=ProductExtension(productName=, productId=null, productCode=null, isPutAway=null, typeId=null, pageNum=1, pageSize=10, startTime=, endTime=, orderBy=null)
===2018-10-31 20:52:09.920 INFO  com.clothing.manage.ClothingManageApplication Line:50  - Starting ClothingManageApplication on DESKTOP-SJ98RT1 with PID 65800 (D:\ccz\clothing\clothing-manage\target\classes started by z in D:\ccz\clothing\clothing-web-page)
===2018-10-31 20:52:09.922 INFO  com.clothing.manage.ClothingManageApplication Line:658 - The following profiles are active: dev
===2018-10-31 20:52:10.085 INFO  org.springframework.boot.web.servlet.context.AnnotationConfigServletWebServerApplicationContext Line:588 - Refreshing org.springframework.boot.web.servlet.context.AnnotationConfigServletWebServerApplicationContext@1b73be9f: startup date [Wed Oct 31 20:52:10 CST 2018]; root of context hierarchy
===2018-10-31 20:52:11.649 INFO  org.springframework.context.support.PostProcessorRegistrationDelegate$BeanPostProcessorChecker Line:326 - Bean 'org.springframework.transaction.annotation.ProxyTransactionManagementConfiguration' of type [org.springframework.transaction.annotation.ProxyTransactionManagementConfiguration$$EnhancerBySpringCGLIB$$d21b84ed] is not eligible for getting processed by all BeanPostProcessors (for example: not eligible for auto-proxying)
===2018-10-31 20:52:12.201 INFO  org.springframework.boot.web.embedded.tomcat.TomcatWebServer Line:91  - Tomcat initialized with port(s): 8023 (http)
===2018-10-31 20:52:12.374 INFO  org.springframework.web.context.ContextLoader Line:285 - Root WebApplicationContext: initialization completed in 2290 ms
===2018-10-31 20:52:12.480 INFO  org.springframework.boot.web.servlet.ServletRegistrationBean Line:187 - Servlet dispatcherServlet mapped to [/]
===2018-10-31 20:52:12.484 INFO  org.springframework.boot.web.servlet.FilterRegistrationBean Line:245 - Mapping filter: 'characterEncodingFilter' to: [/*]
===2018-10-31 20:52:12.485 INFO  org.springframework.boot.web.servlet.FilterRegistrationBean Line:245 - Mapping filter: 'hiddenHttpMethodFilter' to: [/*]
===2018-10-31 20:52:12.485 INFO  org.springframework.boot.web.servlet.FilterRegistrationBean Line:245 - Mapping filter: 'httpPutFormContentFilter' to: [/*]
===2018-10-31 20:52:12.485 INFO  org.springframework.boot.web.servlet.FilterRegistrationBean Line:245 - Mapping filter: 'requestContextFilter' to: [/*]
===2018-10-31 20:52:12.485 INFO  org.springframework.boot.web.servlet.FilterRegistrationBean Line:245 - Mapping filter: 'resourceUrlEncodingFilter' to: [/*]
===2018-10-31 20:52:13.728 INFO  org.springframework.web.servlet.mvc.method.annotation.RequestMappingHandlerMapping Line:549 - Mapped "{[/menu/getMenuListByUserId],methods=[GET]}" onto public org.springframework.http.ResponseEntity<java.util.List> com.clothing.manage.controller.MenuController.getMenuListByUserId()
===2018-10-31 20:52:13.732 INFO  org.springframework.web.servlet.mvc.method.annotation.RequestMappingHandlerMapping Line:549 - Mapped "{[/product/getProductsByPage],methods=[POST]}" onto public com.github.pagehelper.PageInfo<java.util.Map> com.clothing.manage.controller.ProductController.getProductsByPage(com.clothing.manage.model.extension.ProductExtension)
===2018-10-31 20:52:13.732 INFO  org.springframework.web.servlet.mvc.method.annotation.RequestMappingHandlerMapping Line:549 - Mapped "{[/standardColor/getStandardColors],methods=[GET]}" onto public java.util.List<java.util.Map> com.clothing.manage.controller.StandardColorController.getStandardColors()
===2018-10-31 20:52:13.733 INFO  org.springframework.web.servlet.mvc.method.annotation.RequestMappingHandlerMapping Line:549 - Mapped "{[/standardSize/getStandardSizes],methods=[GET]}" onto public java.util.List<java.util.Map> com.clothing.manage.controller.StandardSizeController.getStandardSizes()
===2018-10-31 20:52:13.734 INFO  org.springframework.web.servlet.mvc.method.annotation.RequestMappingHandlerMapping Line:549 - Mapped "{[/type/getTypes],methods=[GET]}" onto public java.util.List<java.util.Map> com.clothing.manage.controller.TypeController.getTypes()
===2018-10-31 20:52:13.736 INFO  org.springframework.web.servlet.mvc.method.annotation.RequestMappingHandlerMapping Line:549 - Mapped "{[/v2/api-docs],methods=[GET],produces=[application/json || application/hal+json]}" onto public org.springframework.http.ResponseEntity<springfox.documentation.spring.web.json.Json> springfox.documentation.swagger2.web.Swagger2Controller.getDocumentation(java.lang.String,javax.servlet.http.HttpServletRequest)
===2018-10-31 20:52:13.739 INFO  org.springframework.web.servlet.mvc.method.annotation.RequestMappingHandlerMapping Line:549 - Mapped "{[/swagger-resources]}" onto org.springframework.http.ResponseEntity<java.util.List<springfox.documentation.swagger.web.SwaggerResource>> springfox.documentation.swagger.web.ApiResourceController.swaggerResources()
===2018-10-31 20:52:13.740 INFO  org.springframework.web.servlet.mvc.method.annotation.RequestMappingHandlerMapping Line:549 - Mapped "{[/swagger-resources/configuration/ui]}" onto org.springframework.http.ResponseEntity<springfox.documentation.swagger.web.UiConfiguration> springfox.documentation.swagger.web.ApiResourceController.uiConfiguration()
===2018-10-31 20:52:13.740 INFO  org.springframework.web.servlet.mvc.method.annotation.RequestMappingHandlerMapping Line:549 - Mapped "{[/swagger-resources/configuration/security]}" onto org.springframework.http.ResponseEntity<springfox.documentation.swagger.web.SecurityConfiguration> springfox.documentation.swagger.web.ApiResourceController.securityConfiguration()
===2018-10-31 20:52:13.749 INFO  org.springframework.web.servlet.mvc.method.annotation.RequestMappingHandlerMapping Line:549 - Mapped "{[/error]}" onto public org.springframework.http.ResponseEntity<java.util.Map<java.lang.String, java.lang.Object>> org.springframework.boot.autoconfigure.web.servlet.error.BasicErrorController.error(javax.servlet.http.HttpServletRequest)
===2018-10-31 20:52:13.749 INFO  org.springframework.web.servlet.mvc.method.annotation.RequestMappingHandlerMapping Line:549 - Mapped "{[/error],produces=[text/html]}" onto public org.springframework.web.servlet.ModelAndView org.springframework.boot.autoconfigure.web.servlet.error.BasicErrorController.errorHtml(javax.servlet.http.HttpServletRequest,javax.servlet.http.HttpServletResponse)
===2018-10-31 20:52:13.987 INFO  org.springframework.web.servlet.handler.SimpleUrlHandlerMapping Line:373 - Mapped URL path [/**/favicon.ico] onto handler of type [class org.springframework.web.servlet.resource.ResourceHttpRequestHandler]
===2018-10-31 20:52:14.167 INFO  org.springframework.web.servlet.mvc.method.annotation.RequestMappingHandlerAdapter Line:588 - Looking for @ControllerAdvice: org.springframework.boot.web.servlet.context.AnnotationConfigServletWebServerApplicationContext@1b73be9f: startup date [Wed Oct 31 20:52:10 CST 2018]; root of context hierarchy
===2018-10-31 20:52:14.230 INFO  org.springframework.web.servlet.handler.SimpleUrlHandlerMapping Line:373 - Mapped URL path [/webjars/**] onto handler of type [class org.springframework.web.servlet.resource.ResourceHttpRequestHandler]
===2018-10-31 20:52:14.230 INFO  org.springframework.web.servlet.handler.SimpleUrlHandlerMapping Line:373 - Mapped URL path [/**] onto handler of type [class org.springframework.web.servlet.resource.ResourceHttpRequestHandler]
===2018-10-31 20:52:14.702 INFO  org.springframework.jmx.export.annotation.AnnotationMBeanExporter Line:433 - Registering beans for JMX exposure on startup
===2018-10-31 20:52:14.704 INFO  org.springframework.jmx.export.annotation.AnnotationMBeanExporter Line:895 - Bean with name 'dataSource' has been autodetected for JMX exposure
===2018-10-31 20:52:14.711 INFO  org.springframework.jmx.export.annotation.AnnotationMBeanExporter Line:668 - Located MBean 'dataSource': registering with JMX server as MBean [com.zaxxer.hikari:name=dataSource,type=HikariDataSource]
===2018-10-31 20:52:14.716 INFO  org.springframework.context.support.DefaultLifecycleProcessor Line:356 - Starting beans in phase 2147483647
===2018-10-31 20:52:15.016 INFO  org.springframework.boot.web.embedded.tomcat.TomcatWebServer Line:206 - Tomcat started on port(s): 8023 (http) with context path ''
===2018-10-31 20:52:15.020 INFO  com.clothing.manage.ClothingManageApplication Line:59  - Started ClothingManageApplication in 6.075 seconds (JVM running for 7.551)
===2018-10-31 20:52:22.173 INFO  org.springframework.web.servlet.DispatcherServlet Line:494 - FrameworkServlet 'dispatcherServlet': initialization started
===2018-10-31 20:52:22.196 INFO  org.springframework.web.servlet.DispatcherServlet Line:509 - FrameworkServlet 'dispatcherServlet': initialization completed in 23 ms
===2018-10-31 20:54:21.373 INFO  com.clothing.manage.controller.ProductController Line:37  - 【商品】 分页查询商品校核，参数productExtension=ProductExtension(productName=, productId=null, productCode=null, isPutAway=null, typeId=null, pageNum=1, pageSize=10, startTime=, endTime=, orderBy=null)
===2018-10-31 20:54:21.373 INFO  com.clothing.manage.controller.ProductController Line:37  - 【商品】 分页查询商品校核，参数productExtension=ProductExtension(productName=, productId=null, productCode=null, isPutAway=null, typeId=null, pageNum=1, pageSize=10, startTime=, endTime=, orderBy=null)
===2018-10-31 20:55:49.092 INFO  com.clothing.manage.controller.ProductController Line:37  - 【商品】 分页查询商品校核，参数productExtension=ProductExtension(productName=, productId=null, productCode=null, isPutAway=null, typeId=null, pageNum=1, pageSize=10, startTime=, endTime=, orderBy=null)
===2018-10-31 20:55:49.392 INFO  com.clothing.manage.controller.ProductController Line:37  - 【商品】 分页查询商品校核，参数productExtension=ProductExtension(productName=, productId=null, productCode=null, isPutAway=null, typeId=null, pageNum=1, pageSize=10, startTime=, endTime=, orderBy=null)
===2018-10-31 20:55:59.713 INFO  com.clothing.manage.controller.ProductController Line:37  - 【商品】 分页查询商品校核，参数productExtension=ProductExtension(productName=, productId=null, productCode=null, isPutAway=null, typeId=null, pageNum=1, pageSize=10, startTime=, endTime=, orderBy=null)
===2018-10-31 20:55:59.713 INFO  com.clothing.manage.controller.ProductController Line:37  - 【商品】 分页查询商品校核，参数productExtension=ProductExtension(productName=, productId=null, productCode=null, isPutAway=null, typeId=null, pageNum=1, pageSize=10, startTime=, endTime=, orderBy=null)
===2018-10-31 20:56:29.043 INFO  com.clothing.manage.controller.ProductController Line:37  - 【商品】 分页查询商品校核，参数productExtension=ProductExtension(productName=, productId=null, productCode=null, isPutAway=null, typeId=null, pageNum=1, pageSize=10, startTime=, endTime=, orderBy=null)
===2018-10-31 20:56:29.043 INFO  com.clothing.manage.controller.ProductController Line:37  - 【商品】 分页查询商品校核，参数productExtension=ProductExtension(productName=, productId=null, productCode=null, isPutAway=null, typeId=null, pageNum=1, pageSize=10, startTime=, endTime=, orderBy=null)
===2018-10-31 20:57:10.400 INFO  com.clothing.manage.controller.ProductController Line:37  - 【商品】 分页查询商品校核，参数productExtension=ProductExtension(productName=, productId=null, productCode=null, isPutAway=null, typeId=null, pageNum=1, pageSize=10, startTime=, endTime=, orderBy=null)
===2018-10-31 20:57:10.701 INFO  com.clothing.manage.controller.ProductController Line:37  - 【商品】 分页查询商品校核，参数productExtension=ProductExtension(productName=, productId=null, productCode=null, isPutAway=null, typeId=null, pageNum=1, pageSize=10, startTime=, endTime=, orderBy=null)
===2018-10-31 21:00:04.337 INFO  com.clothing.manage.controller.ProductController Line:37  - 【商品】 分页查询商品校核，参数productExtension=ProductExtension(productName=, productId=null, productCode=null, isPutAway=null, typeId=null, pageNum=1, pageSize=10, startTime=, endTime=, orderBy=null)
===2018-10-31 21:00:04.337 INFO  com.clothing.manage.controller.ProductController Line:37  - 【商品】 分页查询商品校核，参数productExtension=ProductExtension(productName=, productId=null, productCode=null, isPutAway=null, typeId=null, pageNum=1, pageSize=10, startTime=, endTime=, orderBy=null)
===2018-10-31 21:05:16.830 INFO  com.clothing.manage.controller.ProductController Line:37  - 【商品】 分页查询商品校核，参数productExtension=ProductExtension(productName=, productId=null, productCode=null, isPutAway=null, typeId=null, pageNum=1, pageSize=10, startTime=, endTime=, orderBy=null)
===2018-10-31 21:05:16.830 INFO  com.clothing.manage.controller.ProductController Line:37  - 【商品】 分页查询商品校核，参数productExtension=ProductExtension(productName=, productId=null, productCode=null, isPutAway=null, typeId=null, pageNum=1, pageSize=10, startTime=, endTime=, orderBy=null)
===2018-10-31 21:05:52.472 INFO  com.clothing.manage.controller.ProductController Line:37  - 【商品】 分页查询商品校核，参数productExtension=ProductExtension(productName=, productId=null, productCode=null, isPutAway=null, typeId=null, pageNum=1, pageSize=10, startTime=, endTime=, orderBy=null)
===2018-10-31 21:05:52.776 INFO  com.clothing.manage.controller.ProductController Line:37  - 【商品】 分页查询商品校核，参数productExtension=ProductExtension(productName=, productId=null, productCode=null, isPutAway=null, typeId=null, pageNum=1, pageSize=10, startTime=, endTime=, orderBy=null)
