===2018-10-07 13:50:36.483 INFO  com.clothing.web.ClothingWebApplication Line:50  - Starting ClothingWebApplication on DESKTOP-SJ98RT1 with PID 58604 (D:\ccz\clothing\clothing-web\target\classes started by z in D:\ccz\clothing\clothing-web-page)
===2018-10-07 13:50:36.485 INFO  com.clothing.web.ClothingWebApplication Line:684 - The following profiles are active: dev
===2018-10-07 13:50:36.589 INFO  org.springframework.boot.web.servlet.context.AnnotationConfigServletWebServerApplicationContext Line:590 - Refreshing org.springframework.boot.web.servlet.context.AnnotationConfigServletWebServerApplicationContext@59252cb6: startup date [Sun Oct 07 13:50:36 CST 2018]; root of context hierarchy
===2018-10-07 13:50:39.799 INFO  org.springframework.boot.web.embedded.tomcat.TomcatWebServer Line:91  - Tomcat initialized with port(s): 8013 (http)
===2018-10-07 13:50:40.200 INFO  org.springframework.web.context.ContextLoader Line:285 - Root WebApplicationContext: initialization completed in 3611 ms
===2018-10-07 13:50:40.331 INFO  org.springframework.boot.web.servlet.ServletRegistrationBean Line:187 - Servlet dispatcherServlet mapped to [/]
===2018-10-07 13:50:40.336 INFO  org.springframework.boot.web.servlet.FilterRegistrationBean Line:245 - Mapping filter: 'characterEncodingFilter' to: [/*]
===2018-10-07 13:50:40.336 INFO  org.springframework.boot.web.servlet.FilterRegistrationBean Line:245 - Mapping filter: 'hiddenHttpMethodFilter' to: [/*]
===2018-10-07 13:50:40.336 INFO  org.springframework.boot.web.servlet.FilterRegistrationBean Line:245 - Mapping filter: 'httpPutFormContentFilter' to: [/*]
===2018-10-07 13:50:40.336 INFO  org.springframework.boot.web.servlet.FilterRegistrationBean Line:245 - Mapping filter: 'requestContextFilter' to: [/*]
===2018-10-07 13:50:40.337 INFO  org.springframework.boot.web.servlet.FilterRegistrationBean Line:245 - Mapping filter: 'resourceUrlEncodingFilter' to: [/*]
===2018-10-07 13:50:41.339 INFO  org.springframework.web.servlet.handler.SimpleUrlHandlerMapping Line:373 - Mapped URL path [/**/favicon.ico] onto handler of type [class org.springframework.web.servlet.resource.ResourceHttpRequestHandler]
===2018-10-07 13:50:41.686 INFO  org.springframework.web.servlet.mvc.method.annotation.RequestMappingHandlerAdapter Line:588 - Looking for @ControllerAdvice: org.springframework.boot.web.servlet.context.AnnotationConfigServletWebServerApplicationContext@59252cb6: startup date [Sun Oct 07 13:50:36 CST 2018]; root of context hierarchy
===2018-10-07 13:50:41.751 INFO  org.springframework.web.servlet.mvc.method.annotation.RequestMappingHandlerMapping Line:549 - Mapped "{[/banner/getBanners],methods=[POST]}" onto public org.springframework.http.ResponseEntity com.clothing.web.controller.BannerController.getBanners(java.lang.String)
===2018-10-07 13:50:41.753 INFO  org.springframework.web.servlet.mvc.method.annotation.RequestMappingHandlerMapping Line:549 - Mapped "{[/cartProduct/modifyCartProductById],methods=[POST]}" onto public org.springframework.http.ResponseEntity com.clothing.web.controller.CartProductController.modifyCartProductById(java.lang.Integer,java.lang.Integer)
===2018-10-07 13:50:41.753 INFO  org.springframework.web.servlet.mvc.method.annotation.RequestMappingHandlerMapping Line:549 - Mapped "{[/cartProduct/delCartProductById],methods=[POST]}" onto public org.springframework.http.ResponseEntity com.clothing.web.controller.CartProductController.delCartProductById(java.lang.Integer)
===2018-10-07 13:50:41.754 INFO  org.springframework.web.servlet.mvc.method.annotation.RequestMappingHandlerMapping Line:549 - Mapped "{[/cartProduct/getCartProductByMid],methods=[GET]}" onto public org.springframework.http.ResponseEntity com.clothing.web.controller.CartProductController.getCartProductByMid(java.lang.Integer,java.lang.Integer,java.lang.Integer)
===2018-10-07 13:50:41.754 INFO  org.springframework.web.servlet.mvc.method.annotation.RequestMappingHandlerMapping Line:549 - Mapped "{[/cartProduct/addCartProduct],methods=[POST]}" onto public org.springframework.http.ResponseEntity com.clothing.web.controller.CartProductController.addCartProduct(com.clothing.web.model.CartProduct)
===2018-10-07 13:50:41.755 INFO  org.springframework.web.servlet.mvc.method.annotation.RequestMappingHandlerMapping Line:549 - Mapped "{[/product/getProductPage],methods=[POST]}" onto public org.springframework.http.ResponseEntity com.clothing.web.controller.ProductController.getProductPage(java.lang.Integer,java.lang.Integer)
===2018-10-07 13:50:41.755 INFO  org.springframework.web.servlet.mvc.method.annotation.RequestMappingHandlerMapping Line:549 - Mapped "{[/productImg/getProductPage],methods=[GET]}" onto public org.springframework.http.ResponseEntity com.clothing.web.controller.ProductImgController.getProductPage(java.lang.Integer)
===2018-10-07 13:50:41.756 INFO  org.springframework.web.servlet.mvc.method.annotation.RequestMappingHandlerMapping Line:549 - Mapped "{[/productStandard/getProductStandardById],methods=[GET]}" onto public org.springframework.http.ResponseEntity com.clothing.web.controller.ProductStandardController.getProductStandardById(java.lang.Integer)
===2018-10-07 13:50:41.760 INFO  org.springframework.web.servlet.mvc.method.annotation.RequestMappingHandlerMapping Line:549 - Mapped "{[/error]}" onto public org.springframework.http.ResponseEntity<java.util.Map<java.lang.String, java.lang.Object>> org.springframework.boot.autoconfigure.web.servlet.error.BasicErrorController.error(javax.servlet.http.HttpServletRequest)
===2018-10-07 13:50:41.761 INFO  org.springframework.web.servlet.mvc.method.annotation.RequestMappingHandlerMapping Line:549 - Mapped "{[/error],produces=[text/html]}" onto public org.springframework.web.servlet.ModelAndView org.springframework.boot.autoconfigure.web.servlet.error.BasicErrorController.errorHtml(javax.servlet.http.HttpServletRequest,javax.servlet.http.HttpServletResponse)
===2018-10-07 13:50:41.803 INFO  org.springframework.web.servlet.handler.SimpleUrlHandlerMapping Line:373 - Mapped URL path [/webjars/**] onto handler of type [class org.springframework.web.servlet.resource.ResourceHttpRequestHandler]
===2018-10-07 13:50:41.803 INFO  org.springframework.web.servlet.handler.SimpleUrlHandlerMapping Line:373 - Mapped URL path [/**] onto handler of type [class org.springframework.web.servlet.resource.ResourceHttpRequestHandler]
===2018-10-07 13:50:42.245 INFO  org.springframework.jmx.export.annotation.AnnotationMBeanExporter Line:433 - Registering beans for JMX exposure on startup
===2018-10-07 13:50:42.247 INFO  org.springframework.jmx.export.annotation.AnnotationMBeanExporter Line:895 - Bean with name 'dataSource' has been autodetected for JMX exposure
===2018-10-07 13:50:42.253 INFO  org.springframework.jmx.export.annotation.AnnotationMBeanExporter Line:668 - Located MBean 'dataSource': registering with JMX server as MBean [com.zaxxer.hikari:name=dataSource,type=HikariDataSource]
===2018-10-07 13:50:42.305 INFO  org.springframework.boot.web.embedded.tomcat.TomcatWebServer Line:206 - Tomcat started on port(s): 8013 (http) with context path ''
===2018-10-07 13:50:42.309 INFO  com.clothing.web.ClothingWebApplication Line:59  - Started ClothingWebApplication in 6.752 seconds (JVM running for 8.918)
===2018-10-07 13:50:45.823 INFO  org.springframework.web.servlet.DispatcherServlet Line:494 - FrameworkServlet 'dispatcherServlet': initialization started
===2018-10-07 13:50:45.863 INFO  org.springframework.web.servlet.DispatcherServlet Line:509 - FrameworkServlet 'dispatcherServlet': initialization completed in 40 ms
===2018-10-07 13:50:45.918 INFO  com.clothing.web.controller.ProductController Line:36  - 【标题】 参数groupKey=GROUP_HOME
===2018-10-07 13:50:46.045 INFO  com.clothing.web.controller.CartProductController Line:47  - 【购物车】  参数memberId=1,pageNum=1,pageSize=10
===2018-10-07 13:50:46.045 INFO  com.clothing.web.controller.ProductController Line:41  - 【商品】 分页参数pageSize=10,pageNum=1
===2018-10-07 13:50:46.227 INFO  com.clothing.web.controller.ProductController Line:44  - 【商品】 返回接口pageInfo=PageInfo{pageNum=1, pageSize=10, size=4, startRow=1, endRow=4, total=4, pages=1, list=Page{count=true, pageNum=1, pageSize=10, startRow=0, endRow=10, total=4, pages=1, reasonable=true, pageSizeZero=false}, prePage=0, nextPage=0, isFirstPage=true, isLastPage=true, hasPreviousPage=false, hasNextPage=false, navigatePages=8, navigateFirstPage=1, navigateLastPage=1, navigatepageNums=[1]}
===2018-10-07 13:54:02.193 INFO  com.clothing.web.controller.ProductController Line:36  - 【标题】 参数groupKey=GROUP_HOME
===2018-10-07 13:54:02.214 INFO  com.clothing.web.controller.ProductController Line:41  - 【商品】 分页参数pageSize=10,pageNum=1
===2018-10-07 13:54:02.245 INFO  com.clothing.web.controller.ProductController Line:44  - 【商品】 返回接口pageInfo=PageInfo{pageNum=1, pageSize=10, size=4, startRow=1, endRow=4, total=4, pages=1, list=Page{count=true, pageNum=1, pageSize=10, startRow=0, endRow=10, total=4, pages=1, reasonable=true, pageSizeZero=false}, prePage=0, nextPage=0, isFirstPage=true, isLastPage=true, hasPreviousPage=false, hasNextPage=false, navigatePages=8, navigateFirstPage=1, navigateLastPage=1, navigatepageNums=[1]}
===2018-10-07 13:54:02.497 INFO  com.clothing.web.controller.CartProductController Line:47  - 【购物车】  参数memberId=1,pageNum=1,pageSize=10
===2018-10-07 13:54:02.525 INFO  com.clothing.web.controller.ProductController Line:36  - 【标题】 参数groupKey=GROUP_HOME
===2018-10-07 13:54:02.827 INFO  com.clothing.web.controller.ProductController Line:41  - 【商品】 分页参数pageSize=10,pageNum=1
===2018-10-07 13:54:02.828 INFO  com.clothing.web.controller.CartProductController Line:47  - 【购物车】  参数memberId=1,pageNum=1,pageSize=10
===2018-10-07 13:54:02.836 INFO  com.clothing.web.controller.ProductController Line:44  - 【商品】 返回接口pageInfo=PageInfo{pageNum=1, pageSize=10, size=4, startRow=1, endRow=4, total=4, pages=1, list=Page{count=true, pageNum=1, pageSize=10, startRow=0, endRow=10, total=4, pages=1, reasonable=true, pageSizeZero=false}, prePage=0, nextPage=0, isFirstPage=true, isLastPage=true, hasPreviousPage=false, hasNextPage=false, navigatePages=8, navigateFirstPage=1, navigateLastPage=1, navigatepageNums=[1]}
===2018-10-07 13:54:32.138 INFO  com.clothing.web.controller.ProductController Line:36  - 【标题】 参数groupKey=GROUP_HOME
===2018-10-07 13:54:32.371 INFO  com.clothing.web.controller.ProductController Line:41  - 【商品】 分页参数pageSize=10,pageNum=1
===2018-10-07 13:54:32.381 INFO  com.clothing.web.controller.ProductController Line:44  - 【商品】 返回接口pageInfo=PageInfo{pageNum=1, pageSize=10, size=4, startRow=1, endRow=4, total=4, pages=1, list=Page{count=true, pageNum=1, pageSize=10, startRow=0, endRow=10, total=4, pages=1, reasonable=true, pageSizeZero=false}, prePage=0, nextPage=0, isFirstPage=true, isLastPage=true, hasPreviousPage=false, hasNextPage=false, navigatePages=8, navigateFirstPage=1, navigateLastPage=1, navigatepageNums=[1]}
===2018-10-07 13:54:32.439 INFO  com.clothing.web.controller.CartProductController Line:47  - 【购物车】  参数memberId=1,pageNum=1,pageSize=10
===2018-10-07 14:01:51.981 INFO  com.clothing.web.controller.ProductController Line:36  - 【标题】 参数groupKey=GROUP_HOME
===2018-10-07 14:01:52.204 INFO  com.clothing.web.controller.ProductController Line:41  - 【商品】 分页参数pageSize=10,pageNum=1
===2018-10-07 14:01:52.212 INFO  com.clothing.web.controller.ProductController Line:44  - 【商品】 返回接口pageInfo=PageInfo{pageNum=1, pageSize=10, size=4, startRow=1, endRow=4, total=4, pages=1, list=Page{count=true, pageNum=1, pageSize=10, startRow=0, endRow=10, total=4, pages=1, reasonable=true, pageSizeZero=false}, prePage=0, nextPage=0, isFirstPage=true, isLastPage=true, hasPreviousPage=false, hasNextPage=false, navigatePages=8, navigateFirstPage=1, navigateLastPage=1, navigatepageNums=[1]}
===2018-10-07 14:01:52.281 INFO  com.clothing.web.controller.CartProductController Line:47  - 【购物车】  参数memberId=1,pageNum=1,pageSize=10
===2018-10-07 14:02:22.074 INFO  com.clothing.web.controller.ProductController Line:36  - 【标题】 参数groupKey=GROUP_HOME
===2018-10-07 14:02:22.276 INFO  com.clothing.web.controller.ProductController Line:41  - 【商品】 分页参数pageSize=10,pageNum=1
===2018-10-07 14:02:22.284 INFO  com.clothing.web.controller.ProductController Line:44  - 【商品】 返回接口pageInfo=PageInfo{pageNum=1, pageSize=10, size=4, startRow=1, endRow=4, total=4, pages=1, list=Page{count=true, pageNum=1, pageSize=10, startRow=0, endRow=10, total=4, pages=1, reasonable=true, pageSizeZero=false}, prePage=0, nextPage=0, isFirstPage=true, isLastPage=true, hasPreviousPage=false, hasNextPage=false, navigatePages=8, navigateFirstPage=1, navigateLastPage=1, navigatepageNums=[1]}
===2018-10-07 14:02:22.374 INFO  com.clothing.web.controller.CartProductController Line:47  - 【购物车】  参数memberId=1,pageNum=1,pageSize=10
===2018-10-07 14:02:28.197 INFO  com.clothing.web.controller.ProductController Line:36  - 【标题】 参数groupKey=GROUP_HOME
===2018-10-07 14:02:28.197 INFO  com.clothing.web.controller.ProductController Line:41  - 【商品】 分页参数pageSize=10,pageNum=1
===2018-10-07 14:02:28.207 INFO  com.clothing.web.controller.ProductController Line:44  - 【商品】 返回接口pageInfo=PageInfo{pageNum=1, pageSize=10, size=4, startRow=1, endRow=4, total=4, pages=1, list=Page{count=true, pageNum=1, pageSize=10, startRow=0, endRow=10, total=4, pages=1, reasonable=true, pageSizeZero=false}, prePage=0, nextPage=0, isFirstPage=true, isLastPage=true, hasPreviousPage=false, hasNextPage=false, navigatePages=8, navigateFirstPage=1, navigateLastPage=1, navigatepageNums=[1]}
===2018-10-07 14:02:28.501 INFO  com.clothing.web.controller.CartProductController Line:47  - 【购物车】  参数memberId=1,pageNum=1,pageSize=10
===2018-10-07 14:03:10.895 INFO  com.clothing.web.controller.ProductController Line:36  - 【标题】 参数groupKey=GROUP_HOME
===2018-10-07 14:03:10.895 INFO  com.clothing.web.controller.CartProductController Line:47  - 【购物车】  参数memberId=1,pageNum=1,pageSize=10
===2018-10-07 14:03:10.895 INFO  com.clothing.web.controller.ProductController Line:41  - 【商品】 分页参数pageSize=10,pageNum=1
===2018-10-07 14:03:10.906 INFO  com.clothing.web.controller.ProductController Line:44  - 【商品】 返回接口pageInfo=PageInfo{pageNum=1, pageSize=10, size=4, startRow=1, endRow=4, total=4, pages=1, list=Page{count=true, pageNum=1, pageSize=10, startRow=0, endRow=10, total=4, pages=1, reasonable=true, pageSizeZero=false}, prePage=0, nextPage=0, isFirstPage=true, isLastPage=true, hasPreviousPage=false, hasNextPage=false, navigatePages=8, navigateFirstPage=1, navigateLastPage=1, navigatepageNums=[1]}
===2018-10-07 14:03:16.413 INFO  com.clothing.web.controller.ProductController Line:36  - 【标题】 参数groupKey=GROUP_HOME
===2018-10-07 14:03:16.413 INFO  com.clothing.web.controller.ProductController Line:41  - 【商品】 分页参数pageSize=10,pageNum=1
===2018-10-07 14:03:16.417 INFO  com.clothing.web.controller.CartProductController Line:47  - 【购物车】  参数memberId=1,pageNum=1,pageSize=10
===2018-10-07 14:03:16.426 INFO  com.clothing.web.controller.ProductController Line:44  - 【商品】 返回接口pageInfo=PageInfo{pageNum=1, pageSize=10, size=4, startRow=1, endRow=4, total=4, pages=1, list=Page{count=true, pageNum=1, pageSize=10, startRow=0, endRow=10, total=4, pages=1, reasonable=true, pageSizeZero=false}, prePage=0, nextPage=0, isFirstPage=true, isLastPage=true, hasPreviousPage=false, hasNextPage=false, navigatePages=8, navigateFirstPage=1, navigateLastPage=1, navigatepageNums=[1]}
===2018-10-07 14:04:03.859 INFO  com.clothing.web.controller.ProductController Line:41  - 【商品】 分页参数pageSize=10,pageNum=1
===2018-10-07 14:04:03.858 INFO  com.clothing.web.controller.ProductController Line:36  - 【标题】 参数groupKey=GROUP_HOME
===2018-10-07 14:04:03.874 INFO  com.clothing.web.controller.ProductController Line:44  - 【商品】 返回接口pageInfo=PageInfo{pageNum=1, pageSize=10, size=4, startRow=1, endRow=4, total=4, pages=1, list=Page{count=true, pageNum=1, pageSize=10, startRow=0, endRow=10, total=4, pages=1, reasonable=true, pageSizeZero=false}, prePage=0, nextPage=0, isFirstPage=true, isLastPage=true, hasPreviousPage=false, hasNextPage=false, navigatePages=8, navigateFirstPage=1, navigateLastPage=1, navigatepageNums=[1]}
===2018-10-07 14:04:04.110 INFO  com.clothing.web.controller.CartProductController Line:47  - 【购物车】  参数memberId=1,pageNum=1,pageSize=10
===2018-10-07 14:08:06.237 INFO  com.clothing.web.controller.ProductController Line:36  - 【标题】 参数groupKey=GROUP_HOME
===2018-10-07 14:08:06.451 INFO  com.clothing.web.controller.ProductController Line:41  - 【商品】 分页参数pageSize=10,pageNum=1
===2018-10-07 14:08:06.460 INFO  com.clothing.web.controller.ProductController Line:44  - 【商品】 返回接口pageInfo=PageInfo{pageNum=1, pageSize=10, size=4, startRow=1, endRow=4, total=4, pages=1, list=Page{count=true, pageNum=1, pageSize=10, startRow=0, endRow=10, total=4, pages=1, reasonable=true, pageSizeZero=false}, prePage=0, nextPage=0, isFirstPage=true, isLastPage=true, hasPreviousPage=false, hasNextPage=false, navigatePages=8, navigateFirstPage=1, navigateLastPage=1, navigatepageNums=[1]}
===2018-10-07 14:08:06.537 INFO  com.clothing.web.controller.CartProductController Line:47  - 【购物车】  参数memberId=1,pageNum=1,pageSize=10
===2018-10-07 14:19:15.417 INFO  com.clothing.web.controller.ProductController Line:36  - 【标题】 参数groupKey=GROUP_HOME
===2018-10-07 14:19:15.636 INFO  com.clothing.web.controller.ProductController Line:41  - 【商品】 分页参数pageSize=10,pageNum=1
===2018-10-07 14:19:15.648 INFO  com.clothing.web.controller.ProductController Line:44  - 【商品】 返回接口pageInfo=PageInfo{pageNum=1, pageSize=10, size=4, startRow=1, endRow=4, total=4, pages=1, list=Page{count=true, pageNum=1, pageSize=10, startRow=0, endRow=10, total=4, pages=1, reasonable=true, pageSizeZero=false}, prePage=0, nextPage=0, isFirstPage=true, isLastPage=true, hasPreviousPage=false, hasNextPage=false, navigatePages=8, navigateFirstPage=1, navigateLastPage=1, navigatepageNums=[1]}
===2018-10-07 14:19:15.717 INFO  com.clothing.web.controller.CartProductController Line:47  - 【购物车】  参数memberId=1,pageNum=1,pageSize=10
===2018-10-07 14:41:53.667 INFO  com.clothing.web.controller.ProductController Line:36  - 【标题】 参数groupKey=GROUP_HOME
===2018-10-07 14:41:53.894 INFO  com.clothing.web.controller.ProductController Line:41  - 【商品】 分页参数pageSize=10,pageNum=1
===2018-10-07 14:41:53.922 INFO  com.clothing.web.controller.ProductController Line:44  - 【商品】 返回接口pageInfo=PageInfo{pageNum=1, pageSize=10, size=4, startRow=1, endRow=4, total=4, pages=1, list=Page{count=true, pageNum=1, pageSize=10, startRow=0, endRow=10, total=4, pages=1, reasonable=true, pageSizeZero=false}, prePage=0, nextPage=0, isFirstPage=true, isLastPage=true, hasPreviousPage=false, hasNextPage=false, navigatePages=8, navigateFirstPage=1, navigateLastPage=1, navigatepageNums=[1]}
===2018-10-07 14:41:53.968 INFO  com.clothing.web.controller.CartProductController Line:47  - 【购物车】  参数memberId=1,pageNum=1,pageSize=10
===2018-10-07 14:42:25.049 INFO  com.clothing.web.controller.ProductController Line:36  - 【标题】 参数groupKey=GROUP_HOME
===2018-10-07 14:42:25.049 INFO  com.clothing.web.controller.ProductController Line:41  - 【商品】 分页参数pageSize=10,pageNum=1
===2018-10-07 14:42:25.062 INFO  com.clothing.web.controller.ProductController Line:44  - 【商品】 返回接口pageInfo=PageInfo{pageNum=1, pageSize=10, size=4, startRow=1, endRow=4, total=4, pages=1, list=Page{count=true, pageNum=1, pageSize=10, startRow=0, endRow=10, total=4, pages=1, reasonable=true, pageSizeZero=false}, prePage=0, nextPage=0, isFirstPage=true, isLastPage=true, hasPreviousPage=false, hasNextPage=false, navigatePages=8, navigateFirstPage=1, navigateLastPage=1, navigatepageNums=[1]}
===2018-10-07 14:42:25.295 INFO  com.clothing.web.controller.CartProductController Line:47  - 【购物车】  参数memberId=1,pageNum=1,pageSize=10
===2018-10-07 14:42:32.960 INFO  com.clothing.web.controller.ProductController Line:36  - 【标题】 参数groupKey=GROUP_HOME
===2018-10-07 14:42:33.267 INFO  com.clothing.web.controller.ProductController Line:41  - 【商品】 分页参数pageSize=10,pageNum=1
===2018-10-07 14:42:33.269 INFO  com.clothing.web.controller.CartProductController Line:47  - 【购物车】  参数memberId=1,pageNum=1,pageSize=10
===2018-10-07 14:42:33.277 INFO  com.clothing.web.controller.ProductController Line:44  - 【商品】 返回接口pageInfo=PageInfo{pageNum=1, pageSize=10, size=4, startRow=1, endRow=4, total=4, pages=1, list=Page{count=true, pageNum=1, pageSize=10, startRow=0, endRow=10, total=4, pages=1, reasonable=true, pageSizeZero=false}, prePage=0, nextPage=0, isFirstPage=true, isLastPage=true, hasPreviousPage=false, hasNextPage=false, navigatePages=8, navigateFirstPage=1, navigateLastPage=1, navigatepageNums=[1]}
===2018-10-07 14:42:45.579 INFO  com.clothing.web.controller.ProductController Line:36  - 【标题】 参数groupKey=GROUP_HOME
===2018-10-07 14:42:45.755 INFO  com.clothing.web.controller.ProductController Line:41  - 【商品】 分页参数pageSize=10,pageNum=1
===2018-10-07 14:42:45.763 INFO  com.clothing.web.controller.ProductController Line:44  - 【商品】 返回接口pageInfo=PageInfo{pageNum=1, pageSize=10, size=4, startRow=1, endRow=4, total=4, pages=1, list=Page{count=true, pageNum=1, pageSize=10, startRow=0, endRow=10, total=4, pages=1, reasonable=true, pageSizeZero=false}, prePage=0, nextPage=0, isFirstPage=true, isLastPage=true, hasPreviousPage=false, hasNextPage=false, navigatePages=8, navigateFirstPage=1, navigateLastPage=1, navigatepageNums=[1]}
===2018-10-07 14:42:45.881 INFO  com.clothing.web.controller.CartProductController Line:47  - 【购物车】  参数memberId=1,pageNum=1,pageSize=10
===2018-10-07 14:43:35.584 INFO  com.clothing.web.controller.ProductController Line:36  - 【标题】 参数groupKey=GROUP_HOME
===2018-10-07 14:43:35.788 INFO  com.clothing.web.controller.ProductController Line:41  - 【商品】 分页参数pageSize=10,pageNum=1
===2018-10-07 14:43:35.797 INFO  com.clothing.web.controller.ProductController Line:44  - 【商品】 返回接口pageInfo=PageInfo{pageNum=1, pageSize=10, size=4, startRow=1, endRow=4, total=4, pages=1, list=Page{count=true, pageNum=1, pageSize=10, startRow=0, endRow=10, total=4, pages=1, reasonable=true, pageSizeZero=false}, prePage=0, nextPage=0, isFirstPage=true, isLastPage=true, hasPreviousPage=false, hasNextPage=false, navigatePages=8, navigateFirstPage=1, navigateLastPage=1, navigatepageNums=[1]}
===2018-10-07 14:43:35.885 INFO  com.clothing.web.controller.CartProductController Line:47  - 【购物车】  参数memberId=1,pageNum=1,pageSize=10
===2018-10-07 14:50:28.601 INFO  com.clothing.web.controller.ProductController Line:36  - 【标题】 参数groupKey=GROUP_HOME
===2018-10-07 14:50:28.828 INFO  com.clothing.web.controller.ProductController Line:41  - 【商品】 分页参数pageSize=10,pageNum=1
===2018-10-07 14:50:28.850 INFO  com.clothing.web.controller.ProductController Line:44  - 【商品】 返回接口pageInfo=PageInfo{pageNum=1, pageSize=10, size=4, startRow=1, endRow=4, total=4, pages=1, list=Page{count=true, pageNum=1, pageSize=10, startRow=0, endRow=10, total=4, pages=1, reasonable=true, pageSizeZero=false}, prePage=0, nextPage=0, isFirstPage=true, isLastPage=true, hasPreviousPage=false, hasNextPage=false, navigatePages=8, navigateFirstPage=1, navigateLastPage=1, navigatepageNums=[1]}
===2018-10-07 14:50:28.902 INFO  com.clothing.web.controller.CartProductController Line:47  - 【购物车】  参数memberId=1,pageNum=1,pageSize=10
===2018-10-07 14:51:02.780 INFO  com.clothing.web.controller.ProductController Line:36  - 【标题】 参数groupKey=GROUP_HOME
===2018-10-07 14:51:02.781 INFO  com.clothing.web.controller.ProductController Line:41  - 【商品】 分页参数pageSize=10,pageNum=1
===2018-10-07 14:51:02.791 INFO  com.clothing.web.controller.ProductController Line:44  - 【商品】 返回接口pageInfo=PageInfo{pageNum=1, pageSize=10, size=4, startRow=1, endRow=4, total=4, pages=1, list=Page{count=true, pageNum=1, pageSize=10, startRow=0, endRow=10, total=4, pages=1, reasonable=true, pageSizeZero=false}, prePage=0, nextPage=0, isFirstPage=true, isLastPage=true, hasPreviousPage=false, hasNextPage=false, navigatePages=8, navigateFirstPage=1, navigateLastPage=1, navigatepageNums=[1]}
===2018-10-07 14:51:03.131 INFO  com.clothing.web.controller.CartProductController Line:47  - 【购物车】  参数memberId=1,pageNum=1,pageSize=10
===2018-10-07 14:51:19.756 INFO  com.clothing.web.controller.ProductController Line:36  - 【标题】 参数groupKey=GROUP_HOME
===2018-10-07 14:51:19.969 INFO  com.clothing.web.controller.ProductController Line:41  - 【商品】 分页参数pageSize=10,pageNum=1
===2018-10-07 14:51:19.980 INFO  com.clothing.web.controller.ProductController Line:44  - 【商品】 返回接口pageInfo=PageInfo{pageNum=1, pageSize=10, size=4, startRow=1, endRow=4, total=4, pages=1, list=Page{count=true, pageNum=1, pageSize=10, startRow=0, endRow=10, total=4, pages=1, reasonable=true, pageSizeZero=false}, prePage=0, nextPage=0, isFirstPage=true, isLastPage=true, hasPreviousPage=false, hasNextPage=false, navigatePages=8, navigateFirstPage=1, navigateLastPage=1, navigatepageNums=[1]}
===2018-10-07 14:51:20.064 INFO  com.clothing.web.controller.CartProductController Line:47  - 【购物车】  参数memberId=1,pageNum=1,pageSize=10
===2018-10-07 14:53:29.736 INFO  com.clothing.web.controller.ProductController Line:36  - 【标题】 参数groupKey=GROUP_HOME
===2018-10-07 14:53:29.922 INFO  com.clothing.web.controller.ProductController Line:41  - 【商品】 分页参数pageSize=10,pageNum=1
===2018-10-07 14:53:29.929 INFO  com.clothing.web.controller.ProductController Line:44  - 【商品】 返回接口pageInfo=PageInfo{pageNum=1, pageSize=10, size=4, startRow=1, endRow=4, total=4, pages=1, list=Page{count=true, pageNum=1, pageSize=10, startRow=0, endRow=10, total=4, pages=1, reasonable=true, pageSizeZero=false}, prePage=0, nextPage=0, isFirstPage=true, isLastPage=true, hasPreviousPage=false, hasNextPage=false, navigatePages=8, navigateFirstPage=1, navigateLastPage=1, navigatepageNums=[1]}
===2018-10-07 14:53:30.033 INFO  com.clothing.web.controller.CartProductController Line:47  - 【购物车】  参数memberId=1,pageNum=1,pageSize=10
===2018-10-07 14:53:42.319 INFO  com.clothing.web.controller.ProductController Line:36  - 【标题】 参数groupKey=GROUP_HOME
===2018-10-07 14:53:42.551 INFO  com.clothing.web.controller.ProductController Line:41  - 【商品】 分页参数pageSize=10,pageNum=1
===2018-10-07 14:53:42.559 INFO  com.clothing.web.controller.ProductController Line:44  - 【商品】 返回接口pageInfo=PageInfo{pageNum=1, pageSize=10, size=4, startRow=1, endRow=4, total=4, pages=1, list=Page{count=true, pageNum=1, pageSize=10, startRow=0, endRow=10, total=4, pages=1, reasonable=true, pageSizeZero=false}, prePage=0, nextPage=0, isFirstPage=true, isLastPage=true, hasPreviousPage=false, hasNextPage=false, navigatePages=8, navigateFirstPage=1, navigateLastPage=1, navigatepageNums=[1]}
===2018-10-07 14:53:42.623 INFO  com.clothing.web.controller.CartProductController Line:47  - 【购物车】  参数memberId=1,pageNum=1,pageSize=10
===2018-10-07 14:53:49.890 INFO  com.clothing.web.controller.ProductController Line:36  - 【标题】 参数groupKey=GROUP_HOME
===2018-10-07 14:53:50.192 INFO  com.clothing.web.controller.ProductController Line:41  - 【商品】 分页参数pageSize=10,pageNum=1
===2018-10-07 14:53:50.194 INFO  com.clothing.web.controller.CartProductController Line:47  - 【购物车】  参数memberId=1,pageNum=1,pageSize=10
===2018-10-07 14:53:50.200 INFO  com.clothing.web.controller.ProductController Line:44  - 【商品】 返回接口pageInfo=PageInfo{pageNum=1, pageSize=10, size=4, startRow=1, endRow=4, total=4, pages=1, list=Page{count=true, pageNum=1, pageSize=10, startRow=0, endRow=10, total=4, pages=1, reasonable=true, pageSizeZero=false}, prePage=0, nextPage=0, isFirstPage=true, isLastPage=true, hasPreviousPage=false, hasNextPage=false, navigatePages=8, navigateFirstPage=1, navigateLastPage=1, navigatepageNums=[1]}
