===2018-11-02 10:13:20.354 INFO  com.clothing.manage.controller.ProductController Line:37  - 【商品】 分页查询商品校核，参数productExtension=ProductExtension(productName=, productId=null, productCode=null, isPutAway=null, typeId=null, pageNum=1, pageSize=10, startTime=, endTime=, orderBy=null)
===2018-11-02 10:13:20.344 INFO  com.clothing.manage.controller.ProductController Line:37  - 【商品】 分页查询商品校核，参数productExtension=ProductExtension(productName=, productId=null, productCode=null, isPutAway=null, typeId=null, pageNum=1, pageSize=10, startTime=, endTime=, orderBy=null)
===2018-11-02 10:13:54.710 INFO  com.clothing.manage.controller.ProductController Line:37  - 【商品】 分页查询商品校核，参数productExtension=ProductExtension(productName=, productId=null, productCode=null, isPutAway=null, typeId=null, pageNum=1, pageSize=10, startTime=, endTime=, orderBy=null)
===2018-11-02 10:13:55.007 INFO  com.clothing.manage.controller.ProductController Line:37  - 【商品】 分页查询商品校核，参数productExtension=ProductExtension(productName=, productId=null, productCode=null, isPutAway=null, typeId=null, pageNum=1, pageSize=10, startTime=, endTime=, orderBy=null)
===2018-11-02 10:41:31.644 INFO  com.clothing.manage.ClothingManageApplication Line:50  - Starting ClothingManageApplication on DESKTOP-SJ98RT1 with PID 78944 (D:\ccz\clothing\clothing-manage\target\classes started by z in D:\ccz\clothing\clothing-web-page)
===2018-11-02 10:41:31.645 INFO  com.clothing.manage.ClothingManageApplication Line:658 - The following profiles are active: dev
===2018-11-02 10:41:31.733 INFO  org.springframework.boot.web.servlet.context.AnnotationConfigServletWebServerApplicationContext Line:588 - Refreshing org.springframework.boot.web.servlet.context.AnnotationConfigServletWebServerApplicationContext@1e8ce150: startup date [Fri Nov 02 10:41:31 CST 2018]; root of context hierarchy
===2018-11-02 10:41:33.267 INFO  org.springframework.context.support.PostProcessorRegistrationDelegate$BeanPostProcessorChecker Line:326 - Bean 'org.springframework.transaction.annotation.ProxyTransactionManagementConfiguration' of type [org.springframework.transaction.annotation.ProxyTransactionManagementConfiguration$$EnhancerBySpringCGLIB$$d23a814c] is not eligible for getting processed by all BeanPostProcessors (for example: not eligible for auto-proxying)
===2018-11-02 10:41:33.865 INFO  org.springframework.boot.web.embedded.tomcat.TomcatWebServer Line:91  - Tomcat initialized with port(s): 8023 (http)
===2018-11-02 10:41:34.085 INFO  org.springframework.web.context.ContextLoader Line:285 - Root WebApplicationContext: initialization completed in 2352 ms
===2018-11-02 10:41:34.175 INFO  org.springframework.boot.web.servlet.ServletRegistrationBean Line:187 - Servlet dispatcherServlet mapped to [/]
===2018-11-02 10:41:34.179 INFO  org.springframework.boot.web.servlet.FilterRegistrationBean Line:245 - Mapping filter: 'characterEncodingFilter' to: [/*]
===2018-11-02 10:41:34.180 INFO  org.springframework.boot.web.servlet.FilterRegistrationBean Line:245 - Mapping filter: 'hiddenHttpMethodFilter' to: [/*]
===2018-11-02 10:41:34.180 INFO  org.springframework.boot.web.servlet.FilterRegistrationBean Line:245 - Mapping filter: 'httpPutFormContentFilter' to: [/*]
===2018-11-02 10:41:34.180 INFO  org.springframework.boot.web.servlet.FilterRegistrationBean Line:245 - Mapping filter: 'requestContextFilter' to: [/*]
===2018-11-02 10:41:34.180 INFO  org.springframework.boot.web.servlet.FilterRegistrationBean Line:245 - Mapping filter: 'resourceUrlEncodingFilter' to: [/*]
===2018-11-02 10:41:35.415 INFO  org.springframework.web.servlet.mvc.method.annotation.RequestMappingHandlerMapping Line:549 - Mapped "{[/common/upload]}" onto public void com.clothing.manage.controller.CommonController.upload(org.springframework.web.multipart.MultipartFile,org.springframework.web.servlet.mvc.support.RedirectAttributes)
===2018-11-02 10:41:35.417 INFO  org.springframework.web.servlet.mvc.method.annotation.RequestMappingHandlerMapping Line:549 - Mapped "{[/menu/getMenuListByUserId],methods=[GET]}" onto public org.springframework.http.ResponseEntity<java.util.List> com.clothing.manage.controller.MenuController.getMenuListByUserId()
===2018-11-02 10:41:35.419 INFO  org.springframework.web.servlet.mvc.method.annotation.RequestMappingHandlerMapping Line:549 - Mapped "{[/product/getProductsByPage],methods=[POST]}" onto public com.github.pagehelper.PageInfo<java.util.Map> com.clothing.manage.controller.ProductController.getProductsByPage(com.clothing.manage.model.extension.ProductExtension)
===2018-11-02 10:41:35.420 INFO  org.springframework.web.servlet.mvc.method.annotation.RequestMappingHandlerMapping Line:549 - Mapped "{[/standardColor/getStandardColors],methods=[GET]}" onto public java.util.List<java.util.Map> com.clothing.manage.controller.StandardColorController.getStandardColors()
===2018-11-02 10:41:35.421 INFO  org.springframework.web.servlet.mvc.method.annotation.RequestMappingHandlerMapping Line:549 - Mapped "{[/standardSize/getStandardSizes],methods=[GET]}" onto public java.util.List<java.util.Map> com.clothing.manage.controller.StandardSizeController.getStandardSizes()
===2018-11-02 10:41:35.422 INFO  org.springframework.web.servlet.mvc.method.annotation.RequestMappingHandlerMapping Line:549 - Mapped "{[/type/getTypes],methods=[GET]}" onto public java.util.List<java.util.Map> com.clothing.manage.controller.TypeController.getTypes()
===2018-11-02 10:41:35.424 INFO  org.springframework.web.servlet.mvc.method.annotation.RequestMappingHandlerMapping Line:549 - Mapped "{[/v2/api-docs],methods=[GET],produces=[application/json || application/hal+json]}" onto public org.springframework.http.ResponseEntity<springfox.documentation.spring.web.json.Json> springfox.documentation.swagger2.web.Swagger2Controller.getDocumentation(java.lang.String,javax.servlet.http.HttpServletRequest)
===2018-11-02 10:41:35.427 INFO  org.springframework.web.servlet.mvc.method.annotation.RequestMappingHandlerMapping Line:549 - Mapped "{[/swagger-resources/configuration/ui]}" onto org.springframework.http.ResponseEntity<springfox.documentation.swagger.web.UiConfiguration> springfox.documentation.swagger.web.ApiResourceController.uiConfiguration()
===2018-11-02 10:41:35.428 INFO  org.springframework.web.servlet.mvc.method.annotation.RequestMappingHandlerMapping Line:549 - Mapped "{[/swagger-resources]}" onto org.springframework.http.ResponseEntity<java.util.List<springfox.documentation.swagger.web.SwaggerResource>> springfox.documentation.swagger.web.ApiResourceController.swaggerResources()
===2018-11-02 10:41:35.428 INFO  org.springframework.web.servlet.mvc.method.annotation.RequestMappingHandlerMapping Line:549 - Mapped "{[/swagger-resources/configuration/security]}" onto org.springframework.http.ResponseEntity<springfox.documentation.swagger.web.SecurityConfiguration> springfox.documentation.swagger.web.ApiResourceController.securityConfiguration()
===2018-11-02 10:41:35.435 INFO  org.springframework.web.servlet.mvc.method.annotation.RequestMappingHandlerMapping Line:549 - Mapped "{[/error]}" onto public org.springframework.http.ResponseEntity<java.util.Map<java.lang.String, java.lang.Object>> org.springframework.boot.autoconfigure.web.servlet.error.BasicErrorController.error(javax.servlet.http.HttpServletRequest)
===2018-11-02 10:41:35.435 INFO  org.springframework.web.servlet.mvc.method.annotation.RequestMappingHandlerMapping Line:549 - Mapped "{[/error],produces=[text/html]}" onto public org.springframework.web.servlet.ModelAndView org.springframework.boot.autoconfigure.web.servlet.error.BasicErrorController.errorHtml(javax.servlet.http.HttpServletRequest,javax.servlet.http.HttpServletResponse)
===2018-11-02 10:41:35.671 INFO  org.springframework.web.servlet.handler.SimpleUrlHandlerMapping Line:373 - Mapped URL path [/**/favicon.ico] onto handler of type [class org.springframework.web.servlet.resource.ResourceHttpRequestHandler]
===2018-11-02 10:41:35.860 INFO  org.springframework.web.servlet.mvc.method.annotation.RequestMappingHandlerAdapter Line:588 - Looking for @ControllerAdvice: org.springframework.boot.web.servlet.context.AnnotationConfigServletWebServerApplicationContext@1e8ce150: startup date [Fri Nov 02 10:41:31 CST 2018]; root of context hierarchy
===2018-11-02 10:41:35.937 INFO  org.springframework.web.servlet.handler.SimpleUrlHandlerMapping Line:373 - Mapped URL path [/webjars/**] onto handler of type [class org.springframework.web.servlet.resource.ResourceHttpRequestHandler]
===2018-11-02 10:41:35.937 INFO  org.springframework.web.servlet.handler.SimpleUrlHandlerMapping Line:373 - Mapped URL path [/**] onto handler of type [class org.springframework.web.servlet.resource.ResourceHttpRequestHandler]
===2018-11-02 10:41:36.472 INFO  org.springframework.jmx.export.annotation.AnnotationMBeanExporter Line:433 - Registering beans for JMX exposure on startup
===2018-11-02 10:41:36.475 INFO  org.springframework.jmx.export.annotation.AnnotationMBeanExporter Line:895 - Bean with name 'dataSource' has been autodetected for JMX exposure
===2018-11-02 10:41:36.484 INFO  org.springframework.jmx.export.annotation.AnnotationMBeanExporter Line:668 - Located MBean 'dataSource': registering with JMX server as MBean [com.zaxxer.hikari:name=dataSource,type=HikariDataSource]
===2018-11-02 10:41:36.493 INFO  org.springframework.context.support.DefaultLifecycleProcessor Line:356 - Starting beans in phase 2147483647
===2018-11-02 10:41:36.996 INFO  org.springframework.boot.web.embedded.tomcat.TomcatWebServer Line:206 - Tomcat started on port(s): 8023 (http) with context path ''
===2018-11-02 10:41:37.001 INFO  com.clothing.manage.ClothingManageApplication Line:59  - Started ClothingManageApplication in 6.395 seconds (JVM running for 7.914)
===2018-11-02 10:45:13.036 INFO  org.springframework.web.servlet.DispatcherServlet Line:494 - FrameworkServlet 'dispatcherServlet': initialization started
===2018-11-02 10:45:13.067 INFO  org.springframework.web.servlet.DispatcherServlet Line:509 - FrameworkServlet 'dispatcherServlet': initialization completed in 30 ms
===2018-11-02 10:45:13.145 INFO  com.clothing.manage.controller.ProductController Line:37  - 【商品】 分页查询商品校核，参数productExtension=ProductExtension(productName=, productId=null, productCode=null, isPutAway=null, typeId=null, pageNum=1, pageSize=10, startTime=, endTime=, orderBy=null)
===2018-11-02 10:45:13.145 INFO  com.clothing.manage.controller.ProductController Line:37  - 【商品】 分页查询商品校核，参数productExtension=ProductExtension(productName=, productId=null, productCode=null, isPutAway=null, typeId=null, pageNum=1, pageSize=10, startTime=, endTime=, orderBy=null)
===2018-11-02 10:46:17.727 INFO  com.clothing.manage.controller.ProductController Line:37  - 【商品】 分页查询商品校核，参数productExtension=ProductExtension(productName=, productId=null, productCode=null, isPutAway=null, typeId=null, pageNum=1, pageSize=10, startTime=, endTime=, orderBy=null)
===2018-11-02 10:46:18.033 INFO  com.clothing.manage.controller.ProductController Line:37  - 【商品】 分页查询商品校核，参数productExtension=ProductExtension(productName=, productId=null, productCode=null, isPutAway=null, typeId=null, pageNum=1, pageSize=10, startTime=, endTime=, orderBy=null)
===2018-11-02 10:48:14.050 INFO  com.clothing.manage.ClothingManageApplication Line:50  - Starting ClothingManageApplication on DESKTOP-SJ98RT1 with PID 29292 (D:\ccz\clothing\clothing-manage\target\classes started by z in D:\ccz\clothing\clothing-web-page)
===2018-11-02 10:48:14.051 INFO  com.clothing.manage.ClothingManageApplication Line:658 - The following profiles are active: dev
===2018-11-02 10:48:14.165 INFO  org.springframework.boot.web.servlet.context.AnnotationConfigServletWebServerApplicationContext Line:588 - Refreshing org.springframework.boot.web.servlet.context.AnnotationConfigServletWebServerApplicationContext@436bc36: startup date [Fri Nov 02 10:48:14 CST 2018]; root of context hierarchy
===2018-11-02 10:48:15.459 INFO  org.springframework.context.support.PostProcessorRegistrationDelegate$BeanPostProcessorChecker Line:326 - Bean 'org.springframework.transaction.annotation.ProxyTransactionManagementConfiguration' of type [org.springframework.transaction.annotation.ProxyTransactionManagementConfiguration$$EnhancerBySpringCGLIB$$20fe5afc] is not eligible for getting processed by all BeanPostProcessors (for example: not eligible for auto-proxying)
===2018-11-02 10:48:15.913 INFO  org.springframework.boot.web.embedded.tomcat.TomcatWebServer Line:91  - Tomcat initialized with port(s): 8023 (http)
===2018-11-02 10:48:16.067 INFO  org.springframework.web.context.ContextLoader Line:285 - Root WebApplicationContext: initialization completed in 1902 ms
===2018-11-02 10:48:16.158 INFO  org.springframework.boot.web.servlet.ServletRegistrationBean Line:187 - Servlet dispatcherServlet mapped to [/]
===2018-11-02 10:48:16.162 INFO  org.springframework.boot.web.servlet.FilterRegistrationBean Line:245 - Mapping filter: 'characterEncodingFilter' to: [/*]
===2018-11-02 10:48:16.163 INFO  org.springframework.boot.web.servlet.FilterRegistrationBean Line:245 - Mapping filter: 'hiddenHttpMethodFilter' to: [/*]
===2018-11-02 10:48:16.163 INFO  org.springframework.boot.web.servlet.FilterRegistrationBean Line:245 - Mapping filter: 'httpPutFormContentFilter' to: [/*]
===2018-11-02 10:48:16.163 INFO  org.springframework.boot.web.servlet.FilterRegistrationBean Line:245 - Mapping filter: 'requestContextFilter' to: [/*]
===2018-11-02 10:48:16.163 INFO  org.springframework.boot.web.servlet.FilterRegistrationBean Line:245 - Mapping filter: 'resourceUrlEncodingFilter' to: [/*]
===2018-11-02 10:48:17.237 INFO  org.springframework.web.servlet.mvc.method.annotation.RequestMappingHandlerMapping Line:549 - Mapped "{[/common/upload]}" onto public void com.clothing.manage.controller.CommonController.upload()
===2018-11-02 10:48:17.240 INFO  org.springframework.web.servlet.mvc.method.annotation.RequestMappingHandlerMapping Line:549 - Mapped "{[/menu/getMenuListByUserId],methods=[GET]}" onto public org.springframework.http.ResponseEntity<java.util.List> com.clothing.manage.controller.MenuController.getMenuListByUserId()
===2018-11-02 10:48:17.243 INFO  org.springframework.web.servlet.mvc.method.annotation.RequestMappingHandlerMapping Line:549 - Mapped "{[/product/getProductsByPage],methods=[POST]}" onto public com.github.pagehelper.PageInfo<java.util.Map> com.clothing.manage.controller.ProductController.getProductsByPage(com.clothing.manage.model.extension.ProductExtension)
===2018-11-02 10:48:17.244 INFO  org.springframework.web.servlet.mvc.method.annotation.RequestMappingHandlerMapping Line:549 - Mapped "{[/standardColor/getStandardColors],methods=[GET]}" onto public java.util.List<java.util.Map> com.clothing.manage.controller.StandardColorController.getStandardColors()
===2018-11-02 10:48:17.245 INFO  org.springframework.web.servlet.mvc.method.annotation.RequestMappingHandlerMapping Line:549 - Mapped "{[/standardSize/getStandardSizes],methods=[GET]}" onto public java.util.List<java.util.Map> com.clothing.manage.controller.StandardSizeController.getStandardSizes()
===2018-11-02 10:48:17.245 INFO  org.springframework.web.servlet.mvc.method.annotation.RequestMappingHandlerMapping Line:549 - Mapped "{[/type/getTypes],methods=[GET]}" onto public java.util.List<java.util.Map> com.clothing.manage.controller.TypeController.getTypes()
===2018-11-02 10:48:17.247 INFO  org.springframework.web.servlet.mvc.method.annotation.RequestMappingHandlerMapping Line:549 - Mapped "{[/v2/api-docs],methods=[GET],produces=[application/json || application/hal+json]}" onto public org.springframework.http.ResponseEntity<springfox.documentation.spring.web.json.Json> springfox.documentation.swagger2.web.Swagger2Controller.getDocumentation(java.lang.String,javax.servlet.http.HttpServletRequest)
===2018-11-02 10:48:17.250 INFO  org.springframework.web.servlet.mvc.method.annotation.RequestMappingHandlerMapping Line:549 - Mapped "{[/swagger-resources/configuration/ui]}" onto org.springframework.http.ResponseEntity<springfox.documentation.swagger.web.UiConfiguration> springfox.documentation.swagger.web.ApiResourceController.uiConfiguration()
===2018-11-02 10:48:17.251 INFO  org.springframework.web.servlet.mvc.method.annotation.RequestMappingHandlerMapping Line:549 - Mapped "{[/swagger-resources]}" onto org.springframework.http.ResponseEntity<java.util.List<springfox.documentation.swagger.web.SwaggerResource>> springfox.documentation.swagger.web.ApiResourceController.swaggerResources()
===2018-11-02 10:48:17.251 INFO  org.springframework.web.servlet.mvc.method.annotation.RequestMappingHandlerMapping Line:549 - Mapped "{[/swagger-resources/configuration/security]}" onto org.springframework.http.ResponseEntity<springfox.documentation.swagger.web.SecurityConfiguration> springfox.documentation.swagger.web.ApiResourceController.securityConfiguration()
===2018-11-02 10:48:17.257 INFO  org.springframework.web.servlet.mvc.method.annotation.RequestMappingHandlerMapping Line:549 - Mapped "{[/error]}" onto public org.springframework.http.ResponseEntity<java.util.Map<java.lang.String, java.lang.Object>> org.springframework.boot.autoconfigure.web.servlet.error.BasicErrorController.error(javax.servlet.http.HttpServletRequest)
===2018-11-02 10:48:17.258 INFO  org.springframework.web.servlet.mvc.method.annotation.RequestMappingHandlerMapping Line:549 - Mapped "{[/error],produces=[text/html]}" onto public org.springframework.web.servlet.ModelAndView org.springframework.boot.autoconfigure.web.servlet.error.BasicErrorController.errorHtml(javax.servlet.http.HttpServletRequest,javax.servlet.http.HttpServletResponse)
===2018-11-02 10:48:17.485 INFO  org.springframework.web.servlet.handler.SimpleUrlHandlerMapping Line:373 - Mapped URL path [/**/favicon.ico] onto handler of type [class org.springframework.web.servlet.resource.ResourceHttpRequestHandler]
===2018-11-02 10:48:17.665 INFO  org.springframework.web.servlet.mvc.method.annotation.RequestMappingHandlerAdapter Line:588 - Looking for @ControllerAdvice: org.springframework.boot.web.servlet.context.AnnotationConfigServletWebServerApplicationContext@436bc36: startup date [Fri Nov 02 10:48:14 CST 2018]; root of context hierarchy
===2018-11-02 10:48:17.728 INFO  org.springframework.web.servlet.handler.SimpleUrlHandlerMapping Line:373 - Mapped URL path [/webjars/**] onto handler of type [class org.springframework.web.servlet.resource.ResourceHttpRequestHandler]
===2018-11-02 10:48:17.728 INFO  org.springframework.web.servlet.handler.SimpleUrlHandlerMapping Line:373 - Mapped URL path [/**] onto handler of type [class org.springframework.web.servlet.resource.ResourceHttpRequestHandler]
===2018-11-02 10:48:18.146 INFO  org.springframework.jmx.export.annotation.AnnotationMBeanExporter Line:433 - Registering beans for JMX exposure on startup
===2018-11-02 10:48:18.148 INFO  org.springframework.jmx.export.annotation.AnnotationMBeanExporter Line:895 - Bean with name 'dataSource' has been autodetected for JMX exposure
===2018-11-02 10:48:18.155 INFO  org.springframework.jmx.export.annotation.AnnotationMBeanExporter Line:668 - Located MBean 'dataSource': registering with JMX server as MBean [com.zaxxer.hikari:name=dataSource,type=HikariDataSource]
===2018-11-02 10:48:18.160 INFO  org.springframework.context.support.DefaultLifecycleProcessor Line:356 - Starting beans in phase 2147483647
===2018-11-02 10:48:18.480 INFO  org.springframework.boot.web.embedded.tomcat.TomcatWebServer Line:206 - Tomcat started on port(s): 8023 (http) with context path ''
===2018-11-02 10:48:18.484 INFO  com.clothing.manage.ClothingManageApplication Line:59  - Started ClothingManageApplication in 5.008 seconds (JVM running for 6.209)
===2018-11-02 10:48:29.113 INFO  org.springframework.web.servlet.DispatcherServlet Line:494 - FrameworkServlet 'dispatcherServlet': initialization started
===2018-11-02 10:48:29.143 INFO  org.springframework.web.servlet.DispatcherServlet Line:509 - FrameworkServlet 'dispatcherServlet': initialization completed in 30 ms
===2018-11-02 10:48:29.202 INFO  com.clothing.manage.controller.ProductController Line:37  - 【商品】 分页查询商品校核，参数productExtension=ProductExtension(productName=, productId=null, productCode=null, isPutAway=null, typeId=null, pageNum=1, pageSize=10, startTime=, endTime=, orderBy=null)
===2018-11-02 10:48:29.202 INFO  com.clothing.manage.controller.ProductController Line:37  - 【商品】 分页查询商品校核，参数productExtension=ProductExtension(productName=, productId=null, productCode=null, isPutAway=null, typeId=null, pageNum=1, pageSize=10, startTime=, endTime=, orderBy=null)
===2018-11-02 10:48:50.541 INFO  com.clothing.manage.ClothingManageApplication Line:50  - Starting ClothingManageApplication on DESKTOP-SJ98RT1 with PID 68400 (D:\ccz\clothing\clothing-manage\target\classes started by z in D:\ccz\clothing\clothing-web-page)
===2018-11-02 10:48:50.543 INFO  com.clothing.manage.ClothingManageApplication Line:658 - The following profiles are active: dev
===2018-11-02 10:48:50.601 INFO  org.springframework.boot.web.servlet.context.AnnotationConfigServletWebServerApplicationContext Line:588 - Refreshing org.springframework.boot.web.servlet.context.AnnotationConfigServletWebServerApplicationContext@1b73be9f: startup date [Fri Nov 02 10:48:50 CST 2018]; root of context hierarchy
===2018-11-02 10:48:51.814 INFO  org.springframework.context.support.PostProcessorRegistrationDelegate$BeanPostProcessorChecker Line:326 - Bean 'org.springframework.transaction.annotation.ProxyTransactionManagementConfiguration' of type [org.springframework.transaction.annotation.ProxyTransactionManagementConfiguration$$EnhancerBySpringCGLIB$$1b5b41a1] is not eligible for getting processed by all BeanPostProcessors (for example: not eligible for auto-proxying)
===2018-11-02 10:48:52.249 INFO  org.springframework.boot.web.embedded.tomcat.TomcatWebServer Line:91  - Tomcat initialized with port(s): 8023 (http)
===2018-11-02 10:48:52.440 INFO  org.springframework.web.context.ContextLoader Line:285 - Root WebApplicationContext: initialization completed in 1839 ms
===2018-11-02 10:48:52.548 INFO  org.springframework.boot.web.servlet.ServletRegistrationBean Line:187 - Servlet dispatcherServlet mapped to [/]
===2018-11-02 10:48:52.552 INFO  org.springframework.boot.web.servlet.FilterRegistrationBean Line:245 - Mapping filter: 'characterEncodingFilter' to: [/*]
===2018-11-02 10:48:52.552 INFO  org.springframework.boot.web.servlet.FilterRegistrationBean Line:245 - Mapping filter: 'hiddenHttpMethodFilter' to: [/*]
===2018-11-02 10:48:52.552 INFO  org.springframework.boot.web.servlet.FilterRegistrationBean Line:245 - Mapping filter: 'httpPutFormContentFilter' to: [/*]
===2018-11-02 10:48:52.553 INFO  org.springframework.boot.web.servlet.FilterRegistrationBean Line:245 - Mapping filter: 'requestContextFilter' to: [/*]
===2018-11-02 10:48:52.553 INFO  org.springframework.boot.web.servlet.FilterRegistrationBean Line:245 - Mapping filter: 'resourceUrlEncodingFilter' to: [/*]
===2018-11-02 10:48:53.764 INFO  org.springframework.web.servlet.mvc.method.annotation.RequestMappingHandlerMapping Line:549 - Mapped "{[/common/upload]}" onto public void com.clothing.manage.controller.CommonController.upload()
===2018-11-02 10:48:53.767 INFO  org.springframework.web.servlet.mvc.method.annotation.RequestMappingHandlerMapping Line:549 - Mapped "{[/menu/getMenuListByUserId],methods=[GET]}" onto public org.springframework.http.ResponseEntity<java.util.List> com.clothing.manage.controller.MenuController.getMenuListByUserId()
===2018-11-02 10:48:53.770 INFO  org.springframework.web.servlet.mvc.method.annotation.RequestMappingHandlerMapping Line:549 - Mapped "{[/product/getProductsByPage],methods=[POST]}" onto public com.github.pagehelper.PageInfo<java.util.Map> com.clothing.manage.controller.ProductController.getProductsByPage(com.clothing.manage.model.extension.ProductExtension)
===2018-11-02 10:48:53.771 INFO  org.springframework.web.servlet.mvc.method.annotation.RequestMappingHandlerMapping Line:549 - Mapped "{[/standardColor/getStandardColors],methods=[GET]}" onto public java.util.List<java.util.Map> com.clothing.manage.controller.StandardColorController.getStandardColors()
===2018-11-02 10:48:53.772 INFO  org.springframework.web.servlet.mvc.method.annotation.RequestMappingHandlerMapping Line:549 - Mapped "{[/standardSize/getStandardSizes],methods=[GET]}" onto public java.util.List<java.util.Map> com.clothing.manage.controller.StandardSizeController.getStandardSizes()
===2018-11-02 10:48:53.772 INFO  org.springframework.web.servlet.mvc.method.annotation.RequestMappingHandlerMapping Line:549 - Mapped "{[/type/getTypes],methods=[GET]}" onto public java.util.List<java.util.Map> com.clothing.manage.controller.TypeController.getTypes()
===2018-11-02 10:48:53.774 INFO  org.springframework.web.servlet.mvc.method.annotation.RequestMappingHandlerMapping Line:549 - Mapped "{[/v2/api-docs],methods=[GET],produces=[application/json || application/hal+json]}" onto public org.springframework.http.ResponseEntity<springfox.documentation.spring.web.json.Json> springfox.documentation.swagger2.web.Swagger2Controller.getDocumentation(java.lang.String,javax.servlet.http.HttpServletRequest)
===2018-11-02 10:48:53.778 INFO  org.springframework.web.servlet.mvc.method.annotation.RequestMappingHandlerMapping Line:549 - Mapped "{[/swagger-resources/configuration/ui]}" onto org.springframework.http.ResponseEntity<springfox.documentation.swagger.web.UiConfiguration> springfox.documentation.swagger.web.ApiResourceController.uiConfiguration()
===2018-11-02 10:48:53.778 INFO  org.springframework.web.servlet.mvc.method.annotation.RequestMappingHandlerMapping Line:549 - Mapped "{[/swagger-resources]}" onto org.springframework.http.ResponseEntity<java.util.List<springfox.documentation.swagger.web.SwaggerResource>> springfox.documentation.swagger.web.ApiResourceController.swaggerResources()
===2018-11-02 10:48:53.779 INFO  org.springframework.web.servlet.mvc.method.annotation.RequestMappingHandlerMapping Line:549 - Mapped "{[/swagger-resources/configuration/security]}" onto org.springframework.http.ResponseEntity<springfox.documentation.swagger.web.SecurityConfiguration> springfox.documentation.swagger.web.ApiResourceController.securityConfiguration()
===2018-11-02 10:48:53.785 INFO  org.springframework.web.servlet.mvc.method.annotation.RequestMappingHandlerMapping Line:549 - Mapped "{[/error]}" onto public org.springframework.http.ResponseEntity<java.util.Map<java.lang.String, java.lang.Object>> org.springframework.boot.autoconfigure.web.servlet.error.BasicErrorController.error(javax.servlet.http.HttpServletRequest)
===2018-11-02 10:48:53.786 INFO  org.springframework.web.servlet.mvc.method.annotation.RequestMappingHandlerMapping Line:549 - Mapped "{[/error],produces=[text/html]}" onto public org.springframework.web.servlet.ModelAndView org.springframework.boot.autoconfigure.web.servlet.error.BasicErrorController.errorHtml(javax.servlet.http.HttpServletRequest,javax.servlet.http.HttpServletResponse)
===2018-11-02 10:48:54.029 INFO  org.springframework.web.servlet.handler.SimpleUrlHandlerMapping Line:373 - Mapped URL path [/**/favicon.ico] onto handler of type [class org.springframework.web.servlet.resource.ResourceHttpRequestHandler]
===2018-11-02 10:48:54.285 INFO  org.springframework.web.servlet.mvc.method.annotation.RequestMappingHandlerAdapter Line:588 - Looking for @ControllerAdvice: org.springframework.boot.web.servlet.context.AnnotationConfigServletWebServerApplicationContext@1b73be9f: startup date [Fri Nov 02 10:48:50 CST 2018]; root of context hierarchy
===2018-11-02 10:48:54.346 INFO  org.springframework.web.servlet.handler.SimpleUrlHandlerMapping Line:373 - Mapped URL path [/webjars/**] onto handler of type [class org.springframework.web.servlet.resource.ResourceHttpRequestHandler]
===2018-11-02 10:48:54.346 INFO  org.springframework.web.servlet.handler.SimpleUrlHandlerMapping Line:373 - Mapped URL path [/**] onto handler of type [class org.springframework.web.servlet.resource.ResourceHttpRequestHandler]
===2018-11-02 10:48:54.780 INFO  org.springframework.jmx.export.annotation.AnnotationMBeanExporter Line:433 - Registering beans for JMX exposure on startup
===2018-11-02 10:48:54.784 INFO  org.springframework.jmx.export.annotation.AnnotationMBeanExporter Line:895 - Bean with name 'dataSource' has been autodetected for JMX exposure
===2018-11-02 10:48:54.792 INFO  org.springframework.jmx.export.annotation.AnnotationMBeanExporter Line:668 - Located MBean 'dataSource': registering with JMX server as MBean [com.zaxxer.hikari:name=dataSource,type=HikariDataSource]
===2018-11-02 10:48:54.796 INFO  org.springframework.context.support.DefaultLifecycleProcessor Line:356 - Starting beans in phase 2147483647
===2018-11-02 10:48:55.104 INFO  org.springframework.boot.web.embedded.tomcat.TomcatWebServer Line:206 - Tomcat started on port(s): 8023 (http) with context path ''
===2018-11-02 10:48:55.110 INFO  com.clothing.manage.ClothingManageApplication Line:59  - Started ClothingManageApplication in 5.344 seconds (JVM running for 6.702)
===2018-11-02 10:49:10.562 INFO  org.springframework.web.servlet.DispatcherServlet Line:494 - FrameworkServlet 'dispatcherServlet': initialization started
===2018-11-02 10:49:10.595 INFO  org.springframework.web.servlet.DispatcherServlet Line:509 - FrameworkServlet 'dispatcherServlet': initialization completed in 33 ms
===2018-11-02 10:49:10.640 INFO  com.clothing.manage.controller.ProductController Line:37  - 【商品】 分页查询商品校核，参数productExtension=ProductExtension(productName=, productId=null, productCode=null, isPutAway=null, typeId=null, pageNum=1, pageSize=10, startTime=, endTime=, orderBy=null)
===2018-11-02 10:49:10.678 INFO  com.clothing.manage.controller.ProductController Line:37  - 【商品】 分页查询商品校核，参数productExtension=ProductExtension(productName=, productId=null, productCode=null, isPutAway=null, typeId=null, pageNum=1, pageSize=10, startTime=, endTime=, orderBy=null)
