===2018-10-29 20:58:58.963 INFO  com.clothing.web.ClothingWebApplication Line:50  - Starting ClothingWebApplication on DESKTOP-SJ98RT1 with PID 98528 (D:\ccz\clothing\clothing-web\target\classes started by z in D:\ccz\clothing\clothing-web-page)
===2018-10-29 20:58:58.965 INFO  com.clothing.web.ClothingWebApplication Line:684 - The following profiles are active: dev
===2018-10-29 20:58:59.063 INFO  org.springframework.boot.web.servlet.context.AnnotationConfigServletWebServerApplicationContext Line:590 - Refreshing org.springframework.boot.web.servlet.context.AnnotationConfigServletWebServerApplicationContext@1283bb96: startup date [Mon Oct 29 20:58:59 CST 2018]; root of context hierarchy
===2018-10-29 20:59:00.433 INFO  org.springframework.boot.web.embedded.tomcat.TomcatWebServer Line:91  - Tomcat initialized with port(s): 8013 (http)
===2018-10-29 20:59:00.600 INFO  org.springframework.web.context.ContextLoader Line:285 - Root WebApplicationContext: initialization completed in 1537 ms
===2018-10-29 20:59:00.682 INFO  org.springframework.boot.web.servlet.ServletRegistrationBean Line:187 - Servlet dispatcherServlet mapped to [/]
===2018-10-29 20:59:00.687 INFO  org.springframework.boot.web.servlet.FilterRegistrationBean Line:245 - Mapping filter: 'characterEncodingFilter' to: [/*]
===2018-10-29 20:59:00.687 INFO  org.springframework.boot.web.servlet.FilterRegistrationBean Line:245 - Mapping filter: 'hiddenHttpMethodFilter' to: [/*]
===2018-10-29 20:59:00.687 INFO  org.springframework.boot.web.servlet.FilterRegistrationBean Line:245 - Mapping filter: 'httpPutFormContentFilter' to: [/*]
===2018-10-29 20:59:00.687 INFO  org.springframework.boot.web.servlet.FilterRegistrationBean Line:245 - Mapping filter: 'requestContextFilter' to: [/*]
===2018-10-29 20:59:00.687 INFO  org.springframework.boot.web.servlet.FilterRegistrationBean Line:245 - Mapping filter: 'resourceUrlEncodingFilter' to: [/*]
===2018-10-29 20:59:01.486 INFO  org.springframework.web.servlet.handler.SimpleUrlHandlerMapping Line:373 - Mapped URL path [/**/favicon.ico] onto handler of type [class org.springframework.web.servlet.resource.ResourceHttpRequestHandler]
===2018-10-29 20:59:01.868 INFO  org.springframework.web.servlet.mvc.method.annotation.RequestMappingHandlerAdapter Line:588 - Looking for @ControllerAdvice: org.springframework.boot.web.servlet.context.AnnotationConfigServletWebServerApplicationContext@1283bb96: startup date [Mon Oct 29 20:58:59 CST 2018]; root of context hierarchy
===2018-10-29 20:59:01.922 INFO  org.springframework.web.servlet.mvc.method.annotation.RequestMappingHandlerMapping Line:549 - Mapped "{[/banner/getBanners],methods=[POST]}" onto public org.springframework.http.ResponseEntity com.clothing.web.controller.BannerController.getBanners(java.lang.String)
===2018-10-29 20:59:01.924 INFO  org.springframework.web.servlet.mvc.method.annotation.RequestMappingHandlerMapping Line:549 - Mapped "{[/cartProduct/addCartProduct],methods=[POST]}" onto public org.springframework.http.ResponseEntity com.clothing.web.controller.CartProductController.addCartProduct(com.clothing.web.model.CartProduct)
===2018-10-29 20:59:01.925 INFO  org.springframework.web.servlet.mvc.method.annotation.RequestMappingHandlerMapping Line:549 - Mapped "{[/cartProduct/getCartProductByMid],methods=[GET]}" onto public org.springframework.http.ResponseEntity com.clothing.web.controller.CartProductController.getCartProductByMid(java.lang.Integer,java.lang.Integer,java.lang.Integer)
===2018-10-29 20:59:01.925 INFO  org.springframework.web.servlet.mvc.method.annotation.RequestMappingHandlerMapping Line:549 - Mapped "{[/cartProduct/modifyCartProductById],methods=[POST]}" onto public org.springframework.http.ResponseEntity com.clothing.web.controller.CartProductController.modifyCartProductById(java.lang.Integer,java.lang.Integer)
===2018-10-29 20:59:01.925 INFO  org.springframework.web.servlet.mvc.method.annotation.RequestMappingHandlerMapping Line:549 - Mapped "{[/cartProduct/delCartProductById],methods=[POST]}" onto public org.springframework.http.ResponseEntity com.clothing.web.controller.CartProductController.delCartProductById(java.lang.Integer)
===2018-10-29 20:59:01.926 INFO  org.springframework.web.servlet.mvc.method.annotation.RequestMappingHandlerMapping Line:549 - Mapped "{[/product/getProductPage],methods=[POST]}" onto public org.springframework.http.ResponseEntity com.clothing.web.controller.ProductController.getProductPage(java.lang.Integer,java.lang.Integer)
===2018-10-29 20:59:01.926 INFO  org.springframework.web.servlet.mvc.method.annotation.RequestMappingHandlerMapping Line:549 - Mapped "{[/productImg/getProductPage],methods=[GET]}" onto public org.springframework.http.ResponseEntity com.clothing.web.controller.ProductImgController.getProductPage(java.lang.Integer)
===2018-10-29 20:59:01.927 INFO  org.springframework.web.servlet.mvc.method.annotation.RequestMappingHandlerMapping Line:549 - Mapped "{[/productStandard/getProductStandardById],methods=[GET]}" onto public org.springframework.http.ResponseEntity com.clothing.web.controller.ProductStandardController.getProductStandardById(java.lang.Integer)
===2018-10-29 20:59:01.932 INFO  org.springframework.web.servlet.mvc.method.annotation.RequestMappingHandlerMapping Line:549 - Mapped "{[/error]}" onto public org.springframework.http.ResponseEntity<java.util.Map<java.lang.String, java.lang.Object>> org.springframework.boot.autoconfigure.web.servlet.error.BasicErrorController.error(javax.servlet.http.HttpServletRequest)
===2018-10-29 20:59:01.933 INFO  org.springframework.web.servlet.mvc.method.annotation.RequestMappingHandlerMapping Line:549 - Mapped "{[/error],produces=[text/html]}" onto public org.springframework.web.servlet.ModelAndView org.springframework.boot.autoconfigure.web.servlet.error.BasicErrorController.errorHtml(javax.servlet.http.HttpServletRequest,javax.servlet.http.HttpServletResponse)
===2018-10-29 20:59:01.962 INFO  org.springframework.web.servlet.handler.SimpleUrlHandlerMapping Line:373 - Mapped URL path [/webjars/**] onto handler of type [class org.springframework.web.servlet.resource.ResourceHttpRequestHandler]
===2018-10-29 20:59:01.962 INFO  org.springframework.web.servlet.handler.SimpleUrlHandlerMapping Line:373 - Mapped URL path [/**] onto handler of type [class org.springframework.web.servlet.resource.ResourceHttpRequestHandler]
===2018-10-29 20:59:02.308 INFO  org.springframework.jmx.export.annotation.AnnotationMBeanExporter Line:433 - Registering beans for JMX exposure on startup
===2018-10-29 20:59:02.310 INFO  org.springframework.jmx.export.annotation.AnnotationMBeanExporter Line:895 - Bean with name 'dataSource' has been autodetected for JMX exposure
===2018-10-29 20:59:02.314 INFO  org.springframework.jmx.export.annotation.AnnotationMBeanExporter Line:668 - Located MBean 'dataSource': registering with JMX server as MBean [com.zaxxer.hikari:name=dataSource,type=HikariDataSource]
===2018-10-29 20:59:02.357 INFO  org.springframework.boot.web.embedded.tomcat.TomcatWebServer Line:206 - Tomcat started on port(s): 8013 (http) with context path ''
===2018-10-29 20:59:02.360 INFO  com.clothing.web.ClothingWebApplication Line:59  - Started ClothingWebApplication in 4.02 seconds (JVM running for 5.112)
===2018-10-29 20:59:38.395 INFO  com.clothing.web.ClothingWebApplication Line:50  - Starting ClothingWebApplication on DESKTOP-SJ98RT1 with PID 86676 (D:\ccz\clothing\clothing-web\target\classes started by z in D:\ccz\clothing\clothing-web-page)
===2018-10-29 20:59:38.397 INFO  com.clothing.web.ClothingWebApplication Line:684 - The following profiles are active: dev
===2018-10-29 20:59:38.481 INFO  org.springframework.boot.web.servlet.context.AnnotationConfigServletWebServerApplicationContext Line:590 - Refreshing org.springframework.boot.web.servlet.context.AnnotationConfigServletWebServerApplicationContext@130d63be: startup date [Mon Oct 29 20:59:38 CST 2018]; root of context hierarchy
===2018-10-29 20:59:39.911 INFO  org.springframework.boot.web.embedded.tomcat.TomcatWebServer Line:91  - Tomcat initialized with port(s): 8013 (http)
===2018-10-29 20:59:40.061 INFO  org.springframework.web.context.ContextLoader Line:285 - Root WebApplicationContext: initialization completed in 1580 ms
===2018-10-29 20:59:40.137 INFO  org.springframework.boot.web.servlet.ServletRegistrationBean Line:187 - Servlet dispatcherServlet mapped to [/]
===2018-10-29 20:59:40.140 INFO  org.springframework.boot.web.servlet.FilterRegistrationBean Line:245 - Mapping filter: 'characterEncodingFilter' to: [/*]
===2018-10-29 20:59:40.141 INFO  org.springframework.boot.web.servlet.FilterRegistrationBean Line:245 - Mapping filter: 'hiddenHttpMethodFilter' to: [/*]
===2018-10-29 20:59:40.141 INFO  org.springframework.boot.web.servlet.FilterRegistrationBean Line:245 - Mapping filter: 'httpPutFormContentFilter' to: [/*]
===2018-10-29 20:59:40.141 INFO  org.springframework.boot.web.servlet.FilterRegistrationBean Line:245 - Mapping filter: 'requestContextFilter' to: [/*]
===2018-10-29 20:59:40.141 INFO  org.springframework.boot.web.servlet.FilterRegistrationBean Line:245 - Mapping filter: 'resourceUrlEncodingFilter' to: [/*]
===2018-10-29 20:59:40.822 INFO  org.springframework.web.servlet.handler.SimpleUrlHandlerMapping Line:373 - Mapped URL path [/**/favicon.ico] onto handler of type [class org.springframework.web.servlet.resource.ResourceHttpRequestHandler]
===2018-10-29 20:59:41.084 INFO  org.springframework.web.servlet.mvc.method.annotation.RequestMappingHandlerAdapter Line:588 - Looking for @ControllerAdvice: org.springframework.boot.web.servlet.context.AnnotationConfigServletWebServerApplicationContext@130d63be: startup date [Mon Oct 29 20:59:38 CST 2018]; root of context hierarchy
===2018-10-29 20:59:41.132 INFO  org.springframework.web.servlet.mvc.method.annotation.RequestMappingHandlerMapping Line:549 - Mapped "{[/banner/getBanners],methods=[POST]}" onto public org.springframework.http.ResponseEntity com.clothing.web.controller.BannerController.getBanners(java.lang.String)
===2018-10-29 20:59:41.135 INFO  org.springframework.web.servlet.mvc.method.annotation.RequestMappingHandlerMapping Line:549 - Mapped "{[/cartProduct/addCartProduct],methods=[POST]}" onto public org.springframework.http.ResponseEntity com.clothing.web.controller.CartProductController.addCartProduct(com.clothing.web.model.CartProduct)
===2018-10-29 20:59:41.135 INFO  org.springframework.web.servlet.mvc.method.annotation.RequestMappingHandlerMapping Line:549 - Mapped "{[/cartProduct/delCartProductById],methods=[POST]}" onto public org.springframework.http.ResponseEntity com.clothing.web.controller.CartProductController.delCartProductById(java.lang.Integer)
===2018-10-29 20:59:41.136 INFO  org.springframework.web.servlet.mvc.method.annotation.RequestMappingHandlerMapping Line:549 - Mapped "{[/cartProduct/getCartProductByMid],methods=[GET]}" onto public org.springframework.http.ResponseEntity com.clothing.web.controller.CartProductController.getCartProductByMid(java.lang.Integer,java.lang.Integer,java.lang.Integer)
===2018-10-29 20:59:41.136 INFO  org.springframework.web.servlet.mvc.method.annotation.RequestMappingHandlerMapping Line:549 - Mapped "{[/cartProduct/modifyCartProductById],methods=[POST]}" onto public org.springframework.http.ResponseEntity com.clothing.web.controller.CartProductController.modifyCartProductById(java.lang.Integer,java.lang.Integer)
===2018-10-29 20:59:41.136 INFO  org.springframework.web.servlet.mvc.method.annotation.RequestMappingHandlerMapping Line:549 - Mapped "{[/product/getProductPage],methods=[POST]}" onto public org.springframework.http.ResponseEntity com.clothing.web.controller.ProductController.getProductPage(java.lang.Integer,java.lang.Integer)
===2018-10-29 20:59:41.137 INFO  org.springframework.web.servlet.mvc.method.annotation.RequestMappingHandlerMapping Line:549 - Mapped "{[/productImg/getProductPage],methods=[GET]}" onto public org.springframework.http.ResponseEntity com.clothing.web.controller.ProductImgController.getProductPage(java.lang.Integer)
===2018-10-29 20:59:41.138 INFO  org.springframework.web.servlet.mvc.method.annotation.RequestMappingHandlerMapping Line:549 - Mapped "{[/productStandard/getProductStandardById],methods=[GET]}" onto public org.springframework.http.ResponseEntity com.clothing.web.controller.ProductStandardController.getProductStandardById(java.lang.Integer)
===2018-10-29 20:59:41.143 INFO  org.springframework.web.servlet.mvc.method.annotation.RequestMappingHandlerMapping Line:549 - Mapped "{[/error]}" onto public org.springframework.http.ResponseEntity<java.util.Map<java.lang.String, java.lang.Object>> org.springframework.boot.autoconfigure.web.servlet.error.BasicErrorController.error(javax.servlet.http.HttpServletRequest)
===2018-10-29 20:59:41.144 INFO  org.springframework.web.servlet.mvc.method.annotation.RequestMappingHandlerMapping Line:549 - Mapped "{[/error],produces=[text/html]}" onto public org.springframework.web.servlet.ModelAndView org.springframework.boot.autoconfigure.web.servlet.error.BasicErrorController.errorHtml(javax.servlet.http.HttpServletRequest,javax.servlet.http.HttpServletResponse)
===2018-10-29 20:59:41.176 INFO  org.springframework.web.servlet.handler.SimpleUrlHandlerMapping Line:373 - Mapped URL path [/webjars/**] onto handler of type [class org.springframework.web.servlet.resource.ResourceHttpRequestHandler]
===2018-10-29 20:59:41.177 INFO  org.springframework.web.servlet.handler.SimpleUrlHandlerMapping Line:373 - Mapped URL path [/**] onto handler of type [class org.springframework.web.servlet.resource.ResourceHttpRequestHandler]
===2018-10-29 20:59:41.517 INFO  org.springframework.jmx.export.annotation.AnnotationMBeanExporter Line:433 - Registering beans for JMX exposure on startup
===2018-10-29 20:59:41.518 INFO  org.springframework.jmx.export.annotation.AnnotationMBeanExporter Line:895 - Bean with name 'dataSource' has been autodetected for JMX exposure
===2018-10-29 20:59:41.523 INFO  org.springframework.jmx.export.annotation.AnnotationMBeanExporter Line:668 - Located MBean 'dataSource': registering with JMX server as MBean [com.zaxxer.hikari:name=dataSource,type=HikariDataSource]
===2018-10-29 20:59:41.571 INFO  org.springframework.boot.web.embedded.tomcat.TomcatWebServer Line:206 - Tomcat started on port(s): 8013 (http) with context path ''
===2018-10-29 20:59:41.574 INFO  com.clothing.web.ClothingWebApplication Line:59  - Started ClothingWebApplication in 3.601 seconds (JVM running for 4.553)
===2018-10-29 21:01:20.386 INFO  org.springframework.web.servlet.DispatcherServlet Line:494 - FrameworkServlet 'dispatcherServlet': initialization started
===2018-10-29 21:01:20.407 INFO  org.springframework.web.servlet.DispatcherServlet Line:509 - FrameworkServlet 'dispatcherServlet': initialization completed in 21 ms
===2018-10-29 21:01:20.436 INFO  com.clothing.web.controller.ProductController Line:36  - 【标题】 参数groupKey=GROUP_HOME
===2018-10-29 21:01:20.436 INFO  com.clothing.web.controller.ProductController Line:41  - 【商品】 分页参数pageSize=10,pageNum=1
===2018-10-29 21:01:20.436 INFO  com.clothing.web.controller.CartProductController Line:47  - 【购物车】  参数memberId=1,pageNum=1,pageSize=10
===2018-10-29 21:01:21.330 INFO  com.clothing.web.controller.ProductController Line:44  - 【商品】 返回接口pageInfo=PageInfo{pageNum=1, pageSize=10, size=4, startRow=1, endRow=4, total=4, pages=1, list=Page{count=true, pageNum=1, pageSize=10, startRow=0, endRow=10, total=4, pages=1, reasonable=true, pageSizeZero=false}, prePage=0, nextPage=0, isFirstPage=true, isLastPage=true, hasPreviousPage=false, hasNextPage=false, navigatePages=8, navigateFirstPage=1, navigateLastPage=1, navigatepageNums=[1]}
===2018-10-29 22:19:25.868 INFO  com.clothing.manage.ClothingManageApplication Line:50  - Starting ClothingManageApplication on DESKTOP-SJ98RT1 with PID 70216 (D:\ccz\clothing\clothing-manage\target\classes started by z in D:\ccz\clothing\clothing-web-page)
===2018-10-29 22:19:25.869 INFO  com.clothing.manage.ClothingManageApplication Line:658 - The following profiles are active: dev
===2018-10-29 22:19:25.952 INFO  org.springframework.boot.web.servlet.context.AnnotationConfigServletWebServerApplicationContext Line:588 - Refreshing org.springframework.boot.web.servlet.context.AnnotationConfigServletWebServerApplicationContext@35e2d654: startup date [Mon Oct 29 22:19:25 CST 2018]; root of context hierarchy
===2018-10-29 22:19:27.418 INFO  org.springframework.boot.web.embedded.tomcat.TomcatWebServer Line:91  - Tomcat initialized with port(s): 8023 (http)
===2018-10-29 22:19:27.642 INFO  org.springframework.web.context.ContextLoader Line:285 - Root WebApplicationContext: initialization completed in 1690 ms
===2018-10-29 22:19:27.746 INFO  org.springframework.boot.web.servlet.ServletRegistrationBean Line:187 - Servlet dispatcherServlet mapped to [/]
===2018-10-29 22:19:27.751 INFO  org.springframework.boot.web.servlet.FilterRegistrationBean Line:245 - Mapping filter: 'characterEncodingFilter' to: [/*]
===2018-10-29 22:19:27.751 INFO  org.springframework.boot.web.servlet.FilterRegistrationBean Line:245 - Mapping filter: 'hiddenHttpMethodFilter' to: [/*]
===2018-10-29 22:19:27.751 INFO  org.springframework.boot.web.servlet.FilterRegistrationBean Line:245 - Mapping filter: 'httpPutFormContentFilter' to: [/*]
===2018-10-29 22:19:27.751 INFO  org.springframework.boot.web.servlet.FilterRegistrationBean Line:245 - Mapping filter: 'requestContextFilter' to: [/*]
===2018-10-29 22:19:27.752 INFO  org.springframework.boot.web.servlet.FilterRegistrationBean Line:245 - Mapping filter: 'resourceUrlEncodingFilter' to: [/*]
===2018-10-29 22:23:07.406 INFO  com.clothing.manage.ClothingManageApplication Line:50  - Starting ClothingManageApplication on DESKTOP-SJ98RT1 with PID 61392 (D:\ccz\clothing\clothing-manage\target\classes started by z in D:\ccz\clothing\clothing-web-page)
===2018-10-29 22:23:07.409 INFO  com.clothing.manage.ClothingManageApplication Line:658 - The following profiles are active: dev
===2018-10-29 22:23:07.544 INFO  org.springframework.boot.web.servlet.context.AnnotationConfigServletWebServerApplicationContext Line:588 - Refreshing org.springframework.boot.web.servlet.context.AnnotationConfigServletWebServerApplicationContext@289710d9: startup date [Mon Oct 29 22:23:07 CST 2018]; root of context hierarchy
===2018-10-29 22:23:08.966 INFO  org.springframework.boot.web.embedded.tomcat.TomcatWebServer Line:91  - Tomcat initialized with port(s): 8023 (http)
===2018-10-29 22:23:09.132 INFO  org.springframework.web.context.ContextLoader Line:285 - Root WebApplicationContext: initialization completed in 1588 ms
===2018-10-29 22:23:09.222 INFO  org.springframework.boot.web.servlet.ServletRegistrationBean Line:187 - Servlet dispatcherServlet mapped to [/]
===2018-10-29 22:23:09.225 INFO  org.springframework.boot.web.servlet.FilterRegistrationBean Line:245 - Mapping filter: 'characterEncodingFilter' to: [/*]
===2018-10-29 22:23:09.226 INFO  org.springframework.boot.web.servlet.FilterRegistrationBean Line:245 - Mapping filter: 'hiddenHttpMethodFilter' to: [/*]
===2018-10-29 22:23:09.226 INFO  org.springframework.boot.web.servlet.FilterRegistrationBean Line:245 - Mapping filter: 'httpPutFormContentFilter' to: [/*]
===2018-10-29 22:23:09.226 INFO  org.springframework.boot.web.servlet.FilterRegistrationBean Line:245 - Mapping filter: 'requestContextFilter' to: [/*]
===2018-10-29 22:23:09.226 INFO  org.springframework.boot.web.servlet.FilterRegistrationBean Line:245 - Mapping filter: 'resourceUrlEncodingFilter' to: [/*]
===2018-10-29 22:23:09.924 INFO  org.springframework.web.servlet.handler.SimpleUrlHandlerMapping Line:373 - Mapped URL path [/**/favicon.ico] onto handler of type [class org.springframework.web.servlet.resource.ResourceHttpRequestHandler]
===2018-10-29 22:23:10.246 INFO  org.springframework.web.servlet.mvc.method.annotation.RequestMappingHandlerAdapter Line:588 - Looking for @ControllerAdvice: org.springframework.boot.web.servlet.context.AnnotationConfigServletWebServerApplicationContext@289710d9: startup date [Mon Oct 29 22:23:07 CST 2018]; root of context hierarchy
===2018-10-29 22:23:10.304 INFO  org.springframework.web.servlet.mvc.method.annotation.RequestMappingHandlerMapping Line:549 - Mapped "{[/menu/getMenuListByUserId],methods=[GET]}" onto public java.util.List<java.util.Map> com.clothing.manage.controller.MenuController.getMenuListByUserId()
===2018-10-29 22:23:10.309 INFO  org.springframework.web.servlet.mvc.method.annotation.RequestMappingHandlerMapping Line:549 - Mapped "{[/error]}" onto public org.springframework.http.ResponseEntity<java.util.Map<java.lang.String, java.lang.Object>> org.springframework.boot.autoconfigure.web.servlet.error.BasicErrorController.error(javax.servlet.http.HttpServletRequest)
===2018-10-29 22:23:10.310 INFO  org.springframework.web.servlet.mvc.method.annotation.RequestMappingHandlerMapping Line:549 - Mapped "{[/error],produces=[text/html]}" onto public org.springframework.web.servlet.ModelAndView org.springframework.boot.autoconfigure.web.servlet.error.BasicErrorController.errorHtml(javax.servlet.http.HttpServletRequest,javax.servlet.http.HttpServletResponse)
===2018-10-29 22:23:10.350 INFO  org.springframework.web.servlet.handler.SimpleUrlHandlerMapping Line:373 - Mapped URL path [/webjars/**] onto handler of type [class org.springframework.web.servlet.resource.ResourceHttpRequestHandler]
===2018-10-29 22:23:10.350 INFO  org.springframework.web.servlet.handler.SimpleUrlHandlerMapping Line:373 - Mapped URL path [/**] onto handler of type [class org.springframework.web.servlet.resource.ResourceHttpRequestHandler]
===2018-10-29 22:23:10.994 INFO  org.springframework.jmx.export.annotation.AnnotationMBeanExporter Line:433 - Registering beans for JMX exposure on startup
===2018-10-29 22:23:10.996 INFO  org.springframework.jmx.export.annotation.AnnotationMBeanExporter Line:895 - Bean with name 'dataSource' has been autodetected for JMX exposure
===2018-10-29 22:23:11.001 INFO  org.springframework.jmx.export.annotation.AnnotationMBeanExporter Line:668 - Located MBean 'dataSource': registering with JMX server as MBean [com.zaxxer.hikari:name=dataSource,type=HikariDataSource]
===2018-10-29 22:23:11.060 INFO  org.springframework.boot.web.embedded.tomcat.TomcatWebServer Line:206 - Tomcat started on port(s): 8023 (http) with context path ''
===2018-10-29 22:23:11.067 INFO  com.clothing.manage.ClothingManageApplication Line:59  - Started ClothingManageApplication in 4.252 seconds (JVM running for 5.544)
===2018-10-29 22:23:26.871 INFO  org.springframework.web.servlet.DispatcherServlet Line:494 - FrameworkServlet 'dispatcherServlet': initialization started
===2018-10-29 22:23:26.901 INFO  org.springframework.web.servlet.DispatcherServlet Line:509 - FrameworkServlet 'dispatcherServlet': initialization completed in 30 ms
===2018-10-29 22:24:56.317 INFO  com.clothing.manage.ClothingManageApplication Line:50  - Starting ClothingManageApplication on DESKTOP-SJ98RT1 with PID 35104 (D:\ccz\clothing\clothing-manage\target\classes started by z in D:\ccz\clothing\clothing-web-page)
===2018-10-29 22:24:56.318 INFO  com.clothing.manage.ClothingManageApplication Line:658 - The following profiles are active: dev
===2018-10-29 22:24:56.423 INFO  org.springframework.boot.web.servlet.context.AnnotationConfigServletWebServerApplicationContext Line:588 - Refreshing org.springframework.boot.web.servlet.context.AnnotationConfigServletWebServerApplicationContext@6b8d96d9: startup date [Mon Oct 29 22:24:56 CST 2018]; root of context hierarchy
===2018-10-29 22:24:57.695 INFO  org.springframework.context.support.PostProcessorRegistrationDelegate$BeanPostProcessorChecker Line:326 - Bean 'org.springframework.transaction.annotation.ProxyTransactionManagementConfiguration' of type [org.springframework.transaction.annotation.ProxyTransactionManagementConfiguration$$EnhancerBySpringCGLIB$$8c519ebf] is not eligible for getting processed by all BeanPostProcessors (for example: not eligible for auto-proxying)
===2018-10-29 22:24:58.181 INFO  org.springframework.boot.web.embedded.tomcat.TomcatWebServer Line:91  - Tomcat initialized with port(s): 8023 (http)
===2018-10-29 22:24:58.400 INFO  org.springframework.web.context.ContextLoader Line:285 - Root WebApplicationContext: initialization completed in 1977 ms
===2018-10-29 22:24:58.575 INFO  org.springframework.boot.web.servlet.ServletRegistrationBean Line:187 - Servlet dispatcherServlet mapped to [/]
===2018-10-29 22:24:58.582 INFO  org.springframework.boot.web.servlet.FilterRegistrationBean Line:245 - Mapping filter: 'characterEncodingFilter' to: [/*]
===2018-10-29 22:24:58.583 INFO  org.springframework.boot.web.servlet.FilterRegistrationBean Line:245 - Mapping filter: 'hiddenHttpMethodFilter' to: [/*]
===2018-10-29 22:24:58.583 INFO  org.springframework.boot.web.servlet.FilterRegistrationBean Line:245 - Mapping filter: 'httpPutFormContentFilter' to: [/*]
===2018-10-29 22:24:58.583 INFO  org.springframework.boot.web.servlet.FilterRegistrationBean Line:245 - Mapping filter: 'requestContextFilter' to: [/*]
===2018-10-29 22:24:58.583 INFO  org.springframework.boot.web.servlet.FilterRegistrationBean Line:245 - Mapping filter: 'resourceUrlEncodingFilter' to: [/*]
===2018-10-29 22:24:59.770 INFO  org.springframework.web.servlet.mvc.method.annotation.RequestMappingHandlerMapping Line:549 - Mapped "{[/menu/getMenuListByUserId],methods=[GET]}" onto public java.util.List<java.util.Map> com.clothing.manage.controller.MenuController.getMenuListByUserId()
===2018-10-29 22:24:59.774 INFO  org.springframework.web.servlet.mvc.method.annotation.RequestMappingHandlerMapping Line:549 - Mapped "{[/v2/api-docs],methods=[GET],produces=[application/json || application/hal+json]}" onto public org.springframework.http.ResponseEntity<springfox.documentation.spring.web.json.Json> springfox.documentation.swagger2.web.Swagger2Controller.getDocumentation(java.lang.String,javax.servlet.http.HttpServletRequest)
===2018-10-29 22:24:59.779 INFO  org.springframework.web.servlet.mvc.method.annotation.RequestMappingHandlerMapping Line:549 - Mapped "{[/swagger-resources/configuration/security]}" onto org.springframework.http.ResponseEntity<springfox.documentation.swagger.web.SecurityConfiguration> springfox.documentation.swagger.web.ApiResourceController.securityConfiguration()
===2018-10-29 22:24:59.780 INFO  org.springframework.web.servlet.mvc.method.annotation.RequestMappingHandlerMapping Line:549 - Mapped "{[/swagger-resources/configuration/ui]}" onto org.springframework.http.ResponseEntity<springfox.documentation.swagger.web.UiConfiguration> springfox.documentation.swagger.web.ApiResourceController.uiConfiguration()
===2018-10-29 22:24:59.781 INFO  org.springframework.web.servlet.mvc.method.annotation.RequestMappingHandlerMapping Line:549 - Mapped "{[/swagger-resources]}" onto org.springframework.http.ResponseEntity<java.util.List<springfox.documentation.swagger.web.SwaggerResource>> springfox.documentation.swagger.web.ApiResourceController.swaggerResources()
===2018-10-29 22:24:59.787 INFO  org.springframework.web.servlet.mvc.method.annotation.RequestMappingHandlerMapping Line:549 - Mapped "{[/error]}" onto public org.springframework.http.ResponseEntity<java.util.Map<java.lang.String, java.lang.Object>> org.springframework.boot.autoconfigure.web.servlet.error.BasicErrorController.error(javax.servlet.http.HttpServletRequest)
===2018-10-29 22:24:59.787 INFO  org.springframework.web.servlet.mvc.method.annotation.RequestMappingHandlerMapping Line:549 - Mapped "{[/error],produces=[text/html]}" onto public org.springframework.web.servlet.ModelAndView org.springframework.boot.autoconfigure.web.servlet.error.BasicErrorController.errorHtml(javax.servlet.http.HttpServletRequest,javax.servlet.http.HttpServletResponse)
===2018-10-29 22:25:00.037 INFO  org.springframework.web.servlet.handler.SimpleUrlHandlerMapping Line:373 - Mapped URL path [/**/favicon.ico] onto handler of type [class org.springframework.web.servlet.resource.ResourceHttpRequestHandler]
===2018-10-29 22:25:00.248 INFO  org.springframework.web.servlet.mvc.method.annotation.RequestMappingHandlerAdapter Line:588 - Looking for @ControllerAdvice: org.springframework.boot.web.servlet.context.AnnotationConfigServletWebServerApplicationContext@6b8d96d9: startup date [Mon Oct 29 22:24:56 CST 2018]; root of context hierarchy
===2018-10-29 22:25:00.315 INFO  org.springframework.web.servlet.handler.SimpleUrlHandlerMapping Line:373 - Mapped URL path [/webjars/**] onto handler of type [class org.springframework.web.servlet.resource.ResourceHttpRequestHandler]
===2018-10-29 22:25:00.315 INFO  org.springframework.web.servlet.handler.SimpleUrlHandlerMapping Line:373 - Mapped URL path [/**] onto handler of type [class org.springframework.web.servlet.resource.ResourceHttpRequestHandler]
===2018-10-29 22:25:00.825 INFO  org.springframework.jmx.export.annotation.AnnotationMBeanExporter Line:433 - Registering beans for JMX exposure on startup
===2018-10-29 22:25:00.827 INFO  org.springframework.jmx.export.annotation.AnnotationMBeanExporter Line:895 - Bean with name 'dataSource' has been autodetected for JMX exposure
===2018-10-29 22:25:00.834 INFO  org.springframework.jmx.export.annotation.AnnotationMBeanExporter Line:668 - Located MBean 'dataSource': registering with JMX server as MBean [com.zaxxer.hikari:name=dataSource,type=HikariDataSource]
===2018-10-29 22:25:00.839 INFO  org.springframework.context.support.DefaultLifecycleProcessor Line:356 - Starting beans in phase 2147483647
===2018-10-29 22:25:01.130 INFO  org.springframework.boot.web.embedded.tomcat.TomcatWebServer Line:206 - Tomcat started on port(s): 8023 (http) with context path ''
===2018-10-29 22:25:01.135 INFO  com.clothing.manage.ClothingManageApplication Line:59  - Started ClothingManageApplication in 5.353 seconds (JVM running for 6.526)
===2018-10-29 22:25:15.841 INFO  org.springframework.web.servlet.DispatcherServlet Line:494 - FrameworkServlet 'dispatcherServlet': initialization started
===2018-10-29 22:25:15.867 INFO  org.springframework.web.servlet.DispatcherServlet Line:509 - FrameworkServlet 'dispatcherServlet': initialization completed in 26 ms
===2018-10-29 22:28:10.413 INFO  com.clothing.manage.ClothingManageApplication Line:50  - Starting ClothingManageApplication on DESKTOP-SJ98RT1 with PID 98112 (D:\ccz\clothing\clothing-manage\target\classes started by z in D:\ccz\clothing\clothing-web-page)
===2018-10-29 22:28:10.415 INFO  com.clothing.manage.ClothingManageApplication Line:658 - The following profiles are active: dev
===2018-10-29 22:28:10.514 INFO  org.springframework.boot.web.servlet.context.AnnotationConfigServletWebServerApplicationContext Line:588 - Refreshing org.springframework.boot.web.servlet.context.AnnotationConfigServletWebServerApplicationContext@77b14724: startup date [Mon Oct 29 22:28:10 CST 2018]; root of context hierarchy
===2018-10-29 22:28:11.841 INFO  org.springframework.context.support.PostProcessorRegistrationDelegate$BeanPostProcessorChecker Line:326 - Bean 'org.springframework.transaction.annotation.ProxyTransactionManagementConfiguration' of type [org.springframework.transaction.annotation.ProxyTransactionManagementConfiguration$$EnhancerBySpringCGLIB$$eb2c40ff] is not eligible for getting processed by all BeanPostProcessors (for example: not eligible for auto-proxying)
===2018-10-29 22:28:12.407 INFO  org.springframework.boot.web.embedded.tomcat.TomcatWebServer Line:91  - Tomcat initialized with port(s): 8023 (http)
===2018-10-29 22:28:12.599 INFO  org.springframework.web.context.ContextLoader Line:285 - Root WebApplicationContext: initialization completed in 2085 ms
===2018-10-29 22:28:12.705 INFO  org.springframework.boot.web.servlet.ServletRegistrationBean Line:187 - Servlet dispatcherServlet mapped to [/]
===2018-10-29 22:28:12.709 INFO  org.springframework.boot.web.servlet.FilterRegistrationBean Line:245 - Mapping filter: 'characterEncodingFilter' to: [/*]
===2018-10-29 22:28:12.709 INFO  org.springframework.boot.web.servlet.FilterRegistrationBean Line:245 - Mapping filter: 'hiddenHttpMethodFilter' to: [/*]
===2018-10-29 22:28:12.709 INFO  org.springframework.boot.web.servlet.FilterRegistrationBean Line:245 - Mapping filter: 'httpPutFormContentFilter' to: [/*]
===2018-10-29 22:28:12.710 INFO  org.springframework.boot.web.servlet.FilterRegistrationBean Line:245 - Mapping filter: 'requestContextFilter' to: [/*]
===2018-10-29 22:28:12.710 INFO  org.springframework.boot.web.servlet.FilterRegistrationBean Line:245 - Mapping filter: 'resourceUrlEncodingFilter' to: [/*]
===2018-10-29 22:28:13.747 INFO  org.springframework.web.servlet.mvc.method.annotation.RequestMappingHandlerMapping Line:549 - Mapped "{[/menu/getMenuListByUserId],methods=[GET]}" onto public java.util.List<java.util.Map> com.clothing.manage.controller.MenuController.getMenuListByUserId()
===2018-10-29 22:28:13.751 INFO  org.springframework.web.servlet.mvc.method.annotation.RequestMappingHandlerMapping Line:549 - Mapped "{[/v2/api-docs],methods=[GET],produces=[application/json || application/hal+json]}" onto public org.springframework.http.ResponseEntity<springfox.documentation.spring.web.json.Json> springfox.documentation.swagger2.web.Swagger2Controller.getDocumentation(java.lang.String,javax.servlet.http.HttpServletRequest)
===2018-10-29 22:28:13.755 INFO  org.springframework.web.servlet.mvc.method.annotation.RequestMappingHandlerMapping Line:549 - Mapped "{[/swagger-resources/configuration/security]}" onto org.springframework.http.ResponseEntity<springfox.documentation.swagger.web.SecurityConfiguration> springfox.documentation.swagger.web.ApiResourceController.securityConfiguration()
===2018-10-29 22:28:13.756 INFO  org.springframework.web.servlet.mvc.method.annotation.RequestMappingHandlerMapping Line:549 - Mapped "{[/swagger-resources/configuration/ui]}" onto org.springframework.http.ResponseEntity<springfox.documentation.swagger.web.UiConfiguration> springfox.documentation.swagger.web.ApiResourceController.uiConfiguration()
===2018-10-29 22:28:13.757 INFO  org.springframework.web.servlet.mvc.method.annotation.RequestMappingHandlerMapping Line:549 - Mapped "{[/swagger-resources]}" onto org.springframework.http.ResponseEntity<java.util.List<springfox.documentation.swagger.web.SwaggerResource>> springfox.documentation.swagger.web.ApiResourceController.swaggerResources()
===2018-10-29 22:28:13.763 INFO  org.springframework.web.servlet.mvc.method.annotation.RequestMappingHandlerMapping Line:549 - Mapped "{[/error]}" onto public org.springframework.http.ResponseEntity<java.util.Map<java.lang.String, java.lang.Object>> org.springframework.boot.autoconfigure.web.servlet.error.BasicErrorController.error(javax.servlet.http.HttpServletRequest)
===2018-10-29 22:28:13.763 INFO  org.springframework.web.servlet.mvc.method.annotation.RequestMappingHandlerMapping Line:549 - Mapped "{[/error],produces=[text/html]}" onto public org.springframework.web.servlet.ModelAndView org.springframework.boot.autoconfigure.web.servlet.error.BasicErrorController.errorHtml(javax.servlet.http.HttpServletRequest,javax.servlet.http.HttpServletResponse)
===2018-10-29 22:28:13.984 INFO  org.springframework.web.servlet.handler.SimpleUrlHandlerMapping Line:373 - Mapped URL path [/**/favicon.ico] onto handler of type [class org.springframework.web.servlet.resource.ResourceHttpRequestHandler]
===2018-10-29 22:28:14.164 INFO  org.springframework.web.servlet.mvc.method.annotation.RequestMappingHandlerAdapter Line:588 - Looking for @ControllerAdvice: org.springframework.boot.web.servlet.context.AnnotationConfigServletWebServerApplicationContext@77b14724: startup date [Mon Oct 29 22:28:10 CST 2018]; root of context hierarchy
===2018-10-29 22:28:14.230 INFO  org.springframework.web.servlet.handler.SimpleUrlHandlerMapping Line:373 - Mapped URL path [/webjars/**] onto handler of type [class org.springframework.web.servlet.resource.ResourceHttpRequestHandler]
===2018-10-29 22:28:14.230 INFO  org.springframework.web.servlet.handler.SimpleUrlHandlerMapping Line:373 - Mapped URL path [/**] onto handler of type [class org.springframework.web.servlet.resource.ResourceHttpRequestHandler]
===2018-10-29 22:28:14.719 INFO  org.springframework.jmx.export.annotation.AnnotationMBeanExporter Line:433 - Registering beans for JMX exposure on startup
===2018-10-29 22:28:14.720 INFO  org.springframework.jmx.export.annotation.AnnotationMBeanExporter Line:895 - Bean with name 'dataSource' has been autodetected for JMX exposure
===2018-10-29 22:28:14.726 INFO  org.springframework.jmx.export.annotation.AnnotationMBeanExporter Line:668 - Located MBean 'dataSource': registering with JMX server as MBean [com.zaxxer.hikari:name=dataSource,type=HikariDataSource]
===2018-10-29 22:28:14.731 INFO  org.springframework.context.support.DefaultLifecycleProcessor Line:356 - Starting beans in phase 2147483647
===2018-10-29 22:28:14.995 INFO  org.springframework.boot.web.embedded.tomcat.TomcatWebServer Line:206 - Tomcat started on port(s): 8023 (http) with context path ''
===2018-10-29 22:28:15.005 INFO  com.clothing.manage.ClothingManageApplication Line:59  - Started ClothingManageApplication in 5.11 seconds (JVM running for 6.352)
===2018-10-29 22:28:23.777 INFO  org.springframework.web.servlet.DispatcherServlet Line:494 - FrameworkServlet 'dispatcherServlet': initialization started
===2018-10-29 22:28:23.800 INFO  org.springframework.web.servlet.DispatcherServlet Line:509 - FrameworkServlet 'dispatcherServlet': initialization completed in 23 ms
===2018-10-29 22:30:25.899 INFO  com.clothing.manage.ClothingManageApplication Line:50  - Starting ClothingManageApplication on DESKTOP-SJ98RT1 with PID 116920 (D:\ccz\clothing\clothing-manage\target\classes started by z in D:\ccz\clothing\clothing-web-page)
===2018-10-29 22:30:25.903 INFO  com.clothing.manage.ClothingManageApplication Line:658 - The following profiles are active: dev
===2018-10-29 22:30:25.958 INFO  org.springframework.boot.web.servlet.context.AnnotationConfigServletWebServerApplicationContext Line:588 - Refreshing org.springframework.boot.web.servlet.context.AnnotationConfigServletWebServerApplicationContext@2a640157: startup date [Mon Oct 29 22:30:25 CST 2018]; root of context hierarchy
===2018-10-29 22:30:27.278 INFO  org.springframework.context.support.PostProcessorRegistrationDelegate$BeanPostProcessorChecker Line:326 - Bean 'org.springframework.transaction.annotation.ProxyTransactionManagementConfiguration' of type [org.springframework.transaction.annotation.ProxyTransactionManagementConfiguration$$EnhancerBySpringCGLIB$$d17df014] is not eligible for getting processed by all BeanPostProcessors (for example: not eligible for auto-proxying)
===2018-10-29 22:30:27.710 INFO  org.springframework.boot.web.embedded.tomcat.TomcatWebServer Line:91  - Tomcat initialized with port(s): 8023 (http)
===2018-10-29 22:30:27.889 INFO  org.springframework.web.context.ContextLoader Line:285 - Root WebApplicationContext: initialization completed in 1931 ms
===2018-10-29 22:30:27.981 INFO  org.springframework.boot.web.servlet.ServletRegistrationBean Line:187 - Servlet dispatcherServlet mapped to [/]
===2018-10-29 22:30:27.985 INFO  org.springframework.boot.web.servlet.FilterRegistrationBean Line:245 - Mapping filter: 'characterEncodingFilter' to: [/*]
===2018-10-29 22:30:27.985 INFO  org.springframework.boot.web.servlet.FilterRegistrationBean Line:245 - Mapping filter: 'hiddenHttpMethodFilter' to: [/*]
===2018-10-29 22:30:27.986 INFO  org.springframework.boot.web.servlet.FilterRegistrationBean Line:245 - Mapping filter: 'httpPutFormContentFilter' to: [/*]
===2018-10-29 22:30:27.986 INFO  org.springframework.boot.web.servlet.FilterRegistrationBean Line:245 - Mapping filter: 'requestContextFilter' to: [/*]
===2018-10-29 22:30:27.986 INFO  org.springframework.boot.web.servlet.FilterRegistrationBean Line:245 - Mapping filter: 'resourceUrlEncodingFilter' to: [/*]
===2018-10-29 22:30:28.988 INFO  org.springframework.web.servlet.mvc.method.annotation.RequestMappingHandlerMapping Line:549 - Mapped "{[/menu/getMenuListByUserId],methods=[GET]}" onto public org.springframework.http.ResponseEntity com.clothing.manage.controller.MenuController.getMenuListByUserId()
===2018-10-29 22:30:28.992 INFO  org.springframework.web.servlet.mvc.method.annotation.RequestMappingHandlerMapping Line:549 - Mapped "{[/v2/api-docs],methods=[GET],produces=[application/json || application/hal+json]}" onto public org.springframework.http.ResponseEntity<springfox.documentation.spring.web.json.Json> springfox.documentation.swagger2.web.Swagger2Controller.getDocumentation(java.lang.String,javax.servlet.http.HttpServletRequest)
===2018-10-29 22:30:28.995 INFO  org.springframework.web.servlet.mvc.method.annotation.RequestMappingHandlerMapping Line:549 - Mapped "{[/swagger-resources/configuration/security]}" onto org.springframework.http.ResponseEntity<springfox.documentation.swagger.web.SecurityConfiguration> springfox.documentation.swagger.web.ApiResourceController.securityConfiguration()
===2018-10-29 22:30:28.996 INFO  org.springframework.web.servlet.mvc.method.annotation.RequestMappingHandlerMapping Line:549 - Mapped "{[/swagger-resources/configuration/ui]}" onto org.springframework.http.ResponseEntity<springfox.documentation.swagger.web.UiConfiguration> springfox.documentation.swagger.web.ApiResourceController.uiConfiguration()
===2018-10-29 22:30:28.997 INFO  org.springframework.web.servlet.mvc.method.annotation.RequestMappingHandlerMapping Line:549 - Mapped "{[/swagger-resources]}" onto org.springframework.http.ResponseEntity<java.util.List<springfox.documentation.swagger.web.SwaggerResource>> springfox.documentation.swagger.web.ApiResourceController.swaggerResources()
===2018-10-29 22:30:29.002 INFO  org.springframework.web.servlet.mvc.method.annotation.RequestMappingHandlerMapping Line:549 - Mapped "{[/error]}" onto public org.springframework.http.ResponseEntity<java.util.Map<java.lang.String, java.lang.Object>> org.springframework.boot.autoconfigure.web.servlet.error.BasicErrorController.error(javax.servlet.http.HttpServletRequest)
===2018-10-29 22:30:29.002 INFO  org.springframework.web.servlet.mvc.method.annotation.RequestMappingHandlerMapping Line:549 - Mapped "{[/error],produces=[text/html]}" onto public org.springframework.web.servlet.ModelAndView org.springframework.boot.autoconfigure.web.servlet.error.BasicErrorController.errorHtml(javax.servlet.http.HttpServletRequest,javax.servlet.http.HttpServletResponse)
===2018-10-29 22:30:29.229 INFO  org.springframework.web.servlet.handler.SimpleUrlHandlerMapping Line:373 - Mapped URL path [/**/favicon.ico] onto handler of type [class org.springframework.web.servlet.resource.ResourceHttpRequestHandler]
===2018-10-29 22:30:29.403 INFO  org.springframework.web.servlet.mvc.method.annotation.RequestMappingHandlerAdapter Line:588 - Looking for @ControllerAdvice: org.springframework.boot.web.servlet.context.AnnotationConfigServletWebServerApplicationContext@2a640157: startup date [Mon Oct 29 22:30:25 CST 2018]; root of context hierarchy
===2018-10-29 22:30:29.463 INFO  org.springframework.web.servlet.handler.SimpleUrlHandlerMapping Line:373 - Mapped URL path [/webjars/**] onto handler of type [class org.springframework.web.servlet.resource.ResourceHttpRequestHandler]
===2018-10-29 22:30:29.463 INFO  org.springframework.web.servlet.handler.SimpleUrlHandlerMapping Line:373 - Mapped URL path [/**] onto handler of type [class org.springframework.web.servlet.resource.ResourceHttpRequestHandler]
===2018-10-29 22:30:29.898 INFO  org.springframework.jmx.export.annotation.AnnotationMBeanExporter Line:433 - Registering beans for JMX exposure on startup
===2018-10-29 22:30:29.900 INFO  org.springframework.jmx.export.annotation.AnnotationMBeanExporter Line:895 - Bean with name 'dataSource' has been autodetected for JMX exposure
===2018-10-29 22:30:29.906 INFO  org.springframework.jmx.export.annotation.AnnotationMBeanExporter Line:668 - Located MBean 'dataSource': registering with JMX server as MBean [com.zaxxer.hikari:name=dataSource,type=HikariDataSource]
===2018-10-29 22:30:29.911 INFO  org.springframework.context.support.DefaultLifecycleProcessor Line:356 - Starting beans in phase 2147483647
===2018-10-29 22:30:30.161 INFO  org.springframework.boot.web.embedded.tomcat.TomcatWebServer Line:206 - Tomcat started on port(s): 8023 (http) with context path ''
===2018-10-29 22:30:30.164 INFO  com.clothing.manage.ClothingManageApplication Line:59  - Started ClothingManageApplication in 4.891 seconds (JVM running for 5.995)
===2018-10-29 22:30:36.882 INFO  org.springframework.web.servlet.DispatcherServlet Line:494 - FrameworkServlet 'dispatcherServlet': initialization started
===2018-10-29 22:30:36.909 INFO  org.springframework.web.servlet.DispatcherServlet Line:509 - FrameworkServlet 'dispatcherServlet': initialization completed in 26 ms
===2018-10-29 22:31:40.465 INFO  com.clothing.manage.ClothingManageApplication Line:50  - Starting ClothingManageApplication on DESKTOP-SJ98RT1 with PID 7968 (D:\ccz\clothing\clothing-manage\target\classes started by z in D:\ccz\clothing\clothing-web-page)
===2018-10-29 22:31:40.466 INFO  com.clothing.manage.ClothingManageApplication Line:658 - The following profiles are active: dev
===2018-10-29 22:31:40.552 INFO  org.springframework.boot.web.servlet.context.AnnotationConfigServletWebServerApplicationContext Line:588 - Refreshing org.springframework.boot.web.servlet.context.AnnotationConfigServletWebServerApplicationContext@1477089c: startup date [Mon Oct 29 22:31:40 CST 2018]; root of context hierarchy
===2018-10-29 22:31:41.991 INFO  org.springframework.context.support.PostProcessorRegistrationDelegate$BeanPostProcessorChecker Line:326 - Bean 'org.springframework.transaction.annotation.ProxyTransactionManagementConfiguration' of type [org.springframework.transaction.annotation.ProxyTransactionManagementConfiguration$$EnhancerBySpringCGLIB$$2e2e0c24] is not eligible for getting processed by all BeanPostProcessors (for example: not eligible for auto-proxying)
===2018-10-29 22:31:42.445 INFO  org.springframework.boot.web.embedded.tomcat.TomcatWebServer Line:91  - Tomcat initialized with port(s): 8023 (http)
===2018-10-29 22:31:42.619 INFO  org.springframework.web.context.ContextLoader Line:285 - Root WebApplicationContext: initialization completed in 2067 ms
===2018-10-29 22:31:42.712 INFO  org.springframework.boot.web.servlet.ServletRegistrationBean Line:187 - Servlet dispatcherServlet mapped to [/]
===2018-10-29 22:31:42.716 INFO  org.springframework.boot.web.servlet.FilterRegistrationBean Line:245 - Mapping filter: 'characterEncodingFilter' to: [/*]
===2018-10-29 22:31:42.716 INFO  org.springframework.boot.web.servlet.FilterRegistrationBean Line:245 - Mapping filter: 'hiddenHttpMethodFilter' to: [/*]
===2018-10-29 22:31:42.717 INFO  org.springframework.boot.web.servlet.FilterRegistrationBean Line:245 - Mapping filter: 'httpPutFormContentFilter' to: [/*]
===2018-10-29 22:31:42.717 INFO  org.springframework.boot.web.servlet.FilterRegistrationBean Line:245 - Mapping filter: 'requestContextFilter' to: [/*]
===2018-10-29 22:31:42.717 INFO  org.springframework.boot.web.servlet.FilterRegistrationBean Line:245 - Mapping filter: 'resourceUrlEncodingFilter' to: [/*]
===2018-10-29 22:31:43.865 INFO  org.springframework.web.servlet.mvc.method.annotation.RequestMappingHandlerMapping Line:549 - Mapped "{[/menu/getMenuListByUserId],methods=[GET]}" onto public org.springframework.http.ResponseEntity com.clothing.manage.controller.MenuController.getMenuListByUserId()
===2018-10-29 22:31:43.869 INFO  org.springframework.web.servlet.mvc.method.annotation.RequestMappingHandlerMapping Line:549 - Mapped "{[/v2/api-docs],methods=[GET],produces=[application/json || application/hal+json]}" onto public org.springframework.http.ResponseEntity<springfox.documentation.spring.web.json.Json> springfox.documentation.swagger2.web.Swagger2Controller.getDocumentation(java.lang.String,javax.servlet.http.HttpServletRequest)
===2018-10-29 22:31:43.873 INFO  org.springframework.web.servlet.mvc.method.annotation.RequestMappingHandlerMapping Line:549 - Mapped "{[/swagger-resources/configuration/ui]}" onto org.springframework.http.ResponseEntity<springfox.documentation.swagger.web.UiConfiguration> springfox.documentation.swagger.web.ApiResourceController.uiConfiguration()
===2018-10-29 22:31:43.874 INFO  org.springframework.web.servlet.mvc.method.annotation.RequestMappingHandlerMapping Line:549 - Mapped "{[/swagger-resources]}" onto org.springframework.http.ResponseEntity<java.util.List<springfox.documentation.swagger.web.SwaggerResource>> springfox.documentation.swagger.web.ApiResourceController.swaggerResources()
===2018-10-29 22:31:43.875 INFO  org.springframework.web.servlet.mvc.method.annotation.RequestMappingHandlerMapping Line:549 - Mapped "{[/swagger-resources/configuration/security]}" onto org.springframework.http.ResponseEntity<springfox.documentation.swagger.web.SecurityConfiguration> springfox.documentation.swagger.web.ApiResourceController.securityConfiguration()
===2018-10-29 22:31:43.880 INFO  org.springframework.web.servlet.mvc.method.annotation.RequestMappingHandlerMapping Line:549 - Mapped "{[/error]}" onto public org.springframework.http.ResponseEntity<java.util.Map<java.lang.String, java.lang.Object>> org.springframework.boot.autoconfigure.web.servlet.error.BasicErrorController.error(javax.servlet.http.HttpServletRequest)
===2018-10-29 22:31:43.880 INFO  org.springframework.web.servlet.mvc.method.annotation.RequestMappingHandlerMapping Line:549 - Mapped "{[/error],produces=[text/html]}" onto public org.springframework.web.servlet.ModelAndView org.springframework.boot.autoconfigure.web.servlet.error.BasicErrorController.errorHtml(javax.servlet.http.HttpServletRequest,javax.servlet.http.HttpServletResponse)
===2018-10-29 22:31:44.162 INFO  org.springframework.web.servlet.handler.SimpleUrlHandlerMapping Line:373 - Mapped URL path [/**/favicon.ico] onto handler of type [class org.springframework.web.servlet.resource.ResourceHttpRequestHandler]
===2018-10-29 22:31:44.366 INFO  org.springframework.web.servlet.mvc.method.annotation.RequestMappingHandlerAdapter Line:588 - Looking for @ControllerAdvice: org.springframework.boot.web.servlet.context.AnnotationConfigServletWebServerApplicationContext@1477089c: startup date [Mon Oct 29 22:31:40 CST 2018]; root of context hierarchy
===2018-10-29 22:31:44.430 INFO  org.springframework.web.servlet.handler.SimpleUrlHandlerMapping Line:373 - Mapped URL path [/webjars/**] onto handler of type [class org.springframework.web.servlet.resource.ResourceHttpRequestHandler]
===2018-10-29 22:31:44.430 INFO  org.springframework.web.servlet.handler.SimpleUrlHandlerMapping Line:373 - Mapped URL path [/**] onto handler of type [class org.springframework.web.servlet.resource.ResourceHttpRequestHandler]
===2018-10-29 22:31:44.883 INFO  org.springframework.jmx.export.annotation.AnnotationMBeanExporter Line:433 - Registering beans for JMX exposure on startup
===2018-10-29 22:31:44.885 INFO  org.springframework.jmx.export.annotation.AnnotationMBeanExporter Line:895 - Bean with name 'dataSource' has been autodetected for JMX exposure
===2018-10-29 22:31:44.890 INFO  org.springframework.jmx.export.annotation.AnnotationMBeanExporter Line:668 - Located MBean 'dataSource': registering with JMX server as MBean [com.zaxxer.hikari:name=dataSource,type=HikariDataSource]
===2018-10-29 22:31:44.895 INFO  org.springframework.context.support.DefaultLifecycleProcessor Line:356 - Starting beans in phase 2147483647
===2018-10-29 22:31:45.179 INFO  org.springframework.boot.web.embedded.tomcat.TomcatWebServer Line:206 - Tomcat started on port(s): 8023 (http) with context path ''
===2018-10-29 22:31:45.184 INFO  com.clothing.manage.ClothingManageApplication Line:59  - Started ClothingManageApplication in 5.207 seconds (JVM running for 6.459)
===2018-10-29 22:31:50.652 INFO  org.springframework.web.servlet.DispatcherServlet Line:494 - FrameworkServlet 'dispatcherServlet': initialization started
===2018-10-29 22:31:50.675 INFO  org.springframework.web.servlet.DispatcherServlet Line:509 - FrameworkServlet 'dispatcherServlet': initialization completed in 23 ms
===2018-10-29 22:32:31.209 INFO  com.clothing.manage.ClothingManageApplication Line:50  - Starting ClothingManageApplication on DESKTOP-SJ98RT1 with PID 22880 (D:\ccz\clothing\clothing-manage\target\classes started by z in D:\ccz\clothing\clothing-web-page)
===2018-10-29 22:32:31.212 INFO  com.clothing.manage.ClothingManageApplication Line:658 - The following profiles are active: dev
===2018-10-29 22:32:31.312 INFO  org.springframework.boot.web.servlet.context.AnnotationConfigServletWebServerApplicationContext Line:588 - Refreshing org.springframework.boot.web.servlet.context.AnnotationConfigServletWebServerApplicationContext@34cdeda2: startup date [Mon Oct 29 22:32:31 CST 2018]; root of context hierarchy
===2018-10-29 22:32:32.550 INFO  org.springframework.context.support.PostProcessorRegistrationDelegate$BeanPostProcessorChecker Line:326 - Bean 'org.springframework.transaction.annotation.ProxyTransactionManagementConfiguration' of type [org.springframework.transaction.annotation.ProxyTransactionManagementConfiguration$$EnhancerBySpringCGLIB$$abbd0db9] is not eligible for getting processed by all BeanPostProcessors (for example: not eligible for auto-proxying)
===2018-10-29 22:32:33.064 INFO  org.springframework.boot.web.embedded.tomcat.TomcatWebServer Line:91  - Tomcat initialized with port(s): 8023 (http)
===2018-10-29 22:32:33.240 INFO  org.springframework.web.context.ContextLoader Line:285 - Root WebApplicationContext: initialization completed in 1929 ms
===2018-10-29 22:32:33.335 INFO  org.springframework.boot.web.servlet.ServletRegistrationBean Line:187 - Servlet dispatcherServlet mapped to [/]
===2018-10-29 22:32:33.338 INFO  org.springframework.boot.web.servlet.FilterRegistrationBean Line:245 - Mapping filter: 'characterEncodingFilter' to: [/*]
===2018-10-29 22:32:33.338 INFO  org.springframework.boot.web.servlet.FilterRegistrationBean Line:245 - Mapping filter: 'hiddenHttpMethodFilter' to: [/*]
===2018-10-29 22:32:33.339 INFO  org.springframework.boot.web.servlet.FilterRegistrationBean Line:245 - Mapping filter: 'httpPutFormContentFilter' to: [/*]
===2018-10-29 22:32:33.339 INFO  org.springframework.boot.web.servlet.FilterRegistrationBean Line:245 - Mapping filter: 'requestContextFilter' to: [/*]
===2018-10-29 22:32:33.339 INFO  org.springframework.boot.web.servlet.FilterRegistrationBean Line:245 - Mapping filter: 'resourceUrlEncodingFilter' to: [/*]
===2018-10-29 22:32:34.339 INFO  org.springframework.web.servlet.mvc.method.annotation.RequestMappingHandlerMapping Line:549 - Mapped "{[/menu/getMenuListByUserId],methods=[GET]}" onto public org.springframework.http.ResponseEntity<java.util.List> com.clothing.manage.controller.MenuController.getMenuListByUserId()
===2018-10-29 22:32:34.344 INFO  org.springframework.web.servlet.mvc.method.annotation.RequestMappingHandlerMapping Line:549 - Mapped "{[/v2/api-docs],methods=[GET],produces=[application/json || application/hal+json]}" onto public org.springframework.http.ResponseEntity<springfox.documentation.spring.web.json.Json> springfox.documentation.swagger2.web.Swagger2Controller.getDocumentation(java.lang.String,javax.servlet.http.HttpServletRequest)
===2018-10-29 22:32:34.347 INFO  org.springframework.web.servlet.mvc.method.annotation.RequestMappingHandlerMapping Line:549 - Mapped "{[/swagger-resources/configuration/ui]}" onto org.springframework.http.ResponseEntity<springfox.documentation.swagger.web.UiConfiguration> springfox.documentation.swagger.web.ApiResourceController.uiConfiguration()
===2018-10-29 22:32:34.348 INFO  org.springframework.web.servlet.mvc.method.annotation.RequestMappingHandlerMapping Line:549 - Mapped "{[/swagger-resources]}" onto org.springframework.http.ResponseEntity<java.util.List<springfox.documentation.swagger.web.SwaggerResource>> springfox.documentation.swagger.web.ApiResourceController.swaggerResources()
===2018-10-29 22:32:34.348 INFO  org.springframework.web.servlet.mvc.method.annotation.RequestMappingHandlerMapping Line:549 - Mapped "{[/swagger-resources/configuration/security]}" onto org.springframework.http.ResponseEntity<springfox.documentation.swagger.web.SecurityConfiguration> springfox.documentation.swagger.web.ApiResourceController.securityConfiguration()
===2018-10-29 22:32:34.354 INFO  org.springframework.web.servlet.mvc.method.annotation.RequestMappingHandlerMapping Line:549 - Mapped "{[/error]}" onto public org.springframework.http.ResponseEntity<java.util.Map<java.lang.String, java.lang.Object>> org.springframework.boot.autoconfigure.web.servlet.error.BasicErrorController.error(javax.servlet.http.HttpServletRequest)
===2018-10-29 22:32:34.354 INFO  org.springframework.web.servlet.mvc.method.annotation.RequestMappingHandlerMapping Line:549 - Mapped "{[/error],produces=[text/html]}" onto public org.springframework.web.servlet.ModelAndView org.springframework.boot.autoconfigure.web.servlet.error.BasicErrorController.errorHtml(javax.servlet.http.HttpServletRequest,javax.servlet.http.HttpServletResponse)
===2018-10-29 22:32:34.587 INFO  org.springframework.web.servlet.handler.SimpleUrlHandlerMapping Line:373 - Mapped URL path [/**/favicon.ico] onto handler of type [class org.springframework.web.servlet.resource.ResourceHttpRequestHandler]
===2018-10-29 22:32:34.767 INFO  org.springframework.web.servlet.mvc.method.annotation.RequestMappingHandlerAdapter Line:588 - Looking for @ControllerAdvice: org.springframework.boot.web.servlet.context.AnnotationConfigServletWebServerApplicationContext@34cdeda2: startup date [Mon Oct 29 22:32:31 CST 2018]; root of context hierarchy
===2018-10-29 22:32:34.833 INFO  org.springframework.web.servlet.handler.SimpleUrlHandlerMapping Line:373 - Mapped URL path [/webjars/**] onto handler of type [class org.springframework.web.servlet.resource.ResourceHttpRequestHandler]
===2018-10-29 22:32:34.833 INFO  org.springframework.web.servlet.handler.SimpleUrlHandlerMapping Line:373 - Mapped URL path [/**] onto handler of type [class org.springframework.web.servlet.resource.ResourceHttpRequestHandler]
===2018-10-29 22:32:35.270 INFO  org.springframework.jmx.export.annotation.AnnotationMBeanExporter Line:433 - Registering beans for JMX exposure on startup
===2018-10-29 22:32:35.272 INFO  org.springframework.jmx.export.annotation.AnnotationMBeanExporter Line:895 - Bean with name 'dataSource' has been autodetected for JMX exposure
===2018-10-29 22:32:35.279 INFO  org.springframework.jmx.export.annotation.AnnotationMBeanExporter Line:668 - Located MBean 'dataSource': registering with JMX server as MBean [com.zaxxer.hikari:name=dataSource,type=HikariDataSource]
===2018-10-29 22:32:35.283 INFO  org.springframework.context.support.DefaultLifecycleProcessor Line:356 - Starting beans in phase 2147483647
===2018-10-29 22:32:35.541 INFO  org.springframework.boot.web.embedded.tomcat.TomcatWebServer Line:206 - Tomcat started on port(s): 8023 (http) with context path ''
===2018-10-29 22:32:35.546 INFO  com.clothing.manage.ClothingManageApplication Line:59  - Started ClothingManageApplication in 4.853 seconds (JVM running for 5.912)
===2018-10-29 22:32:40.779 INFO  org.springframework.web.servlet.DispatcherServlet Line:494 - FrameworkServlet 'dispatcherServlet': initialization started
===2018-10-29 22:32:40.803 INFO  org.springframework.web.servlet.DispatcherServlet Line:509 - FrameworkServlet 'dispatcherServlet': initialization completed in 23 ms
===2018-10-29 22:35:35.036 INFO  com.clothing.manage.ClothingManageApplication Line:50  - Starting ClothingManageApplication on DESKTOP-SJ98RT1 with PID 65540 (D:\ccz\clothing\clothing-manage\target\classes started by z in D:\ccz\clothing\clothing-web-page)
===2018-10-29 22:35:35.038 INFO  com.clothing.manage.ClothingManageApplication Line:658 - The following profiles are active: dev
===2018-10-29 22:35:35.134 INFO  org.springframework.boot.web.servlet.context.AnnotationConfigServletWebServerApplicationContext Line:588 - Refreshing org.springframework.boot.web.servlet.context.AnnotationConfigServletWebServerApplicationContext@30b19518: startup date [Mon Oct 29 22:35:35 CST 2018]; root of context hierarchy
===2018-10-29 22:35:36.320 INFO  org.springframework.context.support.PostProcessorRegistrationDelegate$BeanPostProcessorChecker Line:326 - Bean 'org.springframework.transaction.annotation.ProxyTransactionManagementConfiguration' of type [org.springframework.transaction.annotation.ProxyTransactionManagementConfiguration$$EnhancerBySpringCGLIB$$c854bc99] is not eligible for getting processed by all BeanPostProcessors (for example: not eligible for auto-proxying)
===2018-10-29 22:35:36.749 INFO  org.springframework.boot.web.embedded.tomcat.TomcatWebServer Line:91  - Tomcat initialized with port(s): 8023 (http)
===2018-10-29 22:35:36.927 INFO  org.springframework.web.context.ContextLoader Line:285 - Root WebApplicationContext: initialization completed in 1794 ms
===2018-10-29 22:35:37.016 INFO  org.springframework.boot.web.servlet.ServletRegistrationBean Line:187 - Servlet dispatcherServlet mapped to [/]
===2018-10-29 22:35:37.019 INFO  org.springframework.boot.web.servlet.FilterRegistrationBean Line:245 - Mapping filter: 'characterEncodingFilter' to: [/*]
===2018-10-29 22:35:37.020 INFO  org.springframework.boot.web.servlet.FilterRegistrationBean Line:245 - Mapping filter: 'hiddenHttpMethodFilter' to: [/*]
===2018-10-29 22:35:37.020 INFO  org.springframework.boot.web.servlet.FilterRegistrationBean Line:245 - Mapping filter: 'httpPutFormContentFilter' to: [/*]
===2018-10-29 22:35:37.020 INFO  org.springframework.boot.web.servlet.FilterRegistrationBean Line:245 - Mapping filter: 'requestContextFilter' to: [/*]
===2018-10-29 22:35:37.020 INFO  org.springframework.boot.web.servlet.FilterRegistrationBean Line:245 - Mapping filter: 'resourceUrlEncodingFilter' to: [/*]
===2018-10-29 22:35:38.057 INFO  org.springframework.web.servlet.mvc.method.annotation.RequestMappingHandlerMapping Line:549 - Mapped "{[/menu/getMenuListByUserId],methods=[GET]}" onto public org.springframework.http.ResponseEntity<java.util.List> com.clothing.manage.controller.MenuController.getMenuListByUserId()
===2018-10-29 22:35:38.060 INFO  org.springframework.web.servlet.mvc.method.annotation.RequestMappingHandlerMapping Line:549 - Mapped "{[/v2/api-docs],methods=[GET],produces=[application/json || application/hal+json]}" onto public org.springframework.http.ResponseEntity<springfox.documentation.spring.web.json.Json> springfox.documentation.swagger2.web.Swagger2Controller.getDocumentation(java.lang.String,javax.servlet.http.HttpServletRequest)
===2018-10-29 22:35:38.063 INFO  org.springframework.web.servlet.mvc.method.annotation.RequestMappingHandlerMapping Line:549 - Mapped "{[/swagger-resources/configuration/ui]}" onto org.springframework.http.ResponseEntity<springfox.documentation.swagger.web.UiConfiguration> springfox.documentation.swagger.web.ApiResourceController.uiConfiguration()
===2018-10-29 22:35:38.064 INFO  org.springframework.web.servlet.mvc.method.annotation.RequestMappingHandlerMapping Line:549 - Mapped "{[/swagger-resources]}" onto org.springframework.http.ResponseEntity<java.util.List<springfox.documentation.swagger.web.SwaggerResource>> springfox.documentation.swagger.web.ApiResourceController.swaggerResources()
===2018-10-29 22:35:38.065 INFO  org.springframework.web.servlet.mvc.method.annotation.RequestMappingHandlerMapping Line:549 - Mapped "{[/swagger-resources/configuration/security]}" onto org.springframework.http.ResponseEntity<springfox.documentation.swagger.web.SecurityConfiguration> springfox.documentation.swagger.web.ApiResourceController.securityConfiguration()
===2018-10-29 22:35:38.071 INFO  org.springframework.web.servlet.mvc.method.annotation.RequestMappingHandlerMapping Line:549 - Mapped "{[/error]}" onto public org.springframework.http.ResponseEntity<java.util.Map<java.lang.String, java.lang.Object>> org.springframework.boot.autoconfigure.web.servlet.error.BasicErrorController.error(javax.servlet.http.HttpServletRequest)
===2018-10-29 22:35:38.071 INFO  org.springframework.web.servlet.mvc.method.annotation.RequestMappingHandlerMapping Line:549 - Mapped "{[/error],produces=[text/html]}" onto public org.springframework.web.servlet.ModelAndView org.springframework.boot.autoconfigure.web.servlet.error.BasicErrorController.errorHtml(javax.servlet.http.HttpServletRequest,javax.servlet.http.HttpServletResponse)
===2018-10-29 22:35:38.314 INFO  org.springframework.web.servlet.handler.SimpleUrlHandlerMapping Line:373 - Mapped URL path [/**/favicon.ico] onto handler of type [class org.springframework.web.servlet.resource.ResourceHttpRequestHandler]
===2018-10-29 22:35:38.515 INFO  org.springframework.web.servlet.mvc.method.annotation.RequestMappingHandlerAdapter Line:588 - Looking for @ControllerAdvice: org.springframework.boot.web.servlet.context.AnnotationConfigServletWebServerApplicationContext@30b19518: startup date [Mon Oct 29 22:35:35 CST 2018]; root of context hierarchy
===2018-10-29 22:35:38.587 INFO  org.springframework.web.servlet.handler.SimpleUrlHandlerMapping Line:373 - Mapped URL path [/webjars/**] onto handler of type [class org.springframework.web.servlet.resource.ResourceHttpRequestHandler]
===2018-10-29 22:35:38.587 INFO  org.springframework.web.servlet.handler.SimpleUrlHandlerMapping Line:373 - Mapped URL path [/**] onto handler of type [class org.springframework.web.servlet.resource.ResourceHttpRequestHandler]
===2018-10-29 22:35:39.015 INFO  org.springframework.jmx.export.annotation.AnnotationMBeanExporter Line:433 - Registering beans for JMX exposure on startup
===2018-10-29 22:35:39.017 INFO  org.springframework.jmx.export.annotation.AnnotationMBeanExporter Line:895 - Bean with name 'dataSource' has been autodetected for JMX exposure
===2018-10-29 22:35:39.024 INFO  org.springframework.jmx.export.annotation.AnnotationMBeanExporter Line:668 - Located MBean 'dataSource': registering with JMX server as MBean [com.zaxxer.hikari:name=dataSource,type=HikariDataSource]
===2018-10-29 22:35:39.028 INFO  org.springframework.context.support.DefaultLifecycleProcessor Line:356 - Starting beans in phase 2147483647
===2018-10-29 22:35:39.289 INFO  org.springframework.boot.web.embedded.tomcat.TomcatWebServer Line:206 - Tomcat started on port(s): 8023 (http) with context path ''
===2018-10-29 22:35:39.293 INFO  com.clothing.manage.ClothingManageApplication Line:59  - Started ClothingManageApplication in 4.773 seconds (JVM running for 5.849)
===2018-10-29 22:35:51.338 INFO  org.springframework.web.servlet.DispatcherServlet Line:494 - FrameworkServlet 'dispatcherServlet': initialization started
===2018-10-29 22:35:51.360 INFO  org.springframework.web.servlet.DispatcherServlet Line:509 - FrameworkServlet 'dispatcherServlet': initialization completed in 22 ms
===2018-10-29 22:39:15.135 INFO  com.clothing.manage.ClothingManageApplication Line:50  - Starting ClothingManageApplication on DESKTOP-SJ98RT1 with PID 47848 (D:\ccz\clothing\clothing-manage\target\classes started by z in D:\ccz\clothing\clothing-web-page)
===2018-10-29 22:39:15.138 INFO  com.clothing.manage.ClothingManageApplication Line:658 - The following profiles are active: dev
===2018-10-29 22:39:15.255 INFO  org.springframework.boot.web.servlet.context.AnnotationConfigServletWebServerApplicationContext Line:588 - Refreshing org.springframework.boot.web.servlet.context.AnnotationConfigServletWebServerApplicationContext@758705fa: startup date [Mon Oct 29 22:39:15 CST 2018]; root of context hierarchy
===2018-10-29 22:39:16.503 INFO  org.springframework.context.support.PostProcessorRegistrationDelegate$BeanPostProcessorChecker Line:326 - Bean 'org.springframework.transaction.annotation.ProxyTransactionManagementConfiguration' of type [org.springframework.transaction.annotation.ProxyTransactionManagementConfiguration$$EnhancerBySpringCGLIB$$ac24c97d] is not eligible for getting processed by all BeanPostProcessors (for example: not eligible for auto-proxying)
===2018-10-29 22:39:16.922 INFO  org.springframework.boot.web.embedded.tomcat.TomcatWebServer Line:91  - Tomcat initialized with port(s): 8023 (http)
===2018-10-29 22:39:17.095 INFO  org.springframework.web.context.ContextLoader Line:285 - Root WebApplicationContext: initialization completed in 1841 ms
===2018-10-29 22:39:17.185 INFO  org.springframework.boot.web.servlet.ServletRegistrationBean Line:187 - Servlet dispatcherServlet mapped to [/]
===2018-10-29 22:39:17.188 INFO  org.springframework.boot.web.servlet.FilterRegistrationBean Line:245 - Mapping filter: 'characterEncodingFilter' to: [/*]
===2018-10-29 22:39:17.189 INFO  org.springframework.boot.web.servlet.FilterRegistrationBean Line:245 - Mapping filter: 'hiddenHttpMethodFilter' to: [/*]
===2018-10-29 22:39:17.189 INFO  org.springframework.boot.web.servlet.FilterRegistrationBean Line:245 - Mapping filter: 'httpPutFormContentFilter' to: [/*]
===2018-10-29 22:39:17.189 INFO  org.springframework.boot.web.servlet.FilterRegistrationBean Line:245 - Mapping filter: 'requestContextFilter' to: [/*]
===2018-10-29 22:39:17.189 INFO  org.springframework.boot.web.servlet.FilterRegistrationBean Line:245 - Mapping filter: 'resourceUrlEncodingFilter' to: [/*]
===2018-10-29 22:39:18.203 INFO  org.springframework.web.servlet.mvc.method.annotation.RequestMappingHandlerMapping Line:549 - Mapped "{[/menu/getMenuListByUserId],methods=[GET]}" onto public org.springframework.http.ResponseEntity<java.util.List> com.clothing.manage.controller.MenuController.getMenuListByUserId()
===2018-10-29 22:39:18.206 INFO  org.springframework.web.servlet.mvc.method.annotation.RequestMappingHandlerMapping Line:549 - Mapped "{[/v2/api-docs],methods=[GET],produces=[application/json || application/hal+json]}" onto public org.springframework.http.ResponseEntity<springfox.documentation.spring.web.json.Json> springfox.documentation.swagger2.web.Swagger2Controller.getDocumentation(java.lang.String,javax.servlet.http.HttpServletRequest)
===2018-10-29 22:39:18.210 INFO  org.springframework.web.servlet.mvc.method.annotation.RequestMappingHandlerMapping Line:549 - Mapped "{[/swagger-resources/configuration/ui]}" onto org.springframework.http.ResponseEntity<springfox.documentation.swagger.web.UiConfiguration> springfox.documentation.swagger.web.ApiResourceController.uiConfiguration()
===2018-10-29 22:39:18.210 INFO  org.springframework.web.servlet.mvc.method.annotation.RequestMappingHandlerMapping Line:549 - Mapped "{[/swagger-resources]}" onto org.springframework.http.ResponseEntity<java.util.List<springfox.documentation.swagger.web.SwaggerResource>> springfox.documentation.swagger.web.ApiResourceController.swaggerResources()
===2018-10-29 22:39:18.211 INFO  org.springframework.web.servlet.mvc.method.annotation.RequestMappingHandlerMapping Line:549 - Mapped "{[/swagger-resources/configuration/security]}" onto org.springframework.http.ResponseEntity<springfox.documentation.swagger.web.SecurityConfiguration> springfox.documentation.swagger.web.ApiResourceController.securityConfiguration()
===2018-10-29 22:39:18.216 INFO  org.springframework.web.servlet.mvc.method.annotation.RequestMappingHandlerMapping Line:549 - Mapped "{[/error]}" onto public org.springframework.http.ResponseEntity<java.util.Map<java.lang.String, java.lang.Object>> org.springframework.boot.autoconfigure.web.servlet.error.BasicErrorController.error(javax.servlet.http.HttpServletRequest)
===2018-10-29 22:39:18.216 INFO  org.springframework.web.servlet.mvc.method.annotation.RequestMappingHandlerMapping Line:549 - Mapped "{[/error],produces=[text/html]}" onto public org.springframework.web.servlet.ModelAndView org.springframework.boot.autoconfigure.web.servlet.error.BasicErrorController.errorHtml(javax.servlet.http.HttpServletRequest,javax.servlet.http.HttpServletResponse)
===2018-10-29 22:39:18.442 INFO  org.springframework.web.servlet.handler.SimpleUrlHandlerMapping Line:373 - Mapped URL path [/**/favicon.ico] onto handler of type [class org.springframework.web.servlet.resource.ResourceHttpRequestHandler]
===2018-10-29 22:39:18.622 INFO  org.springframework.web.servlet.mvc.method.annotation.RequestMappingHandlerAdapter Line:588 - Looking for @ControllerAdvice: org.springframework.boot.web.servlet.context.AnnotationConfigServletWebServerApplicationContext@758705fa: startup date [Mon Oct 29 22:39:15 CST 2018]; root of context hierarchy
===2018-10-29 22:39:18.681 INFO  org.springframework.web.servlet.handler.SimpleUrlHandlerMapping Line:373 - Mapped URL path [/webjars/**] onto handler of type [class org.springframework.web.servlet.resource.ResourceHttpRequestHandler]
===2018-10-29 22:39:18.681 INFO  org.springframework.web.servlet.handler.SimpleUrlHandlerMapping Line:373 - Mapped URL path [/**] onto handler of type [class org.springframework.web.servlet.resource.ResourceHttpRequestHandler]
===2018-10-29 22:39:19.225 INFO  org.springframework.jmx.export.annotation.AnnotationMBeanExporter Line:433 - Registering beans for JMX exposure on startup
===2018-10-29 22:39:19.227 INFO  org.springframework.jmx.export.annotation.AnnotationMBeanExporter Line:895 - Bean with name 'dataSource' has been autodetected for JMX exposure
===2018-10-29 22:39:19.234 INFO  org.springframework.jmx.export.annotation.AnnotationMBeanExporter Line:668 - Located MBean 'dataSource': registering with JMX server as MBean [com.zaxxer.hikari:name=dataSource,type=HikariDataSource]
===2018-10-29 22:39:19.239 INFO  org.springframework.context.support.DefaultLifecycleProcessor Line:356 - Starting beans in phase 2147483647
===2018-10-29 22:39:19.507 INFO  org.springframework.boot.web.embedded.tomcat.TomcatWebServer Line:206 - Tomcat started on port(s): 8023 (http) with context path ''
===2018-10-29 22:39:19.513 INFO  com.clothing.manage.ClothingManageApplication Line:59  - Started ClothingManageApplication in 4.946 seconds (JVM running for 6.267)
===2018-10-29 22:39:26.247 INFO  org.springframework.web.servlet.DispatcherServlet Line:494 - FrameworkServlet 'dispatcherServlet': initialization started
===2018-10-29 22:39:26.272 INFO  org.springframework.web.servlet.DispatcherServlet Line:509 - FrameworkServlet 'dispatcherServlet': initialization completed in 25 ms
===2018-10-29 22:39:42.593 INFO  com.clothing.manage.ClothingManageApplication Line:50  - Starting ClothingManageApplication on DESKTOP-SJ98RT1 with PID 11500 (D:\ccz\clothing\clothing-manage\target\classes started by z in D:\ccz\clothing\clothing-web-page)
===2018-10-29 22:39:42.595 INFO  com.clothing.manage.ClothingManageApplication Line:658 - The following profiles are active: dev
===2018-10-29 22:39:42.750 INFO  org.springframework.boot.web.servlet.context.AnnotationConfigServletWebServerApplicationContext Line:588 - Refreshing org.springframework.boot.web.servlet.context.AnnotationConfigServletWebServerApplicationContext@6187d1f5: startup date [Mon Oct 29 22:39:42 CST 2018]; root of context hierarchy
===2018-10-29 22:39:44.124 INFO  org.springframework.context.support.PostProcessorRegistrationDelegate$BeanPostProcessorChecker Line:326 - Bean 'org.springframework.transaction.annotation.ProxyTransactionManagementConfiguration' of type [org.springframework.transaction.annotation.ProxyTransactionManagementConfiguration$$EnhancerBySpringCGLIB$$95e9300e] is not eligible for getting processed by all BeanPostProcessors (for example: not eligible for auto-proxying)
===2018-10-29 22:39:44.573 INFO  org.springframework.boot.web.embedded.tomcat.TomcatWebServer Line:91  - Tomcat initialized with port(s): 8023 (http)
===2018-10-29 22:39:44.785 INFO  org.springframework.web.context.ContextLoader Line:285 - Root WebApplicationContext: initialization completed in 2035 ms
===2018-10-29 22:39:44.880 INFO  org.springframework.boot.web.servlet.ServletRegistrationBean Line:187 - Servlet dispatcherServlet mapped to [/]
===2018-10-29 22:39:44.884 INFO  org.springframework.boot.web.servlet.FilterRegistrationBean Line:245 - Mapping filter: 'characterEncodingFilter' to: [/*]
===2018-10-29 22:39:44.884 INFO  org.springframework.boot.web.servlet.FilterRegistrationBean Line:245 - Mapping filter: 'hiddenHttpMethodFilter' to: [/*]
===2018-10-29 22:39:44.884 INFO  org.springframework.boot.web.servlet.FilterRegistrationBean Line:245 - Mapping filter: 'httpPutFormContentFilter' to: [/*]
===2018-10-29 22:39:44.884 INFO  org.springframework.boot.web.servlet.FilterRegistrationBean Line:245 - Mapping filter: 'requestContextFilter' to: [/*]
===2018-10-29 22:39:44.884 INFO  org.springframework.boot.web.servlet.FilterRegistrationBean Line:245 - Mapping filter: 'resourceUrlEncodingFilter' to: [/*]
===2018-10-29 22:39:45.891 INFO  org.springframework.web.servlet.mvc.method.annotation.RequestMappingHandlerMapping Line:549 - Mapped "{[/menu/getMenuListByUserId],methods=[GET]}" onto public org.springframework.http.ResponseEntity<java.util.List> com.clothing.manage.controller.MenuController.getMenuListByUserId()
===2018-10-29 22:39:45.895 INFO  org.springframework.web.servlet.mvc.method.annotation.RequestMappingHandlerMapping Line:549 - Mapped "{[/v2/api-docs],methods=[GET],produces=[application/json || application/hal+json]}" onto public org.springframework.http.ResponseEntity<springfox.documentation.spring.web.json.Json> springfox.documentation.swagger2.web.Swagger2Controller.getDocumentation(java.lang.String,javax.servlet.http.HttpServletRequest)
===2018-10-29 22:39:45.898 INFO  org.springframework.web.servlet.mvc.method.annotation.RequestMappingHandlerMapping Line:549 - Mapped "{[/swagger-resources/configuration/security]}" onto org.springframework.http.ResponseEntity<springfox.documentation.swagger.web.SecurityConfiguration> springfox.documentation.swagger.web.ApiResourceController.securityConfiguration()
===2018-10-29 22:39:45.898 INFO  org.springframework.web.servlet.mvc.method.annotation.RequestMappingHandlerMapping Line:549 - Mapped "{[/swagger-resources/configuration/ui]}" onto org.springframework.http.ResponseEntity<springfox.documentation.swagger.web.UiConfiguration> springfox.documentation.swagger.web.ApiResourceController.uiConfiguration()
===2018-10-29 22:39:45.899 INFO  org.springframework.web.servlet.mvc.method.annotation.RequestMappingHandlerMapping Line:549 - Mapped "{[/swagger-resources]}" onto org.springframework.http.ResponseEntity<java.util.List<springfox.documentation.swagger.web.SwaggerResource>> springfox.documentation.swagger.web.ApiResourceController.swaggerResources()
===2018-10-29 22:39:45.904 INFO  org.springframework.web.servlet.mvc.method.annotation.RequestMappingHandlerMapping Line:549 - Mapped "{[/error]}" onto public org.springframework.http.ResponseEntity<java.util.Map<java.lang.String, java.lang.Object>> org.springframework.boot.autoconfigure.web.servlet.error.BasicErrorController.error(javax.servlet.http.HttpServletRequest)
===2018-10-29 22:39:45.905 INFO  org.springframework.web.servlet.mvc.method.annotation.RequestMappingHandlerMapping Line:549 - Mapped "{[/error],produces=[text/html]}" onto public org.springframework.web.servlet.ModelAndView org.springframework.boot.autoconfigure.web.servlet.error.BasicErrorController.errorHtml(javax.servlet.http.HttpServletRequest,javax.servlet.http.HttpServletResponse)
===2018-10-29 22:39:46.144 INFO  org.springframework.web.servlet.handler.SimpleUrlHandlerMapping Line:373 - Mapped URL path [/**/favicon.ico] onto handler of type [class org.springframework.web.servlet.resource.ResourceHttpRequestHandler]
===2018-10-29 22:39:46.311 INFO  org.springframework.web.servlet.mvc.method.annotation.RequestMappingHandlerAdapter Line:588 - Looking for @ControllerAdvice: org.springframework.boot.web.servlet.context.AnnotationConfigServletWebServerApplicationContext@6187d1f5: startup date [Mon Oct 29 22:39:42 CST 2018]; root of context hierarchy
===2018-10-29 22:39:46.370 INFO  org.springframework.web.servlet.handler.SimpleUrlHandlerMapping Line:373 - Mapped URL path [/webjars/**] onto handler of type [class org.springframework.web.servlet.resource.ResourceHttpRequestHandler]
===2018-10-29 22:39:46.371 INFO  org.springframework.web.servlet.handler.SimpleUrlHandlerMapping Line:373 - Mapped URL path [/**] onto handler of type [class org.springframework.web.servlet.resource.ResourceHttpRequestHandler]
===2018-10-29 22:39:46.798 INFO  org.springframework.jmx.export.annotation.AnnotationMBeanExporter Line:433 - Registering beans for JMX exposure on startup
===2018-10-29 22:39:46.800 INFO  org.springframework.jmx.export.annotation.AnnotationMBeanExporter Line:895 - Bean with name 'dataSource' has been autodetected for JMX exposure
===2018-10-29 22:39:46.806 INFO  org.springframework.jmx.export.annotation.AnnotationMBeanExporter Line:668 - Located MBean 'dataSource': registering with JMX server as MBean [com.zaxxer.hikari:name=dataSource,type=HikariDataSource]
===2018-10-29 22:39:46.810 INFO  org.springframework.context.support.DefaultLifecycleProcessor Line:356 - Starting beans in phase 2147483647
===2018-10-29 22:39:47.063 INFO  org.springframework.boot.web.embedded.tomcat.TomcatWebServer Line:206 - Tomcat started on port(s): 8023 (http) with context path ''
===2018-10-29 22:39:47.067 INFO  com.clothing.manage.ClothingManageApplication Line:59  - Started ClothingManageApplication in 5.144 seconds (JVM running for 6.221)
===2018-10-29 22:39:50.995 INFO  org.springframework.web.servlet.DispatcherServlet Line:494 - FrameworkServlet 'dispatcherServlet': initialization started
===2018-10-29 22:39:51.021 INFO  org.springframework.web.servlet.DispatcherServlet Line:509 - FrameworkServlet 'dispatcherServlet': initialization completed in 25 ms
===2018-10-29 22:41:51.172 INFO  com.clothing.manage.ClothingManageApplication Line:50  - Starting ClothingManageApplication on DESKTOP-SJ98RT1 with PID 72416 (D:\ccz\clothing\clothing-manage\target\classes started by z in D:\ccz\clothing\clothing-web-page)
===2018-10-29 22:41:51.173 INFO  com.clothing.manage.ClothingManageApplication Line:658 - The following profiles are active: dev
===2018-10-29 22:41:51.290 INFO  org.springframework.boot.web.servlet.context.AnnotationConfigServletWebServerApplicationContext Line:588 - Refreshing org.springframework.boot.web.servlet.context.AnnotationConfigServletWebServerApplicationContext@5d8bafa9: startup date [Mon Oct 29 22:41:51 CST 2018]; root of context hierarchy
===2018-10-29 22:41:52.482 INFO  org.springframework.context.support.PostProcessorRegistrationDelegate$BeanPostProcessorChecker Line:326 - Bean 'org.springframework.transaction.annotation.ProxyTransactionManagementConfiguration' of type [org.springframework.transaction.annotation.ProxyTransactionManagementConfiguration$$EnhancerBySpringCGLIB$$82a648ec] is not eligible for getting processed by all BeanPostProcessors (for example: not eligible for auto-proxying)
===2018-10-29 22:41:52.923 INFO  org.springframework.boot.web.embedded.tomcat.TomcatWebServer Line:91  - Tomcat initialized with port(s): 8023 (http)
===2018-10-29 22:41:53.090 INFO  org.springframework.web.context.ContextLoader Line:285 - Root WebApplicationContext: initialization completed in 1800 ms
===2018-10-29 22:41:53.179 INFO  org.springframework.boot.web.servlet.ServletRegistrationBean Line:187 - Servlet dispatcherServlet mapped to [/]
===2018-10-29 22:41:53.183 INFO  org.springframework.boot.web.servlet.FilterRegistrationBean Line:245 - Mapping filter: 'characterEncodingFilter' to: [/*]
===2018-10-29 22:41:53.184 INFO  org.springframework.boot.web.servlet.FilterRegistrationBean Line:245 - Mapping filter: 'hiddenHttpMethodFilter' to: [/*]
===2018-10-29 22:41:53.184 INFO  org.springframework.boot.web.servlet.FilterRegistrationBean Line:245 - Mapping filter: 'httpPutFormContentFilter' to: [/*]
===2018-10-29 22:41:53.184 INFO  org.springframework.boot.web.servlet.FilterRegistrationBean Line:245 - Mapping filter: 'requestContextFilter' to: [/*]
===2018-10-29 22:41:53.184 INFO  org.springframework.boot.web.servlet.FilterRegistrationBean Line:245 - Mapping filter: 'resourceUrlEncodingFilter' to: [/*]
===2018-10-29 22:41:54.289 INFO  org.springframework.web.servlet.mvc.method.annotation.RequestMappingHandlerMapping Line:549 - Mapped "{[/menu/getMenuListByUserId],methods=[GET]}" onto public org.springframework.http.ResponseEntity<java.util.List> com.clothing.manage.controller.MenuController.getMenuListByUserId()
===2018-10-29 22:41:54.294 INFO  org.springframework.web.servlet.mvc.method.annotation.RequestMappingHandlerMapping Line:549 - Mapped "{[/v2/api-docs],methods=[GET],produces=[application/json || application/hal+json]}" onto public org.springframework.http.ResponseEntity<springfox.documentation.spring.web.json.Json> springfox.documentation.swagger2.web.Swagger2Controller.getDocumentation(java.lang.String,javax.servlet.http.HttpServletRequest)
===2018-10-29 22:41:54.297 INFO  org.springframework.web.servlet.mvc.method.annotation.RequestMappingHandlerMapping Line:549 - Mapped "{[/swagger-resources/configuration/security]}" onto org.springframework.http.ResponseEntity<springfox.documentation.swagger.web.SecurityConfiguration> springfox.documentation.swagger.web.ApiResourceController.securityConfiguration()
===2018-10-29 22:41:54.298 INFO  org.springframework.web.servlet.mvc.method.annotation.RequestMappingHandlerMapping Line:549 - Mapped "{[/swagger-resources/configuration/ui]}" onto org.springframework.http.ResponseEntity<springfox.documentation.swagger.web.UiConfiguration> springfox.documentation.swagger.web.ApiResourceController.uiConfiguration()
===2018-10-29 22:41:54.299 INFO  org.springframework.web.servlet.mvc.method.annotation.RequestMappingHandlerMapping Line:549 - Mapped "{[/swagger-resources]}" onto org.springframework.http.ResponseEntity<java.util.List<springfox.documentation.swagger.web.SwaggerResource>> springfox.documentation.swagger.web.ApiResourceController.swaggerResources()
===2018-10-29 22:41:54.304 INFO  org.springframework.web.servlet.mvc.method.annotation.RequestMappingHandlerMapping Line:549 - Mapped "{[/error]}" onto public org.springframework.http.ResponseEntity<java.util.Map<java.lang.String, java.lang.Object>> org.springframework.boot.autoconfigure.web.servlet.error.BasicErrorController.error(javax.servlet.http.HttpServletRequest)
===2018-10-29 22:41:54.304 INFO  org.springframework.web.servlet.mvc.method.annotation.RequestMappingHandlerMapping Line:549 - Mapped "{[/error],produces=[text/html]}" onto public org.springframework.web.servlet.ModelAndView org.springframework.boot.autoconfigure.web.servlet.error.BasicErrorController.errorHtml(javax.servlet.http.HttpServletRequest,javax.servlet.http.HttpServletResponse)
===2018-10-29 22:41:54.551 INFO  org.springframework.web.servlet.handler.SimpleUrlHandlerMapping Line:373 - Mapped URL path [/**/favicon.ico] onto handler of type [class org.springframework.web.servlet.resource.ResourceHttpRequestHandler]
===2018-10-29 22:41:54.723 INFO  org.springframework.web.servlet.mvc.method.annotation.RequestMappingHandlerAdapter Line:588 - Looking for @ControllerAdvice: org.springframework.boot.web.servlet.context.AnnotationConfigServletWebServerApplicationContext@5d8bafa9: startup date [Mon Oct 29 22:41:51 CST 2018]; root of context hierarchy
===2018-10-29 22:41:54.781 INFO  org.springframework.web.servlet.handler.SimpleUrlHandlerMapping Line:373 - Mapped URL path [/webjars/**] onto handler of type [class org.springframework.web.servlet.resource.ResourceHttpRequestHandler]
===2018-10-29 22:41:54.781 INFO  org.springframework.web.servlet.handler.SimpleUrlHandlerMapping Line:373 - Mapped URL path [/**] onto handler of type [class org.springframework.web.servlet.resource.ResourceHttpRequestHandler]
===2018-10-29 22:41:55.254 INFO  org.springframework.jmx.export.annotation.AnnotationMBeanExporter Line:433 - Registering beans for JMX exposure on startup
===2018-10-29 22:41:55.258 INFO  org.springframework.jmx.export.annotation.AnnotationMBeanExporter Line:895 - Bean with name 'dataSource' has been autodetected for JMX exposure
===2018-10-29 22:41:55.265 INFO  org.springframework.jmx.export.annotation.AnnotationMBeanExporter Line:668 - Located MBean 'dataSource': registering with JMX server as MBean [com.zaxxer.hikari:name=dataSource,type=HikariDataSource]
===2018-10-29 22:41:55.271 INFO  org.springframework.context.support.DefaultLifecycleProcessor Line:356 - Starting beans in phase 2147483647
===2018-10-29 22:41:55.608 INFO  org.springframework.boot.web.embedded.tomcat.TomcatWebServer Line:206 - Tomcat started on port(s): 8023 (http) with context path ''
===2018-10-29 22:41:55.612 INFO  com.clothing.manage.ClothingManageApplication Line:59  - Started ClothingManageApplication in 5.023 seconds (JVM running for 6.161)
===2018-10-29 22:42:06.715 INFO  org.springframework.web.servlet.DispatcherServlet Line:494 - FrameworkServlet 'dispatcherServlet': initialization started
===2018-10-29 22:42:06.738 INFO  org.springframework.web.servlet.DispatcherServlet Line:509 - FrameworkServlet 'dispatcherServlet': initialization completed in 23 ms
===2018-10-29 22:42:31.780 INFO  com.clothing.manage.ClothingManageApplication Line:50  - Starting ClothingManageApplication on DESKTOP-SJ98RT1 with PID 100608 (D:\ccz\clothing\clothing-manage\target\classes started by z in D:\ccz\clothing\clothing-web-page)
===2018-10-29 22:42:31.782 INFO  com.clothing.manage.ClothingManageApplication Line:658 - The following profiles are active: dev
===2018-10-29 22:42:31.878 INFO  org.springframework.boot.web.servlet.context.AnnotationConfigServletWebServerApplicationContext Line:588 - Refreshing org.springframework.boot.web.servlet.context.AnnotationConfigServletWebServerApplicationContext@ebaa6cb: startup date [Mon Oct 29 22:42:31 CST 2018]; root of context hierarchy
===2018-10-29 22:42:33.102 INFO  org.springframework.context.support.PostProcessorRegistrationDelegate$BeanPostProcessorChecker Line:326 - Bean 'org.springframework.transaction.annotation.ProxyTransactionManagementConfiguration' of type [org.springframework.transaction.annotation.ProxyTransactionManagementConfiguration$$EnhancerBySpringCGLIB$$de3da42e] is not eligible for getting processed by all BeanPostProcessors (for example: not eligible for auto-proxying)
===2018-10-29 22:42:33.599 INFO  org.springframework.boot.web.embedded.tomcat.TomcatWebServer Line:91  - Tomcat initialized with port(s): 8023 (http)
===2018-10-29 22:42:33.766 INFO  org.springframework.web.context.ContextLoader Line:285 - Root WebApplicationContext: initialization completed in 1888 ms
===2018-10-29 22:42:33.865 INFO  org.springframework.boot.web.servlet.ServletRegistrationBean Line:187 - Servlet dispatcherServlet mapped to [/]
===2018-10-29 22:42:33.868 INFO  org.springframework.boot.web.servlet.FilterRegistrationBean Line:245 - Mapping filter: 'characterEncodingFilter' to: [/*]
===2018-10-29 22:42:33.869 INFO  org.springframework.boot.web.servlet.FilterRegistrationBean Line:245 - Mapping filter: 'hiddenHttpMethodFilter' to: [/*]
===2018-10-29 22:42:33.869 INFO  org.springframework.boot.web.servlet.FilterRegistrationBean Line:245 - Mapping filter: 'httpPutFormContentFilter' to: [/*]
===2018-10-29 22:42:33.869 INFO  org.springframework.boot.web.servlet.FilterRegistrationBean Line:245 - Mapping filter: 'requestContextFilter' to: [/*]
===2018-10-29 22:42:33.869 INFO  org.springframework.boot.web.servlet.FilterRegistrationBean Line:245 - Mapping filter: 'resourceUrlEncodingFilter' to: [/*]
===2018-10-29 22:42:34.877 INFO  org.springframework.web.servlet.mvc.method.annotation.RequestMappingHandlerMapping Line:549 - Mapped "{[/menu/getMenuListByUserId],methods=[GET]}" onto public org.springframework.http.ResponseEntity<java.util.List> com.clothing.manage.controller.MenuController.getMenuListByUserId()
===2018-10-29 22:42:34.881 INFO  org.springframework.web.servlet.mvc.method.annotation.RequestMappingHandlerMapping Line:549 - Mapped "{[/v2/api-docs],methods=[GET],produces=[application/json || application/hal+json]}" onto public org.springframework.http.ResponseEntity<springfox.documentation.spring.web.json.Json> springfox.documentation.swagger2.web.Swagger2Controller.getDocumentation(java.lang.String,javax.servlet.http.HttpServletRequest)
===2018-10-29 22:42:34.884 INFO  org.springframework.web.servlet.mvc.method.annotation.RequestMappingHandlerMapping Line:549 - Mapped "{[/swagger-resources/configuration/ui]}" onto org.springframework.http.ResponseEntity<springfox.documentation.swagger.web.UiConfiguration> springfox.documentation.swagger.web.ApiResourceController.uiConfiguration()
===2018-10-29 22:42:34.885 INFO  org.springframework.web.servlet.mvc.method.annotation.RequestMappingHandlerMapping Line:549 - Mapped "{[/swagger-resources]}" onto org.springframework.http.ResponseEntity<java.util.List<springfox.documentation.swagger.web.SwaggerResource>> springfox.documentation.swagger.web.ApiResourceController.swaggerResources()
===2018-10-29 22:42:34.885 INFO  org.springframework.web.servlet.mvc.method.annotation.RequestMappingHandlerMapping Line:549 - Mapped "{[/swagger-resources/configuration/security]}" onto org.springframework.http.ResponseEntity<springfox.documentation.swagger.web.SecurityConfiguration> springfox.documentation.swagger.web.ApiResourceController.securityConfiguration()
===2018-10-29 22:42:34.891 INFO  org.springframework.web.servlet.mvc.method.annotation.RequestMappingHandlerMapping Line:549 - Mapped "{[/error]}" onto public org.springframework.http.ResponseEntity<java.util.Map<java.lang.String, java.lang.Object>> org.springframework.boot.autoconfigure.web.servlet.error.BasicErrorController.error(javax.servlet.http.HttpServletRequest)
===2018-10-29 22:42:34.892 INFO  org.springframework.web.servlet.mvc.method.annotation.RequestMappingHandlerMapping Line:549 - Mapped "{[/error],produces=[text/html]}" onto public org.springframework.web.servlet.ModelAndView org.springframework.boot.autoconfigure.web.servlet.error.BasicErrorController.errorHtml(javax.servlet.http.HttpServletRequest,javax.servlet.http.HttpServletResponse)
===2018-10-29 22:42:35.119 INFO  org.springframework.web.servlet.handler.SimpleUrlHandlerMapping Line:373 - Mapped URL path [/**/favicon.ico] onto handler of type [class org.springframework.web.servlet.resource.ResourceHttpRequestHandler]
===2018-10-29 22:42:35.324 INFO  org.springframework.web.servlet.mvc.method.annotation.RequestMappingHandlerAdapter Line:588 - Looking for @ControllerAdvice: org.springframework.boot.web.servlet.context.AnnotationConfigServletWebServerApplicationContext@ebaa6cb: startup date [Mon Oct 29 22:42:31 CST 2018]; root of context hierarchy
===2018-10-29 22:42:35.383 INFO  org.springframework.web.servlet.handler.SimpleUrlHandlerMapping Line:373 - Mapped URL path [/webjars/**] onto handler of type [class org.springframework.web.servlet.resource.ResourceHttpRequestHandler]
===2018-10-29 22:42:35.383 INFO  org.springframework.web.servlet.handler.SimpleUrlHandlerMapping Line:373 - Mapped URL path [/**] onto handler of type [class org.springframework.web.servlet.resource.ResourceHttpRequestHandler]
===2018-10-29 22:42:35.813 INFO  org.springframework.jmx.export.annotation.AnnotationMBeanExporter Line:433 - Registering beans for JMX exposure on startup
===2018-10-29 22:42:35.815 INFO  org.springframework.jmx.export.annotation.AnnotationMBeanExporter Line:895 - Bean with name 'dataSource' has been autodetected for JMX exposure
===2018-10-29 22:42:35.821 INFO  org.springframework.jmx.export.annotation.AnnotationMBeanExporter Line:668 - Located MBean 'dataSource': registering with JMX server as MBean [com.zaxxer.hikari:name=dataSource,type=HikariDataSource]
===2018-10-29 22:42:35.826 INFO  org.springframework.context.support.DefaultLifecycleProcessor Line:356 - Starting beans in phase 2147483647
===2018-10-29 22:42:36.084 INFO  org.springframework.boot.web.embedded.tomcat.TomcatWebServer Line:206 - Tomcat started on port(s): 8023 (http) with context path ''
===2018-10-29 22:42:36.088 INFO  com.clothing.manage.ClothingManageApplication Line:59  - Started ClothingManageApplication in 4.862 seconds (JVM running for 6.035)
===2018-10-29 22:42:40.507 INFO  org.springframework.web.servlet.DispatcherServlet Line:494 - FrameworkServlet 'dispatcherServlet': initialization started
===2018-10-29 22:42:40.530 INFO  org.springframework.web.servlet.DispatcherServlet Line:509 - FrameworkServlet 'dispatcherServlet': initialization completed in 23 ms
