===2018-11-01 13:07:13.531 INFO  com.clothing.manage.controller.ProductController Line:37  - 【商品】 分页查询商品校核，参数productExtension=ProductExtension(productName=, productId=null, productCode=null, isPutAway=null, typeId=null, pageNum=1, pageSize=10, startTime=, endTime=, orderBy=null)
===2018-11-01 13:07:13.531 INFO  com.clothing.manage.controller.ProductController Line:37  - 【商品】 分页查询商品校核，参数productExtension=ProductExtension(productName=, productId=null, productCode=null, isPutAway=null, typeId=null, pageNum=1, pageSize=10, startTime=, endTime=, orderBy=null)
===2018-11-01 13:07:39.671 INFO  com.clothing.manage.controller.ProductController Line:37  - 【商品】 分页查询商品校核，参数productExtension=ProductExtension(productName=, productId=null, productCode=null, isPutAway=null, typeId=null, pageNum=1, pageSize=10, startTime=, endTime=, orderBy=null)
===2018-11-01 13:07:39.671 INFO  com.clothing.manage.controller.ProductController Line:37  - 【商品】 分页查询商品校核，参数productExtension=ProductExtension(productName=, productId=null, productCode=null, isPutAway=null, typeId=null, pageNum=1, pageSize=10, startTime=, endTime=, orderBy=null)
===2018-11-01 13:09:51.379 INFO  com.clothing.manage.ClothingManageApplication Line:50  - Starting ClothingManageApplication on DESKTOP-SJ98RT1 with PID 60756 (D:\ccz\clothing\clothing-manage\target\classes started by z in D:\ccz\clothing\clothing-web-page)
===2018-11-01 13:09:51.382 INFO  com.clothing.manage.ClothingManageApplication Line:658 - The following profiles are active: dev
===2018-11-01 13:09:51.548 INFO  org.springframework.boot.web.servlet.context.AnnotationConfigServletWebServerApplicationContext Line:588 - Refreshing org.springframework.boot.web.servlet.context.AnnotationConfigServletWebServerApplicationContext@dbd8e44: startup date [Thu Nov 01 13:09:51 CST 2018]; root of context hierarchy
===2018-11-01 13:09:53.366 INFO  org.springframework.context.support.PostProcessorRegistrationDelegate$BeanPostProcessorChecker Line:326 - Bean 'org.springframework.transaction.annotation.ProxyTransactionManagementConfiguration' of type [org.springframework.transaction.annotation.ProxyTransactionManagementConfiguration$$EnhancerBySpringCGLIB$$ad2ad3d0] is not eligible for getting processed by all BeanPostProcessors (for example: not eligible for auto-proxying)
===2018-11-01 13:09:53.909 INFO  org.springframework.boot.web.embedded.tomcat.TomcatWebServer Line:91  - Tomcat initialized with port(s): 8023 (http)
===2018-11-01 13:09:54.072 INFO  org.springframework.web.context.ContextLoader Line:285 - Root WebApplicationContext: initialization completed in 2525 ms
===2018-11-01 13:09:54.171 INFO  org.springframework.boot.web.servlet.ServletRegistrationBean Line:187 - Servlet dispatcherServlet mapped to [/]
===2018-11-01 13:09:54.178 INFO  org.springframework.boot.web.servlet.FilterRegistrationBean Line:245 - Mapping filter: 'characterEncodingFilter' to: [/*]
===2018-11-01 13:09:54.178 INFO  org.springframework.boot.web.servlet.FilterRegistrationBean Line:245 - Mapping filter: 'hiddenHttpMethodFilter' to: [/*]
===2018-11-01 13:09:54.179 INFO  org.springframework.boot.web.servlet.FilterRegistrationBean Line:245 - Mapping filter: 'httpPutFormContentFilter' to: [/*]
===2018-11-01 13:09:54.179 INFO  org.springframework.boot.web.servlet.FilterRegistrationBean Line:245 - Mapping filter: 'requestContextFilter' to: [/*]
===2018-11-01 13:09:54.179 INFO  org.springframework.boot.web.servlet.FilterRegistrationBean Line:245 - Mapping filter: 'resourceUrlEncodingFilter' to: [/*]
===2018-11-01 13:09:55.417 INFO  org.springframework.web.servlet.mvc.method.annotation.RequestMappingHandlerMapping Line:549 - Mapped "{[/menu/getMenuListByUserId],methods=[GET]}" onto public org.springframework.http.ResponseEntity<java.util.List> com.clothing.manage.controller.MenuController.getMenuListByUserId()
===2018-11-01 13:09:55.420 INFO  org.springframework.web.servlet.mvc.method.annotation.RequestMappingHandlerMapping Line:549 - Mapped "{[/product/getProductsByPage],methods=[POST]}" onto public com.github.pagehelper.PageInfo<java.util.Map> com.clothing.manage.controller.ProductController.getProductsByPage(com.clothing.manage.model.extension.ProductExtension)
===2018-11-01 13:09:55.421 INFO  org.springframework.web.servlet.mvc.method.annotation.RequestMappingHandlerMapping Line:549 - Mapped "{[/standardColor/getStandardColors],methods=[GET]}" onto public java.util.List<java.util.Map> com.clothing.manage.controller.StandardColorController.getStandardColors()
===2018-11-01 13:09:55.422 INFO  org.springframework.web.servlet.mvc.method.annotation.RequestMappingHandlerMapping Line:549 - Mapped "{[/standardSize/getStandardSizes],methods=[GET]}" onto public java.util.List<java.util.Map> com.clothing.manage.controller.StandardSizeController.getStandardSizes()
===2018-11-01 13:09:55.422 INFO  org.springframework.web.servlet.mvc.method.annotation.RequestMappingHandlerMapping Line:549 - Mapped "{[/type/getTypes],methods=[GET]}" onto public java.util.List<java.util.Map> com.clothing.manage.controller.TypeController.getTypes()
===2018-11-01 13:09:55.424 INFO  org.springframework.web.servlet.mvc.method.annotation.RequestMappingHandlerMapping Line:549 - Mapped "{[/v2/api-docs],methods=[GET],produces=[application/json || application/hal+json]}" onto public org.springframework.http.ResponseEntity<springfox.documentation.spring.web.json.Json> springfox.documentation.swagger2.web.Swagger2Controller.getDocumentation(java.lang.String,javax.servlet.http.HttpServletRequest)
===2018-11-01 13:09:55.427 INFO  org.springframework.web.servlet.mvc.method.annotation.RequestMappingHandlerMapping Line:549 - Mapped "{[/swagger-resources/configuration/ui]}" onto org.springframework.http.ResponseEntity<springfox.documentation.swagger.web.UiConfiguration> springfox.documentation.swagger.web.ApiResourceController.uiConfiguration()
===2018-11-01 13:09:55.428 INFO  org.springframework.web.servlet.mvc.method.annotation.RequestMappingHandlerMapping Line:549 - Mapped "{[/swagger-resources]}" onto org.springframework.http.ResponseEntity<java.util.List<springfox.documentation.swagger.web.SwaggerResource>> springfox.documentation.swagger.web.ApiResourceController.swaggerResources()
===2018-11-01 13:09:55.429 INFO  org.springframework.web.servlet.mvc.method.annotation.RequestMappingHandlerMapping Line:549 - Mapped "{[/swagger-resources/configuration/security]}" onto org.springframework.http.ResponseEntity<springfox.documentation.swagger.web.SecurityConfiguration> springfox.documentation.swagger.web.ApiResourceController.securityConfiguration()
===2018-11-01 13:09:55.436 INFO  org.springframework.web.servlet.mvc.method.annotation.RequestMappingHandlerMapping Line:549 - Mapped "{[/error]}" onto public org.springframework.http.ResponseEntity<java.util.Map<java.lang.String, java.lang.Object>> org.springframework.boot.autoconfigure.web.servlet.error.BasicErrorController.error(javax.servlet.http.HttpServletRequest)
===2018-11-01 13:09:55.436 INFO  org.springframework.web.servlet.mvc.method.annotation.RequestMappingHandlerMapping Line:549 - Mapped "{[/error],produces=[text/html]}" onto public org.springframework.web.servlet.ModelAndView org.springframework.boot.autoconfigure.web.servlet.error.BasicErrorController.errorHtml(javax.servlet.http.HttpServletRequest,javax.servlet.http.HttpServletResponse)
===2018-11-01 13:09:55.669 INFO  org.springframework.web.servlet.handler.SimpleUrlHandlerMapping Line:373 - Mapped URL path [/**/favicon.ico] onto handler of type [class org.springframework.web.servlet.resource.ResourceHttpRequestHandler]
===2018-11-01 13:09:55.849 INFO  org.springframework.web.servlet.mvc.method.annotation.RequestMappingHandlerAdapter Line:588 - Looking for @ControllerAdvice: org.springframework.boot.web.servlet.context.AnnotationConfigServletWebServerApplicationContext@dbd8e44: startup date [Thu Nov 01 13:09:51 CST 2018]; root of context hierarchy
===2018-11-01 13:09:55.910 INFO  org.springframework.web.servlet.handler.SimpleUrlHandlerMapping Line:373 - Mapped URL path [/webjars/**] onto handler of type [class org.springframework.web.servlet.resource.ResourceHttpRequestHandler]
===2018-11-01 13:09:55.910 INFO  org.springframework.web.servlet.handler.SimpleUrlHandlerMapping Line:373 - Mapped URL path [/**] onto handler of type [class org.springframework.web.servlet.resource.ResourceHttpRequestHandler]
===2018-11-01 13:09:56.309 INFO  org.springframework.jmx.export.annotation.AnnotationMBeanExporter Line:433 - Registering beans for JMX exposure on startup
===2018-11-01 13:09:56.311 INFO  org.springframework.jmx.export.annotation.AnnotationMBeanExporter Line:895 - Bean with name 'dataSource' has been autodetected for JMX exposure
===2018-11-01 13:09:56.317 INFO  org.springframework.jmx.export.annotation.AnnotationMBeanExporter Line:668 - Located MBean 'dataSource': registering with JMX server as MBean [com.zaxxer.hikari:name=dataSource,type=HikariDataSource]
===2018-11-01 13:09:56.321 INFO  org.springframework.context.support.DefaultLifecycleProcessor Line:356 - Starting beans in phase 2147483647
===2018-11-01 13:09:56.781 INFO  org.springframework.boot.web.embedded.tomcat.TomcatWebServer Line:206 - Tomcat started on port(s): 8023 (http) with context path ''
===2018-11-01 13:09:56.784 INFO  com.clothing.manage.ClothingManageApplication Line:59  - Started ClothingManageApplication in 6.422 seconds (JVM running for 7.834)
===2018-11-01 13:10:02.082 INFO  org.springframework.web.servlet.DispatcherServlet Line:494 - FrameworkServlet 'dispatcherServlet': initialization started
===2018-11-01 13:10:02.111 INFO  org.springframework.web.servlet.DispatcherServlet Line:509 - FrameworkServlet 'dispatcherServlet': initialization completed in 29 ms
===2018-11-01 13:10:02.161 INFO  com.clothing.manage.controller.ProductController Line:37  - 【商品】 分页查询商品校核，参数productExtension=ProductExtension(productName=, productId=null, productCode=null, isPutAway=null, typeId=null, pageNum=1, pageSize=10, startTime=, endTime=, orderBy=null)
===2018-11-01 13:10:02.161 INFO  com.clothing.manage.controller.ProductController Line:37  - 【商品】 分页查询商品校核，参数productExtension=ProductExtension(productName=, productId=null, productCode=null, isPutAway=null, typeId=null, pageNum=1, pageSize=10, startTime=, endTime=, orderBy=null)
===2018-11-01 13:12:58.047 INFO  com.clothing.manage.controller.ProductController Line:37  - 【商品】 分页查询商品校核，参数productExtension=ProductExtension(productName=, productId=null, productCode=null, isPutAway=null, typeId=null, pageNum=1, pageSize=10, startTime=, endTime=, orderBy=null)
===2018-11-01 13:12:58.348 INFO  com.clothing.manage.controller.ProductController Line:37  - 【商品】 分页查询商品校核，参数productExtension=ProductExtension(productName=, productId=null, productCode=null, isPutAway=null, typeId=null, pageNum=1, pageSize=10, startTime=, endTime=, orderBy=null)
===2018-11-01 13:13:20.564 INFO  com.clothing.manage.controller.ProductController Line:37  - 【商品】 分页查询商品校核，参数productExtension=ProductExtension(productName=, productId=null, productCode=null, isPutAway=null, typeId=null, pageNum=1, pageSize=10, startTime=, endTime=, orderBy=null)
===2018-11-01 13:13:20.565 INFO  com.clothing.manage.controller.ProductController Line:37  - 【商品】 分页查询商品校核，参数productExtension=ProductExtension(productName=, productId=null, productCode=null, isPutAway=null, typeId=null, pageNum=1, pageSize=10, startTime=, endTime=, orderBy=null)
===2018-11-01 13:15:30.225 INFO  com.clothing.manage.controller.ProductController Line:37  - 【商品】 分页查询商品校核，参数productExtension=ProductExtension(productName=, productId=null, productCode=null, isPutAway=null, typeId=null, pageNum=1, pageSize=10, startTime=, endTime=, orderBy=null)
===2018-11-01 13:15:30.534 INFO  com.clothing.manage.controller.ProductController Line:37  - 【商品】 分页查询商品校核，参数productExtension=ProductExtension(productName=, productId=null, productCode=null, isPutAway=null, typeId=null, pageNum=1, pageSize=10, startTime=, endTime=, orderBy=null)
===2018-11-01 13:15:41.473 INFO  com.clothing.manage.controller.ProductController Line:37  - 【商品】 分页查询商品校核，参数productExtension=ProductExtension(productName=, productId=null, productCode=null, isPutAway=null, typeId=null, pageNum=1, pageSize=10, startTime=, endTime=, orderBy=null)
===2018-11-01 13:15:41.775 INFO  com.clothing.manage.controller.ProductController Line:37  - 【商品】 分页查询商品校核，参数productExtension=ProductExtension(productName=, productId=null, productCode=null, isPutAway=null, typeId=null, pageNum=1, pageSize=10, startTime=, endTime=, orderBy=null)
===2018-11-01 13:16:11.186 INFO  com.clothing.manage.controller.ProductController Line:37  - 【商品】 分页查询商品校核，参数productExtension=ProductExtension(productName=null, productId=null, productCode=null, isPutAway=null, typeId=null, pageNum=1, pageSize=10, startTime=null, endTime=null, orderBy=null)
===2018-11-01 13:16:29.135 INFO  com.clothing.manage.controller.ProductController Line:37  - 【商品】 分页查询商品校核，参数productExtension=ProductExtension(productName=null, productId=null, productCode=null, isPutAway=null, typeId=null, pageNum=1, pageSize=10, startTime=null, endTime=null, orderBy=null)
===2018-11-01 13:17:53.469 INFO  com.clothing.manage.controller.ProductController Line:37  - 【商品】 分页查询商品校核，参数productExtension=ProductExtension(productName=null, productId=null, productCode=null, isPutAway=null, typeId=null, pageNum=1, pageSize=10, startTime=null, endTime=null, orderBy=null)
===2018-11-01 13:18:00.627 INFO  com.clothing.manage.controller.ProductController Line:37  - 【商品】 分页查询商品校核，参数productExtension=ProductExtension(productName=null, productId=null, productCode=null, isPutAway=null, typeId=null, pageNum=1, pageSize=10, startTime=null, endTime=null, orderBy=null)
===2018-11-01 13:18:54.130 INFO  com.clothing.manage.controller.ProductController Line:37  - 【商品】 分页查询商品校核，参数productExtension=ProductExtension(productName=, productId=null, productCode=null, isPutAway=null, typeId=null, pageNum=1, pageSize=10, startTime=, endTime=, orderBy=null)
===2018-11-01 13:18:54.437 INFO  com.clothing.manage.controller.ProductController Line:37  - 【商品】 分页查询商品校核，参数productExtension=ProductExtension(productName=, productId=null, productCode=null, isPutAway=null, typeId=null, pageNum=1, pageSize=10, startTime=, endTime=, orderBy=null)
===2018-11-01 13:18:55.633 INFO  com.clothing.manage.controller.ProductController Line:37  - 【商品】 分页查询商品校核，参数productExtension=ProductExtension(productName=, productId=null, productCode=null, isPutAway=null, typeId=null, pageNum=1, pageSize=10, startTime=, endTime=, orderBy=null)
===2018-11-01 13:18:55.634 INFO  com.clothing.manage.controller.ProductController Line:37  - 【商品】 分页查询商品校核，参数productExtension=ProductExtension(productName=, productId=null, productCode=null, isPutAway=null, typeId=null, pageNum=1, pageSize=10, startTime=, endTime=, orderBy=null)
===2018-11-01 13:21:16.069 INFO  com.clothing.manage.controller.ProductController Line:37  - 【商品】 分页查询商品校核，参数productExtension=ProductExtension(productName=, productId=null, productCode=null, isPutAway=null, typeId=null, pageNum=1, pageSize=10, startTime=, endTime=, orderBy=null)
===2018-11-01 13:21:16.072 INFO  com.clothing.manage.controller.ProductController Line:37  - 【商品】 分页查询商品校核，参数productExtension=ProductExtension(productName=, productId=null, productCode=null, isPutAway=null, typeId=null, pageNum=1, pageSize=10, startTime=, endTime=, orderBy=null)
===2018-11-01 13:26:45.063 INFO  com.clothing.manage.controller.ProductController Line:37  - 【商品】 分页查询商品校核，参数productExtension=ProductExtension(productName=, productId=null, productCode=null, isPutAway=null, typeId=null, pageNum=1, pageSize=10, startTime=, endTime=, orderBy=null)
===2018-11-01 13:26:45.063 INFO  com.clothing.manage.controller.ProductController Line:37  - 【商品】 分页查询商品校核，参数productExtension=ProductExtension(productName=, productId=null, productCode=null, isPutAway=null, typeId=null, pageNum=1, pageSize=10, startTime=, endTime=, orderBy=null)
===2018-11-01 13:27:30.872 INFO  com.clothing.manage.controller.ProductController Line:37  - 【商品】 分页查询商品校核，参数productExtension=ProductExtension(productName=, productId=null, productCode=null, isPutAway=null, typeId=null, pageNum=1, pageSize=10, startTime=, endTime=, orderBy=null)
===2018-11-01 13:27:31.172 INFO  com.clothing.manage.controller.ProductController Line:37  - 【商品】 分页查询商品校核，参数productExtension=ProductExtension(productName=, productId=null, productCode=null, isPutAway=null, typeId=null, pageNum=1, pageSize=10, startTime=, endTime=, orderBy=null)
===2018-11-01 13:28:01.696 INFO  com.clothing.manage.controller.ProductController Line:37  - 【商品】 分页查询商品校核，参数productExtension=ProductExtension(productName=, productId=null, productCode=null, isPutAway=null, typeId=null, pageNum=1, pageSize=10, startTime=, endTime=, orderBy=null)
===2018-11-01 13:28:01.696 INFO  com.clothing.manage.controller.ProductController Line:37  - 【商品】 分页查询商品校核，参数productExtension=ProductExtension(productName=, productId=null, productCode=null, isPutAway=null, typeId=null, pageNum=1, pageSize=10, startTime=, endTime=, orderBy=null)
===2018-11-01 13:29:32.861 INFO  com.clothing.manage.controller.ProductController Line:37  - 【商品】 分页查询商品校核，参数productExtension=ProductExtension(productName=, productId=null, productCode=null, isPutAway=null, typeId=null, pageNum=1, pageSize=10, startTime=, endTime=, orderBy=null)
===2018-11-01 13:29:32.862 INFO  com.clothing.manage.controller.ProductController Line:37  - 【商品】 分页查询商品校核，参数productExtension=ProductExtension(productName=, productId=null, productCode=null, isPutAway=null, typeId=null, pageNum=1, pageSize=10, startTime=, endTime=, orderBy=null)
===2018-11-01 13:34:56.120 INFO  com.clothing.manage.controller.ProductController Line:37  - 【商品】 分页查询商品校核，参数productExtension=ProductExtension(productName=, productId=null, productCode=null, isPutAway=null, typeId=null, pageNum=1, pageSize=10, startTime=, endTime=, orderBy=null)
===2018-11-01 13:34:56.422 INFO  com.clothing.manage.controller.ProductController Line:37  - 【商品】 分页查询商品校核，参数productExtension=ProductExtension(productName=, productId=null, productCode=null, isPutAway=null, typeId=null, pageNum=1, pageSize=10, startTime=, endTime=, orderBy=null)
===2018-11-01 13:35:38.155 INFO  com.clothing.manage.controller.ProductController Line:37  - 【商品】 分页查询商品校核，参数productExtension=ProductExtension(productName=, productId=null, productCode=null, isPutAway=null, typeId=null, pageNum=1, pageSize=10, startTime=, endTime=, orderBy=null)
===2018-11-01 13:35:38.155 INFO  com.clothing.manage.controller.ProductController Line:37  - 【商品】 分页查询商品校核，参数productExtension=ProductExtension(productName=, productId=null, productCode=null, isPutAway=null, typeId=null, pageNum=1, pageSize=10, startTime=, endTime=, orderBy=null)
===2018-11-01 13:38:19.713 INFO  com.clothing.manage.controller.ProductController Line:37  - 【商品】 分页查询商品校核，参数productExtension=ProductExtension(productName=, productId=null, productCode=null, isPutAway=null, typeId=null, pageNum=1, pageSize=10, startTime=, endTime=, orderBy=null)
===2018-11-01 13:38:20.016 INFO  com.clothing.manage.controller.ProductController Line:37  - 【商品】 分页查询商品校核，参数productExtension=ProductExtension(productName=, productId=null, productCode=null, isPutAway=null, typeId=null, pageNum=1, pageSize=10, startTime=, endTime=, orderBy=null)
===2018-11-01 13:39:18.241 INFO  com.clothing.manage.controller.ProductController Line:37  - 【商品】 分页查询商品校核，参数productExtension=ProductExtension(productName=, productId=null, productCode=null, isPutAway=null, typeId=null, pageNum=1, pageSize=10, startTime=, endTime=, orderBy=null)
===2018-11-01 13:39:18.241 INFO  com.clothing.manage.controller.ProductController Line:37  - 【商品】 分页查询商品校核，参数productExtension=ProductExtension(productName=, productId=null, productCode=null, isPutAway=null, typeId=null, pageNum=1, pageSize=10, startTime=, endTime=, orderBy=null)
===2018-11-01 13:47:29.003 INFO  com.clothing.manage.controller.ProductController Line:37  - 【商品】 分页查询商品校核，参数productExtension=ProductExtension(productName=, productId=null, productCode=null, isPutAway=null, typeId=null, pageNum=1, pageSize=10, startTime=, endTime=, orderBy=null)
===2018-11-01 13:47:29.299 INFO  com.clothing.manage.controller.ProductController Line:37  - 【商品】 分页查询商品校核，参数productExtension=ProductExtension(productName=, productId=null, productCode=null, isPutAway=null, typeId=null, pageNum=1, pageSize=10, startTime=, endTime=, orderBy=null)
===2018-11-01 13:48:55.369 INFO  com.clothing.manage.controller.ProductController Line:37  - 【商品】 分页查询商品校核，参数productExtension=ProductExtension(productName=, productId=null, productCode=null, isPutAway=null, typeId=null, pageNum=1, pageSize=10, startTime=, endTime=, orderBy=null)
===2018-11-01 13:48:55.370 INFO  com.clothing.manage.controller.ProductController Line:37  - 【商品】 分页查询商品校核，参数productExtension=ProductExtension(productName=, productId=null, productCode=null, isPutAway=null, typeId=null, pageNum=1, pageSize=10, startTime=, endTime=, orderBy=null)
===2018-11-01 13:49:43.797 INFO  com.clothing.manage.controller.ProductController Line:37  - 【商品】 分页查询商品校核，参数productExtension=ProductExtension(productName=, productId=null, productCode=null, isPutAway=null, typeId=null, pageNum=1, pageSize=10, startTime=, endTime=, orderBy=null)
===2018-11-01 13:49:44.060 INFO  com.clothing.manage.controller.ProductController Line:37  - 【商品】 分页查询商品校核，参数productExtension=ProductExtension(productName=, productId=null, productCode=null, isPutAway=null, typeId=null, pageNum=1, pageSize=10, startTime=, endTime=, orderBy=null)
===2018-11-01 13:50:41.483 INFO  com.clothing.manage.controller.ProductController Line:37  - 【商品】 分页查询商品校核，参数productExtension=ProductExtension(productName=, productId=null, productCode=null, isPutAway=null, typeId=null, pageNum=1, pageSize=10, startTime=, endTime=, orderBy=null)
===2018-11-01 13:50:41.483 INFO  com.clothing.manage.controller.ProductController Line:37  - 【商品】 分页查询商品校核，参数productExtension=ProductExtension(productName=, productId=null, productCode=null, isPutAway=null, typeId=null, pageNum=1, pageSize=10, startTime=, endTime=, orderBy=null)
===2018-11-01 13:50:49.092 INFO  com.clothing.manage.controller.ProductController Line:37  - 【商品】 分页查询商品校核，参数productExtension=ProductExtension(productName=, productId=null, productCode=null, isPutAway=null, typeId=null, pageNum=1, pageSize=10, startTime=, endTime=, orderBy=null)
===2018-11-01 13:50:49.092 INFO  com.clothing.manage.controller.ProductController Line:37  - 【商品】 分页查询商品校核，参数productExtension=ProductExtension(productName=, productId=null, productCode=null, isPutAway=null, typeId=null, pageNum=1, pageSize=10, startTime=, endTime=, orderBy=null)
===2018-11-01 13:51:57.662 INFO  com.clothing.manage.controller.ProductController Line:37  - 【商品】 分页查询商品校核，参数productExtension=ProductExtension(productName=, productId=null, productCode=null, isPutAway=null, typeId=null, pageNum=1, pageSize=10, startTime=, endTime=, orderBy=null)
===2018-11-01 13:51:57.963 INFO  com.clothing.manage.controller.ProductController Line:37  - 【商品】 分页查询商品校核，参数productExtension=ProductExtension(productName=, productId=null, productCode=null, isPutAway=null, typeId=null, pageNum=1, pageSize=10, startTime=, endTime=, orderBy=null)
===2018-11-01 13:54:17.580 INFO  com.clothing.manage.controller.ProductController Line:37  - 【商品】 分页查询商品校核，参数productExtension=ProductExtension(productName=, productId=null, productCode=null, isPutAway=null, typeId=null, pageNum=1, pageSize=10, startTime=, endTime=, orderBy=null)
===2018-11-01 13:54:17.880 INFO  com.clothing.manage.controller.ProductController Line:37  - 【商品】 分页查询商品校核，参数productExtension=ProductExtension(productName=, productId=null, productCode=null, isPutAway=null, typeId=null, pageNum=1, pageSize=10, startTime=, endTime=, orderBy=null)
===2018-11-01 13:55:03.081 INFO  com.clothing.manage.controller.ProductController Line:37  - 【商品】 分页查询商品校核，参数productExtension=ProductExtension(productName=, productId=null, productCode=null, isPutAway=null, typeId=null, pageNum=1, pageSize=10, startTime=, endTime=, orderBy=null)
===2018-11-01 13:55:03.081 INFO  com.clothing.manage.controller.ProductController Line:37  - 【商品】 分页查询商品校核，参数productExtension=ProductExtension(productName=, productId=null, productCode=null, isPutAway=null, typeId=null, pageNum=1, pageSize=10, startTime=, endTime=, orderBy=null)
===2018-11-01 13:56:17.516 INFO  com.clothing.manage.controller.ProductController Line:37  - 【商品】 分页查询商品校核，参数productExtension=ProductExtension(productName=, productId=null, productCode=null, isPutAway=null, typeId=null, pageNum=1, pageSize=10, startTime=, endTime=, orderBy=null)
===2018-11-01 13:56:17.820 INFO  com.clothing.manage.controller.ProductController Line:37  - 【商品】 分页查询商品校核，参数productExtension=ProductExtension(productName=, productId=null, productCode=null, isPutAway=null, typeId=null, pageNum=1, pageSize=10, startTime=, endTime=, orderBy=null)
===2018-11-01 13:58:49.606 INFO  com.clothing.manage.controller.ProductController Line:37  - 【商品】 分页查询商品校核，参数productExtension=ProductExtension(productName=, productId=null, productCode=null, isPutAway=null, typeId=null, pageNum=1, pageSize=10, startTime=, endTime=, orderBy=null)
===2018-11-01 13:58:49.606 INFO  com.clothing.manage.controller.ProductController Line:37  - 【商品】 分页查询商品校核，参数productExtension=ProductExtension(productName=, productId=null, productCode=null, isPutAway=null, typeId=null, pageNum=1, pageSize=10, startTime=, endTime=, orderBy=null)
===2018-11-01 14:01:13.842 INFO  com.clothing.manage.controller.ProductController Line:37  - 【商品】 分页查询商品校核，参数productExtension=ProductExtension(productName=, productId=null, productCode=null, isPutAway=null, typeId=null, pageNum=1, pageSize=10, startTime=, endTime=, orderBy=null)
===2018-11-01 14:01:13.842 INFO  com.clothing.manage.controller.ProductController Line:37  - 【商品】 分页查询商品校核，参数productExtension=ProductExtension(productName=, productId=null, productCode=null, isPutAway=null, typeId=null, pageNum=1, pageSize=10, startTime=, endTime=, orderBy=null)
===2018-11-01 14:02:57.752 INFO  com.clothing.manage.controller.ProductController Line:37  - 【商品】 分页查询商品校核，参数productExtension=ProductExtension(productName=, productId=null, productCode=null, isPutAway=null, typeId=null, pageNum=1, pageSize=10, startTime=, endTime=, orderBy=null)
===2018-11-01 14:02:58.052 INFO  com.clothing.manage.controller.ProductController Line:37  - 【商品】 分页查询商品校核，参数productExtension=ProductExtension(productName=, productId=null, productCode=null, isPutAway=null, typeId=null, pageNum=1, pageSize=10, startTime=, endTime=, orderBy=null)
===2018-11-01 14:05:58.656 INFO  com.clothing.manage.controller.ProductController Line:37  - 【商品】 分页查询商品校核，参数productExtension=ProductExtension(productName=, productId=null, productCode=null, isPutAway=null, typeId=null, pageNum=1, pageSize=10, startTime=, endTime=, orderBy=null)
===2018-11-01 14:05:58.940 INFO  com.clothing.manage.controller.ProductController Line:37  - 【商品】 分页查询商品校核，参数productExtension=ProductExtension(productName=, productId=null, productCode=null, isPutAway=null, typeId=null, pageNum=1, pageSize=10, startTime=, endTime=, orderBy=null)
===2018-11-01 14:06:29.436 INFO  com.clothing.manage.controller.ProductController Line:37  - 【商品】 分页查询商品校核，参数productExtension=ProductExtension(productName=, productId=null, productCode=null, isPutAway=null, typeId=null, pageNum=1, pageSize=10, startTime=, endTime=, orderBy=null)
===2018-11-01 14:06:29.436 INFO  com.clothing.manage.controller.ProductController Line:37  - 【商品】 分页查询商品校核，参数productExtension=ProductExtension(productName=, productId=null, productCode=null, isPutAway=null, typeId=null, pageNum=1, pageSize=10, startTime=, endTime=, orderBy=null)
===2018-11-01 14:07:41.360 INFO  com.clothing.manage.controller.ProductController Line:37  - 【商品】 分页查询商品校核，参数productExtension=ProductExtension(productName=, productId=null, productCode=null, isPutAway=null, typeId=null, pageNum=1, pageSize=10, startTime=, endTime=, orderBy=null)
===2018-11-01 14:07:41.382 INFO  com.clothing.manage.controller.ProductController Line:37  - 【商品】 分页查询商品校核，参数productExtension=ProductExtension(productName=, productId=null, productCode=null, isPutAway=null, typeId=null, pageNum=1, pageSize=10, startTime=, endTime=, orderBy=null)
===2018-11-01 14:12:40.641 INFO  com.clothing.manage.controller.ProductController Line:37  - 【商品】 分页查询商品校核，参数productExtension=ProductExtension(productName=, productId=null, productCode=null, isPutAway=null, typeId=null, pageNum=1, pageSize=10, startTime=, endTime=, orderBy=null)
===2018-11-01 14:12:40.645 INFO  com.clothing.manage.controller.ProductController Line:37  - 【商品】 分页查询商品校核，参数productExtension=ProductExtension(productName=, productId=null, productCode=null, isPutAway=null, typeId=null, pageNum=1, pageSize=10, startTime=, endTime=, orderBy=null)
===2018-11-01 14:13:46.246 INFO  com.clothing.manage.controller.ProductController Line:37  - 【商品】 分页查询商品校核，参数productExtension=ProductExtension(productName=, productId=null, productCode=null, isPutAway=null, typeId=null, pageNum=1, pageSize=10, startTime=, endTime=, orderBy=null)
===2018-11-01 14:13:46.548 INFO  com.clothing.manage.controller.ProductController Line:37  - 【商品】 分页查询商品校核，参数productExtension=ProductExtension(productName=, productId=null, productCode=null, isPutAway=null, typeId=null, pageNum=1, pageSize=10, startTime=, endTime=, orderBy=null)
===2018-11-01 14:14:01.256 INFO  com.clothing.manage.controller.ProductController Line:37  - 【商品】 分页查询商品校核，参数productExtension=ProductExtension(productName=, productId=null, productCode=null, isPutAway=null, typeId=null, pageNum=1, pageSize=10, startTime=, endTime=, orderBy=null)
===2018-11-01 14:14:01.256 INFO  com.clothing.manage.controller.ProductController Line:37  - 【商品】 分页查询商品校核，参数productExtension=ProductExtension(productName=, productId=null, productCode=null, isPutAway=null, typeId=null, pageNum=1, pageSize=10, startTime=, endTime=, orderBy=null)
===2018-11-01 14:14:54.806 INFO  com.clothing.manage.controller.ProductController Line:37  - 【商品】 分页查询商品校核，参数productExtension=ProductExtension(productName=, productId=null, productCode=null, isPutAway=null, typeId=null, pageNum=1, pageSize=10, startTime=, endTime=, orderBy=null)
===2018-11-01 14:14:55.109 INFO  com.clothing.manage.controller.ProductController Line:37  - 【商品】 分页查询商品校核，参数productExtension=ProductExtension(productName=, productId=null, productCode=null, isPutAway=null, typeId=null, pageNum=1, pageSize=10, startTime=, endTime=, orderBy=null)
===2018-11-01 14:15:32.218 INFO  com.clothing.manage.controller.ProductController Line:37  - 【商品】 分页查询商品校核，参数productExtension=ProductExtension(productName=, productId=null, productCode=null, isPutAway=null, typeId=null, pageNum=1, pageSize=10, startTime=, endTime=, orderBy=null)
===2018-11-01 14:15:32.497 INFO  com.clothing.manage.controller.ProductController Line:37  - 【商品】 分页查询商品校核，参数productExtension=ProductExtension(productName=, productId=null, productCode=null, isPutAway=null, typeId=null, pageNum=1, pageSize=10, startTime=, endTime=, orderBy=null)
===2018-11-01 14:17:18.523 INFO  com.clothing.manage.controller.ProductController Line:37  - 【商品】 分页查询商品校核，参数productExtension=ProductExtension(productName=, productId=null, productCode=null, isPutAway=null, typeId=null, pageNum=1, pageSize=10, startTime=, endTime=, orderBy=null)
===2018-11-01 14:17:18.824 INFO  com.clothing.manage.controller.ProductController Line:37  - 【商品】 分页查询商品校核，参数productExtension=ProductExtension(productName=, productId=null, productCode=null, isPutAway=null, typeId=null, pageNum=1, pageSize=10, startTime=, endTime=, orderBy=null)
===2018-11-01 19:57:24.694 INFO  com.clothing.manage.controller.ProductController Line:37  - 【商品】 分页查询商品校核，参数productExtension=ProductExtension(productName=, productId=null, productCode=null, isPutAway=null, typeId=null, pageNum=1, pageSize=10, startTime=, endTime=, orderBy=null)
===2018-11-01 19:57:24.694 INFO  com.clothing.manage.controller.ProductController Line:37  - 【商品】 分页查询商品校核，参数productExtension=ProductExtension(productName=, productId=null, productCode=null, isPutAway=null, typeId=null, pageNum=1, pageSize=10, startTime=, endTime=, orderBy=null)
===2018-11-01 19:59:12.224 INFO  com.clothing.manage.controller.ProductController Line:37  - 【商品】 分页查询商品校核，参数productExtension=ProductExtension(productName=, productId=null, productCode=null, isPutAway=null, typeId=null, pageNum=1, pageSize=10, startTime=, endTime=, orderBy=null)
===2018-11-01 19:59:12.224 INFO  com.clothing.manage.controller.ProductController Line:37  - 【商品】 分页查询商品校核，参数productExtension=ProductExtension(productName=, productId=null, productCode=null, isPutAway=null, typeId=null, pageNum=1, pageSize=10, startTime=, endTime=, orderBy=null)
===2018-11-01 20:01:39.318 INFO  com.clothing.manage.controller.ProductController Line:37  - 【商品】 分页查询商品校核，参数productExtension=ProductExtension(productName=, productId=null, productCode=null, isPutAway=null, typeId=null, pageNum=1, pageSize=10, startTime=, endTime=, orderBy=null)
===2018-11-01 20:01:39.635 INFO  com.clothing.manage.controller.ProductController Line:37  - 【商品】 分页查询商品校核，参数productExtension=ProductExtension(productName=, productId=null, productCode=null, isPutAway=null, typeId=null, pageNum=1, pageSize=10, startTime=, endTime=, orderBy=null)
===2018-11-01 20:03:15.111 INFO  com.clothing.manage.controller.ProductController Line:37  - 【商品】 分页查询商品校核，参数productExtension=ProductExtension(productName=, productId=null, productCode=null, isPutAway=null, typeId=null, pageNum=1, pageSize=10, startTime=, endTime=, orderBy=null)
===2018-11-01 20:03:15.414 INFO  com.clothing.manage.controller.ProductController Line:37  - 【商品】 分页查询商品校核，参数productExtension=ProductExtension(productName=, productId=null, productCode=null, isPutAway=null, typeId=null, pageNum=1, pageSize=10, startTime=, endTime=, orderBy=null)
===2018-11-01 20:03:49.805 INFO  com.clothing.manage.controller.ProductController Line:37  - 【商品】 分页查询商品校核，参数productExtension=ProductExtension(productName=, productId=null, productCode=null, isPutAway=null, typeId=null, pageNum=1, pageSize=10, startTime=, endTime=, orderBy=null)
===2018-11-01 20:03:49.805 INFO  com.clothing.manage.controller.ProductController Line:37  - 【商品】 分页查询商品校核，参数productExtension=ProductExtension(productName=, productId=null, productCode=null, isPutAway=null, typeId=null, pageNum=1, pageSize=10, startTime=, endTime=, orderBy=null)
===2018-11-01 20:09:04.956 INFO  com.clothing.manage.controller.ProductController Line:37  - 【商品】 分页查询商品校核，参数productExtension=ProductExtension(productName=, productId=null, productCode=null, isPutAway=null, typeId=null, pageNum=1, pageSize=10, startTime=, endTime=, orderBy=null)
===2018-11-01 20:09:05.239 INFO  com.clothing.manage.controller.ProductController Line:37  - 【商品】 分页查询商品校核，参数productExtension=ProductExtension(productName=, productId=null, productCode=null, isPutAway=null, typeId=null, pageNum=1, pageSize=10, startTime=, endTime=, orderBy=null)
===2018-11-01 20:16:48.608 INFO  com.clothing.manage.controller.ProductController Line:37  - 【商品】 分页查询商品校核，参数productExtension=ProductExtension(productName=, productId=null, productCode=null, isPutAway=null, typeId=null, pageNum=1, pageSize=10, startTime=, endTime=, orderBy=null)
===2018-11-01 20:16:48.926 INFO  com.clothing.manage.controller.ProductController Line:37  - 【商品】 分页查询商品校核，参数productExtension=ProductExtension(productName=, productId=null, productCode=null, isPutAway=null, typeId=null, pageNum=1, pageSize=10, startTime=, endTime=, orderBy=null)
===2018-11-01 20:16:57.972 INFO  com.clothing.manage.controller.ProductController Line:37  - 【商品】 分页查询商品校核，参数productExtension=ProductExtension(productName=, productId=null, productCode=null, isPutAway=null, typeId=null, pageNum=1, pageSize=10, startTime=, endTime=, orderBy=null)
===2018-11-01 20:16:57.972 INFO  com.clothing.manage.controller.ProductController Line:37  - 【商品】 分页查询商品校核，参数productExtension=ProductExtension(productName=, productId=null, productCode=null, isPutAway=null, typeId=null, pageNum=1, pageSize=10, startTime=, endTime=, orderBy=null)
===2018-11-01 20:18:28.554 INFO  com.clothing.manage.controller.ProductController Line:37  - 【商品】 分页查询商品校核，参数productExtension=ProductExtension(productName=, productId=null, productCode=null, isPutAway=null, typeId=null, pageNum=1, pageSize=10, startTime=, endTime=, orderBy=null)
===2018-11-01 20:18:28.827 INFO  com.clothing.manage.controller.ProductController Line:37  - 【商品】 分页查询商品校核，参数productExtension=ProductExtension(productName=, productId=null, productCode=null, isPutAway=null, typeId=null, pageNum=1, pageSize=10, startTime=, endTime=, orderBy=null)
===2018-11-01 20:18:41.464 INFO  com.clothing.manage.controller.ProductController Line:37  - 【商品】 分页查询商品校核，参数productExtension=ProductExtension(productName=, productId=null, productCode=null, isPutAway=null, typeId=null, pageNum=1, pageSize=10, startTime=, endTime=, orderBy=null)
===2018-11-01 20:18:41.464 INFO  com.clothing.manage.controller.ProductController Line:37  - 【商品】 分页查询商品校核，参数productExtension=ProductExtension(productName=, productId=null, productCode=null, isPutAway=null, typeId=null, pageNum=1, pageSize=10, startTime=, endTime=, orderBy=null)
===2018-11-01 20:19:40.420 INFO  com.clothing.manage.controller.ProductController Line:37  - 【商品】 分页查询商品校核，参数productExtension=ProductExtension(productName=, productId=null, productCode=null, isPutAway=null, typeId=null, pageNum=1, pageSize=10, startTime=, endTime=, orderBy=null)
===2018-11-01 20:19:40.420 INFO  com.clothing.manage.controller.ProductController Line:37  - 【商品】 分页查询商品校核，参数productExtension=ProductExtension(productName=, productId=null, productCode=null, isPutAway=null, typeId=null, pageNum=1, pageSize=10, startTime=, endTime=, orderBy=null)
===2018-11-01 20:19:56.166 INFO  com.clothing.manage.controller.ProductController Line:37  - 【商品】 分页查询商品校核，参数productExtension=ProductExtension(productName=, productId=null, productCode=null, isPutAway=null, typeId=null, pageNum=1, pageSize=10, startTime=, endTime=, orderBy=null)
===2018-11-01 20:19:56.166 INFO  com.clothing.manage.controller.ProductController Line:37  - 【商品】 分页查询商品校核，参数productExtension=ProductExtension(productName=, productId=null, productCode=null, isPutAway=null, typeId=null, pageNum=1, pageSize=10, startTime=, endTime=, orderBy=null)
===2018-11-01 20:22:01.545 INFO  com.clothing.manage.controller.ProductController Line:37  - 【商品】 分页查询商品校核，参数productExtension=ProductExtension(productName=, productId=null, productCode=null, isPutAway=null, typeId=null, pageNum=1, pageSize=10, startTime=, endTime=, orderBy=null)
===2018-11-01 20:22:01.794 INFO  com.clothing.manage.controller.ProductController Line:37  - 【商品】 分页查询商品校核，参数productExtension=ProductExtension(productName=, productId=null, productCode=null, isPutAway=null, typeId=null, pageNum=1, pageSize=10, startTime=, endTime=, orderBy=null)
===2018-11-01 20:23:01.144 INFO  com.clothing.manage.controller.ProductController Line:37  - 【商品】 分页查询商品校核，参数productExtension=ProductExtension(productName=, productId=null, productCode=null, isPutAway=null, typeId=null, pageNum=1, pageSize=10, startTime=, endTime=, orderBy=null)
===2018-11-01 20:23:01.448 INFO  com.clothing.manage.controller.ProductController Line:37  - 【商品】 分页查询商品校核，参数productExtension=ProductExtension(productName=, productId=null, productCode=null, isPutAway=null, typeId=null, pageNum=1, pageSize=10, startTime=, endTime=, orderBy=null)
===2018-11-01 20:23:38.659 INFO  com.clothing.manage.controller.ProductController Line:37  - 【商品】 分页查询商品校核，参数productExtension=ProductExtension(productName=, productId=null, productCode=null, isPutAway=null, typeId=null, pageNum=1, pageSize=10, startTime=, endTime=, orderBy=null)
===2018-11-01 20:23:38.957 INFO  com.clothing.manage.controller.ProductController Line:37  - 【商品】 分页查询商品校核，参数productExtension=ProductExtension(productName=, productId=null, productCode=null, isPutAway=null, typeId=null, pageNum=1, pageSize=10, startTime=, endTime=, orderBy=null)
===2018-11-01 20:24:07.273 INFO  com.clothing.manage.controller.ProductController Line:37  - 【商品】 分页查询商品校核，参数productExtension=ProductExtension(productName=, productId=null, productCode=null, isPutAway=null, typeId=null, pageNum=1, pageSize=10, startTime=, endTime=, orderBy=null)
===2018-11-01 20:24:07.544 INFO  com.clothing.manage.controller.ProductController Line:37  - 【商品】 分页查询商品校核，参数productExtension=ProductExtension(productName=, productId=null, productCode=null, isPutAway=null, typeId=null, pageNum=1, pageSize=10, startTime=, endTime=, orderBy=null)
===2018-11-01 20:37:04.679 INFO  com.clothing.manage.controller.ProductController Line:37  - 【商品】 分页查询商品校核，参数productExtension=ProductExtension(productName=, productId=null, productCode=null, isPutAway=null, typeId=null, pageNum=1, pageSize=10, startTime=, endTime=, orderBy=null)
===2018-11-01 20:37:04.980 INFO  com.clothing.manage.controller.ProductController Line:37  - 【商品】 分页查询商品校核，参数productExtension=ProductExtension(productName=, productId=null, productCode=null, isPutAway=null, typeId=null, pageNum=1, pageSize=10, startTime=, endTime=, orderBy=null)
===2018-11-01 20:38:22.789 INFO  com.clothing.manage.controller.ProductController Line:37  - 【商品】 分页查询商品校核，参数productExtension=ProductExtension(productName=, productId=null, productCode=null, isPutAway=null, typeId=null, pageNum=1, pageSize=10, startTime=, endTime=, orderBy=null)
===2018-11-01 20:38:22.801 INFO  com.clothing.manage.controller.ProductController Line:37  - 【商品】 分页查询商品校核，参数productExtension=ProductExtension(productName=, productId=null, productCode=null, isPutAway=null, typeId=null, pageNum=1, pageSize=10, startTime=, endTime=, orderBy=null)
===2018-11-01 20:43:41.385 INFO  com.clothing.manage.controller.ProductController Line:37  - 【商品】 分页查询商品校核，参数productExtension=ProductExtension(productName=, productId=null, productCode=null, isPutAway=null, typeId=null, pageNum=1, pageSize=10, startTime=, endTime=, orderBy=null)
===2018-11-01 20:43:41.685 INFO  com.clothing.manage.controller.ProductController Line:37  - 【商品】 分页查询商品校核，参数productExtension=ProductExtension(productName=, productId=null, productCode=null, isPutAway=null, typeId=null, pageNum=1, pageSize=10, startTime=, endTime=, orderBy=null)
