===2018-10-01 01:20:06.565 INFO  com.clothing.web.ClothingWebApplication Line:50  - Starting ClothingWebApplication on DESKTOP-SJ98RT1 with PID 32084 (D:\ccz\clothing\clothing-web\target\classes started by z in D:\ccz\clothing\clothing-web-page)
===2018-10-01 01:20:06.566 INFO  com.clothing.web.ClothingWebApplication Line:684 - The following profiles are active: dev
===2018-10-01 01:20:06.624 INFO  org.springframework.boot.web.servlet.context.AnnotationConfigServletWebServerApplicationContext Line:590 - Refreshing org.springframework.boot.web.servlet.context.AnnotationConfigServletWebServerApplicationContext@7d8995e: startup date [Mon Oct 01 01:20:06 CST 2018]; root of context hierarchy
===2018-10-01 01:20:07.768 INFO  org.springframework.boot.web.embedded.tomcat.TomcatWebServer Line:91  - Tomcat initialized with port(s): 8011 (http)
===2018-10-01 01:20:07.986 INFO  org.springframework.web.context.ContextLoader Line:285 - Root WebApplicationContext: initialization completed in 1362 ms
===2018-10-01 01:20:08.081 INFO  org.springframework.boot.web.servlet.ServletRegistrationBean Line:187 - Servlet dispatcherServlet mapped to [/]
===2018-10-01 01:20:08.086 INFO  org.springframework.boot.web.servlet.FilterRegistrationBean Line:245 - Mapping filter: 'characterEncodingFilter' to: [/*]
===2018-10-01 01:20:08.086 INFO  org.springframework.boot.web.servlet.FilterRegistrationBean Line:245 - Mapping filter: 'hiddenHttpMethodFilter' to: [/*]
===2018-10-01 01:20:08.086 INFO  org.springframework.boot.web.servlet.FilterRegistrationBean Line:245 - Mapping filter: 'httpPutFormContentFilter' to: [/*]
===2018-10-01 01:20:08.087 INFO  org.springframework.boot.web.servlet.FilterRegistrationBean Line:245 - Mapping filter: 'requestContextFilter' to: [/*]
===2018-10-01 01:20:08.087 INFO  org.springframework.boot.web.servlet.FilterRegistrationBean Line:245 - Mapping filter: 'resourceUrlEncodingFilter' to: [/*]
===2018-10-01 01:24:13.304 INFO  com.clothing.web.ClothingWebApplication Line:50  - Starting ClothingWebApplication on DESKTOP-SJ98RT1 with PID 30284 (D:\ccz\clothing\clothing-web\target\classes started by z in D:\ccz\clothing\clothing-web-page)
===2018-10-01 01:24:13.306 INFO  com.clothing.web.ClothingWebApplication Line:684 - The following profiles are active: dev
===2018-10-01 01:24:13.382 INFO  org.springframework.boot.web.servlet.context.AnnotationConfigServletWebServerApplicationContext Line:590 - Refreshing org.springframework.boot.web.servlet.context.AnnotationConfigServletWebServerApplicationContext@42a48628: startup date [Mon Oct 01 01:24:13 CST 2018]; root of context hierarchy
===2018-10-01 01:24:14.624 INFO  org.springframework.boot.web.embedded.tomcat.TomcatWebServer Line:91  - Tomcat initialized with port(s): 8011 (http)
===2018-10-01 01:24:14.768 INFO  org.springframework.web.context.ContextLoader Line:285 - Root WebApplicationContext: initialization completed in 1386 ms
===2018-10-01 01:24:14.832 INFO  org.springframework.boot.web.servlet.ServletRegistrationBean Line:187 - Servlet dispatcherServlet mapped to [/]
===2018-10-01 01:24:14.835 INFO  org.springframework.boot.web.servlet.FilterRegistrationBean Line:245 - Mapping filter: 'characterEncodingFilter' to: [/*]
===2018-10-01 01:24:14.835 INFO  org.springframework.boot.web.servlet.FilterRegistrationBean Line:245 - Mapping filter: 'hiddenHttpMethodFilter' to: [/*]
===2018-10-01 01:24:14.836 INFO  org.springframework.boot.web.servlet.FilterRegistrationBean Line:245 - Mapping filter: 'httpPutFormContentFilter' to: [/*]
===2018-10-01 01:24:14.836 INFO  org.springframework.boot.web.servlet.FilterRegistrationBean Line:245 - Mapping filter: 'requestContextFilter' to: [/*]
===2018-10-01 01:24:14.836 INFO  org.springframework.boot.web.servlet.FilterRegistrationBean Line:245 - Mapping filter: 'resourceUrlEncodingFilter' to: [/*]
===2018-10-01 01:25:41.403 INFO  com.clothing.web.ClothingWebApplication Line:50  - Starting ClothingWebApplication on DESKTOP-SJ98RT1 with PID 28980 (D:\ccz\clothing\clothing-web\target\classes started by z in D:\ccz\clothing\clothing-web-page)
===2018-10-01 01:25:41.404 INFO  com.clothing.web.ClothingWebApplication Line:684 - The following profiles are active: dev
===2018-10-01 01:25:41.475 INFO  org.springframework.boot.web.servlet.context.AnnotationConfigServletWebServerApplicationContext Line:590 - Refreshing org.springframework.boot.web.servlet.context.AnnotationConfigServletWebServerApplicationContext@49e53c76: startup date [Mon Oct 01 01:25:41 CST 2018]; root of context hierarchy
===2018-10-01 01:25:42.639 INFO  org.springframework.boot.web.embedded.tomcat.TomcatWebServer Line:91  - Tomcat initialized with port(s): 8011 (http)
===2018-10-01 01:25:42.787 INFO  org.springframework.web.context.ContextLoader Line:285 - Root WebApplicationContext: initialization completed in 1312 ms
===2018-10-01 01:25:42.856 INFO  org.springframework.boot.web.servlet.ServletRegistrationBean Line:187 - Servlet dispatcherServlet mapped to [/]
===2018-10-01 01:25:42.860 INFO  org.springframework.boot.web.servlet.FilterRegistrationBean Line:245 - Mapping filter: 'characterEncodingFilter' to: [/*]
===2018-10-01 01:25:42.860 INFO  org.springframework.boot.web.servlet.FilterRegistrationBean Line:245 - Mapping filter: 'hiddenHttpMethodFilter' to: [/*]
===2018-10-01 01:25:42.860 INFO  org.springframework.boot.web.servlet.FilterRegistrationBean Line:245 - Mapping filter: 'httpPutFormContentFilter' to: [/*]
===2018-10-01 01:25:42.860 INFO  org.springframework.boot.web.servlet.FilterRegistrationBean Line:245 - Mapping filter: 'requestContextFilter' to: [/*]
===2018-10-01 01:25:42.860 INFO  org.springframework.boot.web.servlet.FilterRegistrationBean Line:245 - Mapping filter: 'resourceUrlEncodingFilter' to: [/*]
===2018-10-01 01:25:43.434 INFO  org.springframework.web.servlet.handler.SimpleUrlHandlerMapping Line:373 - Mapped URL path [/**/favicon.ico] onto handler of type [class org.springframework.web.servlet.resource.ResourceHttpRequestHandler]
===2018-10-01 01:25:43.727 INFO  org.springframework.web.servlet.mvc.method.annotation.RequestMappingHandlerAdapter Line:588 - Looking for @ControllerAdvice: org.springframework.boot.web.servlet.context.AnnotationConfigServletWebServerApplicationContext@49e53c76: startup date [Mon Oct 01 01:25:41 CST 2018]; root of context hierarchy
===2018-10-01 01:25:43.778 INFO  org.springframework.web.servlet.mvc.method.annotation.RequestMappingHandlerMapping Line:549 - Mapped "{[/banner/getBanners],methods=[POST]}" onto public org.springframework.http.ResponseEntity com.clothing.web.controller.BannerController.getBanners(java.lang.String)
===2018-10-01 01:25:43.781 INFO  org.springframework.web.servlet.mvc.method.annotation.RequestMappingHandlerMapping Line:549 - Mapped "{[/error]}" onto public org.springframework.http.ResponseEntity<java.util.Map<java.lang.String, java.lang.Object>> org.springframework.boot.autoconfigure.web.servlet.error.BasicErrorController.error(javax.servlet.http.HttpServletRequest)
===2018-10-01 01:25:43.782 INFO  org.springframework.web.servlet.mvc.method.annotation.RequestMappingHandlerMapping Line:549 - Mapped "{[/error],produces=[text/html]}" onto public org.springframework.web.servlet.ModelAndView org.springframework.boot.autoconfigure.web.servlet.error.BasicErrorController.errorHtml(javax.servlet.http.HttpServletRequest,javax.servlet.http.HttpServletResponse)
===2018-10-01 01:25:43.820 INFO  org.springframework.web.servlet.handler.SimpleUrlHandlerMapping Line:373 - Mapped URL path [/webjars/**] onto handler of type [class org.springframework.web.servlet.resource.ResourceHttpRequestHandler]
===2018-10-01 01:25:43.820 INFO  org.springframework.web.servlet.handler.SimpleUrlHandlerMapping Line:373 - Mapped URL path [/**] onto handler of type [class org.springframework.web.servlet.resource.ResourceHttpRequestHandler]
===2018-10-01 01:25:44.187 INFO  org.springframework.jmx.export.annotation.AnnotationMBeanExporter Line:433 - Registering beans for JMX exposure on startup
===2018-10-01 01:25:44.188 INFO  org.springframework.jmx.export.annotation.AnnotationMBeanExporter Line:895 - Bean with name 'dataSource' has been autodetected for JMX exposure
===2018-10-01 01:25:44.193 INFO  org.springframework.jmx.export.annotation.AnnotationMBeanExporter Line:668 - Located MBean 'dataSource': registering with JMX server as MBean [com.zaxxer.hikari:name=dataSource,type=HikariDataSource]
===2018-10-01 01:25:44.242 INFO  org.springframework.boot.web.embedded.tomcat.TomcatWebServer Line:206 - Tomcat started on port(s): 8011 (http) with context path ''
===2018-10-01 01:25:44.246 INFO  com.clothing.web.ClothingWebApplication Line:59  - Started ClothingWebApplication in 3.263 seconds (JVM running for 4.148)
===2018-10-01 01:55:37.777 INFO  org.springframework.web.servlet.DispatcherServlet Line:494 - FrameworkServlet 'dispatcherServlet': initialization started
===2018-10-01 01:55:37.831 INFO  org.springframework.web.servlet.DispatcherServlet Line:509 - FrameworkServlet 'dispatcherServlet': initialization completed in 52 ms
===2018-10-01 01:55:37.890 INFO  com.clothing.web.controller.BannerController Line:32  - 【标题】 参数groupKey=GROUP_HOME
===2018-10-01 02:01:40.929 INFO  com.clothing.web.controller.BannerController Line:32  - 【标题】 参数groupKey=GROUP_HOME
===2018-10-01 02:06:22.031 INFO  com.clothing.web.controller.BannerController Line:32  - 【标题】 参数groupKey=GROUP_HOME
===2018-10-01 02:35:48.056 INFO  com.clothing.web.controller.BannerController Line:32  - 【标题】 参数groupKey=GROUP_HOME
===2018-10-01 02:37:14.046 INFO  com.clothing.web.controller.BannerController Line:32  - 【标题】 参数groupKey=GROUP_HOME
===2018-10-01 02:43:27.965 INFO  com.clothing.web.controller.BannerController Line:32  - 【标题】 参数groupKey=GROUP_HOME
===2018-10-01 03:04:26.812 INFO  com.clothing.web.controller.BannerController Line:32  - 【标题】 参数groupKey=GROUP_HOME
===2018-10-01 03:04:31.440 INFO  com.clothing.web.controller.BannerController Line:32  - 【标题】 参数groupKey=GROUP_HOME
===2018-10-01 03:04:34.668 INFO  com.clothing.web.controller.BannerController Line:32  - 【标题】 参数groupKey=GROUP_HOME
===2018-10-01 03:14:45.606 INFO  com.clothing.web.controller.BannerController Line:32  - 【标题】 参数groupKey=GROUP_HOME
===2018-10-01 03:14:59.614 INFO  com.clothing.web.ClothingWebApplication Line:50  - Starting ClothingWebApplication on DESKTOP-SJ98RT1 with PID 28992 (D:\ccz\clothing\clothing-web\target\classes started by z in D:\ccz\clothing\clothing-web-page)
===2018-10-01 03:14:59.617 INFO  com.clothing.web.ClothingWebApplication Line:684 - The following profiles are active: dev
===2018-10-01 03:14:59.681 INFO  org.springframework.boot.web.servlet.context.AnnotationConfigServletWebServerApplicationContext Line:590 - Refreshing org.springframework.boot.web.servlet.context.AnnotationConfigServletWebServerApplicationContext@6e35bc3d: startup date [Mon Oct 01 03:14:59 CST 2018]; root of context hierarchy
===2018-10-01 03:15:01.264 INFO  org.springframework.boot.web.embedded.tomcat.TomcatWebServer Line:91  - Tomcat initialized with port(s): 8011 (http)
===2018-10-01 03:15:01.423 INFO  org.springframework.web.context.ContextLoader Line:285 - Root WebApplicationContext: initialization completed in 1742 ms
===2018-10-01 03:15:01.518 INFO  org.springframework.boot.web.servlet.ServletRegistrationBean Line:187 - Servlet dispatcherServlet mapped to [/]
===2018-10-01 03:15:01.523 INFO  org.springframework.boot.web.servlet.FilterRegistrationBean Line:245 - Mapping filter: 'characterEncodingFilter' to: [/*]
===2018-10-01 03:15:01.523 INFO  org.springframework.boot.web.servlet.FilterRegistrationBean Line:245 - Mapping filter: 'hiddenHttpMethodFilter' to: [/*]
===2018-10-01 03:15:01.523 INFO  org.springframework.boot.web.servlet.FilterRegistrationBean Line:245 - Mapping filter: 'httpPutFormContentFilter' to: [/*]
===2018-10-01 03:15:01.523 INFO  org.springframework.boot.web.servlet.FilterRegistrationBean Line:245 - Mapping filter: 'requestContextFilter' to: [/*]
===2018-10-01 03:15:01.523 INFO  org.springframework.boot.web.servlet.FilterRegistrationBean Line:245 - Mapping filter: 'resourceUrlEncodingFilter' to: [/*]
===2018-10-01 03:15:02.309 INFO  org.springframework.web.servlet.handler.SimpleUrlHandlerMapping Line:373 - Mapped URL path [/**/favicon.ico] onto handler of type [class org.springframework.web.servlet.resource.ResourceHttpRequestHandler]
===2018-10-01 03:15:02.731 INFO  org.springframework.web.servlet.mvc.method.annotation.RequestMappingHandlerAdapter Line:588 - Looking for @ControllerAdvice: org.springframework.boot.web.servlet.context.AnnotationConfigServletWebServerApplicationContext@6e35bc3d: startup date [Mon Oct 01 03:14:59 CST 2018]; root of context hierarchy
===2018-10-01 03:15:02.796 INFO  org.springframework.web.servlet.mvc.method.annotation.RequestMappingHandlerMapping Line:549 - Mapped "{[/banner/getBanners],methods=[POST]}" onto public org.springframework.http.ResponseEntity com.clothing.web.controller.BannerController.getBanners(java.lang.String)
===2018-10-01 03:15:02.797 INFO  org.springframework.web.servlet.mvc.method.annotation.RequestMappingHandlerMapping Line:549 - Mapped "{[/product/getProductPage],methods=[POST]}" onto public org.springframework.http.ResponseEntity com.clothing.web.controller.ProductController.getProductPage(java.lang.Integer,java.lang.Integer)
===2018-10-01 03:15:02.802 INFO  org.springframework.web.servlet.mvc.method.annotation.RequestMappingHandlerMapping Line:549 - Mapped "{[/error]}" onto public org.springframework.http.ResponseEntity<java.util.Map<java.lang.String, java.lang.Object>> org.springframework.boot.autoconfigure.web.servlet.error.BasicErrorController.error(javax.servlet.http.HttpServletRequest)
===2018-10-01 03:15:02.803 INFO  org.springframework.web.servlet.mvc.method.annotation.RequestMappingHandlerMapping Line:549 - Mapped "{[/error],produces=[text/html]}" onto public org.springframework.web.servlet.ModelAndView org.springframework.boot.autoconfigure.web.servlet.error.BasicErrorController.errorHtml(javax.servlet.http.HttpServletRequest,javax.servlet.http.HttpServletResponse)
===2018-10-01 03:15:02.841 INFO  org.springframework.web.servlet.handler.SimpleUrlHandlerMapping Line:373 - Mapped URL path [/webjars/**] onto handler of type [class org.springframework.web.servlet.resource.ResourceHttpRequestHandler]
===2018-10-01 03:15:02.841 INFO  org.springframework.web.servlet.handler.SimpleUrlHandlerMapping Line:373 - Mapped URL path [/**] onto handler of type [class org.springframework.web.servlet.resource.ResourceHttpRequestHandler]
===2018-10-01 03:15:03.274 INFO  org.springframework.jmx.export.annotation.AnnotationMBeanExporter Line:433 - Registering beans for JMX exposure on startup
===2018-10-01 03:15:03.275 INFO  org.springframework.jmx.export.annotation.AnnotationMBeanExporter Line:895 - Bean with name 'dataSource' has been autodetected for JMX exposure
===2018-10-01 03:15:03.281 INFO  org.springframework.jmx.export.annotation.AnnotationMBeanExporter Line:668 - Located MBean 'dataSource': registering with JMX server as MBean [com.zaxxer.hikari:name=dataSource,type=HikariDataSource]
===2018-10-01 03:15:03.331 INFO  org.springframework.boot.web.embedded.tomcat.TomcatWebServer Line:206 - Tomcat started on port(s): 8011 (http) with context path ''
===2018-10-01 03:15:03.336 INFO  com.clothing.web.ClothingWebApplication Line:59  - Started ClothingWebApplication in 4.747 seconds (JVM running for 6.303)
===2018-10-01 03:15:12.528 INFO  org.springframework.web.servlet.DispatcherServlet Line:494 - FrameworkServlet 'dispatcherServlet': initialization started
===2018-10-01 03:15:12.561 INFO  org.springframework.web.servlet.DispatcherServlet Line:509 - FrameworkServlet 'dispatcherServlet': initialization completed in 31 ms
===2018-10-01 03:15:12.620 INFO  com.clothing.web.controller.BannerController Line:32  - 【标题】 参数groupKey=GROUP_HOME
===2018-10-01 03:15:12.661 INFO  com.clothing.web.controller.ProductController Line:34  - 【商品】 分页参数pageSize=10,pageNum=1
===2018-10-01 03:15:12.877 INFO  org.springframework.beans.factory.xml.XmlBeanDefinitionReader Line:317 - Loading XML bean definitions from class path resource [org/springframework/jdbc/support/sql-error-codes.xml]
===2018-10-01 03:15:12.985 INFO  com.clothing.web.controller.ProductController Line:41  - 【商品】 获取商品分页信息异常=
### Error querying database.  Cause: com.mysql.jdbc.exceptions.jdbc4.MySQLSyntaxErrorException: Unknown column 'expire_time' in 'field list'
### The error may exist in file [D:\ccz\clothing\clothing-web\target\classes\mapper\ProductMapper.xml]
### The error may involve defaultParameterMap
### The error occurred while setting parameters
### SQL: SELECT           id, name, type, area, sort, brand, measure_unit, status, expire_time, fresh_expire_time,      img, des, store_way, total_sell_num, week_sell_num, create_time, update_time      FROM b_product     ORDER BY store_way DESC LIMIT ?
### Cause: com.mysql.jdbc.exceptions.jdbc4.MySQLSyntaxErrorException: Unknown column 'expire_time' in 'field list'
; bad SQL grammar []; nested exception is com.mysql.jdbc.exceptions.jdbc4.MySQLSyntaxErrorException: Unknown column 'expire_time' in 'field list'
===2018-10-01 03:15:26.293 INFO  com.clothing.web.controller.BannerController Line:32  - 【标题】 参数groupKey=GROUP_HOME
===2018-10-01 03:15:26.293 INFO  com.clothing.web.controller.ProductController Line:34  - 【商品】 分页参数pageSize=10,pageNum=1
===2018-10-01 03:15:43.877 INFO  com.clothing.web.controller.ProductController Line:41  - 【商品】 获取商品分页信息异常=
### Error querying database.  Cause: com.mysql.jdbc.exceptions.jdbc4.MySQLSyntaxErrorException: Unknown column 'expire_time' in 'field list'
### The error may exist in file [D:\ccz\clothing\clothing-web\target\classes\mapper\ProductMapper.xml]
### The error may involve defaultParameterMap
### The error occurred while setting parameters
### SQL: SELECT           id, name, type, area, sort, brand, measure_unit, status, expire_time, fresh_expire_time,      img, des, store_way, total_sell_num, week_sell_num, create_time, update_time      FROM b_product     ORDER BY store_way DESC LIMIT ?
### Cause: com.mysql.jdbc.exceptions.jdbc4.MySQLSyntaxErrorException: Unknown column 'expire_time' in 'field list'
; bad SQL grammar []; nested exception is com.mysql.jdbc.exceptions.jdbc4.MySQLSyntaxErrorException: Unknown column 'expire_time' in 'field list'
===2018-10-01 03:16:02.417 INFO  com.clothing.web.ClothingWebApplication Line:50  - Starting ClothingWebApplication on DESKTOP-SJ98RT1 with PID 28540 (D:\ccz\clothing\clothing-web\target\classes started by z in D:\ccz\clothing\clothing-web-page)
===2018-10-01 03:16:02.454 INFO  com.clothing.web.ClothingWebApplication Line:684 - The following profiles are active: dev
===2018-10-01 03:16:02.503 INFO  org.springframework.boot.web.servlet.context.AnnotationConfigServletWebServerApplicationContext Line:590 - Refreshing org.springframework.boot.web.servlet.context.AnnotationConfigServletWebServerApplicationContext@6b8d96d9: startup date [Mon Oct 01 03:16:02 CST 2018]; root of context hierarchy
===2018-10-01 03:16:03.851 INFO  org.springframework.boot.web.embedded.tomcat.TomcatWebServer Line:91  - Tomcat initialized with port(s): 8011 (http)
===2018-10-01 03:16:04.015 INFO  org.springframework.web.context.ContextLoader Line:285 - Root WebApplicationContext: initialization completed in 1512 ms
===2018-10-01 03:16:04.105 INFO  org.springframework.boot.web.servlet.ServletRegistrationBean Line:187 - Servlet dispatcherServlet mapped to [/]
===2018-10-01 03:16:04.110 INFO  org.springframework.boot.web.servlet.FilterRegistrationBean Line:245 - Mapping filter: 'characterEncodingFilter' to: [/*]
===2018-10-01 03:16:04.111 INFO  org.springframework.boot.web.servlet.FilterRegistrationBean Line:245 - Mapping filter: 'hiddenHttpMethodFilter' to: [/*]
===2018-10-01 03:16:04.111 INFO  org.springframework.boot.web.servlet.FilterRegistrationBean Line:245 - Mapping filter: 'httpPutFormContentFilter' to: [/*]
===2018-10-01 03:16:04.111 INFO  org.springframework.boot.web.servlet.FilterRegistrationBean Line:245 - Mapping filter: 'requestContextFilter' to: [/*]
===2018-10-01 03:16:04.111 INFO  org.springframework.boot.web.servlet.FilterRegistrationBean Line:245 - Mapping filter: 'resourceUrlEncodingFilter' to: [/*]
===2018-10-01 03:16:32.435 INFO  com.clothing.web.ClothingWebApplication Line:50  - Starting ClothingWebApplication on DESKTOP-SJ98RT1 with PID 36712 (D:\ccz\clothing\clothing-web\target\classes started by z in D:\ccz\clothing\clothing-web-page)
===2018-10-01 03:16:32.437 INFO  com.clothing.web.ClothingWebApplication Line:684 - The following profiles are active: dev
===2018-10-01 03:16:32.583 INFO  org.springframework.boot.web.servlet.context.AnnotationConfigServletWebServerApplicationContext Line:590 - Refreshing org.springframework.boot.web.servlet.context.AnnotationConfigServletWebServerApplicationContext@2a640157: startup date [Mon Oct 01 03:16:32 CST 2018]; root of context hierarchy
===2018-10-01 03:16:33.915 INFO  org.springframework.boot.web.embedded.tomcat.TomcatWebServer Line:91  - Tomcat initialized with port(s): 8011 (http)
===2018-10-01 03:16:34.075 INFO  org.springframework.web.context.ContextLoader Line:285 - Root WebApplicationContext: initialization completed in 1492 ms
===2018-10-01 03:16:34.164 INFO  org.springframework.boot.web.servlet.ServletRegistrationBean Line:187 - Servlet dispatcherServlet mapped to [/]
===2018-10-01 03:16:34.169 INFO  org.springframework.boot.web.servlet.FilterRegistrationBean Line:245 - Mapping filter: 'characterEncodingFilter' to: [/*]
===2018-10-01 03:16:34.170 INFO  org.springframework.boot.web.servlet.FilterRegistrationBean Line:245 - Mapping filter: 'hiddenHttpMethodFilter' to: [/*]
===2018-10-01 03:16:34.170 INFO  org.springframework.boot.web.servlet.FilterRegistrationBean Line:245 - Mapping filter: 'httpPutFormContentFilter' to: [/*]
===2018-10-01 03:16:34.170 INFO  org.springframework.boot.web.servlet.FilterRegistrationBean Line:245 - Mapping filter: 'requestContextFilter' to: [/*]
===2018-10-01 03:16:34.170 INFO  org.springframework.boot.web.servlet.FilterRegistrationBean Line:245 - Mapping filter: 'resourceUrlEncodingFilter' to: [/*]
===2018-10-01 03:16:34.826 INFO  org.springframework.web.servlet.handler.SimpleUrlHandlerMapping Line:373 - Mapped URL path [/**/favicon.ico] onto handler of type [class org.springframework.web.servlet.resource.ResourceHttpRequestHandler]
===2018-10-01 03:16:35.130 INFO  org.springframework.web.servlet.mvc.method.annotation.RequestMappingHandlerAdapter Line:588 - Looking for @ControllerAdvice: org.springframework.boot.web.servlet.context.AnnotationConfigServletWebServerApplicationContext@2a640157: startup date [Mon Oct 01 03:16:32 CST 2018]; root of context hierarchy
===2018-10-01 03:16:35.187 INFO  org.springframework.web.servlet.mvc.method.annotation.RequestMappingHandlerMapping Line:549 - Mapped "{[/banner/getBanners],methods=[POST]}" onto public org.springframework.http.ResponseEntity com.clothing.web.controller.BannerController.getBanners(java.lang.String)
===2018-10-01 03:16:35.188 INFO  org.springframework.web.servlet.mvc.method.annotation.RequestMappingHandlerMapping Line:549 - Mapped "{[/product/getProductPage],methods=[POST]}" onto public org.springframework.http.ResponseEntity com.clothing.web.controller.ProductController.getProductPage(java.lang.Integer,java.lang.Integer)
===2018-10-01 03:16:35.192 INFO  org.springframework.web.servlet.mvc.method.annotation.RequestMappingHandlerMapping Line:549 - Mapped "{[/error]}" onto public org.springframework.http.ResponseEntity<java.util.Map<java.lang.String, java.lang.Object>> org.springframework.boot.autoconfigure.web.servlet.error.BasicErrorController.error(javax.servlet.http.HttpServletRequest)
===2018-10-01 03:16:35.193 INFO  org.springframework.web.servlet.mvc.method.annotation.RequestMappingHandlerMapping Line:549 - Mapped "{[/error],produces=[text/html]}" onto public org.springframework.web.servlet.ModelAndView org.springframework.boot.autoconfigure.web.servlet.error.BasicErrorController.errorHtml(javax.servlet.http.HttpServletRequest,javax.servlet.http.HttpServletResponse)
===2018-10-01 03:16:35.233 INFO  org.springframework.web.servlet.handler.SimpleUrlHandlerMapping Line:373 - Mapped URL path [/webjars/**] onto handler of type [class org.springframework.web.servlet.resource.ResourceHttpRequestHandler]
===2018-10-01 03:16:35.233 INFO  org.springframework.web.servlet.handler.SimpleUrlHandlerMapping Line:373 - Mapped URL path [/**] onto handler of type [class org.springframework.web.servlet.resource.ResourceHttpRequestHandler]
===2018-10-01 03:16:35.656 INFO  org.springframework.jmx.export.annotation.AnnotationMBeanExporter Line:433 - Registering beans for JMX exposure on startup
===2018-10-01 03:16:35.657 INFO  org.springframework.jmx.export.annotation.AnnotationMBeanExporter Line:895 - Bean with name 'dataSource' has been autodetected for JMX exposure
===2018-10-01 03:16:35.662 INFO  org.springframework.jmx.export.annotation.AnnotationMBeanExporter Line:668 - Located MBean 'dataSource': registering with JMX server as MBean [com.zaxxer.hikari:name=dataSource,type=HikariDataSource]
===2018-10-01 03:16:35.706 INFO  org.springframework.boot.web.embedded.tomcat.TomcatWebServer Line:206 - Tomcat started on port(s): 8011 (http) with context path ''
===2018-10-01 03:16:35.709 INFO  com.clothing.web.ClothingWebApplication Line:59  - Started ClothingWebApplication in 3.952 seconds (JVM running for 5.079)
===2018-10-01 03:16:45.482 INFO  org.springframework.web.servlet.DispatcherServlet Line:494 - FrameworkServlet 'dispatcherServlet': initialization started
===2018-10-01 03:16:45.514 INFO  org.springframework.web.servlet.DispatcherServlet Line:509 - FrameworkServlet 'dispatcherServlet': initialization completed in 32 ms
===2018-10-01 03:16:45.574 INFO  com.clothing.web.controller.BannerController Line:32  - 【标题】 参数groupKey=GROUP_HOME
===2018-10-01 03:16:45.575 INFO  com.clothing.web.controller.ProductController Line:34  - 【商品】 分页参数pageSize=10,pageNum=1
===2018-10-01 03:16:45.852 INFO  org.springframework.beans.factory.xml.XmlBeanDefinitionReader Line:317 - Loading XML bean definitions from class path resource [org/springframework/jdbc/support/sql-error-codes.xml]
===2018-10-01 03:16:45.899 INFO  com.clothing.web.controller.ProductController Line:41  - 【商品】 获取商品分页信息异常=
### Error querying database.  Cause: com.mysql.jdbc.exceptions.jdbc4.MySQLSyntaxErrorException: Unknown column 'expire_time' in 'field list'
### The error may exist in file [D:\ccz\clothing\clothing-web\target\classes\mapper\ProductMapper.xml]
### The error may involve defaultParameterMap
### The error occurred while setting parameters
### SQL: SELECT           id, name, type, area, sort, brand, measure_unit, status, expire_time, fresh_expire_time,      img, des, store_way, total_sell_num, week_sell_num, create_time, update_time      FROM b_product     ORDER BY store_way DESC LIMIT ?
### Cause: com.mysql.jdbc.exceptions.jdbc4.MySQLSyntaxErrorException: Unknown column 'expire_time' in 'field list'
; bad SQL grammar []; nested exception is com.mysql.jdbc.exceptions.jdbc4.MySQLSyntaxErrorException: Unknown column 'expire_time' in 'field list'
===2018-10-01 03:16:55.509 INFO  com.clothing.web.controller.BannerController Line:32  - 【标题】 参数groupKey=GROUP_HOME
===2018-10-01 03:16:55.509 INFO  com.clothing.web.controller.ProductController Line:34  - 【商品】 分页参数pageSize=10,pageNum=1
===2018-10-01 03:17:07.119 INFO  com.clothing.web.controller.ProductController Line:41  - 【商品】 获取商品分页信息异常=
### Error querying database.  Cause: com.mysql.jdbc.exceptions.jdbc4.MySQLSyntaxErrorException: Unknown column 'expire_time' in 'field list'
### The error may exist in file [D:\ccz\clothing\clothing-web\target\classes\mapper\ProductMapper.xml]
### The error may involve defaultParameterMap
### The error occurred while setting parameters
### SQL: SELECT           id, name, type, area, sort, brand, measure_unit, status, expire_time, fresh_expire_time,      img, des, store_way, total_sell_num, week_sell_num, create_time, update_time      FROM b_product     ORDER BY store_way DESC LIMIT ?
### Cause: com.mysql.jdbc.exceptions.jdbc4.MySQLSyntaxErrorException: Unknown column 'expire_time' in 'field list'
; bad SQL grammar []; nested exception is com.mysql.jdbc.exceptions.jdbc4.MySQLSyntaxErrorException: Unknown column 'expire_time' in 'field list'
===2018-10-01 03:20:55.533 INFO  com.clothing.web.ClothingWebApplication Line:50  - Starting ClothingWebApplication on DESKTOP-SJ98RT1 with PID 28320 (D:\ccz\clothing\clothing-web\target\classes started by z in D:\ccz\clothing\clothing-web-page)
===2018-10-01 03:20:55.535 INFO  com.clothing.web.ClothingWebApplication Line:684 - The following profiles are active: dev
===2018-10-01 03:20:55.615 INFO  org.springframework.boot.web.servlet.context.AnnotationConfigServletWebServerApplicationContext Line:590 - Refreshing org.springframework.boot.web.servlet.context.AnnotationConfigServletWebServerApplicationContext@cd1d761: startup date [Mon Oct 01 03:20:55 CST 2018]; root of context hierarchy
===2018-10-01 03:20:57.002 INFO  org.springframework.boot.web.embedded.tomcat.TomcatWebServer Line:91  - Tomcat initialized with port(s): 8011 (http)
===2018-10-01 03:20:57.184 INFO  org.springframework.web.context.ContextLoader Line:285 - Root WebApplicationContext: initialization completed in 1569 ms
===2018-10-01 03:20:57.275 INFO  org.springframework.boot.web.servlet.ServletRegistrationBean Line:187 - Servlet dispatcherServlet mapped to [/]
===2018-10-01 03:20:57.280 INFO  org.springframework.boot.web.servlet.FilterRegistrationBean Line:245 - Mapping filter: 'characterEncodingFilter' to: [/*]
===2018-10-01 03:20:57.280 INFO  org.springframework.boot.web.servlet.FilterRegistrationBean Line:245 - Mapping filter: 'hiddenHttpMethodFilter' to: [/*]
===2018-10-01 03:20:57.280 INFO  org.springframework.boot.web.servlet.FilterRegistrationBean Line:245 - Mapping filter: 'httpPutFormContentFilter' to: [/*]
===2018-10-01 03:20:57.281 INFO  org.springframework.boot.web.servlet.FilterRegistrationBean Line:245 - Mapping filter: 'requestContextFilter' to: [/*]
===2018-10-01 03:20:57.281 INFO  org.springframework.boot.web.servlet.FilterRegistrationBean Line:245 - Mapping filter: 'resourceUrlEncodingFilter' to: [/*]
===2018-10-01 03:20:57.954 INFO  org.springframework.web.servlet.handler.SimpleUrlHandlerMapping Line:373 - Mapped URL path [/**/favicon.ico] onto handler of type [class org.springframework.web.servlet.resource.ResourceHttpRequestHandler]
===2018-10-01 03:20:58.277 INFO  org.springframework.web.servlet.mvc.method.annotation.RequestMappingHandlerAdapter Line:588 - Looking for @ControllerAdvice: org.springframework.boot.web.servlet.context.AnnotationConfigServletWebServerApplicationContext@cd1d761: startup date [Mon Oct 01 03:20:55 CST 2018]; root of context hierarchy
===2018-10-01 03:20:58.342 INFO  org.springframework.web.servlet.mvc.method.annotation.RequestMappingHandlerMapping Line:549 - Mapped "{[/banner/getBanners],methods=[POST]}" onto public org.springframework.http.ResponseEntity com.clothing.web.controller.BannerController.getBanners(java.lang.String)
===2018-10-01 03:20:58.345 INFO  org.springframework.web.servlet.mvc.method.annotation.RequestMappingHandlerMapping Line:549 - Mapped "{[/product/getProductPage],methods=[POST]}" onto public org.springframework.http.ResponseEntity com.clothing.web.controller.ProductController.getProductPage(java.lang.Integer,java.lang.Integer)
===2018-10-01 03:20:58.349 INFO  org.springframework.web.servlet.mvc.method.annotation.RequestMappingHandlerMapping Line:549 - Mapped "{[/error]}" onto public org.springframework.http.ResponseEntity<java.util.Map<java.lang.String, java.lang.Object>> org.springframework.boot.autoconfigure.web.servlet.error.BasicErrorController.error(javax.servlet.http.HttpServletRequest)
===2018-10-01 03:20:58.350 INFO  org.springframework.web.servlet.mvc.method.annotation.RequestMappingHandlerMapping Line:549 - Mapped "{[/error],produces=[text/html]}" onto public org.springframework.web.servlet.ModelAndView org.springframework.boot.autoconfigure.web.servlet.error.BasicErrorController.errorHtml(javax.servlet.http.HttpServletRequest,javax.servlet.http.HttpServletResponse)
===2018-10-01 03:20:58.393 INFO  org.springframework.web.servlet.handler.SimpleUrlHandlerMapping Line:373 - Mapped URL path [/webjars/**] onto handler of type [class org.springframework.web.servlet.resource.ResourceHttpRequestHandler]
===2018-10-01 03:20:58.393 INFO  org.springframework.web.servlet.handler.SimpleUrlHandlerMapping Line:373 - Mapped URL path [/**] onto handler of type [class org.springframework.web.servlet.resource.ResourceHttpRequestHandler]
===2018-10-01 03:20:58.976 INFO  org.springframework.jmx.export.annotation.AnnotationMBeanExporter Line:433 - Registering beans for JMX exposure on startup
===2018-10-01 03:20:58.980 INFO  org.springframework.jmx.export.annotation.AnnotationMBeanExporter Line:895 - Bean with name 'dataSource' has been autodetected for JMX exposure
===2018-10-01 03:20:58.993 INFO  org.springframework.jmx.export.annotation.AnnotationMBeanExporter Line:668 - Located MBean 'dataSource': registering with JMX server as MBean [com.zaxxer.hikari:name=dataSource,type=HikariDataSource]
===2018-10-01 03:20:59.127 INFO  org.springframework.boot.web.embedded.tomcat.TomcatWebServer Line:206 - Tomcat started on port(s): 8011 (http) with context path ''
===2018-10-01 03:20:59.142 INFO  com.clothing.web.ClothingWebApplication Line:59  - Started ClothingWebApplication in 4.154 seconds (JVM running for 5.289)
===2018-10-01 03:21:08.016 INFO  org.springframework.web.servlet.DispatcherServlet Line:494 - FrameworkServlet 'dispatcherServlet': initialization started
===2018-10-01 03:21:08.041 INFO  org.springframework.web.servlet.DispatcherServlet Line:509 - FrameworkServlet 'dispatcherServlet': initialization completed in 25 ms
===2018-10-01 03:21:08.096 INFO  com.clothing.web.controller.BannerController Line:32  - 【标题】 参数groupKey=GROUP_HOME
===2018-10-01 03:21:08.096 INFO  com.clothing.web.controller.ProductController Line:34  - 【商品】 分页参数pageSize=10,pageNum=1
===2018-10-01 03:21:15.611 INFO  com.clothing.web.controller.ProductController Line:37  - 【商品】 返回接口pageInfo=PageInfo{pageNum=1, pageSize=10, size=4, startRow=1, endRow=4, total=4, pages=1, list=Page{count=true, pageNum=1, pageSize=10, startRow=0, endRow=10, total=4, pages=1, reasonable=true, pageSizeZero=false}, prePage=0, nextPage=0, isFirstPage=true, isLastPage=true, hasPreviousPage=false, hasNextPage=false, navigatePages=8, navigateFirstPage=1, navigateLastPage=1, navigatepageNums=[1]}
===2018-10-01 03:22:06.095 INFO  com.clothing.web.controller.BannerController Line:32  - 【标题】 参数groupKey=GROUP_HOME
===2018-10-01 03:22:06.095 INFO  com.clothing.web.controller.ProductController Line:34  - 【商品】 分页参数pageSize=10,pageNum=1
===2018-10-01 03:22:06.105 INFO  com.clothing.web.controller.ProductController Line:37  - 【商品】 返回接口pageInfo=PageInfo{pageNum=1, pageSize=10, size=4, startRow=1, endRow=4, total=4, pages=1, list=Page{count=true, pageNum=1, pageSize=10, startRow=0, endRow=10, total=4, pages=1, reasonable=true, pageSizeZero=false}, prePage=0, nextPage=0, isFirstPage=true, isLastPage=true, hasPreviousPage=false, hasNextPage=false, navigatePages=8, navigateFirstPage=1, navigateLastPage=1, navigatepageNums=[1]}
===2018-10-01 03:24:01.477 INFO  com.clothing.web.controller.BannerController Line:32  - 【标题】 参数groupKey=GROUP_HOME
===2018-10-01 03:24:01.477 INFO  com.clothing.web.controller.ProductController Line:34  - 【商品】 分页参数pageSize=10,pageNum=1
===2018-10-01 03:24:01.493 INFO  com.clothing.web.controller.ProductController Line:37  - 【商品】 返回接口pageInfo=PageInfo{pageNum=1, pageSize=10, size=4, startRow=1, endRow=4, total=4, pages=1, list=Page{count=true, pageNum=1, pageSize=10, startRow=0, endRow=10, total=4, pages=1, reasonable=true, pageSizeZero=false}, prePage=0, nextPage=0, isFirstPage=true, isLastPage=true, hasPreviousPage=false, hasNextPage=false, navigatePages=8, navigateFirstPage=1, navigateLastPage=1, navigatepageNums=[1]}
===2018-10-01 03:24:41.458 INFO  com.clothing.web.controller.ProductController Line:34  - 【商品】 分页参数pageSize=10,pageNum=1
===2018-10-01 03:24:41.458 INFO  com.clothing.web.controller.BannerController Line:32  - 【标题】 参数groupKey=GROUP_HOME
===2018-10-01 03:24:41.470 INFO  com.clothing.web.controller.ProductController Line:37  - 【商品】 返回接口pageInfo=PageInfo{pageNum=1, pageSize=10, size=4, startRow=1, endRow=4, total=4, pages=1, list=Page{count=true, pageNum=1, pageSize=10, startRow=0, endRow=10, total=4, pages=1, reasonable=true, pageSizeZero=false}, prePage=0, nextPage=0, isFirstPage=true, isLastPage=true, hasPreviousPage=false, hasNextPage=false, navigatePages=8, navigateFirstPage=1, navigateLastPage=1, navigatepageNums=[1]}
===2018-10-01 03:25:13.511 INFO  com.clothing.web.controller.BannerController Line:32  - 【标题】 参数groupKey=GROUP_HOME
===2018-10-01 03:25:13.512 INFO  com.clothing.web.controller.ProductController Line:34  - 【商品】 分页参数pageSize=10,pageNum=1
===2018-10-01 03:25:13.520 INFO  com.clothing.web.controller.ProductController Line:37  - 【商品】 返回接口pageInfo=PageInfo{pageNum=1, pageSize=10, size=4, startRow=1, endRow=4, total=4, pages=1, list=Page{count=true, pageNum=1, pageSize=10, startRow=0, endRow=10, total=4, pages=1, reasonable=true, pageSizeZero=false}, prePage=0, nextPage=0, isFirstPage=true, isLastPage=true, hasPreviousPage=false, hasNextPage=false, navigatePages=8, navigateFirstPage=1, navigateLastPage=1, navigatepageNums=[1]}
===2018-10-01 03:25:41.683 INFO  com.clothing.web.controller.BannerController Line:32  - 【标题】 参数groupKey=GROUP_HOME
===2018-10-01 03:25:41.683 INFO  com.clothing.web.controller.ProductController Line:34  - 【商品】 分页参数pageSize=10,pageNum=1
===2018-10-01 03:25:41.698 INFO  com.clothing.web.controller.ProductController Line:37  - 【商品】 返回接口pageInfo=PageInfo{pageNum=1, pageSize=10, size=4, startRow=1, endRow=4, total=4, pages=1, list=Page{count=true, pageNum=1, pageSize=10, startRow=0, endRow=10, total=4, pages=1, reasonable=true, pageSizeZero=false}, prePage=0, nextPage=0, isFirstPage=true, isLastPage=true, hasPreviousPage=false, hasNextPage=false, navigatePages=8, navigateFirstPage=1, navigateLastPage=1, navigatepageNums=[1]}
===2018-10-01 03:25:56.552 INFO  com.clothing.web.controller.ProductController Line:34  - 【商品】 分页参数pageSize=10,pageNum=1
===2018-10-01 03:25:56.557 INFO  com.clothing.web.controller.BannerController Line:32  - 【标题】 参数groupKey=GROUP_HOME
===2018-10-01 03:25:56.561 INFO  com.clothing.web.controller.ProductController Line:37  - 【商品】 返回接口pageInfo=PageInfo{pageNum=1, pageSize=10, size=4, startRow=1, endRow=4, total=4, pages=1, list=Page{count=true, pageNum=1, pageSize=10, startRow=0, endRow=10, total=4, pages=1, reasonable=true, pageSizeZero=false}, prePage=0, nextPage=0, isFirstPage=true, isLastPage=true, hasPreviousPage=false, hasNextPage=false, navigatePages=8, navigateFirstPage=1, navigateLastPage=1, navigatepageNums=[1]}
===2018-10-01 03:26:40.491 INFO  com.clothing.web.controller.ProductController Line:34  - 【商品】 分页参数pageSize=10,pageNum=1
===2018-10-01 03:26:40.491 INFO  com.clothing.web.controller.BannerController Line:32  - 【标题】 参数groupKey=GROUP_HOME
===2018-10-01 03:26:40.503 INFO  com.clothing.web.controller.ProductController Line:37  - 【商品】 返回接口pageInfo=PageInfo{pageNum=1, pageSize=10, size=4, startRow=1, endRow=4, total=4, pages=1, list=Page{count=true, pageNum=1, pageSize=10, startRow=0, endRow=10, total=4, pages=1, reasonable=true, pageSizeZero=false}, prePage=0, nextPage=0, isFirstPage=true, isLastPage=true, hasPreviousPage=false, hasNextPage=false, navigatePages=8, navigateFirstPage=1, navigateLastPage=1, navigatepageNums=[1]}
===2018-10-01 03:28:21.975 INFO  com.clothing.web.controller.BannerController Line:32  - 【标题】 参数groupKey=GROUP_HOME
===2018-10-01 03:28:21.975 INFO  com.clothing.web.controller.ProductController Line:34  - 【商品】 分页参数pageSize=10,pageNum=1
===2018-10-01 03:28:21.981 INFO  com.clothing.web.controller.ProductController Line:37  - 【商品】 返回接口pageInfo=PageInfo{pageNum=1, pageSize=10, size=4, startRow=1, endRow=4, total=4, pages=1, list=Page{count=true, pageNum=1, pageSize=10, startRow=0, endRow=10, total=4, pages=1, reasonable=true, pageSizeZero=false}, prePage=0, nextPage=0, isFirstPage=true, isLastPage=true, hasPreviousPage=false, hasNextPage=false, navigatePages=8, navigateFirstPage=1, navigateLastPage=1, navigatepageNums=[1]}
===2018-10-01 03:30:15.260 INFO  com.clothing.web.controller.BannerController Line:32  - 【标题】 参数groupKey=GROUP_HOME
===2018-10-01 03:30:15.468 INFO  com.clothing.web.controller.ProductController Line:34  - 【商品】 分页参数pageSize=10,pageNum=1
===2018-10-01 03:30:15.474 INFO  com.clothing.web.controller.ProductController Line:37  - 【商品】 返回接口pageInfo=PageInfo{pageNum=1, pageSize=10, size=4, startRow=1, endRow=4, total=4, pages=1, list=Page{count=true, pageNum=1, pageSize=10, startRow=0, endRow=10, total=4, pages=1, reasonable=true, pageSizeZero=false}, prePage=0, nextPage=0, isFirstPage=true, isLastPage=true, hasPreviousPage=false, hasNextPage=false, navigatePages=8, navigateFirstPage=1, navigateLastPage=1, navigatepageNums=[1]}
===2018-10-01 03:31:04.435 INFO  com.clothing.web.controller.BannerController Line:32  - 【标题】 参数groupKey=GROUP_HOME
===2018-10-01 03:31:04.435 INFO  com.clothing.web.controller.ProductController Line:34  - 【商品】 分页参数pageSize=10,pageNum=1
===2018-10-01 03:31:04.442 INFO  com.clothing.web.controller.ProductController Line:37  - 【商品】 返回接口pageInfo=PageInfo{pageNum=1, pageSize=10, size=4, startRow=1, endRow=4, total=4, pages=1, list=Page{count=true, pageNum=1, pageSize=10, startRow=0, endRow=10, total=4, pages=1, reasonable=true, pageSizeZero=false}, prePage=0, nextPage=0, isFirstPage=true, isLastPage=true, hasPreviousPage=false, hasNextPage=false, navigatePages=8, navigateFirstPage=1, navigateLastPage=1, navigatepageNums=[1]}
===2018-10-01 03:31:37.574 INFO  com.clothing.web.controller.ProductController Line:34  - 【商品】 分页参数pageSize=10,pageNum=1
===2018-10-01 03:31:37.574 INFO  com.clothing.web.controller.BannerController Line:32  - 【标题】 参数groupKey=GROUP_HOME
===2018-10-01 03:31:37.582 INFO  com.clothing.web.controller.ProductController Line:37  - 【商品】 返回接口pageInfo=PageInfo{pageNum=1, pageSize=10, size=4, startRow=1, endRow=4, total=4, pages=1, list=Page{count=true, pageNum=1, pageSize=10, startRow=0, endRow=10, total=4, pages=1, reasonable=true, pageSizeZero=false}, prePage=0, nextPage=0, isFirstPage=true, isLastPage=true, hasPreviousPage=false, hasNextPage=false, navigatePages=8, navigateFirstPage=1, navigateLastPage=1, navigatepageNums=[1]}
===2018-10-01 03:31:59.288 INFO  com.clothing.web.controller.BannerController Line:32  - 【标题】 参数groupKey=GROUP_HOME
===2018-10-01 03:31:59.288 INFO  com.clothing.web.controller.ProductController Line:34  - 【商品】 分页参数pageSize=10,pageNum=1
===2018-10-01 03:31:59.295 INFO  com.clothing.web.controller.ProductController Line:37  - 【商品】 返回接口pageInfo=PageInfo{pageNum=1, pageSize=10, size=4, startRow=1, endRow=4, total=4, pages=1, list=Page{count=true, pageNum=1, pageSize=10, startRow=0, endRow=10, total=4, pages=1, reasonable=true, pageSizeZero=false}, prePage=0, nextPage=0, isFirstPage=true, isLastPage=true, hasPreviousPage=false, hasNextPage=false, navigatePages=8, navigateFirstPage=1, navigateLastPage=1, navigatepageNums=[1]}
===2018-10-01 03:32:43.182 INFO  com.clothing.web.controller.ProductController Line:34  - 【商品】 分页参数pageSize=10,pageNum=1
===2018-10-01 03:32:43.182 INFO  com.clothing.web.controller.BannerController Line:32  - 【标题】 参数groupKey=GROUP_HOME
===2018-10-01 03:32:43.188 INFO  com.clothing.web.controller.ProductController Line:37  - 【商品】 返回接口pageInfo=PageInfo{pageNum=1, pageSize=10, size=4, startRow=1, endRow=4, total=4, pages=1, list=Page{count=true, pageNum=1, pageSize=10, startRow=0, endRow=10, total=4, pages=1, reasonable=true, pageSizeZero=false}, prePage=0, nextPage=0, isFirstPage=true, isLastPage=true, hasPreviousPage=false, hasNextPage=false, navigatePages=8, navigateFirstPage=1, navigateLastPage=1, navigatepageNums=[1]}
===2018-10-01 03:32:43.712 INFO  com.clothing.web.controller.BannerController Line:32  - 【标题】 参数groupKey=GROUP_HOME
===2018-10-01 03:32:43.713 INFO  com.clothing.web.controller.ProductController Line:34  - 【商品】 分页参数pageSize=10,pageNum=1
===2018-10-01 03:32:43.720 INFO  com.clothing.web.controller.ProductController Line:37  - 【商品】 返回接口pageInfo=PageInfo{pageNum=1, pageSize=10, size=4, startRow=1, endRow=4, total=4, pages=1, list=Page{count=true, pageNum=1, pageSize=10, startRow=0, endRow=10, total=4, pages=1, reasonable=true, pageSizeZero=false}, prePage=0, nextPage=0, isFirstPage=true, isLastPage=true, hasPreviousPage=false, hasNextPage=false, navigatePages=8, navigateFirstPage=1, navigateLastPage=1, navigatepageNums=[1]}
===2018-10-01 03:33:58.570 INFO  com.clothing.web.controller.BannerController Line:32  - 【标题】 参数groupKey=GROUP_HOME
===2018-10-01 03:33:58.795 INFO  com.clothing.web.controller.ProductController Line:34  - 【商品】 分页参数pageSize=10,pageNum=1
===2018-10-01 03:33:58.800 INFO  com.clothing.web.controller.ProductController Line:37  - 【商品】 返回接口pageInfo=PageInfo{pageNum=1, pageSize=10, size=4, startRow=1, endRow=4, total=4, pages=1, list=Page{count=true, pageNum=1, pageSize=10, startRow=0, endRow=10, total=4, pages=1, reasonable=true, pageSizeZero=false}, prePage=0, nextPage=0, isFirstPage=true, isLastPage=true, hasPreviousPage=false, hasNextPage=false, navigatePages=8, navigateFirstPage=1, navigateLastPage=1, navigatepageNums=[1]}
===2018-10-01 03:35:29.839 INFO  com.clothing.web.controller.BannerController Line:32  - 【标题】 参数groupKey=GROUP_HOME
===2018-10-01 03:35:29.839 INFO  com.clothing.web.controller.ProductController Line:34  - 【商品】 分页参数pageSize=10,pageNum=1
===2018-10-01 03:35:29.848 INFO  com.clothing.web.controller.ProductController Line:37  - 【商品】 返回接口pageInfo=PageInfo{pageNum=1, pageSize=10, size=4, startRow=1, endRow=4, total=4, pages=1, list=Page{count=true, pageNum=1, pageSize=10, startRow=0, endRow=10, total=4, pages=1, reasonable=true, pageSizeZero=false}, prePage=0, nextPage=0, isFirstPage=true, isLastPage=true, hasPreviousPage=false, hasNextPage=false, navigatePages=8, navigateFirstPage=1, navigateLastPage=1, navigatepageNums=[1]}
===2018-10-01 03:35:39.680 INFO  com.clothing.web.controller.ProductController Line:34  - 【商品】 分页参数pageSize=10,pageNum=1
===2018-10-01 03:35:39.680 INFO  com.clothing.web.controller.BannerController Line:32  - 【标题】 参数groupKey=GROUP_HOME
===2018-10-01 03:35:39.686 INFO  com.clothing.web.controller.ProductController Line:37  - 【商品】 返回接口pageInfo=PageInfo{pageNum=1, pageSize=10, size=4, startRow=1, endRow=4, total=4, pages=1, list=Page{count=true, pageNum=1, pageSize=10, startRow=0, endRow=10, total=4, pages=1, reasonable=true, pageSizeZero=false}, prePage=0, nextPage=0, isFirstPage=true, isLastPage=true, hasPreviousPage=false, hasNextPage=false, navigatePages=8, navigateFirstPage=1, navigateLastPage=1, navigatepageNums=[1]}
===2018-10-01 03:35:59.049 INFO  com.clothing.web.controller.BannerController Line:32  - 【标题】 参数groupKey=GROUP_HOME
===2018-10-01 03:35:59.049 INFO  com.clothing.web.controller.ProductController Line:34  - 【商品】 分页参数pageSize=10,pageNum=1
===2018-10-01 03:35:59.056 INFO  com.clothing.web.controller.ProductController Line:37  - 【商品】 返回接口pageInfo=PageInfo{pageNum=1, pageSize=10, size=4, startRow=1, endRow=4, total=4, pages=1, list=Page{count=true, pageNum=1, pageSize=10, startRow=0, endRow=10, total=4, pages=1, reasonable=true, pageSizeZero=false}, prePage=0, nextPage=0, isFirstPage=true, isLastPage=true, hasPreviousPage=false, hasNextPage=false, navigatePages=8, navigateFirstPage=1, navigateLastPage=1, navigatepageNums=[1]}
===2018-10-01 03:37:39.679 INFO  com.clothing.web.ClothingWebApplication Line:50  - Starting ClothingWebApplication on DESKTOP-SJ98RT1 with PID 32520 (D:\ccz\clothing\clothing-web\target\classes started by z in D:\ccz\clothing\clothing-web-page)
===2018-10-01 03:37:39.681 INFO  com.clothing.web.ClothingWebApplication Line:684 - The following profiles are active: dev
===2018-10-01 03:37:39.772 INFO  org.springframework.boot.web.servlet.context.AnnotationConfigServletWebServerApplicationContext Line:590 - Refreshing org.springframework.boot.web.servlet.context.AnnotationConfigServletWebServerApplicationContext@906d29b: startup date [Mon Oct 01 03:37:39 CST 2018]; root of context hierarchy
===2018-10-01 03:37:41.137 INFO  org.springframework.boot.web.embedded.tomcat.TomcatWebServer Line:91  - Tomcat initialized with port(s): 8011 (http)
===2018-10-01 03:37:41.305 INFO  org.springframework.web.context.ContextLoader Line:285 - Root WebApplicationContext: initialization completed in 1533 ms
===2018-10-01 03:37:41.397 INFO  org.springframework.boot.web.servlet.ServletRegistrationBean Line:187 - Servlet dispatcherServlet mapped to [/]
===2018-10-01 03:37:41.402 INFO  org.springframework.boot.web.servlet.FilterRegistrationBean Line:245 - Mapping filter: 'characterEncodingFilter' to: [/*]
===2018-10-01 03:37:41.402 INFO  org.springframework.boot.web.servlet.FilterRegistrationBean Line:245 - Mapping filter: 'hiddenHttpMethodFilter' to: [/*]
===2018-10-01 03:37:41.402 INFO  org.springframework.boot.web.servlet.FilterRegistrationBean Line:245 - Mapping filter: 'httpPutFormContentFilter' to: [/*]
===2018-10-01 03:37:41.402 INFO  org.springframework.boot.web.servlet.FilterRegistrationBean Line:245 - Mapping filter: 'requestContextFilter' to: [/*]
===2018-10-01 03:37:41.402 INFO  org.springframework.boot.web.servlet.FilterRegistrationBean Line:245 - Mapping filter: 'resourceUrlEncodingFilter' to: [/*]
===2018-10-01 03:37:42.018 INFO  org.springframework.web.servlet.handler.SimpleUrlHandlerMapping Line:373 - Mapped URL path [/**/favicon.ico] onto handler of type [class org.springframework.web.servlet.resource.ResourceHttpRequestHandler]
===2018-10-01 03:37:42.337 INFO  org.springframework.web.servlet.mvc.method.annotation.RequestMappingHandlerAdapter Line:588 - Looking for @ControllerAdvice: org.springframework.boot.web.servlet.context.AnnotationConfigServletWebServerApplicationContext@906d29b: startup date [Mon Oct 01 03:37:39 CST 2018]; root of context hierarchy
===2018-10-01 03:37:42.401 INFO  org.springframework.web.servlet.mvc.method.annotation.RequestMappingHandlerMapping Line:549 - Mapped "{[/banner/getBanners],methods=[POST]}" onto public org.springframework.http.ResponseEntity com.clothing.web.controller.BannerController.getBanners(java.lang.String)
===2018-10-01 03:37:42.403 INFO  org.springframework.web.servlet.mvc.method.annotation.RequestMappingHandlerMapping Line:549 - Mapped "{[/product/getProductPage],methods=[POST]}" onto public org.springframework.http.ResponseEntity com.clothing.web.controller.ProductController.getProductPage(java.lang.Integer,java.lang.Integer)
===2018-10-01 03:37:42.406 INFO  org.springframework.web.servlet.mvc.method.annotation.RequestMappingHandlerMapping Line:549 - Mapped "{[/error]}" onto public org.springframework.http.ResponseEntity<java.util.Map<java.lang.String, java.lang.Object>> org.springframework.boot.autoconfigure.web.servlet.error.BasicErrorController.error(javax.servlet.http.HttpServletRequest)
===2018-10-01 03:37:42.407 INFO  org.springframework.web.servlet.mvc.method.annotation.RequestMappingHandlerMapping Line:549 - Mapped "{[/error],produces=[text/html]}" onto public org.springframework.web.servlet.ModelAndView org.springframework.boot.autoconfigure.web.servlet.error.BasicErrorController.errorHtml(javax.servlet.http.HttpServletRequest,javax.servlet.http.HttpServletResponse)
===2018-10-01 03:37:42.447 INFO  org.springframework.web.servlet.handler.SimpleUrlHandlerMapping Line:373 - Mapped URL path [/webjars/**] onto handler of type [class org.springframework.web.servlet.resource.ResourceHttpRequestHandler]
===2018-10-01 03:37:42.447 INFO  org.springframework.web.servlet.handler.SimpleUrlHandlerMapping Line:373 - Mapped URL path [/**] onto handler of type [class org.springframework.web.servlet.resource.ResourceHttpRequestHandler]
===2018-10-01 03:37:42.849 INFO  org.springframework.jmx.export.annotation.AnnotationMBeanExporter Line:433 - Registering beans for JMX exposure on startup
===2018-10-01 03:37:42.851 INFO  org.springframework.jmx.export.annotation.AnnotationMBeanExporter Line:895 - Bean with name 'dataSource' has been autodetected for JMX exposure
===2018-10-01 03:37:42.856 INFO  org.springframework.jmx.export.annotation.AnnotationMBeanExporter Line:668 - Located MBean 'dataSource': registering with JMX server as MBean [com.zaxxer.hikari:name=dataSource,type=HikariDataSource]
===2018-10-01 03:37:42.900 INFO  org.springframework.boot.web.embedded.tomcat.TomcatWebServer Line:206 - Tomcat started on port(s): 8011 (http) with context path ''
===2018-10-01 03:37:42.904 INFO  com.clothing.web.ClothingWebApplication Line:59  - Started ClothingWebApplication in 3.773 seconds (JVM running for 4.827)
===2018-10-01 03:37:49.197 INFO  org.springframework.web.servlet.DispatcherServlet Line:494 - FrameworkServlet 'dispatcherServlet': initialization started
===2018-10-01 03:37:49.221 INFO  org.springframework.web.servlet.DispatcherServlet Line:509 - FrameworkServlet 'dispatcherServlet': initialization completed in 24 ms
===2018-10-01 03:37:49.272 INFO  com.clothing.web.controller.BannerController Line:32  - 【标题】 参数groupKey=GROUP_HOME
===2018-10-01 03:37:49.273 INFO  com.clothing.web.controller.ProductController Line:36  - 【商品】 分页参数pageSize=10,pageNum=1
===2018-10-01 03:37:49.534 INFO  com.clothing.web.controller.ProductController Line:39  - 【商品】 返回接口pageInfo=PageInfo{pageNum=1, pageSize=10, size=4, startRow=1, endRow=4, total=4, pages=1, list=Page{count=true, pageNum=1, pageSize=10, startRow=0, endRow=10, total=4, pages=1, reasonable=true, pageSizeZero=false}, prePage=0, nextPage=0, isFirstPage=true, isLastPage=true, hasPreviousPage=false, hasNextPage=false, navigatePages=8, navigateFirstPage=1, navigateLastPage=1, navigatepageNums=[1]}
===2018-10-01 03:54:23.590 INFO  com.clothing.web.ClothingWebApplication Line:50  - Starting ClothingWebApplication on DESKTOP-SJ98RT1 with PID 32504 (D:\ccz\clothing\clothing-web\target\classes started by z in D:\ccz\clothing\clothing-web-page)
===2018-10-01 03:54:23.592 INFO  com.clothing.web.ClothingWebApplication Line:684 - The following profiles are active: dev
===2018-10-01 03:54:23.689 INFO  org.springframework.boot.web.servlet.context.AnnotationConfigServletWebServerApplicationContext Line:590 - Refreshing org.springframework.boot.web.servlet.context.AnnotationConfigServletWebServerApplicationContext@584f54e6: startup date [Mon Oct 01 03:54:23 CST 2018]; root of context hierarchy
===2018-10-01 03:54:25.061 INFO  org.springframework.boot.web.embedded.tomcat.TomcatWebServer Line:91  - Tomcat initialized with port(s): 8011 (http)
===2018-10-01 03:54:25.225 INFO  org.springframework.web.context.ContextLoader Line:285 - Root WebApplicationContext: initialization completed in 1536 ms
===2018-10-01 03:54:25.318 INFO  org.springframework.boot.web.servlet.ServletRegistrationBean Line:187 - Servlet dispatcherServlet mapped to [/]
===2018-10-01 03:54:25.323 INFO  org.springframework.boot.web.servlet.FilterRegistrationBean Line:245 - Mapping filter: 'characterEncodingFilter' to: [/*]
===2018-10-01 03:54:25.324 INFO  org.springframework.boot.web.servlet.FilterRegistrationBean Line:245 - Mapping filter: 'hiddenHttpMethodFilter' to: [/*]
===2018-10-01 03:54:25.324 INFO  org.springframework.boot.web.servlet.FilterRegistrationBean Line:245 - Mapping filter: 'httpPutFormContentFilter' to: [/*]
===2018-10-01 03:54:25.324 INFO  org.springframework.boot.web.servlet.FilterRegistrationBean Line:245 - Mapping filter: 'requestContextFilter' to: [/*]
===2018-10-01 03:54:25.324 INFO  org.springframework.boot.web.servlet.FilterRegistrationBean Line:245 - Mapping filter: 'resourceUrlEncodingFilter' to: [/*]
===2018-10-01 03:54:25.961 INFO  org.springframework.web.servlet.handler.SimpleUrlHandlerMapping Line:373 - Mapped URL path [/**/favicon.ico] onto handler of type [class org.springframework.web.servlet.resource.ResourceHttpRequestHandler]
===2018-10-01 03:54:26.296 INFO  org.springframework.web.servlet.mvc.method.annotation.RequestMappingHandlerAdapter Line:588 - Looking for @ControllerAdvice: org.springframework.boot.web.servlet.context.AnnotationConfigServletWebServerApplicationContext@584f54e6: startup date [Mon Oct 01 03:54:23 CST 2018]; root of context hierarchy
===2018-10-01 03:54:26.356 INFO  org.springframework.web.servlet.mvc.method.annotation.RequestMappingHandlerMapping Line:549 - Mapped "{[/banner/getBanners],methods=[POST]}" onto public org.springframework.http.ResponseEntity com.clothing.web.controller.BannerController.getBanners(java.lang.String)
===2018-10-01 03:54:26.358 INFO  org.springframework.web.servlet.mvc.method.annotation.RequestMappingHandlerMapping Line:549 - Mapped "{[/product/getProductPage],methods=[POST]}" onto public org.springframework.http.ResponseEntity com.clothing.web.controller.ProductController.getProductPage(java.lang.Integer,java.lang.Integer)
===2018-10-01 03:54:26.361 INFO  org.springframework.web.servlet.mvc.method.annotation.RequestMappingHandlerMapping Line:549 - Mapped "{[/error]}" onto public org.springframework.http.ResponseEntity<java.util.Map<java.lang.String, java.lang.Object>> org.springframework.boot.autoconfigure.web.servlet.error.BasicErrorController.error(javax.servlet.http.HttpServletRequest)
===2018-10-01 03:54:26.362 INFO  org.springframework.web.servlet.mvc.method.annotation.RequestMappingHandlerMapping Line:549 - Mapped "{[/error],produces=[text/html]}" onto public org.springframework.web.servlet.ModelAndView org.springframework.boot.autoconfigure.web.servlet.error.BasicErrorController.errorHtml(javax.servlet.http.HttpServletRequest,javax.servlet.http.HttpServletResponse)
===2018-10-01 03:54:26.412 INFO  org.springframework.web.servlet.handler.SimpleUrlHandlerMapping Line:373 - Mapped URL path [/webjars/**] onto handler of type [class org.springframework.web.servlet.resource.ResourceHttpRequestHandler]
===2018-10-01 03:54:26.412 INFO  org.springframework.web.servlet.handler.SimpleUrlHandlerMapping Line:373 - Mapped URL path [/**] onto handler of type [class org.springframework.web.servlet.resource.ResourceHttpRequestHandler]
===2018-10-01 03:54:26.964 INFO  org.springframework.jmx.export.annotation.AnnotationMBeanExporter Line:433 - Registering beans for JMX exposure on startup
===2018-10-01 03:54:26.967 INFO  org.springframework.jmx.export.annotation.AnnotationMBeanExporter Line:895 - Bean with name 'dataSource' has been autodetected for JMX exposure
===2018-10-01 03:54:26.972 INFO  org.springframework.jmx.export.annotation.AnnotationMBeanExporter Line:668 - Located MBean 'dataSource': registering with JMX server as MBean [com.zaxxer.hikari:name=dataSource,type=HikariDataSource]
===2018-10-01 03:54:27.017 INFO  org.springframework.boot.web.embedded.tomcat.TomcatWebServer Line:206 - Tomcat started on port(s): 8011 (http) with context path ''
===2018-10-01 03:54:27.021 INFO  com.clothing.web.ClothingWebApplication Line:59  - Started ClothingWebApplication in 4.06 seconds (JVM running for 5.5)
===2018-10-01 03:55:01.231 INFO  org.springframework.web.servlet.DispatcherServlet Line:494 - FrameworkServlet 'dispatcherServlet': initialization started
===2018-10-01 03:55:01.260 INFO  org.springframework.web.servlet.DispatcherServlet Line:509 - FrameworkServlet 'dispatcherServlet': initialization completed in 29 ms
===2018-10-01 03:55:01.315 INFO  com.clothing.web.controller.BannerController Line:32  - 【标题】 参数groupKey=GROUP_HOME
===2018-10-01 03:55:01.315 INFO  com.clothing.web.controller.ProductController Line:36  - 【商品】 分页参数pageSize=10,pageNum=1
===2018-10-01 03:55:01.581 INFO  com.clothing.web.controller.ProductController Line:39  - 【商品】 返回接口pageInfo=PageInfo{pageNum=1, pageSize=10, size=4, startRow=1, endRow=4, total=4, pages=1, list=Page{count=true, pageNum=1, pageSize=10, startRow=0, endRow=10, total=4, pages=1, reasonable=true, pageSizeZero=false}, prePage=0, nextPage=0, isFirstPage=true, isLastPage=true, hasPreviousPage=false, hasNextPage=false, navigatePages=8, navigateFirstPage=1, navigateLastPage=1, navigatepageNums=[1]}
===2018-10-01 03:55:36.402 INFO  com.clothing.web.ClothingWebApplication Line:50  - Starting ClothingWebApplication on DESKTOP-SJ98RT1 with PID 38176 (D:\ccz\clothing\clothing-web\target\classes started by z in D:\ccz\clothing\clothing-web-page)
===2018-10-01 03:55:36.405 INFO  com.clothing.web.ClothingWebApplication Line:684 - The following profiles are active: dev
===2018-10-01 03:55:36.447 INFO  org.springframework.boot.web.servlet.context.AnnotationConfigServletWebServerApplicationContext Line:590 - Refreshing org.springframework.boot.web.servlet.context.AnnotationConfigServletWebServerApplicationContext@1cdc4c27: startup date [Mon Oct 01 03:55:36 CST 2018]; root of context hierarchy
===2018-10-01 03:55:37.780 INFO  org.springframework.boot.web.embedded.tomcat.TomcatWebServer Line:91  - Tomcat initialized with port(s): 8011 (http)
===2018-10-01 03:55:37.958 INFO  org.springframework.web.context.ContextLoader Line:285 - Root WebApplicationContext: initialization completed in 1510 ms
===2018-10-01 03:55:38.048 INFO  org.springframework.boot.web.servlet.ServletRegistrationBean Line:187 - Servlet dispatcherServlet mapped to [/]
===2018-10-01 03:55:38.053 INFO  org.springframework.boot.web.servlet.FilterRegistrationBean Line:245 - Mapping filter: 'characterEncodingFilter' to: [/*]
===2018-10-01 03:55:38.053 INFO  org.springframework.boot.web.servlet.FilterRegistrationBean Line:245 - Mapping filter: 'hiddenHttpMethodFilter' to: [/*]
===2018-10-01 03:55:38.053 INFO  org.springframework.boot.web.servlet.FilterRegistrationBean Line:245 - Mapping filter: 'httpPutFormContentFilter' to: [/*]
===2018-10-01 03:55:38.054 INFO  org.springframework.boot.web.servlet.FilterRegistrationBean Line:245 - Mapping filter: 'requestContextFilter' to: [/*]
===2018-10-01 03:55:38.054 INFO  org.springframework.boot.web.servlet.FilterRegistrationBean Line:245 - Mapping filter: 'resourceUrlEncodingFilter' to: [/*]
===2018-10-01 03:55:38.845 INFO  org.springframework.web.servlet.handler.SimpleUrlHandlerMapping Line:373 - Mapped URL path [/**/favicon.ico] onto handler of type [class org.springframework.web.servlet.resource.ResourceHttpRequestHandler]
===2018-10-01 03:55:39.327 INFO  org.springframework.web.servlet.mvc.method.annotation.RequestMappingHandlerAdapter Line:588 - Looking for @ControllerAdvice: org.springframework.boot.web.servlet.context.AnnotationConfigServletWebServerApplicationContext@1cdc4c27: startup date [Mon Oct 01 03:55:36 CST 2018]; root of context hierarchy
===2018-10-01 03:55:39.389 INFO  org.springframework.web.servlet.mvc.method.annotation.RequestMappingHandlerMapping Line:549 - Mapped "{[/banner/getBanners],methods=[POST]}" onto public org.springframework.http.ResponseEntity com.clothing.web.controller.BannerController.getBanners(java.lang.String)
===2018-10-01 03:55:39.390 INFO  org.springframework.web.servlet.mvc.method.annotation.RequestMappingHandlerMapping Line:549 - Mapped "{[/product/getProductPage],methods=[POST]}" onto public org.springframework.http.ResponseEntity com.clothing.web.controller.ProductController.getProductPage(java.lang.Integer,java.lang.Integer)
===2018-10-01 03:55:39.393 INFO  org.springframework.web.servlet.mvc.method.annotation.RequestMappingHandlerMapping Line:549 - Mapped "{[/error]}" onto public org.springframework.http.ResponseEntity<java.util.Map<java.lang.String, java.lang.Object>> org.springframework.boot.autoconfigure.web.servlet.error.BasicErrorController.error(javax.servlet.http.HttpServletRequest)
===2018-10-01 03:55:39.394 INFO  org.springframework.web.servlet.mvc.method.annotation.RequestMappingHandlerMapping Line:549 - Mapped "{[/error],produces=[text/html]}" onto public org.springframework.web.servlet.ModelAndView org.springframework.boot.autoconfigure.web.servlet.error.BasicErrorController.errorHtml(javax.servlet.http.HttpServletRequest,javax.servlet.http.HttpServletResponse)
===2018-10-01 03:55:39.433 INFO  org.springframework.web.servlet.handler.SimpleUrlHandlerMapping Line:373 - Mapped URL path [/webjars/**] onto handler of type [class org.springframework.web.servlet.resource.ResourceHttpRequestHandler]
===2018-10-01 03:55:39.433 INFO  org.springframework.web.servlet.handler.SimpleUrlHandlerMapping Line:373 - Mapped URL path [/**] onto handler of type [class org.springframework.web.servlet.resource.ResourceHttpRequestHandler]
===2018-10-01 03:55:39.857 INFO  org.springframework.jmx.export.annotation.AnnotationMBeanExporter Line:433 - Registering beans for JMX exposure on startup
===2018-10-01 03:55:39.859 INFO  org.springframework.jmx.export.annotation.AnnotationMBeanExporter Line:895 - Bean with name 'dataSource' has been autodetected for JMX exposure
===2018-10-01 03:55:39.864 INFO  org.springframework.jmx.export.annotation.AnnotationMBeanExporter Line:668 - Located MBean 'dataSource': registering with JMX server as MBean [com.zaxxer.hikari:name=dataSource,type=HikariDataSource]
===2018-10-01 03:55:39.908 INFO  org.springframework.boot.web.embedded.tomcat.TomcatWebServer Line:206 - Tomcat started on port(s): 8011 (http) with context path ''
===2018-10-01 03:55:39.912 INFO  com.clothing.web.ClothingWebApplication Line:59  - Started ClothingWebApplication in 4.182 seconds (JVM running for 5.504)
===2018-10-01 03:56:06.804 INFO  org.springframework.web.servlet.DispatcherServlet Line:494 - FrameworkServlet 'dispatcherServlet': initialization started
===2018-10-01 03:56:06.829 INFO  org.springframework.web.servlet.DispatcherServlet Line:509 - FrameworkServlet 'dispatcherServlet': initialization completed in 24 ms
===2018-10-01 03:56:06.883 INFO  com.clothing.web.controller.BannerController Line:32  - 【标题】 参数groupKey=GROUP_HOME
===2018-10-01 03:56:06.883 INFO  com.clothing.web.controller.ProductController Line:36  - 【商品】 分页参数pageSize=10,pageNum=1
===2018-10-01 03:56:07.136 INFO  com.clothing.web.controller.ProductController Line:39  - 【商品】 返回接口pageInfo=PageInfo{pageNum=1, pageSize=10, size=4, startRow=1, endRow=4, total=4, pages=1, list=Page{count=true, pageNum=1, pageSize=10, startRow=0, endRow=10, total=4, pages=1, reasonable=true, pageSizeZero=false}, prePage=0, nextPage=0, isFirstPage=true, isLastPage=true, hasPreviousPage=false, hasNextPage=false, navigatePages=8, navigateFirstPage=1, navigateLastPage=1, navigatepageNums=[1]}
===2018-10-01 03:56:49.937 INFO  com.clothing.web.controller.BannerController Line:32  - 【标题】 参数groupKey=GROUP_HOME
===2018-10-01 03:56:49.937 INFO  com.clothing.web.controller.ProductController Line:36  - 【商品】 分页参数pageSize=10,pageNum=1
===2018-10-01 03:56:49.953 INFO  com.clothing.web.controller.ProductController Line:39  - 【商品】 返回接口pageInfo=PageInfo{pageNum=1, pageSize=10, size=4, startRow=1, endRow=4, total=4, pages=1, list=Page{count=true, pageNum=1, pageSize=10, startRow=0, endRow=10, total=4, pages=1, reasonable=true, pageSizeZero=false}, prePage=0, nextPage=0, isFirstPage=true, isLastPage=true, hasPreviousPage=false, hasNextPage=false, navigatePages=8, navigateFirstPage=1, navigateLastPage=1, navigatepageNums=[1]}
===2018-10-01 03:59:33.702 INFO  com.clothing.web.controller.BannerController Line:32  - 【标题】 参数groupKey=GROUP_HOME
===2018-10-01 03:59:33.702 INFO  com.clothing.web.controller.ProductController Line:36  - 【商品】 分页参数pageSize=10,pageNum=1
===2018-10-01 03:59:33.715 INFO  com.clothing.web.controller.ProductController Line:39  - 【商品】 返回接口pageInfo=PageInfo{pageNum=1, pageSize=10, size=4, startRow=1, endRow=4, total=4, pages=1, list=Page{count=true, pageNum=1, pageSize=10, startRow=0, endRow=10, total=4, pages=1, reasonable=true, pageSizeZero=false}, prePage=0, nextPage=0, isFirstPage=true, isLastPage=true, hasPreviousPage=false, hasNextPage=false, navigatePages=8, navigateFirstPage=1, navigateLastPage=1, navigatepageNums=[1]}
===2018-10-01 04:06:36.051 INFO  com.clothing.web.controller.BannerController Line:32  - 【标题】 参数groupKey=GROUP_HOME
===2018-10-01 04:06:36.051 INFO  com.clothing.web.controller.ProductController Line:36  - 【商品】 分页参数pageSize=10,pageNum=1
===2018-10-01 04:06:36.066 INFO  com.clothing.web.controller.ProductController Line:39  - 【商品】 返回接口pageInfo=PageInfo{pageNum=1, pageSize=10, size=4, startRow=1, endRow=4, total=4, pages=1, list=Page{count=true, pageNum=1, pageSize=10, startRow=0, endRow=10, total=4, pages=1, reasonable=true, pageSizeZero=false}, prePage=0, nextPage=0, isFirstPage=true, isLastPage=true, hasPreviousPage=false, hasNextPage=false, navigatePages=8, navigateFirstPage=1, navigateLastPage=1, navigatepageNums=[1]}
