===2018-11-04 12:20:07.371 WARN  org.springframework.boot.autoconfigure.thymeleaf.ThymeleafAutoConfiguration$DefaultTemplateResolverConfiguration Line:107 - Cannot find template location: classpath:/templates/ (please add some templates or check your Thymeleaf configuration)
===2018-11-04 12:20:07.375 WARN  org.thymeleaf.templatemode.TemplateMode Line:150 - [THYMELEAF][main] Template Mode 'HTML5' is deprecated. Using Template Mode 'HTML' instead.
===2018-11-04 12:20:08.100 WARN  springfox.documentation.spring.web.readers.parameter.ParameterDataTypeReader Line:87  - Trying to infer dataType java.lang.String[]
===2018-11-04 12:20:08.100 WARN  springfox.documentation.spring.web.readers.parameter.ParameterDataTypeReader Line:87  - Trying to infer dataType java.lang.String[]
===2018-11-04 12:20:08.101 WARN  springfox.documentation.spring.web.readers.parameter.ParameterDataTypeReader Line:87  - Trying to infer dataType java.lang.String[]
===2018-11-04 12:22:49.034 WARN  com.zaxxer.hikari.pool.HikariPool Line:758 - HikariPool-1 - Thread starvation or clock leap detected (housekeeper delta=1m34s385ms92µs530ns).
===2018-11-04 12:53:54.735 WARN  org.springframework.boot.autoconfigure.thymeleaf.ThymeleafAutoConfiguration$DefaultTemplateResolverConfiguration Line:107 - Cannot find template location: classpath:/templates/ (please add some templates or check your Thymeleaf configuration)
===2018-11-04 12:53:54.739 WARN  org.thymeleaf.templatemode.TemplateMode Line:150 - [THYMELEAF][main] Template Mode 'HTML5' is deprecated. Using Template Mode 'HTML' instead.
===2018-11-04 12:53:55.881 WARN  springfox.documentation.spring.web.readers.parameter.ParameterDataTypeReader Line:87  - Trying to infer dataType java.lang.String[]
===2018-11-04 12:53:55.882 WARN  springfox.documentation.spring.web.readers.parameter.ParameterDataTypeReader Line:87  - Trying to infer dataType java.lang.String[]
===2018-11-04 12:53:55.884 WARN  springfox.documentation.spring.web.readers.parameter.ParameterDataTypeReader Line:87  - Trying to infer dataType java.lang.String[]
===2018-11-04 12:56:42.909 WARN  org.springframework.boot.autoconfigure.thymeleaf.ThymeleafAutoConfiguration$DefaultTemplateResolverConfiguration Line:107 - Cannot find template location: classpath:/templates/ (please add some templates or check your Thymeleaf configuration)
===2018-11-04 12:56:42.912 WARN  org.thymeleaf.templatemode.TemplateMode Line:150 - [THYMELEAF][main] Template Mode 'HTML5' is deprecated. Using Template Mode 'HTML' instead.
===2018-11-04 12:56:43.538 WARN  springfox.documentation.spring.web.readers.parameter.ParameterDataTypeReader Line:87  - Trying to infer dataType java.lang.String[]
===2018-11-04 12:56:43.539 WARN  springfox.documentation.spring.web.readers.parameter.ParameterDataTypeReader Line:87  - Trying to infer dataType java.lang.String[]
===2018-11-04 12:56:43.539 WARN  springfox.documentation.spring.web.readers.parameter.ParameterDataTypeReader Line:87  - Trying to infer dataType java.lang.String[]
===2018-11-04 13:21:48.992 WARN  org.springframework.boot.autoconfigure.thymeleaf.ThymeleafAutoConfiguration$DefaultTemplateResolverConfiguration Line:107 - Cannot find template location: classpath:/templates/ (please add some templates or check your Thymeleaf configuration)
===2018-11-04 13:21:48.997 WARN  org.thymeleaf.templatemode.TemplateMode Line:150 - [THYMELEAF][main] Template Mode 'HTML5' is deprecated. Using Template Mode 'HTML' instead.
===2018-11-04 13:21:49.735 WARN  springfox.documentation.spring.web.readers.parameter.ParameterDataTypeReader Line:87  - Trying to infer dataType java.lang.String[]
===2018-11-04 13:21:49.736 WARN  springfox.documentation.spring.web.readers.parameter.ParameterDataTypeReader Line:87  - Trying to infer dataType java.lang.String[]
===2018-11-04 13:21:49.736 WARN  springfox.documentation.spring.web.readers.parameter.ParameterDataTypeReader Line:87  - Trying to infer dataType java.lang.String[]
===2018-11-04 13:23:41.828 WARN  org.springframework.boot.autoconfigure.thymeleaf.ThymeleafAutoConfiguration$DefaultTemplateResolverConfiguration Line:107 - Cannot find template location: classpath:/templates/ (please add some templates or check your Thymeleaf configuration)
===2018-11-04 13:23:41.831 WARN  org.thymeleaf.templatemode.TemplateMode Line:150 - [THYMELEAF][main] Template Mode 'HTML5' is deprecated. Using Template Mode 'HTML' instead.
===2018-11-04 13:23:42.551 WARN  springfox.documentation.spring.web.readers.parameter.ParameterDataTypeReader Line:87  - Trying to infer dataType java.lang.String[]
===2018-11-04 13:23:42.551 WARN  springfox.documentation.spring.web.readers.parameter.ParameterDataTypeReader Line:87  - Trying to infer dataType java.lang.String[]
===2018-11-04 13:23:42.552 WARN  springfox.documentation.spring.web.readers.parameter.ParameterDataTypeReader Line:87  - Trying to infer dataType java.lang.String[]
===2018-11-04 13:24:50.549 WARN  org.springframework.boot.autoconfigure.thymeleaf.ThymeleafAutoConfiguration$DefaultTemplateResolverConfiguration Line:107 - Cannot find template location: classpath:/templates/ (please add some templates or check your Thymeleaf configuration)
===2018-11-04 13:24:50.552 WARN  org.thymeleaf.templatemode.TemplateMode Line:150 - [THYMELEAF][main] Template Mode 'HTML5' is deprecated. Using Template Mode 'HTML' instead.
===2018-11-04 13:24:51.186 WARN  springfox.documentation.spring.web.readers.parameter.ParameterDataTypeReader Line:87  - Trying to infer dataType java.lang.String[]
===2018-11-04 13:24:51.187 WARN  springfox.documentation.spring.web.readers.parameter.ParameterDataTypeReader Line:87  - Trying to infer dataType java.lang.String[]
===2018-11-04 13:24:51.187 WARN  springfox.documentation.spring.web.readers.parameter.ParameterDataTypeReader Line:87  - Trying to infer dataType java.lang.String[]
===2018-11-04 13:26:01.736 WARN  org.springframework.boot.autoconfigure.thymeleaf.ThymeleafAutoConfiguration$DefaultTemplateResolverConfiguration Line:107 - Cannot find template location: classpath:/templates/ (please add some templates or check your Thymeleaf configuration)
===2018-11-04 13:26:01.740 WARN  org.thymeleaf.templatemode.TemplateMode Line:150 - [THYMELEAF][main] Template Mode 'HTML5' is deprecated. Using Template Mode 'HTML' instead.
===2018-11-04 13:26:02.358 WARN  springfox.documentation.spring.web.readers.parameter.ParameterDataTypeReader Line:87  - Trying to infer dataType java.lang.String[]
===2018-11-04 13:26:02.359 WARN  springfox.documentation.spring.web.readers.parameter.ParameterDataTypeReader Line:87  - Trying to infer dataType java.lang.String[]
===2018-11-04 13:26:02.359 WARN  springfox.documentation.spring.web.readers.parameter.ParameterDataTypeReader Line:87  - Trying to infer dataType java.lang.String[]
===2018-11-04 13:26:27.811 WARN  org.springframework.boot.autoconfigure.thymeleaf.ThymeleafAutoConfiguration$DefaultTemplateResolverConfiguration Line:107 - Cannot find template location: classpath:/templates/ (please add some templates or check your Thymeleaf configuration)
===2018-11-04 13:26:27.815 WARN  org.thymeleaf.templatemode.TemplateMode Line:150 - [THYMELEAF][main] Template Mode 'HTML5' is deprecated. Using Template Mode 'HTML' instead.
===2018-11-04 13:26:28.422 WARN  springfox.documentation.spring.web.readers.parameter.ParameterDataTypeReader Line:87  - Trying to infer dataType java.lang.String[]
===2018-11-04 13:26:28.422 WARN  springfox.documentation.spring.web.readers.parameter.ParameterDataTypeReader Line:87  - Trying to infer dataType java.lang.String[]
===2018-11-04 13:26:28.423 WARN  springfox.documentation.spring.web.readers.parameter.ParameterDataTypeReader Line:87  - Trying to infer dataType java.lang.String[]
===2018-11-04 13:55:01.749 WARN  org.springframework.boot.autoconfigure.thymeleaf.ThymeleafAutoConfiguration$DefaultTemplateResolverConfiguration Line:107 - Cannot find template location: classpath:/templates/ (please add some templates or check your Thymeleaf configuration)
===2018-11-04 13:55:01.752 WARN  org.thymeleaf.templatemode.TemplateMode Line:150 - [THYMELEAF][main] Template Mode 'HTML5' is deprecated. Using Template Mode 'HTML' instead.
===2018-11-04 13:55:02.357 WARN  springfox.documentation.spring.web.readers.parameter.ParameterDataTypeReader Line:87  - Trying to infer dataType java.lang.String[]
===2018-11-04 13:55:02.357 WARN  springfox.documentation.spring.web.readers.parameter.ParameterDataTypeReader Line:87  - Trying to infer dataType java.lang.String[]
===2018-11-04 13:55:02.357 WARN  springfox.documentation.spring.web.readers.parameter.ParameterDataTypeReader Line:87  - Trying to infer dataType java.lang.String[]
===2018-11-04 13:57:42.956 WARN  org.springframework.web.servlet.mvc.support.DefaultHandlerExceptionResolver Line:140 - Resolved [org.springframework.validation.BindException: org.springframework.validation.BeanPropertyBindingResult: 1 errors
Field error in object 'product' on field 'area': rejected value [null]; codes [typeMismatch.product.area,typeMismatch.area,typeMismatch.java.lang.Integer,typeMismatch]; arguments [org.springframework.context.support.DefaultMessageSourceResolvable: codes [product.area,area]; arguments []; default message [area]]; default message [Failed to convert property value of type 'java.lang.String' to required type 'java.lang.Integer' for property 'area'; nested exception is java.lang.NumberFormatException: For input string: "null"]]
===2018-11-04 13:57:57.309 WARN  org.springframework.web.servlet.mvc.support.DefaultHandlerExceptionResolver Line:140 - Resolved [org.springframework.validation.BindException: org.springframework.validation.BeanPropertyBindingResult: 1 errors
Field error in object 'product' on field 'area': rejected value [null]; codes [typeMismatch.product.area,typeMismatch.area,typeMismatch.java.lang.Integer,typeMismatch]; arguments [org.springframework.context.support.DefaultMessageSourceResolvable: codes [product.area,area]; arguments []; default message [area]]; default message [Failed to convert property value of type 'java.lang.String' to required type 'java.lang.Integer' for property 'area'; nested exception is java.lang.NumberFormatException: For input string: "null"]]
===2018-11-04 13:58:09.051 WARN  org.springframework.web.servlet.mvc.support.DefaultHandlerExceptionResolver Line:140 - Resolved [org.springframework.validation.BindException: org.springframework.validation.BeanPropertyBindingResult: 1 errors
Field error in object 'product' on field 'area': rejected value [null]; codes [typeMismatch.product.area,typeMismatch.area,typeMismatch.java.lang.Integer,typeMismatch]; arguments [org.springframework.context.support.DefaultMessageSourceResolvable: codes [product.area,area]; arguments []; default message [area]]; default message [Failed to convert property value of type 'java.lang.String' to required type 'java.lang.Integer' for property 'area'; nested exception is java.lang.NumberFormatException: For input string: "null"]]
===2018-11-04 13:58:22.729 WARN  org.springframework.web.servlet.mvc.support.DefaultHandlerExceptionResolver Line:140 - Resolved [org.springframework.validation.BindException: org.springframework.validation.BeanPropertyBindingResult: 1 errors
Field error in object 'product' on field 'area': rejected value [null]; codes [typeMismatch.product.area,typeMismatch.area,typeMismatch.java.lang.Integer,typeMismatch]; arguments [org.springframework.context.support.DefaultMessageSourceResolvable: codes [product.area,area]; arguments []; default message [area]]; default message [Failed to convert property value of type 'java.lang.String' to required type 'java.lang.Integer' for property 'area'; nested exception is java.lang.NumberFormatException: For input string: "null"]]
===2018-11-04 14:00:43.059 WARN  org.springframework.web.servlet.mvc.support.DefaultHandlerExceptionResolver Line:140 - Resolved [org.springframework.validation.BindException: org.springframework.validation.BeanPropertyBindingResult: 1 errors
Field error in object 'product' on field 'area': rejected value [null]; codes [typeMismatch.product.area,typeMismatch.area,typeMismatch.java.lang.Integer,typeMismatch]; arguments [org.springframework.context.support.DefaultMessageSourceResolvable: codes [product.area,area]; arguments []; default message [area]]; default message [Failed to convert property value of type 'java.lang.String' to required type 'java.lang.Integer' for property 'area'; nested exception is java.lang.NumberFormatException: For input string: "null"]]
===2018-11-04 14:03:43.746 WARN  org.springframework.web.servlet.mvc.support.DefaultHandlerExceptionResolver Line:140 - Resolved [org.springframework.validation.BindException: org.springframework.validation.BeanPropertyBindingResult: 1 errors
Field error in object 'product' on field 'area': rejected value [null]; codes [typeMismatch.product.area,typeMismatch.area,typeMismatch.java.lang.Integer,typeMismatch]; arguments [org.springframework.context.support.DefaultMessageSourceResolvable: codes [product.area,area]; arguments []; default message [area]]; default message [Failed to convert property value of type 'java.lang.String' to required type 'java.lang.Integer' for property 'area'; nested exception is java.lang.NumberFormatException: For input string: "null"]]
===2018-11-04 14:09:09.646 WARN  org.springframework.web.servlet.mvc.support.DefaultHandlerExceptionResolver Line:140 - Resolved [org.springframework.validation.BindException: org.springframework.validation.BeanPropertyBindingResult: 1 errors
Field error in object 'product' on field 'area': rejected value [null]; codes [typeMismatch.product.area,typeMismatch.area,typeMismatch.java.lang.Integer,typeMismatch]; arguments [org.springframework.context.support.DefaultMessageSourceResolvable: codes [product.area,area]; arguments []; default message [area]]; default message [Failed to convert property value of type 'java.lang.String' to required type 'java.lang.Integer' for property 'area'; nested exception is java.lang.NumberFormatException: For input string: "null"]]
===2018-11-04 14:11:55.057 WARN  org.springframework.web.servlet.mvc.support.DefaultHandlerExceptionResolver Line:140 - Resolved [org.springframework.validation.BindException: org.springframework.validation.BeanPropertyBindingResult: 1 errors
Field error in object 'product' on field 'area': rejected value [null]; codes [typeMismatch.product.area,typeMismatch.area,typeMismatch.java.lang.Integer,typeMismatch]; arguments [org.springframework.context.support.DefaultMessageSourceResolvable: codes [product.area,area]; arguments []; default message [area]]; default message [Failed to convert property value of type 'java.lang.String' to required type 'java.lang.Integer' for property 'area'; nested exception is java.lang.NumberFormatException: For input string: "null"]]
===2018-11-04 14:12:36.535 WARN  org.springframework.web.servlet.mvc.support.DefaultHandlerExceptionResolver Line:140 - Resolved [org.springframework.validation.BindException: org.springframework.validation.BeanPropertyBindingResult: 1 errors
Field error in object 'product' on field 'area': rejected value [null]; codes [typeMismatch.product.area,typeMismatch.area,typeMismatch.java.lang.Integer,typeMismatch]; arguments [org.springframework.context.support.DefaultMessageSourceResolvable: codes [product.area,area]; arguments []; default message [area]]; default message [Failed to convert property value of type 'java.lang.String' to required type 'java.lang.Integer' for property 'area'; nested exception is java.lang.NumberFormatException: For input string: "null"]]
===2018-11-04 14:17:12.902 WARN  org.springframework.web.servlet.mvc.support.DefaultHandlerExceptionResolver Line:140 - Resolved [org.springframework.validation.BindException: org.springframework.validation.BeanPropertyBindingResult: 3 errors
Field error in object 'product' on field 'area': rejected value [null]; codes [typeMismatch.product.area,typeMismatch.area,typeMismatch.java.lang.Integer,typeMismatch]; arguments [org.springframework.context.support.DefaultMessageSourceResolvable: codes [product.area,area]; arguments []; default message [area]]; default message [Failed to convert property value of type 'java.lang.String' to required type 'java.lang.Integer' for property 'area'; nested exception is java.lang.NumberFormatException: For input string: "null"]
Field error in object 'product' on field 'totalSellNum': rejected value [null]; codes [typeMismatch.product.totalSellNum,typeMismatch.totalSellNum,typeMismatch.java.lang.Integer,typeMismatch]; arguments [org.springframework.context.support.DefaultMessageSourceResolvable: codes [product.totalSellNum,totalSellNum]; arguments []; default message [totalSellNum]]; default message [Failed to convert property value of type 'java.lang.String' to required type 'java.lang.Integer' for property 'totalSellNum'; nested exception is java.lang.NumberFormatException: For input string: "null"]
Field error in object 'product' on field 'weekSellNum': rejected value [null]; codes [typeMismatch.product.weekSellNum,typeMismatch.weekSellNum,typeMismatch.java.lang.Integer,typeMismatch]; arguments [org.springframework.context.support.DefaultMessageSourceResolvable: codes [product.weekSellNum,weekSellNum]; arguments []; default message [weekSellNum]]; default message [Failed to convert property value of type 'java.lang.String' to required type 'java.lang.Integer' for property 'weekSellNum'; nested exception is java.lang.NumberFormatException: For input string: "null"]]
===2018-11-04 14:19:14.954 WARN  org.springframework.web.servlet.mvc.support.DefaultHandlerExceptionResolver Line:140 - Resolved [org.springframework.validation.BindException: org.springframework.validation.BeanPropertyBindingResult: 3 errors
Field error in object 'product' on field 'area': rejected value [null]; codes [typeMismatch.product.area,typeMismatch.area,typeMismatch.java.lang.Integer,typeMismatch]; arguments [org.springframework.context.support.DefaultMessageSourceResolvable: codes [product.area,area]; arguments []; default message [area]]; default message [Failed to convert property value of type 'java.lang.String' to required type 'java.lang.Integer' for property 'area'; nested exception is java.lang.NumberFormatException: For input string: "null"]
Field error in object 'product' on field 'totalSellNum': rejected value [null]; codes [typeMismatch.product.totalSellNum,typeMismatch.totalSellNum,typeMismatch.java.lang.Integer,typeMismatch]; arguments [org.springframework.context.support.DefaultMessageSourceResolvable: codes [product.totalSellNum,totalSellNum]; arguments []; default message [totalSellNum]]; default message [Failed to convert property value of type 'java.lang.String' to required type 'java.lang.Integer' for property 'totalSellNum'; nested exception is java.lang.NumberFormatException: For input string: "null"]
Field error in object 'product' on field 'weekSellNum': rejected value [null]; codes [typeMismatch.product.weekSellNum,typeMismatch.weekSellNum,typeMismatch.java.lang.Integer,typeMismatch]; arguments [org.springframework.context.support.DefaultMessageSourceResolvable: codes [product.weekSellNum,weekSellNum]; arguments []; default message [weekSellNum]]; default message [Failed to convert property value of type 'java.lang.String' to required type 'java.lang.Integer' for property 'weekSellNum'; nested exception is java.lang.NumberFormatException: For input string: "null"]]
===2018-11-04 14:19:36.634 WARN  org.springframework.web.servlet.mvc.support.DefaultHandlerExceptionResolver Line:140 - Resolved [org.springframework.validation.BindException: org.springframework.validation.BeanPropertyBindingResult: 1 errors
Field error in object 'product' on field 'area': rejected value [null]; codes [typeMismatch.product.area,typeMismatch.area,typeMismatch.java.lang.Integer,typeMismatch]; arguments [org.springframework.context.support.DefaultMessageSourceResolvable: codes [product.area,area]; arguments []; default message [area]]; default message [Failed to convert property value of type 'java.lang.String' to required type 'java.lang.Integer' for property 'area'; nested exception is java.lang.NumberFormatException: For input string: "null"]]
===2018-11-04 15:55:58.090 WARN  org.springframework.boot.autoconfigure.thymeleaf.ThymeleafAutoConfiguration$DefaultTemplateResolverConfiguration Line:107 - Cannot find template location: classpath:/templates/ (please add some templates or check your Thymeleaf configuration)
===2018-11-04 15:55:58.095 WARN  org.thymeleaf.templatemode.TemplateMode Line:150 - [THYMELEAF][main] Template Mode 'HTML5' is deprecated. Using Template Mode 'HTML' instead.
===2018-11-04 15:55:58.718 WARN  springfox.documentation.spring.web.readers.parameter.ParameterDataTypeReader Line:87  - Trying to infer dataType java.lang.String[]
===2018-11-04 15:55:58.719 WARN  springfox.documentation.spring.web.readers.parameter.ParameterDataTypeReader Line:87  - Trying to infer dataType java.lang.String[]
===2018-11-04 15:55:58.719 WARN  springfox.documentation.spring.web.readers.parameter.ParameterDataTypeReader Line:87  - Trying to infer dataType java.lang.String[]
===2018-11-04 16:04:05.039 WARN  org.springframework.boot.autoconfigure.thymeleaf.ThymeleafAutoConfiguration$DefaultTemplateResolverConfiguration Line:107 - Cannot find template location: classpath:/templates/ (please add some templates or check your Thymeleaf configuration)
===2018-11-04 16:04:05.044 WARN  org.thymeleaf.templatemode.TemplateMode Line:150 - [THYMELEAF][main] Template Mode 'HTML5' is deprecated. Using Template Mode 'HTML' instead.
===2018-11-04 16:04:05.668 WARN  springfox.documentation.spring.web.readers.parameter.ParameterDataTypeReader Line:87  - Trying to infer dataType java.lang.String[]
===2018-11-04 16:04:05.668 WARN  springfox.documentation.spring.web.readers.parameter.ParameterDataTypeReader Line:87  - Trying to infer dataType java.lang.String[]
===2018-11-04 16:04:05.668 WARN  springfox.documentation.spring.web.readers.parameter.ParameterDataTypeReader Line:87  - Trying to infer dataType java.lang.String[]
===2018-11-04 16:49:00.974 WARN  org.springframework.boot.autoconfigure.thymeleaf.ThymeleafAutoConfiguration$DefaultTemplateResolverConfiguration Line:107 - Cannot find template location: classpath:/templates/ (please add some templates or check your Thymeleaf configuration)
===2018-11-04 16:49:00.980 WARN  org.thymeleaf.templatemode.TemplateMode Line:150 - [THYMELEAF][main] Template Mode 'HTML5' is deprecated. Using Template Mode 'HTML' instead.
===2018-11-04 16:49:01.768 WARN  springfox.documentation.spring.web.readers.parameter.ParameterDataTypeReader Line:87  - Trying to infer dataType java.lang.String[]
===2018-11-04 16:49:01.768 WARN  springfox.documentation.spring.web.readers.parameter.ParameterDataTypeReader Line:87  - Trying to infer dataType java.lang.String[]
===2018-11-04 16:49:01.768 WARN  springfox.documentation.spring.web.readers.parameter.ParameterDataTypeReader Line:87  - Trying to infer dataType java.lang.String[]
===2018-11-04 16:49:01.796 WARN  springfox.documentation.spring.web.readers.parameter.ParameterDataTypeReader Line:87  - Trying to infer dataType java.lang.Integer[]
===2018-11-04 16:57:47.526 WARN  org.springframework.web.servlet.mvc.support.DefaultHandlerExceptionResolver Line:140 - Resolved [org.springframework.validation.BindException: org.springframework.validation.BeanPropertyBindingResult: 1 errors
Field error in object 'standardColor' on field 'createTime': rejected value [2018-11-04 16:56:23]; codes [typeMismatch.standardColor.createTime,typeMismatch.createTime,typeMismatch.java.util.Date,typeMismatch]; arguments [org.springframework.context.support.DefaultMessageSourceResolvable: codes [standardColor.createTime,createTime]; arguments []; default message [createTime]]; default message [Failed to convert property value of type 'java.lang.String' to required type 'java.util.Date' for property 'createTime'; nested exception is org.springframework.core.convert.ConversionFailedException: Failed to convert from type [java.lang.String] to type [java.util.Date] for value '2018-11-04 16:56:23'; nested exception is java.lang.IllegalArgumentException]]
===2018-11-04 16:58:03.265 WARN  org.springframework.boot.autoconfigure.thymeleaf.ThymeleafAutoConfiguration$DefaultTemplateResolverConfiguration Line:107 - Cannot find template location: classpath:/templates/ (please add some templates or check your Thymeleaf configuration)
===2018-11-04 16:58:03.269 WARN  org.thymeleaf.templatemode.TemplateMode Line:150 - [THYMELEAF][main] Template Mode 'HTML5' is deprecated. Using Template Mode 'HTML' instead.
===2018-11-04 16:58:04.011 WARN  springfox.documentation.spring.web.readers.parameter.ParameterDataTypeReader Line:87  - Trying to infer dataType java.lang.String[]
===2018-11-04 16:58:04.011 WARN  springfox.documentation.spring.web.readers.parameter.ParameterDataTypeReader Line:87  - Trying to infer dataType java.lang.String[]
===2018-11-04 16:58:04.012 WARN  springfox.documentation.spring.web.readers.parameter.ParameterDataTypeReader Line:87  - Trying to infer dataType java.lang.String[]
===2018-11-04 16:58:04.052 WARN  springfox.documentation.spring.web.readers.parameter.ParameterDataTypeReader Line:87  - Trying to infer dataType java.lang.Integer[]
===2018-11-04 16:58:18.483 WARN  org.springframework.web.servlet.mvc.support.DefaultHandlerExceptionResolver Line:140 - Resolved [org.springframework.validation.BindException: org.springframework.validation.BeanPropertyBindingResult: 1 errors
Field error in object 'standardColor' on field 'createTime': rejected value [2018-11-04 16:56:23]; codes [typeMismatch.standardColor.createTime,typeMismatch.createTime,typeMismatch.java.util.Date,typeMismatch]; arguments [org.springframework.context.support.DefaultMessageSourceResolvable: codes [standardColor.createTime,createTime]; arguments []; default message [createTime]]; default message [Failed to convert property value of type 'java.lang.String' to required type 'java.util.Date' for property 'createTime'; nested exception is org.springframework.core.convert.ConversionFailedException: Failed to convert from type [java.lang.String] to type [java.util.Date] for value '2018-11-04 16:56:23'; nested exception is java.lang.IllegalArgumentException]]
===2018-11-04 16:58:28.034 WARN  org.springframework.web.servlet.mvc.support.DefaultHandlerExceptionResolver Line:140 - Resolved [org.springframework.validation.BindException: org.springframework.validation.BeanPropertyBindingResult: 1 errors
Field error in object 'standardColor' on field 'createTime': rejected value [2018-11-04 16:56:23]; codes [typeMismatch.standardColor.createTime,typeMismatch.createTime,typeMismatch.java.util.Date,typeMismatch]; arguments [org.springframework.context.support.DefaultMessageSourceResolvable: codes [standardColor.createTime,createTime]; arguments []; default message [createTime]]; default message [Failed to convert property value of type 'java.lang.String' to required type 'java.util.Date' for property 'createTime'; nested exception is org.springframework.core.convert.ConversionFailedException: Failed to convert from type [java.lang.String] to type [java.util.Date] for value '2018-11-04 16:56:23'; nested exception is java.lang.IllegalArgumentException]]
===2018-11-04 16:59:36.235 WARN  org.springframework.web.servlet.mvc.support.DefaultHandlerExceptionResolver Line:140 - Resolved [org.springframework.validation.BindException: org.springframework.validation.BeanPropertyBindingResult: 1 errors
Field error in object 'standardColor' on field 'createTime': rejected value [2018-11-04 16:56:23]; codes [typeMismatch.standardColor.createTime,typeMismatch.createTime,typeMismatch.java.util.Date,typeMismatch]; arguments [org.springframework.context.support.DefaultMessageSourceResolvable: codes [standardColor.createTime,createTime]; arguments []; default message [createTime]]; default message [Failed to convert property value of type 'java.lang.String' to required type 'java.util.Date' for property 'createTime'; nested exception is org.springframework.core.convert.ConversionFailedException: Failed to convert from type [java.lang.String] to type [java.util.Date] for value '2018-11-04 16:56:23'; nested exception is java.lang.IllegalArgumentException]]
===2018-11-04 17:12:57.881 WARN  org.springframework.web.servlet.mvc.support.DefaultHandlerExceptionResolver Line:140 - Resolved [org.springframework.validation.BindException: org.springframework.validation.BeanPropertyBindingResult: 1 errors
Field error in object 'standardColor' on field 'createTime': rejected value [2018-11-04 16:56:23]; codes [typeMismatch.standardColor.createTime,typeMismatch.createTime,typeMismatch.java.util.Date,typeMismatch]; arguments [org.springframework.context.support.DefaultMessageSourceResolvable: codes [standardColor.createTime,createTime]; arguments []; default message [createTime]]; default message [Failed to convert property value of type 'java.lang.String' to required type 'java.util.Date' for property 'createTime'; nested exception is org.springframework.core.convert.ConversionFailedException: Failed to convert from type [java.lang.String] to type [java.util.Date] for value '2018-11-04 16:56:23'; nested exception is java.lang.IllegalArgumentException]]
===2018-11-04 17:13:53.184 WARN  org.springframework.web.servlet.mvc.support.DefaultHandlerExceptionResolver Line:140 - Resolved [org.springframework.validation.BindException: org.springframework.validation.BeanPropertyBindingResult: 1 errors
Field error in object 'standardColor' on field 'createTime': rejected value [2018-11-04 16:56:23]; codes [typeMismatch.standardColor.createTime,typeMismatch.createTime,typeMismatch.java.util.Date,typeMismatch]; arguments [org.springframework.context.support.DefaultMessageSourceResolvable: codes [standardColor.createTime,createTime]; arguments []; default message [createTime]]; default message [Failed to convert property value of type 'java.lang.String' to required type 'java.util.Date' for property 'createTime'; nested exception is org.springframework.core.convert.ConversionFailedException: Failed to convert from type [java.lang.String] to type [java.util.Date] for value '2018-11-04 16:56:23'; nested exception is java.lang.IllegalArgumentException]]
===2018-11-04 17:14:16.515 WARN  org.springframework.web.servlet.mvc.support.DefaultHandlerExceptionResolver Line:140 - Resolved [org.springframework.validation.BindException: org.springframework.validation.BeanPropertyBindingResult: 1 errors
Field error in object 'standardColor' on field 'createTime': rejected value [2018-11-04 16:56:23]; codes [typeMismatch.standardColor.createTime,typeMismatch.createTime,typeMismatch.java.util.Date,typeMismatch]; arguments [org.springframework.context.support.DefaultMessageSourceResolvable: codes [standardColor.createTime,createTime]; arguments []; default message [createTime]]; default message [Failed to convert property value of type 'java.lang.String' to required type 'java.util.Date' for property 'createTime'; nested exception is org.springframework.core.convert.ConversionFailedException: Failed to convert from type [java.lang.String] to type [java.util.Date] for value '2018-11-04 16:56:23'; nested exception is java.lang.IllegalArgumentException]]
===2018-11-04 17:16:11.727 WARN  org.springframework.web.servlet.mvc.support.DefaultHandlerExceptionResolver Line:140 - Resolved [org.springframework.validation.BindException: org.springframework.validation.BeanPropertyBindingResult: 1 errors
Field error in object 'standardColor' on field 'createTime': rejected value [2018-11-04 16:56:23]; codes [typeMismatch.standardColor.createTime,typeMismatch.createTime,typeMismatch.java.util.Date,typeMismatch]; arguments [org.springframework.context.support.DefaultMessageSourceResolvable: codes [standardColor.createTime,createTime]; arguments []; default message [createTime]]; default message [Failed to convert property value of type 'java.lang.String' to required type 'java.util.Date' for property 'createTime'; nested exception is org.springframework.core.convert.ConversionFailedException: Failed to convert from type [java.lang.String] to type [java.util.Date] for value '2018-11-04 16:56:23'; nested exception is java.lang.IllegalArgumentException]]
===2018-11-04 17:17:29.349 WARN  org.springframework.boot.autoconfigure.thymeleaf.ThymeleafAutoConfiguration$DefaultTemplateResolverConfiguration Line:107 - Cannot find template location: classpath:/templates/ (please add some templates or check your Thymeleaf configuration)
===2018-11-04 17:17:29.354 WARN  org.thymeleaf.templatemode.TemplateMode Line:150 - [THYMELEAF][main] Template Mode 'HTML5' is deprecated. Using Template Mode 'HTML' instead.
===2018-11-04 17:17:30.436 WARN  springfox.documentation.spring.web.readers.parameter.ParameterDataTypeReader Line:87  - Trying to infer dataType java.lang.String[]
===2018-11-04 17:17:30.437 WARN  springfox.documentation.spring.web.readers.parameter.ParameterDataTypeReader Line:87  - Trying to infer dataType java.lang.String[]
===2018-11-04 17:17:30.437 WARN  springfox.documentation.spring.web.readers.parameter.ParameterDataTypeReader Line:87  - Trying to infer dataType java.lang.String[]
===2018-11-04 17:17:30.474 WARN  springfox.documentation.spring.web.readers.parameter.ParameterDataTypeReader Line:87  - Trying to infer dataType java.lang.Integer[]
===2018-11-04 17:21:15.609 WARN  org.springframework.boot.autoconfigure.thymeleaf.ThymeleafAutoConfiguration$DefaultTemplateResolverConfiguration Line:107 - Cannot find template location: classpath:/templates/ (please add some templates or check your Thymeleaf configuration)
===2018-11-04 17:21:15.612 WARN  org.thymeleaf.templatemode.TemplateMode Line:150 - [THYMELEAF][main] Template Mode 'HTML5' is deprecated. Using Template Mode 'HTML' instead.
===2018-11-04 17:21:16.327 WARN  springfox.documentation.spring.web.readers.parameter.ParameterDataTypeReader Line:87  - Trying to infer dataType java.lang.String[]
===2018-11-04 17:21:16.327 WARN  springfox.documentation.spring.web.readers.parameter.ParameterDataTypeReader Line:87  - Trying to infer dataType java.lang.String[]
===2018-11-04 17:21:16.327 WARN  springfox.documentation.spring.web.readers.parameter.ParameterDataTypeReader Line:87  - Trying to infer dataType java.lang.String[]
===2018-11-04 17:21:16.363 WARN  springfox.documentation.spring.web.readers.parameter.ParameterDataTypeReader Line:87  - Trying to infer dataType java.lang.Integer[]
===2018-11-04 17:23:56.313 WARN  org.springframework.boot.autoconfigure.thymeleaf.ThymeleafAutoConfiguration$DefaultTemplateResolverConfiguration Line:107 - Cannot find template location: classpath:/templates/ (please add some templates or check your Thymeleaf configuration)
===2018-11-04 17:23:56.320 WARN  org.thymeleaf.templatemode.TemplateMode Line:150 - [THYMELEAF][main] Template Mode 'HTML5' is deprecated. Using Template Mode 'HTML' instead.
===2018-11-04 17:23:57.135 WARN  springfox.documentation.spring.web.readers.parameter.ParameterDataTypeReader Line:87  - Trying to infer dataType java.lang.String[]
===2018-11-04 17:23:57.135 WARN  springfox.documentation.spring.web.readers.parameter.ParameterDataTypeReader Line:87  - Trying to infer dataType java.lang.String[]
===2018-11-04 17:23:57.136 WARN  springfox.documentation.spring.web.readers.parameter.ParameterDataTypeReader Line:87  - Trying to infer dataType java.lang.String[]
===2018-11-04 17:23:57.169 WARN  springfox.documentation.spring.web.readers.parameter.ParameterDataTypeReader Line:87  - Trying to infer dataType java.lang.Integer[]
===2018-11-04 17:24:13.392 WARN  org.springframework.web.servlet.mvc.support.DefaultHandlerExceptionResolver Line:140 - Resolved [org.springframework.validation.BindException: org.springframework.validation.BeanPropertyBindingResult: 1 errors
Field error in object 'standardColor' on field 'createTime': rejected value [2018-11-04 17:24:10]; codes [typeMismatch.standardColor.createTime,typeMismatch.createTime,typeMismatch.java.util.Date,typeMismatch]; arguments [org.springframework.context.support.DefaultMessageSourceResolvable: codes [standardColor.createTime,createTime]; arguments []; default message [createTime]]; default message [Failed to convert property value of type 'java.lang.String' to required type 'java.util.Date' for property 'createTime'; nested exception is org.springframework.core.convert.ConversionFailedException: Failed to convert from type [java.lang.String] to type [java.util.Date] for value '2018-11-04 17:24:10'; nested exception is java.lang.IllegalArgumentException]]
===2018-11-04 17:40:01.643 WARN  org.springframework.boot.autoconfigure.thymeleaf.ThymeleafAutoConfiguration$DefaultTemplateResolverConfiguration Line:107 - Cannot find template location: classpath:/templates/ (please add some templates or check your Thymeleaf configuration)
===2018-11-04 17:40:01.647 WARN  org.thymeleaf.templatemode.TemplateMode Line:150 - [THYMELEAF][main] Template Mode 'HTML5' is deprecated. Using Template Mode 'HTML' instead.
===2018-11-04 17:40:02.274 WARN  springfox.documentation.spring.web.readers.parameter.ParameterDataTypeReader Line:87  - Trying to infer dataType java.lang.String[]
===2018-11-04 17:40:02.274 WARN  springfox.documentation.spring.web.readers.parameter.ParameterDataTypeReader Line:87  - Trying to infer dataType java.lang.String[]
===2018-11-04 17:40:02.274 WARN  springfox.documentation.spring.web.readers.parameter.ParameterDataTypeReader Line:87  - Trying to infer dataType java.lang.String[]
===2018-11-04 17:40:02.303 WARN  springfox.documentation.spring.web.readers.parameter.ParameterDataTypeReader Line:87  - Trying to infer dataType java.lang.Integer[]
===2018-11-04 17:40:02.323 WARN  springfox.documentation.spring.web.readers.parameter.ParameterDataTypeReader Line:87  - Trying to infer dataType java.lang.Integer[]
===2018-11-04 17:40:35.960 WARN  org.springframework.boot.autoconfigure.thymeleaf.ThymeleafAutoConfiguration$DefaultTemplateResolverConfiguration Line:107 - Cannot find template location: classpath:/templates/ (please add some templates or check your Thymeleaf configuration)
===2018-11-04 17:40:35.965 WARN  org.thymeleaf.templatemode.TemplateMode Line:150 - [THYMELEAF][main] Template Mode 'HTML5' is deprecated. Using Template Mode 'HTML' instead.
===2018-11-04 17:40:36.821 WARN  springfox.documentation.spring.web.readers.parameter.ParameterDataTypeReader Line:87  - Trying to infer dataType java.lang.String[]
===2018-11-04 17:40:36.822 WARN  springfox.documentation.spring.web.readers.parameter.ParameterDataTypeReader Line:87  - Trying to infer dataType java.lang.String[]
===2018-11-04 17:40:36.822 WARN  springfox.documentation.spring.web.readers.parameter.ParameterDataTypeReader Line:87  - Trying to infer dataType java.lang.String[]
===2018-11-04 17:40:36.856 WARN  springfox.documentation.spring.web.readers.parameter.ParameterDataTypeReader Line:87  - Trying to infer dataType java.lang.Integer[]
===2018-11-04 17:40:36.873 WARN  springfox.documentation.spring.web.readers.parameter.ParameterDataTypeReader Line:87  - Trying to infer dataType java.lang.Integer[]
===2018-11-04 17:43:21.347 WARN  org.springframework.boot.autoconfigure.thymeleaf.ThymeleafAutoConfiguration$DefaultTemplateResolverConfiguration Line:107 - Cannot find template location: classpath:/templates/ (please add some templates or check your Thymeleaf configuration)
===2018-11-04 17:43:21.350 WARN  org.thymeleaf.templatemode.TemplateMode Line:150 - [THYMELEAF][main] Template Mode 'HTML5' is deprecated. Using Template Mode 'HTML' instead.
===2018-11-04 17:43:21.961 WARN  springfox.documentation.spring.web.readers.parameter.ParameterDataTypeReader Line:87  - Trying to infer dataType java.lang.String[]
===2018-11-04 17:43:21.962 WARN  springfox.documentation.spring.web.readers.parameter.ParameterDataTypeReader Line:87  - Trying to infer dataType java.lang.String[]
===2018-11-04 17:43:21.962 WARN  springfox.documentation.spring.web.readers.parameter.ParameterDataTypeReader Line:87  - Trying to infer dataType java.lang.String[]
===2018-11-04 17:43:21.992 WARN  springfox.documentation.spring.web.readers.parameter.ParameterDataTypeReader Line:87  - Trying to infer dataType java.lang.Integer[]
===2018-11-04 17:43:22.012 WARN  springfox.documentation.spring.web.readers.parameter.ParameterDataTypeReader Line:87  - Trying to infer dataType java.lang.Integer[]
===2018-11-04 17:46:00.862 WARN  org.springframework.boot.autoconfigure.thymeleaf.ThymeleafAutoConfiguration$DefaultTemplateResolverConfiguration Line:107 - Cannot find template location: classpath:/templates/ (please add some templates or check your Thymeleaf configuration)
===2018-11-04 17:46:00.866 WARN  org.thymeleaf.templatemode.TemplateMode Line:150 - [THYMELEAF][main] Template Mode 'HTML5' is deprecated. Using Template Mode 'HTML' instead.
===2018-11-04 17:46:01.610 WARN  springfox.documentation.spring.web.readers.parameter.ParameterDataTypeReader Line:87  - Trying to infer dataType java.lang.String[]
===2018-11-04 17:46:01.611 WARN  springfox.documentation.spring.web.readers.parameter.ParameterDataTypeReader Line:87  - Trying to infer dataType java.lang.String[]
===2018-11-04 17:46:01.611 WARN  springfox.documentation.spring.web.readers.parameter.ParameterDataTypeReader Line:87  - Trying to infer dataType java.lang.String[]
===2018-11-04 17:46:01.643 WARN  springfox.documentation.spring.web.readers.parameter.ParameterDataTypeReader Line:87  - Trying to infer dataType java.lang.Integer[]
===2018-11-04 17:46:01.664 WARN  springfox.documentation.spring.web.readers.parameter.ParameterDataTypeReader Line:87  - Trying to infer dataType java.lang.Integer[]
===2018-11-04 17:56:19.660 WARN  org.springframework.web.servlet.mvc.support.DefaultHandlerExceptionResolver Line:140 - Resolved [org.springframework.validation.BindException: org.springframework.validation.BeanPropertyBindingResult: 1 errors
Field error in object 'standardSize' on field 'createTime': rejected value [2018-10-05 23:09:08]; codes [typeMismatch.standardSize.createTime,typeMismatch.createTime,typeMismatch.java.util.Date,typeMismatch]; arguments [org.springframework.context.support.DefaultMessageSourceResolvable: codes [standardSize.createTime,createTime]; arguments []; default message [createTime]]; default message [Failed to convert property value of type 'java.lang.String' to required type 'java.util.Date' for property 'createTime'; nested exception is org.springframework.core.convert.ConversionFailedException: Failed to convert from type [java.lang.String] to type [java.util.Date] for value '2018-10-05 23:09:08'; nested exception is java.lang.IllegalArgumentException]]
===2018-11-04 18:17:42.173 WARN  org.springframework.boot.autoconfigure.thymeleaf.ThymeleafAutoConfiguration$DefaultTemplateResolverConfiguration Line:107 - Cannot find template location: classpath:/templates/ (please add some templates or check your Thymeleaf configuration)
===2018-11-04 18:17:42.176 WARN  org.thymeleaf.templatemode.TemplateMode Line:150 - [THYMELEAF][main] Template Mode 'HTML5' is deprecated. Using Template Mode 'HTML' instead.
===2018-11-04 18:17:42.950 WARN  springfox.documentation.spring.web.readers.parameter.ParameterDataTypeReader Line:87  - Trying to infer dataType java.lang.String[]
===2018-11-04 18:17:42.950 WARN  springfox.documentation.spring.web.readers.parameter.ParameterDataTypeReader Line:87  - Trying to infer dataType java.lang.String[]
===2018-11-04 18:17:42.951 WARN  springfox.documentation.spring.web.readers.parameter.ParameterDataTypeReader Line:87  - Trying to infer dataType java.lang.String[]
===2018-11-04 18:17:42.986 WARN  springfox.documentation.spring.web.readers.parameter.ParameterDataTypeReader Line:87  - Trying to infer dataType java.lang.Integer[]
===2018-11-04 18:17:43.030 WARN  springfox.documentation.spring.web.readers.parameter.ParameterDataTypeReader Line:87  - Trying to infer dataType java.lang.Integer[]
===2018-11-04 18:21:30.028 WARN  org.springframework.web.servlet.mvc.support.DefaultHandlerExceptionResolver Line:140 - Resolved [org.springframework.web.method.annotation.MethodArgumentTypeMismatchException: Failed to convert value of type 'java.lang.String' to required type 'java.lang.Integer'; nested exception is java.lang.NumberFormatException: For input string: "小码"]
===2018-11-04 18:21:30.322 WARN  org.springframework.web.servlet.mvc.support.DefaultHandlerExceptionResolver Line:140 - Resolved [org.springframework.web.method.annotation.MethodArgumentTypeMismatchException: Failed to convert value of type 'java.lang.String' to required type 'java.lang.Integer'; nested exception is java.lang.NumberFormatException: For input string: "小码"]
===2018-11-04 18:22:39.191 WARN  org.springframework.boot.autoconfigure.thymeleaf.ThymeleafAutoConfiguration$DefaultTemplateResolverConfiguration Line:107 - Cannot find template location: classpath:/templates/ (please add some templates or check your Thymeleaf configuration)
===2018-11-04 18:22:39.196 WARN  org.thymeleaf.templatemode.TemplateMode Line:150 - [THYMELEAF][main] Template Mode 'HTML5' is deprecated. Using Template Mode 'HTML' instead.
===2018-11-04 18:22:39.961 WARN  springfox.documentation.spring.web.readers.parameter.ParameterDataTypeReader Line:87  - Trying to infer dataType java.lang.String[]
===2018-11-04 18:22:39.962 WARN  springfox.documentation.spring.web.readers.parameter.ParameterDataTypeReader Line:87  - Trying to infer dataType java.lang.String[]
===2018-11-04 18:22:39.962 WARN  springfox.documentation.spring.web.readers.parameter.ParameterDataTypeReader Line:87  - Trying to infer dataType java.lang.String[]
===2018-11-04 18:22:39.997 WARN  springfox.documentation.spring.web.readers.parameter.ParameterDataTypeReader Line:87  - Trying to infer dataType java.lang.Integer[]
===2018-11-04 18:22:40.019 WARN  springfox.documentation.spring.web.readers.parameter.ParameterDataTypeReader Line:87  - Trying to infer dataType java.lang.Integer[]
