===2018-11-03 10:02:43.108 WARN  org.springframework.boot.autoconfigure.thymeleaf.ThymeleafAutoConfiguration$DefaultTemplateResolverConfiguration Line:104 - Cannot find template location: classpath:/templates/ (please add some templates or check your Thymeleaf configuration)
===2018-11-03 10:02:43.111 WARN  org.thymeleaf.templatemode.TemplateMode Line:150 - [THYMELEAF][main] Template Mode 'HTML5' is deprecated. Using Template Mode 'HTML' instead.
===2018-11-03 10:10:39.869 WARN  org.springframework.boot.autoconfigure.thymeleaf.ThymeleafAutoConfiguration$DefaultTemplateResolverConfiguration Line:104 - Cannot find template location: classpath:/templates/ (please add some templates or check your Thymeleaf configuration)
===2018-11-03 10:10:39.874 WARN  org.thymeleaf.templatemode.TemplateMode Line:150 - [THYMELEAF][main] Template Mode 'HTML5' is deprecated. Using Template Mode 'HTML' instead.
===2018-11-03 10:11:43.460 WARN  org.springframework.boot.autoconfigure.thymeleaf.ThymeleafAutoConfiguration$DefaultTemplateResolverConfiguration Line:107 - Cannot find template location: classpath:/templates/ (please add some templates or check your Thymeleaf configuration)
===2018-11-03 10:11:43.463 WARN  org.thymeleaf.templatemode.TemplateMode Line:150 - [THYMELEAF][main] Template Mode 'HTML5' is deprecated. Using Template Mode 'HTML' instead.
===2018-11-03 10:19:54.986 WARN  org.springframework.boot.autoconfigure.thymeleaf.ThymeleafAutoConfiguration$DefaultTemplateResolverConfiguration Line:107 - Cannot find template location: classpath:/templates/ (please add some templates or check your Thymeleaf configuration)
===2018-11-03 10:19:54.989 WARN  org.thymeleaf.templatemode.TemplateMode Line:150 - [THYMELEAF][main] Template Mode 'HTML5' is deprecated. Using Template Mode 'HTML' instead.
===2018-11-03 10:22:10.894 WARN  org.springframework.boot.autoconfigure.thymeleaf.ThymeleafAutoConfiguration$DefaultTemplateResolverConfiguration Line:107 - Cannot find template location: classpath:/templates/ (please add some templates or check your Thymeleaf configuration)
===2018-11-03 10:22:10.898 WARN  org.thymeleaf.templatemode.TemplateMode Line:150 - [THYMELEAF][main] Template Mode 'HTML5' is deprecated. Using Template Mode 'HTML' instead.
===2018-11-03 10:22:50.571 WARN  org.springframework.boot.autoconfigure.thymeleaf.ThymeleafAutoConfiguration$DefaultTemplateResolverConfiguration Line:107 - Cannot find template location: classpath:/templates/ (please add some templates or check your Thymeleaf configuration)
===2018-11-03 10:22:50.573 WARN  org.thymeleaf.templatemode.TemplateMode Line:150 - [THYMELEAF][main] Template Mode 'HTML5' is deprecated. Using Template Mode 'HTML' instead.
===2018-11-03 10:34:27.245 WARN  org.springframework.boot.autoconfigure.thymeleaf.ThymeleafAutoConfiguration$DefaultTemplateResolverConfiguration Line:107 - Cannot find template location: classpath:/templates/ (please add some templates or check your Thymeleaf configuration)
===2018-11-03 10:34:27.251 WARN  org.thymeleaf.templatemode.TemplateMode Line:150 - [THYMELEAF][main] Template Mode 'HTML5' is deprecated. Using Template Mode 'HTML' instead.
===2018-11-03 10:36:34.789 WARN  org.springframework.boot.autoconfigure.thymeleaf.ThymeleafAutoConfiguration$DefaultTemplateResolverConfiguration Line:107 - Cannot find template location: classpath:/templates/ (please add some templates or check your Thymeleaf configuration)
===2018-11-03 10:36:34.792 WARN  org.thymeleaf.templatemode.TemplateMode Line:150 - [THYMELEAF][main] Template Mode 'HTML5' is deprecated. Using Template Mode 'HTML' instead.
===2018-11-03 10:54:48.820 WARN  com.zaxxer.hikari.pool.PoolBase Line:173 - HikariPool-1 - Failed to validate connection com.mysql.jdbc.JDBC4Connection@13a3ccb1 (No operations allowed after connection closed.)
===2018-11-03 12:59:32.819 WARN  org.springframework.boot.autoconfigure.thymeleaf.ThymeleafAutoConfiguration$DefaultTemplateResolverConfiguration Line:107 - Cannot find template location: classpath:/templates/ (please add some templates or check your Thymeleaf configuration)
===2018-11-03 12:59:32.823 WARN  org.thymeleaf.templatemode.TemplateMode Line:150 - [THYMELEAF][main] Template Mode 'HTML5' is deprecated. Using Template Mode 'HTML' instead.
===2018-11-03 14:47:08.131 WARN  org.springframework.boot.autoconfigure.thymeleaf.ThymeleafAutoConfiguration$DefaultTemplateResolverConfiguration Line:107 - Cannot find template location: classpath:/templates/ (please add some templates or check your Thymeleaf configuration)
===2018-11-03 14:47:08.136 WARN  org.thymeleaf.templatemode.TemplateMode Line:150 - [THYMELEAF][main] Template Mode 'HTML5' is deprecated. Using Template Mode 'HTML' instead.
===2018-11-03 14:52:33.314 WARN  org.springframework.boot.autoconfigure.thymeleaf.ThymeleafAutoConfiguration$DefaultTemplateResolverConfiguration Line:107 - Cannot find template location: classpath:/templates/ (please add some templates or check your Thymeleaf configuration)
===2018-11-03 14:52:33.318 WARN  org.thymeleaf.templatemode.TemplateMode Line:150 - [THYMELEAF][main] Template Mode 'HTML5' is deprecated. Using Template Mode 'HTML' instead.
===2018-11-03 15:24:29.308 WARN  org.springframework.boot.autoconfigure.thymeleaf.ThymeleafAutoConfiguration$DefaultTemplateResolverConfiguration Line:107 - Cannot find template location: classpath:/templates/ (please add some templates or check your Thymeleaf configuration)
===2018-11-03 15:24:29.312 WARN  org.thymeleaf.templatemode.TemplateMode Line:150 - [THYMELEAF][main] Template Mode 'HTML5' is deprecated. Using Template Mode 'HTML' instead.
===2018-11-03 15:47:39.549 WARN  org.springframework.boot.web.servlet.context.AnnotationConfigServletWebServerApplicationContext Line:556 - Exception encountered during context initialization - cancelling refresh attempt: org.springframework.beans.factory.UnsatisfiedDependencyException: Error creating bean with name 'menuController': Unsatisfied dependency expressed through field 'menuService'; nested exception is org.springframework.beans.factory.UnsatisfiedDependencyException: Error creating bean with name 'menuServiceImpl': Unsatisfied dependency expressed through field 'menuMapper'; nested exception is org.springframework.beans.factory.UnsatisfiedDependencyException: Error creating bean with name 'menuMapper' defined in file [D:\ccz\clothing\clothing-manage\target\classes\com\clothing\manage\dao\MenuMapper.class]: Unsatisfied dependency expressed through bean property 'sqlSessionFactory'; nested exception is org.springframework.beans.factory.BeanCreationException: Error creating bean with name 'sqlSessionFactory' defined in class path resource [org/mybatis/spring/boot/autoconfigure/MybatisAutoConfiguration.class]: Bean instantiation via factory method failed; nested exception is org.springframework.beans.BeanInstantiationException: Failed to instantiate [org.apache.ibatis.session.SqlSessionFactory]: Factory method 'sqlSessionFactory' threw exception; nested exception is org.springframework.core.NestedIOException: Failed to parse mapping resource: 'file [D:\ccz\clothing\clothing-manage\target\classes\mapper\ProductKeywordMapper.xml]'; nested exception is org.apache.ibatis.builder.BuilderException: Error parsing Mapper XML. The XML location is 'file [D:\ccz\clothing\clothing-manage\target\classes\mapper\ProductKeywordMapper.xml]'. Cause: org.apache.ibatis.builder.BuilderException: Error resolving class. Cause: org.apache.ibatis.type.TypeException: Could not resolve type alias 'BaseResultMap'.  Cause: java.lang.ClassNotFoundException: Cannot find class: BaseResultMap
===2018-11-03 15:48:08.061 WARN  org.springframework.boot.autoconfigure.thymeleaf.ThymeleafAutoConfiguration$DefaultTemplateResolverConfiguration Line:107 - Cannot find template location: classpath:/templates/ (please add some templates or check your Thymeleaf configuration)
===2018-11-03 15:48:08.064 WARN  org.thymeleaf.templatemode.TemplateMode Line:150 - [THYMELEAF][main] Template Mode 'HTML5' is deprecated. Using Template Mode 'HTML' instead.
===2018-11-03 15:50:11.297 WARN  com.zaxxer.hikari.pool.HikariPool Line:758 - HikariPool-1 - Thread starvation or clock leap detected (housekeeper delta=52s203ms927µs130ns).
===2018-11-03 15:50:18.748 WARN  org.springframework.boot.autoconfigure.thymeleaf.ThymeleafAutoConfiguration$DefaultTemplateResolverConfiguration Line:107 - Cannot find template location: classpath:/templates/ (please add some templates or check your Thymeleaf configuration)
===2018-11-03 15:50:18.754 WARN  org.thymeleaf.templatemode.TemplateMode Line:150 - [THYMELEAF][main] Template Mode 'HTML5' is deprecated. Using Template Mode 'HTML' instead.
===2018-11-03 16:24:02.822 WARN  org.springframework.boot.autoconfigure.thymeleaf.ThymeleafAutoConfiguration$DefaultTemplateResolverConfiguration Line:107 - Cannot find template location: classpath:/templates/ (please add some templates or check your Thymeleaf configuration)
===2018-11-03 16:24:02.825 WARN  org.thymeleaf.templatemode.TemplateMode Line:150 - [THYMELEAF][main] Template Mode 'HTML5' is deprecated. Using Template Mode 'HTML' instead.
===2018-11-03 16:30:22.493 WARN  org.springframework.boot.autoconfigure.thymeleaf.ThymeleafAutoConfiguration$DefaultTemplateResolverConfiguration Line:107 - Cannot find template location: classpath:/templates/ (please add some templates or check your Thymeleaf configuration)
===2018-11-03 16:30:22.497 WARN  org.thymeleaf.templatemode.TemplateMode Line:150 - [THYMELEAF][main] Template Mode 'HTML5' is deprecated. Using Template Mode 'HTML' instead.
===2018-11-03 16:31:43.954 WARN  org.springframework.boot.autoconfigure.thymeleaf.ThymeleafAutoConfiguration$DefaultTemplateResolverConfiguration Line:107 - Cannot find template location: classpath:/templates/ (please add some templates or check your Thymeleaf configuration)
===2018-11-03 16:31:43.958 WARN  org.thymeleaf.templatemode.TemplateMode Line:150 - [THYMELEAF][main] Template Mode 'HTML5' is deprecated. Using Template Mode 'HTML' instead.
===2018-11-03 16:35:33.763 WARN  org.springframework.boot.autoconfigure.thymeleaf.ThymeleafAutoConfiguration$DefaultTemplateResolverConfiguration Line:107 - Cannot find template location: classpath:/templates/ (please add some templates or check your Thymeleaf configuration)
===2018-11-03 16:35:33.769 WARN  org.thymeleaf.templatemode.TemplateMode Line:150 - [THYMELEAF][main] Template Mode 'HTML5' is deprecated. Using Template Mode 'HTML' instead.
===2018-11-03 16:35:34.411 WARN  springfox.documentation.spring.web.readers.parameter.ParameterDataTypeReader Line:87  - Trying to infer dataType java.lang.String[]
===2018-11-03 16:36:48.375 WARN  com.zaxxer.hikari.pool.HikariPool Line:758 - HikariPool-1 - Thread starvation or clock leap detected (housekeeper delta=51s473ms168µs416ns).
===2018-11-03 16:39:01.558 WARN  org.springframework.boot.autoconfigure.thymeleaf.ThymeleafAutoConfiguration$DefaultTemplateResolverConfiguration Line:107 - Cannot find template location: classpath:/templates/ (please add some templates or check your Thymeleaf configuration)
===2018-11-03 16:39:01.561 WARN  org.thymeleaf.templatemode.TemplateMode Line:150 - [THYMELEAF][main] Template Mode 'HTML5' is deprecated. Using Template Mode 'HTML' instead.
===2018-11-03 16:39:02.218 WARN  springfox.documentation.spring.web.readers.parameter.ParameterDataTypeReader Line:87  - Trying to infer dataType java.util.List<com.clothing.manage.model.extension.ColorSize>
===2018-11-03 16:39:02.219 WARN  springfox.documentation.spring.web.readers.parameter.ParameterDataTypeReader Line:87  - Trying to infer dataType java.lang.String[]
===2018-11-03 16:41:33.451 WARN  org.springframework.boot.autoconfigure.thymeleaf.ThymeleafAutoConfiguration$DefaultTemplateResolverConfiguration Line:107 - Cannot find template location: classpath:/templates/ (please add some templates or check your Thymeleaf configuration)
===2018-11-03 16:41:33.454 WARN  org.thymeleaf.templatemode.TemplateMode Line:150 - [THYMELEAF][main] Template Mode 'HTML5' is deprecated. Using Template Mode 'HTML' instead.
===2018-11-03 16:41:34.079 WARN  springfox.documentation.spring.web.readers.parameter.ParameterDataTypeReader Line:87  - Trying to infer dataType java.util.List<java.lang.String>
===2018-11-03 16:41:34.079 WARN  springfox.documentation.spring.web.readers.parameter.ParameterDataTypeReader Line:87  - Trying to infer dataType java.util.List<com.clothing.manage.model.extension.ColorSize>
===2018-11-03 16:41:34.080 WARN  springfox.documentation.spring.web.readers.parameter.ParameterDataTypeReader Line:87  - Trying to infer dataType java.lang.String[]
===2018-11-03 16:47:01.894 WARN  org.springframework.boot.autoconfigure.thymeleaf.ThymeleafAutoConfiguration$DefaultTemplateResolverConfiguration Line:107 - Cannot find template location: classpath:/templates/ (please add some templates or check your Thymeleaf configuration)
===2018-11-03 16:47:01.897 WARN  org.thymeleaf.templatemode.TemplateMode Line:150 - [THYMELEAF][main] Template Mode 'HTML5' is deprecated. Using Template Mode 'HTML' instead.
===2018-11-03 16:47:02.521 WARN  springfox.documentation.spring.web.readers.parameter.ParameterDataTypeReader Line:87  - Trying to infer dataType java.lang.String[]
===2018-11-03 16:47:02.522 WARN  springfox.documentation.spring.web.readers.parameter.ParameterDataTypeReader Line:87  - Trying to infer dataType com.clothing.manage.model.extension.ColorSize[]
===2018-11-03 16:47:02.522 WARN  springfox.documentation.spring.web.readers.parameter.ParameterDataTypeReader Line:87  - Trying to infer dataType java.lang.String[]
===2018-11-03 16:47:31.881 WARN  org.springframework.boot.autoconfigure.thymeleaf.ThymeleafAutoConfiguration$DefaultTemplateResolverConfiguration Line:107 - Cannot find template location: classpath:/templates/ (please add some templates or check your Thymeleaf configuration)
===2018-11-03 16:47:31.884 WARN  org.thymeleaf.templatemode.TemplateMode Line:150 - [THYMELEAF][main] Template Mode 'HTML5' is deprecated. Using Template Mode 'HTML' instead.
===2018-11-03 16:47:32.593 WARN  springfox.documentation.spring.web.readers.parameter.ParameterDataTypeReader Line:87  - Trying to infer dataType java.lang.String[]
===2018-11-03 16:47:32.593 WARN  springfox.documentation.spring.web.readers.parameter.ParameterDataTypeReader Line:87  - Trying to infer dataType java.lang.Object[]
===2018-11-03 16:47:32.593 WARN  springfox.documentation.spring.web.readers.parameter.ParameterDataTypeReader Line:87  - Trying to infer dataType java.lang.String[]
===2018-11-03 16:48:09.206 WARN  org.springframework.boot.autoconfigure.thymeleaf.ThymeleafAutoConfiguration$DefaultTemplateResolverConfiguration Line:107 - Cannot find template location: classpath:/templates/ (please add some templates or check your Thymeleaf configuration)
===2018-11-03 16:48:09.209 WARN  org.thymeleaf.templatemode.TemplateMode Line:150 - [THYMELEAF][main] Template Mode 'HTML5' is deprecated. Using Template Mode 'HTML' instead.
===2018-11-03 16:48:09.823 WARN  springfox.documentation.spring.web.readers.parameter.ParameterDataTypeReader Line:87  - Trying to infer dataType java.lang.String[]
===2018-11-03 16:48:09.824 WARN  springfox.documentation.spring.web.readers.parameter.ParameterDataTypeReader Line:87  - Trying to infer dataType java.lang.String[]
===2018-11-03 16:51:45.436 WARN  com.zaxxer.hikari.pool.HikariPool Line:758 - HikariPool-1 - Thread starvation or clock leap detected (housekeeper delta=1m36s542ms118µs848ns).
===2018-11-03 17:00:30.842 WARN  com.zaxxer.hikari.pool.HikariPool Line:758 - HikariPool-1 - Thread starvation or clock leap detected (housekeeper delta=6m15s398ms406µs312ns).
===2018-11-03 17:03:02.250 WARN  org.springframework.boot.autoconfigure.thymeleaf.ThymeleafAutoConfiguration$DefaultTemplateResolverConfiguration Line:107 - Cannot find template location: classpath:/templates/ (please add some templates or check your Thymeleaf configuration)
===2018-11-03 17:03:02.253 WARN  org.thymeleaf.templatemode.TemplateMode Line:150 - [THYMELEAF][main] Template Mode 'HTML5' is deprecated. Using Template Mode 'HTML' instead.
===2018-11-03 17:03:02.862 WARN  springfox.documentation.spring.web.readers.parameter.ParameterDataTypeReader Line:87  - Trying to infer dataType java.lang.String[]
===2018-11-03 17:03:02.862 WARN  springfox.documentation.spring.web.readers.parameter.ParameterDataTypeReader Line:87  - Trying to infer dataType java.util.List<com.clothing.manage.model.extension.ColorSize>
===2018-11-03 17:03:02.863 WARN  springfox.documentation.spring.web.readers.parameter.ParameterDataTypeReader Line:87  - Trying to infer dataType java.lang.String[]
===2018-11-03 17:04:06.303 WARN  org.springframework.boot.autoconfigure.thymeleaf.ThymeleafAutoConfiguration$DefaultTemplateResolverConfiguration Line:107 - Cannot find template location: classpath:/templates/ (please add some templates or check your Thymeleaf configuration)
===2018-11-03 17:04:06.307 WARN  org.thymeleaf.templatemode.TemplateMode Line:150 - [THYMELEAF][main] Template Mode 'HTML5' is deprecated. Using Template Mode 'HTML' instead.
===2018-11-03 17:04:06.965 WARN  springfox.documentation.spring.web.readers.parameter.ParameterDataTypeReader Line:87  - Trying to infer dataType java.lang.String[]
===2018-11-03 17:04:06.966 WARN  springfox.documentation.spring.web.readers.parameter.ParameterDataTypeReader Line:87  - Trying to infer dataType java.lang.Object[]
===2018-11-03 17:04:06.966 WARN  springfox.documentation.spring.web.readers.parameter.ParameterDataTypeReader Line:87  - Trying to infer dataType java.lang.String[]
===2018-11-03 17:09:57.388 WARN  org.springframework.boot.autoconfigure.thymeleaf.ThymeleafAutoConfiguration$DefaultTemplateResolverConfiguration Line:107 - Cannot find template location: classpath:/templates/ (please add some templates or check your Thymeleaf configuration)
===2018-11-03 17:09:57.396 WARN  org.thymeleaf.templatemode.TemplateMode Line:150 - [THYMELEAF][main] Template Mode 'HTML5' is deprecated. Using Template Mode 'HTML' instead.
===2018-11-03 17:09:58.134 WARN  springfox.documentation.spring.web.readers.parameter.ParameterDataTypeReader Line:87  - Trying to infer dataType java.lang.String[]
===2018-11-03 17:09:58.134 WARN  springfox.documentation.spring.web.readers.parameter.ParameterDataTypeReader Line:87  - Trying to infer dataType java.lang.String[]
===2018-11-03 17:09:58.135 WARN  springfox.documentation.spring.web.readers.parameter.ParameterDataTypeReader Line:87  - Trying to infer dataType java.lang.String[]
===2018-11-03 17:11:50.399 WARN  com.zaxxer.hikari.pool.HikariPool Line:758 - HikariPool-1 - Thread starvation or clock leap detected (housekeeper delta=1m7s669ms766µs506ns).
===2018-11-03 17:21:57.194 WARN  org.springframework.boot.autoconfigure.thymeleaf.ThymeleafAutoConfiguration$DefaultTemplateResolverConfiguration Line:107 - Cannot find template location: classpath:/templates/ (please add some templates or check your Thymeleaf configuration)
===2018-11-03 17:21:57.198 WARN  org.thymeleaf.templatemode.TemplateMode Line:150 - [THYMELEAF][main] Template Mode 'HTML5' is deprecated. Using Template Mode 'HTML' instead.
===2018-11-03 17:21:57.853 WARN  springfox.documentation.spring.web.readers.parameter.ParameterDataTypeReader Line:87  - Trying to infer dataType java.lang.String[]
===2018-11-03 17:21:57.853 WARN  springfox.documentation.spring.web.readers.parameter.ParameterDataTypeReader Line:87  - Trying to infer dataType java.lang.String[]
===2018-11-03 17:21:57.853 WARN  springfox.documentation.spring.web.readers.parameter.ParameterDataTypeReader Line:87  - Trying to infer dataType java.lang.String[]
===2018-11-03 17:28:35.930 WARN  org.springframework.boot.autoconfigure.thymeleaf.ThymeleafAutoConfiguration$DefaultTemplateResolverConfiguration Line:107 - Cannot find template location: classpath:/templates/ (please add some templates or check your Thymeleaf configuration)
===2018-11-03 17:28:35.935 WARN  org.thymeleaf.templatemode.TemplateMode Line:150 - [THYMELEAF][main] Template Mode 'HTML5' is deprecated. Using Template Mode 'HTML' instead.
===2018-11-03 17:28:36.693 WARN  springfox.documentation.spring.web.readers.parameter.ParameterDataTypeReader Line:87  - Trying to infer dataType java.lang.String[]
===2018-11-03 17:28:36.693 WARN  springfox.documentation.spring.web.readers.parameter.ParameterDataTypeReader Line:87  - Trying to infer dataType java.lang.String[]
===2018-11-03 17:28:36.693 WARN  springfox.documentation.spring.web.readers.parameter.ParameterDataTypeReader Line:87  - Trying to infer dataType java.lang.String[]
===2018-11-03 17:29:53.801 WARN  org.springframework.boot.autoconfigure.thymeleaf.ThymeleafAutoConfiguration$DefaultTemplateResolverConfiguration Line:107 - Cannot find template location: classpath:/templates/ (please add some templates or check your Thymeleaf configuration)
===2018-11-03 17:29:53.804 WARN  org.thymeleaf.templatemode.TemplateMode Line:150 - [THYMELEAF][main] Template Mode 'HTML5' is deprecated. Using Template Mode 'HTML' instead.
===2018-11-03 17:29:54.404 WARN  springfox.documentation.spring.web.readers.parameter.ParameterDataTypeReader Line:87  - Trying to infer dataType java.lang.String[]
===2018-11-03 17:29:54.404 WARN  springfox.documentation.spring.web.readers.parameter.ParameterDataTypeReader Line:87  - Trying to infer dataType java.lang.String[]
===2018-11-03 17:29:54.404 WARN  springfox.documentation.spring.web.readers.parameter.ParameterDataTypeReader Line:87  - Trying to infer dataType java.lang.String[]
===2018-11-03 17:32:15.007 WARN  org.springframework.boot.autoconfigure.thymeleaf.ThymeleafAutoConfiguration$DefaultTemplateResolverConfiguration Line:107 - Cannot find template location: classpath:/templates/ (please add some templates or check your Thymeleaf configuration)
===2018-11-03 17:32:15.010 WARN  org.thymeleaf.templatemode.TemplateMode Line:150 - [THYMELEAF][main] Template Mode 'HTML5' is deprecated. Using Template Mode 'HTML' instead.
===2018-11-03 17:32:15.625 WARN  springfox.documentation.spring.web.readers.parameter.ParameterDataTypeReader Line:87  - Trying to infer dataType java.lang.String[]
===2018-11-03 17:32:15.626 WARN  springfox.documentation.spring.web.readers.parameter.ParameterDataTypeReader Line:87  - Trying to infer dataType java.lang.String[]
===2018-11-03 17:32:15.626 WARN  springfox.documentation.spring.web.readers.parameter.ParameterDataTypeReader Line:87  - Trying to infer dataType java.lang.String[]
===2018-11-03 18:09:29.091 WARN  org.springframework.boot.autoconfigure.thymeleaf.ThymeleafAutoConfiguration$DefaultTemplateResolverConfiguration Line:107 - Cannot find template location: classpath:/templates/ (please add some templates or check your Thymeleaf configuration)
===2018-11-03 18:09:29.095 WARN  org.thymeleaf.templatemode.TemplateMode Line:150 - [THYMELEAF][main] Template Mode 'HTML5' is deprecated. Using Template Mode 'HTML' instead.
===2018-11-03 18:09:29.703 WARN  springfox.documentation.spring.web.readers.parameter.ParameterDataTypeReader Line:87  - Trying to infer dataType java.lang.String[]
===2018-11-03 18:09:29.703 WARN  springfox.documentation.spring.web.readers.parameter.ParameterDataTypeReader Line:87  - Trying to infer dataType java.lang.String[]
===2018-11-03 18:09:29.704 WARN  springfox.documentation.spring.web.readers.parameter.ParameterDataTypeReader Line:87  - Trying to infer dataType java.lang.String[]
===2018-11-03 18:12:57.709 WARN  com.zaxxer.hikari.pool.HikariPool Line:758 - HikariPool-1 - Thread starvation or clock leap detected (housekeeper delta=50s946ms320µs606ns).
===2018-11-03 18:15:10.562 WARN  com.zaxxer.hikari.pool.HikariPool Line:758 - HikariPool-1 - Thread starvation or clock leap detected (housekeeper delta=1m12s849ms172µs959ns).
===2018-11-03 18:16:19.887 WARN  com.zaxxer.hikari.pool.HikariPool Line:758 - HikariPool-1 - Thread starvation or clock leap detected (housekeeper delta=1m9s325ms449µs427ns).
